####################
Vj/2u54BQMIPjVO+hEkZKvEQ3kuOzrodOZN2cg2cMMK2m64ffw3P1CJxdIOh+HD/yHAy9XkPPlacUdTnZsHeRp8yljz6NiLfV5GJ9Ed2/Fbw8fzgny0pD1ZYBvY5FwF7JtmWw7KeI8h1MmUslCVwb6mUYyPWlfvuz39vsgpQuAs=
####################
GH8xG9FMWPk4offHAlydFBCgFwUOTA9OJP8N6hUExExWR4q7+15f193shXDH6iMIW/BY/GCeLk9XPYAsSVwtjE4yKul0F+XDNPZkC8zSAYwRsXvG0HFk8TBZvbK9fl4awdJuLXDI8jaGPBinScSwTqlZJOddhrFh1UeKBgxrb46pO9tEyC0MJFTZmWyTqSaf5qbG+j8/UeVgBc3YUMqIiNwbGvBCyA+KYYqbflxe4vAi3dsFZluCBDqP8dURkhcHI4SdEXRNIJcztyTiewpu0w==
####################
J5BXZ/IMlk3vVXbkzqJrlbSMR9PHrci4j2qdSW9AdjO0OBeucYNvAWrrztSfCLav1Ixwfyar8SfuOJNQ83qKhZiuvkxjFLTMrSAodXPq6YYdCilRZd87aHRA7L0SufJsVImYRRtQDaOHmRjUnCOXOv+oW2zecTEDSLfatxXlri0=
####################
QbPVwJm1F5nUULbCVPGdxj4L8xQ2v6WmMWTKxqRv7jr0ghPKyI9+WdVgeJ+xcYngxXBae3e3c91TcCm1A39n+F/jR1H/DowcdhaycuqHxWLFRnh94JtTOlx+R0f6gOrSgXIi9m5LlS0axkK1pfrNL5py4eBjiFNMEConxZc3FztW7T37RDOKsyMUZ62JFD3fohA7expySEk6ZgQlvdZEfv9ypm7ZHWbuxS/YExKQMObuZnpxczu9awEttqri2k4hL3+73deP2IPoVK2JXNvzpw==
####################
JgQBy5NVf0BDgLxKJ/Ncw3NwgZiVdfLSiC75Kjgk6dY7uQSzmdpe8whSdtYiHukfu0c7ymnwAqqVNMWO8z/859XnmIe8/HClZCVM9AX0LruQQYqlDcpeRpb6agefKgqKyJ15pKUeymnhBZ4bAsJTDCIBPp8KTZ8utZoOOLR6iEI=
####################
rPRPfEqoLh6gyQlOKu3mHRsJaCJSeGciw1+qqL6mOqOFKeZMfMS2UC1q70UVmAYQrJpAuUWJNk/ZylZbMNu07x0PA0QuUOVsPflzFyCNHxZjgC/5GdO5sgCd8fQ1Xyi8ovwqiF28hbNIKnU/HWAYvqstiBIGE563MYANRMKNJBeN3q2VMVEbTVhwPIP0qmtshXC9O1DMbSb3yA2UOmwrJecdfAmkKZ2ZpPlJOF/tTDHoS3VH/F4roYHWQcQa/tiC2vRCnN5Me4DoXVh7O+UudQ==
####################
No8/qQjpjHMRoU6WDIqmVaqF6r6iGSlROI5lLuaB7ho3tP88VdTsmlPUaWGnlJA50YBEuzBBRHtH5Il+B/sy3fN6R5ua33KyiloxMPrHDm3nRzEvM6YTXhWTuBIlyxdXChEcIW4XKVxQfuYQw0qyHE5gQtBkFJxSBAEQPAWAIYY=
####################
aOEzipFK+UWH8cHILIiGdyt+9OzSTuDjchTaPGSfUvBURTteEUhP8qfe80UVLYcozVUtuPgMDEX4tFVL3c86PYOLshlrYuhBdBsZ+X74ISRsmE47hEbCsBEsk4NHQsRHUvTJ3X0y0H4NLHO2fsdV6iBeLHYVOB25GgqJQ+A7Cj3gaveXCu5JUurV0BnSAn38WFGActZ46D8R05t8rEKz2ycXjoQlxd6Vr76stSPVMXKpB7UvQryDa6HFWbVjntWWxW9d6BrOa7v32EWS7pDd4w==
####################
nolPe95twnTMFLvOqw6msJocnKF6tAbBRY+20jBYGcRWdsjm1/evbrLmdf7QQ7UtylvHLH8I1OenUkhAqrTxC4/pjRBwWSrKzBJV4a2rEAJ7+S9tqlRAGqmJqIPBpJ4BQhnSzzhwpy9r1V8v07SHrT2ES0hN6jJhtdEK9JWWmyg=
####################
xVWnXUVINBaC43MJ0beP22gQaRdYWfLCskT/hmgM6s3maF2ogIXgbxXuAZM8UzB/fbDnKKM99SLkblwFJrUozRgNk8XO7PSrdBfiJExApDHsulAQHKyvvgjM2YhqdPClvZtDfG8K6fM3xR9PXWyiauHRqpjmP+ht0QZSO1OeqP6ybVkWGNhFn305HrPLG+fpdAhdoaNs0ybOubxEU/CmL/wRvk9T95HBeHoyNt6aEhCYt4RQZ+ZsMrjsghV3C5Wgb4TjPm7PEXFYr403MNIDZw==
####################
CuycewhcqQSqQKPuKLcuN1YKlQF3GWszxl7lq7y9aoHOGgOKd65kf1jR4tAwXZajRZ8V45q3iRdFvWwAnEyZCtscN49LD9Opmm56Ta/31W61TGUYB+mB4PAXQVyVn+EZnAdiymAg1b8G/JOGT7HqlCykUAVQLq8cr4MhHonjpGU=
####################
3bgxpChYF0wwquGCJATtdcfRPjvG3OWGm9fGld1qG+h8uqeE6rE1gqlxcQ0roKi8KGiWqt3dMsK7ntf1YHDoWEIPAtmBWFjXAlmBd2ZvdfL0/TFYtkmzVdc7dun1h5jBfyXH59xfts3o0EF53TRGDMIRPZyh45fh1+iBULGu0/gU6YJlIVlEkerZsPWo4btxUhIEVoQetwZ4+EIsikQWRTtwD3t4BvDX73gjJRhmzxdcGT3b9+vOYf0iS8Js7KRmMyISQMJX7bVMq1uudLNlag==
####################
sKmPUmSkg/lT71h7PzDG85SiVPNb0jmTAfT5l0urnZkCQk+2yRBew1ynB+GXz3gddGzA3dy+tXKTG0SEQqzRg30rgBxCT/UmKo+26Orgq3DIFcH4Br2aYFNCGfQA3cyz40JET1y2E4C1GM1XpeuT5JgWjLfgKjLQ1iXla44W+4w=
####################
GL2Xg+ZQQbKIXjw5it0I11ZC3lb+WP8YUeZKY/QRageabF02H7bp0qW6w95AgLkt4gQ09GmcxwbqyZxcSPeEz6M/oaFIRRSD9ALQ/dOXn0qZQDdszA62whbZAdoYb1F2TERAM3LBKLEZfNbKWBfEvHvg1PDMyoUAF3pcjpVuH5UFZwFDseV4HBSjS38WdksZ90IPUik0NU3jO14kj0vDc6EYSR2l5b7YXoTVE3gpl3R0PgdWudmK1/qkcHOvtqr13k8WlHK/fY2TsTuCgcOzbA==
####################
qzxfl2LNQnnVn/DByUiS8IiLiqbFlIooAjQIS9eg3jbUJd2rBpCmyOe8IDIdOAb8VLvhMGLG/RgkOpk0lah2NByO0y2iQ4eKzNBYPQ4RLUzgSke6yPFo9O0JiC8yIX7XpdDPVPzl8JVvO+Fz/LeIRsQ64vfgrFfkNweeNAoQPfQ=
####################
TRItsiPtW/znAszbNXYFUw+AogdL4O9OAydh8NYsaQ6Jap1YiTP6tHVcTnW9mIZPapUyVWDjolorJdn/aj8Zdypm3sddLBnWRI1mp78JRNnUvb8eWzX14syp3DMjHHLwZGHiZGptala1JOHCHxPLnGk+QHO7PROT5b3aMDPM2abn4UHptSF4enMswrxqeikRKsgdt+XL/8UtvSxuhl0F49QocSHxodoONdvQhPo8F13hblfbFLRmWXSYgKdmQ6tlTzO+uJ3FOwzf+6D3KteOXw==
####################
STqJsO75RePx5KSK09qEvdAaJGcg87+Q0S3WPf/0bOKrkPX9S+nwpVDpilKeeFPq39x2/HQCDQAkaJWqhXgzyS2LDw/0KY0n38DFCeM/7ec9ci3QQs/+eyLnqEES5mtpim0sOJ1RfAjnkHNnKVkOcwKWiGZLH5tM+edLnAs3Do8=
####################
UucZmUJ4hZtXFTIv5wqDOV4lSW9atsvLGpqhXwsK4bBjnCvIpK+jE1lgUT0XdcVU27poGhuGHbdDzgEyjnXlNuGspD2V+VBqBm8cGcFpptcCGZ8PRjr1KNXdw4DFPHLZehjtqpd+iP69kqjmff5FpJRZxkjdZ8HKGThlmtDr7Dk+Q8cXSVvR0SAOnN4vqP2VI702L/XMWFBvt3b4oYqs3AJhFxr216kXzbUF6+3EF0wlS4eE+FYFLgGgYboibRxarqfN1HlgepluxMlmubwxAA==
####################
jjgqoPYHtvsK4AomUwH9r1lvnMJD9WveVluRrAo/XZuADqpb/MyZeswfwSQuRuY1m+Z+RdjKBT9hCxD2pnEatqj51IeSAzbfv5D4Pt432NOBS87ALgerAM5OjETTJ+0zIuGty1yxxycY6hFloNkP+aO+cVdlT7LT/+wa7Ub8PTU=
####################
4PuFJKEk04pH+p4gKUPRc13yKhYKaxI9adF413dme3fova5CyOm2Hb69Ag6MUQJvxe6fHcl6abmCs46sG+QeS9TAp4bFsJiB5wqdpyqIGTkWfax74sykBflH+rqJXG4HLy6hHCS91Xj96MqHwV0yvx2aTd11Xm+90r0qzG8VzhF0jDj6LjowXmN162PVQDuhqK3umAyq00Gp9YNFpAgzhc4/uRlX+zApXENTIDCJM/MxLMQ/KWUEJohNgOXe8ObQoRdGKAJpObwlj5ZnTfR4YQ==
####################
KHpXit7yqzNX6j5imqnwTMb4VZ2So5OmdknbjA0SyDD0geZUFiDE/fHJL3v/7XpaQ4Q3YHrH43/zrvOFg6lXA8OmannA8yozzYUbV2Jp7luDGqCdO+k+MlAXzv4mUFqHRnvEMmxteikPUt/r/ZKxkAqOeNmgC7aTx9QTfbVHW9U=
####################
KOs+dfCwjowINfUbKuYBSyEdq+kbpgsH/LZoOzh6dJ2ZGs6OR6H+UoBpgvME3vwEDnt5FGD83XBRpbyhMpk+h0jkKvO2i4x5JcHLuEnNzGmNhxwk1LOkZ/w8voeMRN/J0qpl5qcGOMIkOyeynumxe9tqbS78BHfH1pkjDkbvSjZHGKl4u9DY72HYWnxuoPoIbHSrtPkV9mB4Z9y1MCWxusozr/K6XgloboeNSfpetFkd9lVAyOlp4DWm938w2a2p8Npr+WzNX/5ccXQ1FBACgQ==
