2019-03-14 15:50:16 [Server] Starting 
2019-03-14 15:50:16 [Initial] Version: 460.1540354032, HttpServerPort: 80, TcpServerPort: 8080, DeveloperTrace: Single, DebugMode: True, TracePrint: True, ClientTrace: False, EnableStackView: True, SessionTimeOut: 1800, MirrorPatternMaxVerifyTimes: 3, RelativeScreen: True, TextFontScaling: True, IsSysLog: False
        BasePath: D:\Program Files (x86)\Smobiler Designer\whx\SMOSEC.UI\bin\Debug\
        DefaultImagePath: D:\Program Files (x86)\Smobiler Designer\whx\SMOSEC.UI\bin\Debug\Resources\Image
        DefaultAudioPath: D:\Program Files (x86)\Smobiler Designer\whx\SMOSEC.UI\bin\Debug\Resources\Audio
        DefaultDocumentPath: D:\Program Files (x86)\Smobiler Designer\whx\SMOSEC.UI\bin\Debug\Resources\Document
        DefaultUploadPath: D:\Program Files (x86)\Smobiler Designer\whx\SMOSEC.UI\bin\Debug\Resources\Upload
        DefaultMediaPath: D:\Program Files (x86)\Smobiler Designer\whx\SMOSEC.UI\bin\Debug\Resources\Media
        DefaultWebPath: D:\Program Files (x86)\Smobiler Designer\whx\SMOSEC.UI\bin\Debug\Resources\Web
 
2019-03-14 15:50:19 [Server] Stoping 
2019-03-14 15:50:19 [Server] Stoped 
2019-03-14 16:00:21 [Server] Starting 
2019-03-14 16:00:21 [Initial] Version: 460.1540354032, HttpServerPort: 80, TcpServerPort: 8080, DeveloperTrace: Single, DebugMode: True, TracePrint: True, ClientTrace: False, EnableStackView: True, SessionTimeOut: 1800, MirrorPatternMaxVerifyTimes: 3, RelativeScreen: True, TextFontScaling: True, IsSysLog: False
        BasePath: D:\Program Files (x86)\Smobiler Designer\whx\SMOSEC.UI\bin\Debug\
        DefaultImagePath: D:\Program Files (x86)\Smobiler Designer\whx\SMOSEC.UI\bin\Debug\Resources\Image
        DefaultAudioPath: D:\Program Files (x86)\Smobiler Designer\whx\SMOSEC.UI\bin\Debug\Resources\Audio
        DefaultDocumentPath: D:\Program Files (x86)\Smobiler Designer\whx\SMOSEC.UI\bin\Debug\Resources\Document
        DefaultUploadPath: D:\Program Files (x86)\Smobiler Designer\whx\SMOSEC.UI\bin\Debug\Resources\Upload
        DefaultMediaPath: D:\Program Files (x86)\Smobiler Designer\whx\SMOSEC.UI\bin\Debug\Resources\Media
        DefaultWebPath: D:\Program Files (x86)\Smobiler Designer\whx\SMOSEC.UI\bin\Debug\Resources\Web
 
2019-03-14 16:00:32 [Server] Stoping 
2019-03-14 16:00:32 [Server] Stoped 
2019-03-14 16:00:52 [Server] Starting 
2019-03-14 16:00:52 [Initial] Version: 460.1540354032, HttpServerPort: 80, TcpServerPort: 8080, DeveloperTrace: Single, DebugMode: True, TracePrint: True, ClientTrace: False, EnableStackView: True, SessionTimeOut: 1800, MirrorPatternMaxVerifyTimes: 3, RelativeScreen: True, TextFontScaling: True, IsSysLog: False
        BasePath: D:\Program Files (x86)\Smobiler Designer\whx\SMOSEC.UI\bin\Debug\
        DefaultImagePath: D:\Program Files (x86)\Smobiler Designer\whx\SMOSEC.UI\bin\Debug\Resources\Image
        DefaultAudioPath: D:\Program Files (x86)\Smobiler Designer\whx\SMOSEC.UI\bin\Debug\Resources\Audio
        DefaultDocumentPath: D:\Program Files (x86)\Smobiler Designer\whx\SMOSEC.UI\bin\Debug\Resources\Document
        DefaultUploadPath: D:\Program Files (x86)\Smobiler Designer\whx\SMOSEC.UI\bin\Debug\Resources\Upload
        DefaultMediaPath: D:\Program Files (x86)\Smobiler Designer\whx\SMOSEC.UI\bin\Debug\Resources\Media
        DefaultWebPath: D:\Program Files (x86)\Smobiler Designer\whx\SMOSEC.UI\bin\Debug\Resources\Web
 
2019-03-14 16:00:54 [Server] Stoping 
2019-03-14 16:00:54 [Server] Stoped 
2019-03-14 16:02:04 [Server] Starting 
2019-03-14 16:02:04 [Initial] Version: 460.1540354032, HttpServerPort: 80, TcpServerPort: 8080, DeveloperTrace: Single, DebugMode: True, TracePrint: True, ClientTrace: False, EnableStackView: True, SessionTimeOut: 1800, MirrorPatternMaxVerifyTimes: 3, RelativeScreen: True, TextFontScaling: True, IsSysLog: False
        BasePath: D:\Program Files (x86)\Smobiler Designer\whx\SMOSEC.UI\bin\Debug\
        DefaultImagePath: D:\Program Files (x86)\Smobiler Designer\whx\SMOSEC.UI\bin\Debug\Resources\Image
        DefaultAudioPath: D:\Program Files (x86)\Smobiler Designer\whx\SMOSEC.UI\bin\Debug\Resources\Audio
        DefaultDocumentPath: D:\Program Files (x86)\Smobiler Designer\whx\SMOSEC.UI\bin\Debug\Resources\Document
        DefaultUploadPath: D:\Program Files (x86)\Smobiler Designer\whx\SMOSEC.UI\bin\Debug\Resources\Upload
        DefaultMediaPath: D:\Program Files (x86)\Smobiler Designer\whx\SMOSEC.UI\bin\Debug\Resources\Media
        DefaultWebPath: D:\Program Files (x86)\Smobiler Designer\whx\SMOSEC.UI\bin\Debug\Resources\Web
 
2019-03-14 16:02:12 [Server] Stoping 
2019-03-14 16:02:12 [Server] Stoped 
2019-03-14 16:02:46 [Server] Starting 
2019-03-14 16:02:46 [Initial] Version: 460.1540354032, HttpServerPort: 80, TcpServerPort: 8080, DeveloperTrace: Single, DebugMode: True, TracePrint: True, ClientTrace: False, EnableStackView: True, SessionTimeOut: 1800, MirrorPatternMaxVerifyTimes: 3, RelativeScreen: True, TextFontScaling: True, IsSysLog: False
        BasePath: D:\Program Files (x86)\Smobiler Designer\whx\SMOSEC.UI\bin\Debug\
        DefaultImagePath: D:\Program Files (x86)\Smobiler Designer\whx\SMOSEC.UI\bin\Debug\Resources\Image
        DefaultAudioPath: D:\Program Files (x86)\Smobiler Designer\whx\SMOSEC.UI\bin\Debug\Resources\Audio
        DefaultDocumentPath: D:\Program Files (x86)\Smobiler Designer\whx\SMOSEC.UI\bin\Debug\Resources\Document
        DefaultUploadPath: D:\Program Files (x86)\Smobiler Designer\whx\SMOSEC.UI\bin\Debug\Resources\Upload
        DefaultMediaPath: D:\Program Files (x86)\Smobiler Designer\whx\SMOSEC.UI\bin\Debug\Resources\Media
        DefaultWebPath: D:\Program Files (x86)\Smobiler Designer\whx\SMOSEC.UI\bin\Debug\Resources\Web
 
2019-03-14 16:06:17 [Server] Stoping 
2019-03-14 16:06:17 [Server] Stoped 
2019-03-14 16:06:23 [Server] Starting 
2019-03-14 16:06:23 [Initial] Version: 460.1540354032, HttpServerPort: 80, TcpServerPort: 8080, DeveloperTrace: Single, DebugMode: True, TracePrint: True, ClientTrace: False, EnableStackView: True, SessionTimeOut: 1800, MirrorPatternMaxVerifyTimes: 3, RelativeScreen: True, TextFontScaling: True, IsSysLog: False
        BasePath: D:\Program Files (x86)\Smobiler Designer\whx\SMOSEC.UI\bin\Debug\
        DefaultImagePath: D:\Program Files (x86)\Smobiler Designer\whx\SMOSEC.UI\bin\Debug\Resources\Image
        DefaultAudioPath: D:\Program Files (x86)\Smobiler Designer\whx\SMOSEC.UI\bin\Debug\Resources\Audio
        DefaultDocumentPath: D:\Program Files (x86)\Smobiler Designer\whx\SMOSEC.UI\bin\Debug\Resources\Document
        DefaultUploadPath: D:\Program Files (x86)\Smobiler Designer\whx\SMOSEC.UI\bin\Debug\Resources\Upload
        DefaultMediaPath: D:\Program Files (x86)\Smobiler Designer\whx\SMOSEC.UI\bin\Debug\Resources\Media
        DefaultWebPath: D:\Program Files (x86)\Smobiler Designer\whx\SMOSEC.UI\bin\Debug\Resources\Web
 
2019-03-14 16:06:25 [Server] Stoping 
2019-03-14 16:06:25 [Server] Stoped 
2019-03-14 16:07:02 [Server] Starting 
2019-03-14 16:07:02 [Initial] Version: 460.1540354032, HttpServerPort: 80, TcpServerPort: 8080, DeveloperTrace: Single, DebugMode: True, TracePrint: True, ClientTrace: False, EnableStackView: True, SessionTimeOut: 1800, MirrorPatternMaxVerifyTimes: 3, RelativeScreen: True, TextFontScaling: True, IsSysLog: False
        BasePath: D:\Program Files (x86)\Smobiler Designer\whx\SMOSEC.UI\bin\Debug\
        DefaultImagePath: D:\Program Files (x86)\Smobiler Designer\whx\SMOSEC.UI\bin\Debug\Resources\Image
        DefaultAudioPath: D:\Program Files (x86)\Smobiler Designer\whx\SMOSEC.UI\bin\Debug\Resources\Audio
        DefaultDocumentPath: D:\Program Files (x86)\Smobiler Designer\whx\SMOSEC.UI\bin\Debug\Resources\Document
        DefaultUploadPath: D:\Program Files (x86)\Smobiler Designer\whx\SMOSEC.UI\bin\Debug\Resources\Upload
        DefaultMediaPath: D:\Program Files (x86)\Smobiler Designer\whx\SMOSEC.UI\bin\Debug\Resources\Media
        DefaultWebPath: D:\Program Files (x86)\Smobiler Designer\whx\SMOSEC.UI\bin\Debug\Resources\Web
 
2019-03-14 16:07:04 [Server] Stoping 
2019-03-14 16:07:04 [Server] Stoped 
2019-03-14 17:21:02 [Server] Starting 
2019-03-14 17:21:02 [Initial] Version: 460.1540354032, HttpServerPort: 80, TcpServerPort: 8080, DeveloperTrace: Single, DebugMode: True, TracePrint: True, ClientTrace: False, EnableStackView: True, SessionTimeOut: 1800, MirrorPatternMaxVerifyTimes: 3, RelativeScreen: True, TextFontScaling: True, IsSysLog: False
        BasePath: D:\Program Files (x86)\Smobiler Designer\whx\SMOSEC.UI\bin\Debug\
        DefaultImagePath: D:\Program Files (x86)\Smobiler Designer\whx\SMOSEC.UI\bin\Debug\Resources\Image
        DefaultAudioPath: D:\Program Files (x86)\Smobiler Designer\whx\SMOSEC.UI\bin\Debug\Resources\Audio
        DefaultDocumentPath: D:\Program Files (x86)\Smobiler Designer\whx\SMOSEC.UI\bin\Debug\Resources\Document
        DefaultUploadPath: D:\Program Files (x86)\Smobiler Designer\whx\SMOSEC.UI\bin\Debug\Resources\Upload
        DefaultMediaPath: D:\Program Files (x86)\Smobiler Designer\whx\SMOSEC.UI\bin\Debug\Resources\Media
        DefaultWebPath: D:\Program Files (x86)\Smobiler Designer\whx\SMOSEC.UI\bin\Debug\Resources\Web
 
2019-03-14 17:21:02 [Server] Started 
2019-03-14 17:21:02 [AutoSet] Start 
2019-03-14 17:22:08 [10.112.125.95:63436] ClientAccept 
2019-03-14 17:22:08 [10.112.125.95:63436] Client HandShake 
2019-03-14 17:22:08 [7055B107_50A0_414B_841C_A3FE8998E15A] STTP-NewClient 
2019-03-14 17:22:08 [10.112.125.95-7055B107_50A0_414B_841C_A3FE8998E15A] {"deviceOS":"IOS","deviceOSVersion":"12.1.4","deviceModel":"iPhone10,3","screenSize":{"width":1125,"height":2436},"density":3.0,"version":"4.7.0","coreVersion":"4.7.0","autoBuild":false,"isCompany":true,"extraInfo":{"package_name":"com.smobiler.app","display_name":"Smobiler"}} 
2019-03-14 17:22:08 [7055B107_50A0_414B_841C_A3FE8998E15A] OnStart-Starting with NewClient -  
2019-03-14 17:22:09 [7055B107_50A0_414B_841C_A3FE8998E15A] Show-frmLogon 
2019-03-14 17:22:10 [7055B107_50A0_414B_841C_A3FE8998E15A] OnStart-Started with NewClient 
2019-03-14 17:22:14 [7055B107_50A0_414B_841C_A3FE8998E15A] Show-frmAssets 
2019-03-14 17:22:21 [7055B107_50A0_414B_841C_A3FE8998E15A] Show-frmAssetsDetail 
2019-03-14 17:22:24 [7055B107_50A0_414B_841C_A3FE8998E15A] Show- 
2019-03-14 17:22:42 [7055B107_50A0_414B_841C_A3FE8998E15A] Refresh-True 
2019-03-14 17:22:42 [7055B107_50A0_414B_841C_A3FE8998E15A] Refresh-Initial- 
2019-03-14 17:23:01 [10.112.125.95:63436] EndReceive 0 - ShutDown 
2019-03-14 17:23:07 [10.112.125.95:63450] ClientAccept 
2019-03-14 17:23:07 [10.112.125.95:63450] Client HandShake 
2019-03-14 17:23:07 [10.112.125.95-7055B107_50A0_414B_841C_A3FE8998E15A] {"deviceOS":"IOS","deviceOSVersion":"12.1.4","deviceModel":"iPhone10,3","screenSize":{"width":1125,"height":2436},"density":3.0,"version":"4.7.0","coreVersion":"4.7.0","autoBuild":false,"isCompany":true,"extraInfo":{"package_name":"com.smobiler.app","display_name":"Smobiler"}} 
2019-03-14 17:23:07 [7055B107_50A0_414B_841C_A3FE8998E15A] Refresh-True 
2019-03-14 17:23:07 [7055B107_50A0_414B_841C_A3FE8998E15A] Refresh-Initial- 
2019-03-14 17:23:12 [7055B107_50A0_414B_841C_A3FE8998E15A] Refresh-True 
2019-03-14 17:23:12 [7055B107_50A0_414B_841C_A3FE8998E15A] Refresh-Initial- 
2019-03-14 17:23:16 [10.112.125.95:63450] EndReceive 0 - ShutDown 
2019-03-14 17:23:20 [10.112.125.95:63452] ClientAccept 
2019-03-14 17:23:20 [10.112.125.95:63452] Client HandShake 
2019-03-14 17:23:20 [10.112.125.95-7055B107_50A0_414B_841C_A3FE8998E15A] {"deviceOS":"IOS","deviceOSVersion":"12.1.4","deviceModel":"iPhone10,3","screenSize":{"width":1125,"height":2436},"density":3.0,"version":"4.7.0","coreVersion":"4.7.0","autoBuild":false,"isCompany":true,"extraInfo":{"package_name":"com.smobiler.app","display_name":"Smobiler"}} 
2019-03-14 17:23:20 [7055B107_50A0_414B_841C_A3FE8998E15A] Refresh-True 
2019-03-14 17:23:20 [7055B107_50A0_414B_841C_A3FE8998E15A] Refresh-Initial- 
2019-03-14 17:23:25 [7055B107_50A0_414B_841C_A3FE8998E15A] OnStop-Stoping-PROTOCOL-Reset-False-- 
2019-03-14 17:23:25 [7055B107_50A0_414B_841C_A3FE8998E15A] OnStart-Starting with PROTOCOL-Reset -  
2019-03-14 17:23:25 [7055B107_50A0_414B_841C_A3FE8998E15A] Show-frmLogon 
2019-03-14 17:23:25 [7055B107_50A0_414B_841C_A3FE8998E15A] OnStop-Stoped 
2019-03-14 17:23:25 [7055B107_50A0_414B_841C_A3FE8998E15A] OnStart-Started with PROTOCOL-Reset 
2019-03-14 17:23:26 [7055B107_50A0_414B_841C_A3FE8998E15A] Show-frmAssets 
2019-03-14 17:23:29 [7055B107_50A0_414B_841C_A3FE8998E15A] Show-frmAssetsDetail 
2019-03-14 17:23:46 [7055B107_50A0_414B_841C_A3FE8998E15A] Show- 
2019-03-14 17:24:00 [10.112.125.95:63452] EndReceive 0 - ShutDown 
2019-03-14 17:24:38 [Server] Starting 
2019-03-14 17:24:38 [Initial] Version: 460.1540354032, HttpServerPort: 80, TcpServerPort: 8080, DeveloperTrace: Single, DebugMode: True, TracePrint: True, ClientTrace: False, EnableStackView: True, SessionTimeOut: 1800, MirrorPatternMaxVerifyTimes: 3, RelativeScreen: True, TextFontScaling: True, IsSysLog: False
        BasePath: D:\Program Files (x86)\Smobiler Designer\whx\SMOSEC.UI\bin\Debug\
        DefaultImagePath: D:\Program Files (x86)\Smobiler Designer\whx\SMOSEC.UI\bin\Debug\Resources\Image
        DefaultAudioPath: D:\Program Files (x86)\Smobiler Designer\whx\SMOSEC.UI\bin\Debug\Resources\Audio
        DefaultDocumentPath: D:\Program Files (x86)\Smobiler Designer\whx\SMOSEC.UI\bin\Debug\Resources\Document
        DefaultUploadPath: D:\Program Files (x86)\Smobiler Designer\whx\SMOSEC.UI\bin\Debug\Resources\Upload
        DefaultMediaPath: D:\Program Files (x86)\Smobiler Designer\whx\SMOSEC.UI\bin\Debug\Resources\Media
        DefaultWebPath: D:\Program Files (x86)\Smobiler Designer\whx\SMOSEC.UI\bin\Debug\Resources\Web
 
2019-03-14 17:24:38 [Server] Started 
2019-03-14 17:24:38 [AutoSet] Start 
2019-03-14 17:24:38 [10.112.125.95:63463] ClientAccept 
2019-03-14 17:24:38 [10.112.125.95:63463] Client HandShake 
2019-03-14 17:24:38 [7055B107_50A0_414B_841C_A3FE8998E15A] STTP-NewClient 
2019-03-14 17:24:38 [10.112.125.95-7055B107_50A0_414B_841C_A3FE8998E15A] {"deviceOS":"IOS","deviceOSVersion":"12.1.4","deviceModel":"iPhone10,3","screenSize":{"width":1125,"height":2436},"density":3.0,"version":"4.7.0","coreVersion":"4.7.0","autoBuild":false,"isCompany":true,"extraInfo":{"package_name":"com.smobiler.app","display_name":"Smobiler"}} 
2019-03-14 17:24:38 [7055B107_50A0_414B_841C_A3FE8998E15A] OnStart-Starting with NewClient -  
2019-03-14 17:24:39 [7055B107_50A0_414B_841C_A3FE8998E15A] Show-frmLogon 
2019-03-14 17:24:40 [7055B107_50A0_414B_841C_A3FE8998E15A] OnStart-Started with NewClient 
2019-03-14 17:24:45 [7055B107_50A0_414B_841C_A3FE8998E15A] Show-frmAssets 
2019-03-14 17:24:49 [7055B107_50A0_414B_841C_A3FE8998E15A] Show-frmAssetsDetail 
2019-03-14 17:24:53 [7055B107_50A0_414B_841C_A3FE8998E15A] Show-frmRepairCreateSN 
2019-03-14 17:27:18 [Server] Starting 
2019-03-14 17:27:19 [Initial] Version: 460.1540354032, HttpServerPort: 80, TcpServerPort: 8080, DeveloperTrace: Single, DebugMode: True, TracePrint: True, ClientTrace: False, EnableStackView: True, SessionTimeOut: 1800, MirrorPatternMaxVerifyTimes: 3, RelativeScreen: True, TextFontScaling: True, IsSysLog: False
        BasePath: D:\Program Files (x86)\Smobiler Designer\whx\SMOSEC.UI\bin\Debug\
        DefaultImagePath: D:\Program Files (x86)\Smobiler Designer\whx\SMOSEC.UI\bin\Debug\Resources\Image
        DefaultAudioPath: D:\Program Files (x86)\Smobiler Designer\whx\SMOSEC.UI\bin\Debug\Resources\Audio
        DefaultDocumentPath: D:\Program Files (x86)\Smobiler Designer\whx\SMOSEC.UI\bin\Debug\Resources\Document
        DefaultUploadPath: D:\Program Files (x86)\Smobiler Designer\whx\SMOSEC.UI\bin\Debug\Resources\Upload
        DefaultMediaPath: D:\Program Files (x86)\Smobiler Designer\whx\SMOSEC.UI\bin\Debug\Resources\Media
        DefaultWebPath: D:\Program Files (x86)\Smobiler Designer\whx\SMOSEC.UI\bin\Debug\Resources\Web
 
2019-03-14 17:27:19 [Server] Started 
2019-03-14 17:27:19 [AutoSet] Start 
2019-03-14 17:27:35 [10.112.125.95:63474] ClientAccept 
2019-03-14 17:27:35 [10.112.125.95:63474] Client HandShake 
2019-03-14 17:27:35 [7055B107_50A0_414B_841C_A3FE8998E15A] STTP-NewClient 
2019-03-14 17:27:35 [7055B107_50A0_414B_841C_A3FE8998E15A] ClientInfoRPC-False 
2019-03-14 17:27:35 [7055B107_50A0_414B_841C_A3FE8998E15A] OnStart-Starting with ClientInfoRPC -  
2019-03-14 17:27:36 [7055B107_50A0_414B_841C_A3FE8998E15A] Show-frmLogon 
2019-03-14 17:27:37 [7055B107_50A0_414B_841C_A3FE8998E15A] OnStart-Started with ClientInfoRPC 
2019-03-14 17:27:37 [7055B107_50A0_414B_841C_A3FE8998E15A] Refresh-True 
2019-03-14 17:27:37 [7055B107_50A0_414B_841C_A3FE8998E15A] Refresh-Initial-frmLogon 
2019-03-14 17:27:41 [7055B107_50A0_414B_841C_A3FE8998E15A] Show-frmAssets 
2019-03-14 17:28:05 [Server] Starting 
2019-03-14 17:28:05 [Initial] Version: 460.1540354032, HttpServerPort: 80, TcpServerPort: 8080, DeveloperTrace: Single, DebugMode: True, TracePrint: True, ClientTrace: False, EnableStackView: True, SessionTimeOut: 1800, MirrorPatternMaxVerifyTimes: 3, RelativeScreen: True, TextFontScaling: True, IsSysLog: False
        BasePath: D:\Program Files (x86)\Smobiler Designer\whx\SMOSEC.UI\bin\Debug\
        DefaultImagePath: D:\Program Files (x86)\Smobiler Designer\whx\SMOSEC.UI\bin\Debug\Resources\Image
        DefaultAudioPath: D:\Program Files (x86)\Smobiler Designer\whx\SMOSEC.UI\bin\Debug\Resources\Audio
        DefaultDocumentPath: D:\Program Files (x86)\Smobiler Designer\whx\SMOSEC.UI\bin\Debug\Resources\Document
        DefaultUploadPath: D:\Program Files (x86)\Smobiler Designer\whx\SMOSEC.UI\bin\Debug\Resources\Upload
        DefaultMediaPath: D:\Program Files (x86)\Smobiler Designer\whx\SMOSEC.UI\bin\Debug\Resources\Media
        DefaultWebPath: D:\Program Files (x86)\Smobiler Designer\whx\SMOSEC.UI\bin\Debug\Resources\Web
 
2019-03-14 17:28:06 [Server] Started 
2019-03-14 17:28:06 [AutoSet] Start 
2019-03-14 17:28:07 [10.112.125.95:63484] ClientAccept 
2019-03-14 17:28:07 [10.112.125.95:63484] Client HandShake 
2019-03-14 17:28:07 [7055B107_50A0_414B_841C_A3FE8998E15A] STTP-NewClient 
2019-03-14 17:28:08 [7055B107_50A0_414B_841C_A3FE8998E15A] ClientInfoRPC-False 
2019-03-14 17:28:08 [7055B107_50A0_414B_841C_A3FE8998E15A] OnStart-Starting with ClientInfoRPC -  
2019-03-14 17:28:08 [7055B107_50A0_414B_841C_A3FE8998E15A] Show-frmLogon 
2019-03-14 17:28:09 [7055B107_50A0_414B_841C_A3FE8998E15A] OnStart-Started with ClientInfoRPC 
2019-03-14 17:28:14 [7055B107_50A0_414B_841C_A3FE8998E15A] Show-frmAssets 
2019-03-14 17:28:18 [7055B107_50A0_414B_841C_A3FE8998E15A] Show-frmAssetsDetail 
2019-03-14 17:28:25 [7055B107_50A0_414B_841C_A3FE8998E15A] Show-frmRepairCreateSN 
2019-03-14 17:28:32 [7055B107_50A0_414B_841C_A3FE8998E15A] Close-frmRepairCreateSN 
2019-03-14 17:28:32 [7055B107_50A0_414B_841C_A3FE8998E15A] Refresh-Pop-frmAssetsDetail 
2019-03-14 17:28:33 [7055B107_50A0_414B_841C_A3FE8998E15A] Show-frmRepairCreateSN 
2019-03-14 17:28:36 [7055B107_50A0_414B_841C_A3FE8998E15A] Close-frmRepairCreateSN 
2019-03-14 17:28:36 [7055B107_50A0_414B_841C_A3FE8998E15A] Refresh-Pop-frmAssetsDetail 
2019-03-14 17:28:38 [7055B107_50A0_414B_841C_A3FE8998E15A] Show-frmRepairCreateSN 
2019-03-14 17:28:39 [7055B107_50A0_414B_841C_A3FE8998E15A] Close-frmRepairCreateSN 
2019-03-14 17:28:39 [7055B107_50A0_414B_841C_A3FE8998E15A] Refresh-Pop-frmAssetsDetail 
2019-03-14 17:28:40 [10.112.125.95:63484] EndReceive 0 - ShutDown 
2019-03-14 17:29:26 [Server] Starting 
2019-03-14 17:29:26 [Initial] Version: 460.1540354032, HttpServerPort: 80, TcpServerPort: 8080, DeveloperTrace: Single, DebugMode: True, TracePrint: True, ClientTrace: False, EnableStackView: True, SessionTimeOut: 1800, MirrorPatternMaxVerifyTimes: 3, RelativeScreen: True, TextFontScaling: True, IsSysLog: False
        BasePath: D:\Program Files (x86)\Smobiler Designer\whx\SMOSEC.UI\bin\Debug\
        DefaultImagePath: D:\Program Files (x86)\Smobiler Designer\whx\SMOSEC.UI\bin\Debug\Resources\Image
        DefaultAudioPath: D:\Program Files (x86)\Smobiler Designer\whx\SMOSEC.UI\bin\Debug\Resources\Audio
        DefaultDocumentPath: D:\Program Files (x86)\Smobiler Designer\whx\SMOSEC.UI\bin\Debug\Resources\Document
        DefaultUploadPath: D:\Program Files (x86)\Smobiler Designer\whx\SMOSEC.UI\bin\Debug\Resources\Upload
        DefaultMediaPath: D:\Program Files (x86)\Smobiler Designer\whx\SMOSEC.UI\bin\Debug\Resources\Media
        DefaultWebPath: D:\Program Files (x86)\Smobiler Designer\whx\SMOSEC.UI\bin\Debug\Resources\Web
 
2019-03-14 17:29:27 [Server] Started 
2019-03-14 17:29:27 [AutoSet] Start 
2019-03-14 17:29:27 [10.112.125.95:63501] ClientAccept 
2019-03-14 17:29:27 [10.112.125.95:63501] Client HandShake 
2019-03-14 17:29:27 [7055B107_50A0_414B_841C_A3FE8998E15A] STTP-NewClient 
2019-03-14 17:29:27 [10.112.125.95-7055B107_50A0_414B_841C_A3FE8998E15A] {"deviceOS":"IOS","deviceOSVersion":"12.1.4","deviceModel":"iPhone10,3","screenSize":{"width":1125,"height":2436},"density":3.0,"version":"4.7.0","coreVersion":"4.7.0","autoBuild":false,"isCompany":true,"extraInfo":{"package_name":"com.smobiler.app","display_name":"Smobiler"}} 
2019-03-14 17:29:27 [7055B107_50A0_414B_841C_A3FE8998E15A] OnStart-Starting with NewClient -  
2019-03-14 17:29:28 [7055B107_50A0_414B_841C_A3FE8998E15A] Show-frmLogon 
2019-03-14 17:29:29 [7055B107_50A0_414B_841C_A3FE8998E15A] OnStart-Started with NewClient 
2019-03-14 17:29:35 [7055B107_50A0_414B_841C_A3FE8998E15A] Show-frmAssets 
2019-03-14 17:29:39 [7055B107_50A0_414B_841C_A3FE8998E15A] Show-frmAssetsDetail 
2019-03-14 17:30:15 [10.112.125.95:63501] EndReceive 0 - ShutDown 
2019-03-14 17:31:09 [Server] Starting 
2019-03-14 17:31:09 [Initial] Version: 460.1540354032, HttpServerPort: 80, TcpServerPort: 8080, DeveloperTrace: Single, DebugMode: True, TracePrint: True, ClientTrace: False, EnableStackView: True, SessionTimeOut: 1800, MirrorPatternMaxVerifyTimes: 3, RelativeScreen: True, TextFontScaling: True, IsSysLog: False
        BasePath: D:\Program Files (x86)\Smobiler Designer\whx\SMOSEC.UI\bin\Debug\
        DefaultImagePath: D:\Program Files (x86)\Smobiler Designer\whx\SMOSEC.UI\bin\Debug\Resources\Image
        DefaultAudioPath: D:\Program Files (x86)\Smobiler Designer\whx\SMOSEC.UI\bin\Debug\Resources\Audio
        DefaultDocumentPath: D:\Program Files (x86)\Smobiler Designer\whx\SMOSEC.UI\bin\Debug\Resources\Document
        DefaultUploadPath: D:\Program Files (x86)\Smobiler Designer\whx\SMOSEC.UI\bin\Debug\Resources\Upload
        DefaultMediaPath: D:\Program Files (x86)\Smobiler Designer\whx\SMOSEC.UI\bin\Debug\Resources\Media
        DefaultWebPath: D:\Program Files (x86)\Smobiler Designer\whx\SMOSEC.UI\bin\Debug\Resources\Web
 
2019-03-14 17:31:09 [Server] Started 
2019-03-14 17:31:09 [AutoSet] Start 
2019-03-14 17:31:11 [10.112.125.95:63511] ClientAccept 
2019-03-14 17:31:11 [10.112.125.95:63511] Client HandShake 
2019-03-14 17:31:11 [7055B107_50A0_414B_841C_A3FE8998E15A] STTP-NewClient 
2019-03-14 17:31:11 [10.112.125.95-7055B107_50A0_414B_841C_A3FE8998E15A] {"deviceOS":"IOS","deviceOSVersion":"12.1.4","deviceModel":"iPhone10,3","screenSize":{"width":1125,"height":2436},"density":3.0,"version":"4.7.0","coreVersion":"4.7.0","autoBuild":false,"isCompany":true,"extraInfo":{"package_name":"com.smobiler.app","display_name":"Smobiler"}} 
2019-03-14 17:31:11 [7055B107_50A0_414B_841C_A3FE8998E15A] OnStart-Starting with NewClient -  
2019-03-14 17:31:12 [7055B107_50A0_414B_841C_A3FE8998E15A] Show-frmLogon 
2019-03-14 17:31:13 [7055B107_50A0_414B_841C_A3FE8998E15A] OnStart-Started with NewClient 
2019-03-14 17:31:18 [7055B107_50A0_414B_841C_A3FE8998E15A] Show-frmAssets 
2019-03-14 17:31:21 [7055B107_50A0_414B_841C_A3FE8998E15A] Show-frmAssetsDetail 
2019-03-14 17:31:22 [7055B107_50A0_414B_841C_A3FE8998E15A] Show-frmRepairCreateSN 
2019-03-14 17:31:38 [7055B107_50A0_414B_841C_A3FE8998E15A] Close-frmRepairCreateSN 
2019-03-14 17:31:38 [7055B107_50A0_414B_841C_A3FE8998E15A] Refresh-Pop-frmAssetsDetail 
2019-03-14 17:31:45 [7055B107_50A0_414B_841C_A3FE8998E15A] Show-frmRepairCreateSN 
2019-03-14 17:31:47 [7055B107_50A0_414B_841C_A3FE8998E15A] Close-frmRepairCreateSN 
2019-03-14 17:31:47 [7055B107_50A0_414B_841C_A3FE8998E15A] Refresh-Pop-frmAssetsDetail 
2019-03-14 17:31:52 [7055B107_50A0_414B_841C_A3FE8998E15A] Show-frmRepairCreateSN 
2019-03-14 17:32:00 [7055B107_50A0_414B_841C_A3FE8998E15A] Close-frmRepairCreateSN 
2019-03-14 17:32:00 [7055B107_50A0_414B_841C_A3FE8998E15A] Refresh-Pop-frmAssetsDetail 
2019-03-14 17:32:05 [7055B107_50A0_414B_841C_A3FE8998E15A] Close-frmAssetsDetail 
2019-03-14 17:32:07 [7055B107_50A0_414B_841C_A3FE8998E15A] Refresh-Pop-frmAssets 
2019-03-14 17:32:07 [7055B107_50A0_414B_841C_A3FE8998E15A] Refresh-False 
2019-03-14 17:32:07 [7055B107_50A0_414B_841C_A3FE8998E15A] Refresh-Push-frmAssets 
2019-03-14 17:32:11 [7055B107_50A0_414B_841C_A3FE8998E15A] Show-frmRepairRowsSN 
2019-03-14 17:32:13 [7055B107_50A0_414B_841C_A3FE8998E15A] Show-frmRepairDetailSN 
2019-03-14 17:32:18 [7055B107_50A0_414B_841C_A3FE8998E15A] Close-frmRepairDetailSN 
2019-03-14 17:32:18 [7055B107_50A0_414B_841C_A3FE8998E15A] Refresh-Pop-frmRepairRowsSN 
2019-03-14 17:32:19 [7055B107_50A0_414B_841C_A3FE8998E15A] Show-frmRepairDetailSN 
2019-03-14 17:32:25 [7055B107_50A0_414B_841C_A3FE8998E15A] Close-frmRepairDetailSN 
2019-03-14 17:32:25 [7055B107_50A0_414B_841C_A3FE8998E15A] Refresh-Pop-frmRepairRowsSN 
2019-03-14 17:32:27 [7055B107_50A0_414B_841C_A3FE8998E15A] Show-frmRepairDetailSN 
2019-03-14 17:33:42 [Server] Starting 
2019-03-14 17:33:42 [Initial] Version: 460.1540354032, HttpServerPort: 80, TcpServerPort: 8080, DeveloperTrace: Single, DebugMode: True, TracePrint: True, ClientTrace: False, EnableStackView: True, SessionTimeOut: 1800, MirrorPatternMaxVerifyTimes: 3, RelativeScreen: True, TextFontScaling: True, IsSysLog: False
        BasePath: D:\Program Files (x86)\Smobiler Designer\whx\SMOSEC.UI\bin\Debug\
        DefaultImagePath: D:\Program Files (x86)\Smobiler Designer\whx\SMOSEC.UI\bin\Debug\Resources\Image
        DefaultAudioPath: D:\Program Files (x86)\Smobiler Designer\whx\SMOSEC.UI\bin\Debug\Resources\Audio
        DefaultDocumentPath: D:\Program Files (x86)\Smobiler Designer\whx\SMOSEC.UI\bin\Debug\Resources\Document
        DefaultUploadPath: D:\Program Files (x86)\Smobiler Designer\whx\SMOSEC.UI\bin\Debug\Resources\Upload
        DefaultMediaPath: D:\Program Files (x86)\Smobiler Designer\whx\SMOSEC.UI\bin\Debug\Resources\Media
        DefaultWebPath: D:\Program Files (x86)\Smobiler Designer\whx\SMOSEC.UI\bin\Debug\Resources\Web
 
2019-03-14 17:33:42 [Server] Started 
2019-03-14 17:33:42 [AutoSet] Start 
2019-03-14 17:33:56 [10.112.125.95:63543] ClientAccept 
2019-03-14 17:33:56 [10.112.125.95:63543] Client HandShake 
2019-03-14 17:33:56 [7055B107_50A0_414B_841C_A3FE8998E15A] STTP-NewClient 
2019-03-14 17:33:56 [10.112.125.95-7055B107_50A0_414B_841C_A3FE8998E15A] {"deviceOS":"IOS","deviceOSVersion":"12.1.4","deviceModel":"iPhone10,3","screenSize":{"width":1125,"height":2436},"density":3.0,"version":"4.7.0","coreVersion":"4.7.0","autoBuild":false,"isCompany":true,"extraInfo":{"package_name":"com.smobiler.app","display_name":"Smobiler"}} 
2019-03-14 17:33:56 [7055B107_50A0_414B_841C_A3FE8998E15A] OnStart-Starting with NewClient -  
2019-03-14 17:33:56 [7055B107_50A0_414B_841C_A3FE8998E15A] Show-frmLogon 
2019-03-14 17:33:58 [7055B107_50A0_414B_841C_A3FE8998E15A] OnStart-Started with NewClient 
2019-03-14 17:34:02 [7055B107_50A0_414B_841C_A3FE8998E15A] Show-frmAssets 
2019-03-14 17:34:05 [7055B107_50A0_414B_841C_A3FE8998E15A] Show-frmAssetsDetail 
2019-03-14 17:34:06 [7055B107_50A0_414B_841C_A3FE8998E15A] Show-frmRepairCreateSN 
2019-03-14 17:34:17 [7055B107_50A0_414B_841C_A3FE8998E15A] Close-frmRepairCreateSN 
2019-03-14 17:34:17 [7055B107_50A0_414B_841C_A3FE8998E15A] Refresh-Pop-frmAssetsDetail 
2019-03-14 17:34:24 [7055B107_50A0_414B_841C_A3FE8998E15A] Close-frmAssetsDetail 
2019-03-14 17:34:26 [7055B107_50A0_414B_841C_A3FE8998E15A] Refresh-Pop-frmAssets 
2019-03-14 17:34:26 [7055B107_50A0_414B_841C_A3FE8998E15A] Refresh-False 
2019-03-14 17:34:26 [7055B107_50A0_414B_841C_A3FE8998E15A] Refresh-Push-frmAssets 
2019-03-14 17:34:28 [7055B107_50A0_414B_841C_A3FE8998E15A] Show-frmRepairRowsSN 
2019-03-14 17:35:39 [Server] Starting 
2019-03-14 17:35:40 [Initial] Version: 460.1540354032, HttpServerPort: 80, TcpServerPort: 8080, DeveloperTrace: Single, DebugMode: True, TracePrint: True, ClientTrace: False, EnableStackView: True, SessionTimeOut: 1800, MirrorPatternMaxVerifyTimes: 3, RelativeScreen: True, TextFontScaling: True, IsSysLog: False
        BasePath: D:\Program Files (x86)\Smobiler Designer\whx\SMOSEC.UI\bin\Debug\
        DefaultImagePath: D:\Program Files (x86)\Smobiler Designer\whx\SMOSEC.UI\bin\Debug\Resources\Image
        DefaultAudioPath: D:\Program Files (x86)\Smobiler Designer\whx\SMOSEC.UI\bin\Debug\Resources\Audio
        DefaultDocumentPath: D:\Program Files (x86)\Smobiler Designer\whx\SMOSEC.UI\bin\Debug\Resources\Document
        DefaultUploadPath: D:\Program Files (x86)\Smobiler Designer\whx\SMOSEC.UI\bin\Debug\Resources\Upload
        DefaultMediaPath: D:\Program Files (x86)\Smobiler Designer\whx\SMOSEC.UI\bin\Debug\Resources\Media
        DefaultWebPath: D:\Program Files (x86)\Smobiler Designer\whx\SMOSEC.UI\bin\Debug\Resources\Web
 
2019-03-14 17:35:40 [Server] Started 
2019-03-14 17:35:40 [AutoSet] Start 
2019-03-14 17:35:41 [10.112.125.95:63565] ClientAccept 
2019-03-14 17:35:41 [10.112.125.95:63565] Client HandShake 
2019-03-14 17:35:41 [7055B107_50A0_414B_841C_A3FE8998E15A] STTP-NewClient 
2019-03-14 17:35:41 [10.112.125.95-7055B107_50A0_414B_841C_A3FE8998E15A] {"deviceOS":"IOS","deviceOSVersion":"12.1.4","deviceModel":"iPhone10,3","screenSize":{"width":1125,"height":2436},"density":3.0,"version":"4.7.0","coreVersion":"4.7.0","autoBuild":false,"isCompany":true,"extraInfo":{"package_name":"com.smobiler.app","display_name":"Smobiler"}} 
2019-03-14 17:35:41 [7055B107_50A0_414B_841C_A3FE8998E15A] OnStart-Starting with NewClient -  
2019-03-14 17:35:42 [7055B107_50A0_414B_841C_A3FE8998E15A] Show-frmLogon 
2019-03-14 17:35:43 [7055B107_50A0_414B_841C_A3FE8998E15A] OnStart-Started with NewClient 
2019-03-14 17:35:47 [7055B107_50A0_414B_841C_A3FE8998E15A] Show-frmAssets 
2019-03-14 17:35:52 [7055B107_50A0_414B_841C_A3FE8998E15A] Show-frmAssetsDetail 
2019-03-14 17:35:53 [7055B107_50A0_414B_841C_A3FE8998E15A] Show-frmRepairCreateSN 
2019-03-14 17:37:09 [Server] Starting 
2019-03-14 17:37:10 [Initial] Version: 460.1540354032, HttpServerPort: 80, TcpServerPort: 8080, DeveloperTrace: Single, DebugMode: True, TracePrint: True, ClientTrace: False, EnableStackView: True, SessionTimeOut: 1800, MirrorPatternMaxVerifyTimes: 3, RelativeScreen: True, TextFontScaling: True, IsSysLog: False
        BasePath: D:\Program Files (x86)\Smobiler Designer\whx\SMOSEC.UI\bin\Debug\
        DefaultImagePath: D:\Program Files (x86)\Smobiler Designer\whx\SMOSEC.UI\bin\Debug\Resources\Image
        DefaultAudioPath: D:\Program Files (x86)\Smobiler Designer\whx\SMOSEC.UI\bin\Debug\Resources\Audio
        DefaultDocumentPath: D:\Program Files (x86)\Smobiler Designer\whx\SMOSEC.UI\bin\Debug\Resources\Document
        DefaultUploadPath: D:\Program Files (x86)\Smobiler Designer\whx\SMOSEC.UI\bin\Debug\Resources\Upload
        DefaultMediaPath: D:\Program Files (x86)\Smobiler Designer\whx\SMOSEC.UI\bin\Debug\Resources\Media
        DefaultWebPath: D:\Program Files (x86)\Smobiler Designer\whx\SMOSEC.UI\bin\Debug\Resources\Web
 
2019-03-14 17:37:10 [Server] Started 
2019-03-14 17:37:10 [AutoSet] Start 
2019-03-14 17:37:11 [10.112.125.95:63578] ClientAccept 
2019-03-14 17:37:11 [10.112.125.95:63578] Client HandShake 
2019-03-14 17:37:11 [7055B107_50A0_414B_841C_A3FE8998E15A] STTP-NewClient 
2019-03-14 17:37:11 [10.112.125.95-7055B107_50A0_414B_841C_A3FE8998E15A] {"deviceOS":"IOS","deviceOSVersion":"12.1.4","deviceModel":"iPhone10,3","screenSize":{"width":1125,"height":2436},"density":3.0,"version":"4.7.0","coreVersion":"4.7.0","autoBuild":false,"isCompany":true,"extraInfo":{"package_name":"com.smobiler.app","display_name":"Smobiler"}} 
2019-03-14 17:37:11 [7055B107_50A0_414B_841C_A3FE8998E15A] OnStart-Starting with NewClient -  
2019-03-14 17:37:12 [7055B107_50A0_414B_841C_A3FE8998E15A] Show-frmLogon 
2019-03-14 17:37:13 [7055B107_50A0_414B_841C_A3FE8998E15A] OnStart-Started with NewClient 
2019-03-14 17:37:41 [10.112.125.95:63578] EndReceive 0 - ShutDown 
2019-03-14 17:37:53 [10.112.125.95:63583] ClientAccept 
2019-03-14 17:37:56 [7055B107_50A0_414B_841C_A3FE8998E15A] Show-frmAssets 
2019-03-14 17:38:00 [7055B107_50A0_414B_841C_A3FE8998E15A] Show-frmAssetsDetail 
2019-03-14 17:38:01 [7055B107_50A0_414B_841C_A3FE8998E15A] Show-frmRepairCreateSN 
2019-03-14 17:38:26 [7055B107_50A0_414B_841C_A3FE8998E15A] Close-frmRepairCreateSN 
2019-03-14 17:38:26 [7055B107_50A0_414B_841C_A3FE8998E15A] Refresh-Pop-frmAssetsDetail 
2019-03-14 17:38:27 [7055B107_50A0_414B_841C_A3FE8998E15A] Close-frmAssetsDetail 
2019-03-14 17:38:27 [7055B107_50A0_414B_841C_A3FE8998E15A] Refresh-Pop-frmAssets 
2019-03-14 17:38:29 [7055B107_50A0_414B_841C_A3FE8998E15A] Show-frmAssetsDetail 
2019-03-14 17:38:30 [7055B107_50A0_414B_841C_A3FE8998E15A] Close-frmAssetsDetail 
2019-03-14 17:38:30 [7055B107_50A0_414B_841C_A3FE8998E15A] Refresh-Pop-frmAssets 
2019-03-14 17:38:33 [7055B107_50A0_414B_841C_A3FE8998E15A] Show-frmRepairRowsSN 
2019-03-14 17:38:38 [7055B107_50A0_414B_841C_A3FE8998E15A] Show-frmBorrowOrder 
2019-03-14 17:38:42 [7055B107_50A0_414B_841C_A3FE8998E15A] Show-frmBoDetail 
2019-03-14 17:58:25 [Server] Starting 
2019-03-14 17:58:25 [Initial] Version: 460.1540354032, HttpServerPort: 80, TcpServerPort: 8080, DeveloperTrace: Single, DebugMode: True, TracePrint: True, ClientTrace: False, EnableStackView: True, SessionTimeOut: 1800, MirrorPatternMaxVerifyTimes: 3, RelativeScreen: True, TextFontScaling: True, IsSysLog: False
        BasePath: D:\Program Files (x86)\Smobiler Designer\whx\SMOSEC.UI\bin\Debug\
        DefaultImagePath: D:\Program Files (x86)\Smobiler Designer\whx\SMOSEC.UI\bin\Debug\Resources\Image
        DefaultAudioPath: D:\Program Files (x86)\Smobiler Designer\whx\SMOSEC.UI\bin\Debug\Resources\Audio
        DefaultDocumentPath: D:\Program Files (x86)\Smobiler Designer\whx\SMOSEC.UI\bin\Debug\Resources\Document
        DefaultUploadPath: D:\Program Files (x86)\Smobiler Designer\whx\SMOSEC.UI\bin\Debug\Resources\Upload
        DefaultMediaPath: D:\Program Files (x86)\Smobiler Designer\whx\SMOSEC.UI\bin\Debug\Resources\Media
        DefaultWebPath: D:\Program Files (x86)\Smobiler Designer\whx\SMOSEC.UI\bin\Debug\Resources\Web
 
2019-03-14 17:58:25 [Server] Started 
2019-03-14 17:58:25 [AutoSet] Start 
2019-03-14 17:58:41 [10.112.125.95:63636] ClientAccept 
2019-03-14 17:58:41 [10.112.125.95:63636] Client HandShake 
2019-03-14 17:58:41 [7055B107_50A0_414B_841C_A3FE8998E15A] STTP-NewClient 
2019-03-14 17:58:41 [7055B107_50A0_414B_841C_A3FE8998E15A] ClientInfoRPC-False 
2019-03-14 17:58:41 [7055B107_50A0_414B_841C_A3FE8998E15A] OnStart-Starting with ClientInfoRPC -  
2019-03-14 17:58:42 [7055B107_50A0_414B_841C_A3FE8998E15A] Show-frmLogon 
2019-03-14 17:58:43 [7055B107_50A0_414B_841C_A3FE8998E15A] OnStart-Started with ClientInfoRPC 
2019-03-14 17:58:43 [7055B107_50A0_414B_841C_A3FE8998E15A] Refresh-True 
2019-03-14 17:58:43 [7055B107_50A0_414B_841C_A3FE8998E15A] Refresh-Initial-frmLogon 
2019-03-14 17:58:49 [7055B107_50A0_414B_841C_A3FE8998E15A] Show-frmAssets 
2019-03-14 17:58:52 [7055B107_50A0_414B_841C_A3FE8998E15A] Show-frmAssetsDetail 
2019-03-14 17:58:54 [7055B107_50A0_414B_841C_A3FE8998E15A] Close-frmAssetsDetail 
2019-03-14 17:58:54 [7055B107_50A0_414B_841C_A3FE8998E15A] Refresh-Pop-frmAssets 
2019-03-14 17:59:08 [7055B107_50A0_414B_841C_A3FE8998E15A] Show-frmBorrowOrder 
2019-03-14 17:59:11 [7055B107_50A0_414B_841C_A3FE8998E15A] Show-frmBoCreate 
2019-03-14 17:59:16 [7055B107_50A0_414B_841C_A3FE8998E15A] Close-frmBoCreate 
2019-03-14 17:59:16 [7055B107_50A0_414B_841C_A3FE8998E15A] Refresh-Pop-frmBorrowOrder 
2019-03-14 17:59:17 [7055B107_50A0_414B_841C_A3FE8998E15A] Show-frmBoDetail 
2019-03-14 17:59:20 [7055B107_50A0_414B_841C_A3FE8998E15A] Close-frmBoDetail 
2019-03-14 17:59:20 [7055B107_50A0_414B_841C_A3FE8998E15A] Refresh-Pop-frmBorrowOrder 
2019-03-14 17:59:21 [7055B107_50A0_414B_841C_A3FE8998E15A] Show-frmBoDetail 
2019-03-14 18:00:19 [Server] Starting 
2019-03-14 18:00:20 [Initial] Version: 460.1540354032, HttpServerPort: 80, TcpServerPort: 8080, DeveloperTrace: Single, DebugMode: True, TracePrint: True, ClientTrace: False, EnableStackView: True, SessionTimeOut: 1800, MirrorPatternMaxVerifyTimes: 3, RelativeScreen: True, TextFontScaling: True, IsSysLog: False
        BasePath: D:\Program Files (x86)\Smobiler Designer\whx\SMOSEC.UI\bin\Debug\
        DefaultImagePath: D:\Program Files (x86)\Smobiler Designer\whx\SMOSEC.UI\bin\Debug\Resources\Image
        DefaultAudioPath: D:\Program Files (x86)\Smobiler Designer\whx\SMOSEC.UI\bin\Debug\Resources\Audio
        DefaultDocumentPath: D:\Program Files (x86)\Smobiler Designer\whx\SMOSEC.UI\bin\Debug\Resources\Document
        DefaultUploadPath: D:\Program Files (x86)\Smobiler Designer\whx\SMOSEC.UI\bin\Debug\Resources\Upload
        DefaultMediaPath: D:\Program Files (x86)\Smobiler Designer\whx\SMOSEC.UI\bin\Debug\Resources\Media
        DefaultWebPath: D:\Program Files (x86)\Smobiler Designer\whx\SMOSEC.UI\bin\Debug\Resources\Web
 
2019-03-14 18:00:20 [Server] Started 
2019-03-14 18:00:20 [AutoSet] Start 
2019-03-14 18:00:20 [10.112.125.95:63656] ClientAccept 
2019-03-14 18:00:21 [10.112.125.95:63656] Client HandShake 
2019-03-14 18:00:21 [7055B107_50A0_414B_841C_A3FE8998E15A] STTP-NewClient 
2019-03-14 18:00:21 [10.112.125.95-7055B107_50A0_414B_841C_A3FE8998E15A] {"deviceOS":"IOS","deviceOSVersion":"12.1.4","deviceModel":"iPhone10,3","screenSize":{"width":1125,"height":2436},"density":3.0,"version":"4.7.0","coreVersion":"4.7.0","autoBuild":false,"isCompany":true,"extraInfo":{"package_name":"com.smobiler.app","display_name":"Smobiler"}} 
2019-03-14 18:00:21 [7055B107_50A0_414B_841C_A3FE8998E15A] OnStart-Starting with NewClient -  
2019-03-14 18:00:21 [7055B107_50A0_414B_841C_A3FE8998E15A] Show-frmLogon 
2019-03-14 18:00:22 [7055B107_50A0_414B_841C_A3FE8998E15A] OnStart-Started with NewClient 
2019-03-14 18:00:27 [7055B107_50A0_414B_841C_A3FE8998E15A] Show-frmAssets 
2019-03-14 18:00:29 [7055B107_50A0_414B_841C_A3FE8998E15A] Refresh-False 
2019-03-14 18:00:29 [7055B107_50A0_414B_841C_A3FE8998E15A] Refresh-Push-frmAssets 
2019-03-14 18:00:32 [7055B107_50A0_414B_841C_A3FE8998E15A] Show-frmBorrowOrder 
2019-03-14 18:00:33 [7055B107_50A0_414B_841C_A3FE8998E15A] Show-frmBoDetail 
2019-03-14 18:02:27 [7055B107_50A0_414B_841C_A3FE8998E15A] Close-frmBoDetail 
2019-03-14 18:02:27 [7055B107_50A0_414B_841C_A3FE8998E15A] Refresh-Pop-frmBorrowOrder 
2019-03-14 18:02:28 [7055B107_50A0_414B_841C_A3FE8998E15A] Show-frmBoDetail 
2019-03-14 18:02:36 [10.112.125.95:63656] EndReceive 0 - ShutDown 
2019-03-14 18:03:13 [Server] Starting 
2019-03-14 18:03:13 [Initial] Version: 460.1540354032, HttpServerPort: 80, TcpServerPort: 8080, DeveloperTrace: Single, DebugMode: True, TracePrint: True, ClientTrace: False, EnableStackView: True, SessionTimeOut: 1800, MirrorPatternMaxVerifyTimes: 3, RelativeScreen: True, TextFontScaling: True, IsSysLog: False
        BasePath: D:\Program Files (x86)\Smobiler Designer\whx\SMOSEC.UI\bin\Debug\
        DefaultImagePath: D:\Program Files (x86)\Smobiler Designer\whx\SMOSEC.UI\bin\Debug\Resources\Image
        DefaultAudioPath: D:\Program Files (x86)\Smobiler Designer\whx\SMOSEC.UI\bin\Debug\Resources\Audio
        DefaultDocumentPath: D:\Program Files (x86)\Smobiler Designer\whx\SMOSEC.UI\bin\Debug\Resources\Document
        DefaultUploadPath: D:\Program Files (x86)\Smobiler Designer\whx\SMOSEC.UI\bin\Debug\Resources\Upload
        DefaultMediaPath: D:\Program Files (x86)\Smobiler Designer\whx\SMOSEC.UI\bin\Debug\Resources\Media
        DefaultWebPath: D:\Program Files (x86)\Smobiler Designer\whx\SMOSEC.UI\bin\Debug\Resources\Web
 
2019-03-14 18:03:13 [Server] Started 
2019-03-14 18:03:13 [AutoSet] Start 
2019-03-14 18:03:15 [Server] Stoping 
2019-03-14 18:03:15 [TcpAccept-EX] 无法访问已释放的对象。
对象名:“System.Net.Sockets.Socket”。 
