2019-04-10 09:41:03 [Server] Starting 
2019-04-10 09:41:03 [Initial] Version: 460.1540354032, HttpServerPort: 80, TcpServerPort: 8080, DeveloperTrace: Single, DebugMode: True, TracePrint: True, ClientTrace: False, EnableStackView: True, SessionTimeOut: 1800, MirrorPatternMaxVerifyTimes: 3, RelativeScreen: True, TextFontScaling: True, IsSysLog: False
        BasePath: D:\Program Files (x86)\Smobiler Designer\whx\SMOSEC.UI\bin\Debug\
        DefaultImagePath: D:\Program Files (x86)\Smobiler Designer\whx\SMOSEC.UI\bin\Debug\Resources\Image
        DefaultAudioPath: D:\Program Files (x86)\Smobiler Designer\whx\SMOSEC.UI\bin\Debug\Resources\Audio
        DefaultDocumentPath: D:\Program Files (x86)\Smobiler Designer\whx\SMOSEC.UI\bin\Debug\Resources\Document
        DefaultUploadPath: D:\Program Files (x86)\Smobiler Designer\whx\SMOSEC.UI\bin\Debug\Resources\Upload
        DefaultMediaPath: D:\Program Files (x86)\Smobiler Designer\whx\SMOSEC.UI\bin\Debug\Resources\Media
        DefaultWebPath: D:\Program Files (x86)\Smobiler Designer\whx\SMOSEC.UI\bin\Debug\Resources\Web
 
2019-04-10 09:41:03 [Server] Started 
2019-04-10 09:41:04 [AutoSet] Start 
2019-04-10 09:50:12 [127.0.0.1:24031] ClientAccept 
2019-04-10 09:50:12 [127.0.0.1:24032] ClientAccept 
2019-04-10 09:50:13 [127.0.0.1:24031] STMLProtocol-EX-STMLProtocolException Level:fatal, Code:UnexpectedMessage 
2019-04-10 09:50:13 [127.0.0.1:24031] EndReceive 0 - ShutDown 
2019-04-10 09:50:13 [127.0.0.1:24034] ClientAccept 
2019-04-10 09:50:13 [127.0.0.1:24032] STMLProtocol-EX-STMLProtocolException Level:fatal, Code:UnexpectedMessage 
2019-04-10 09:50:13 [127.0.0.1:24032] EndReceive 0 - ShutDown 
2019-04-10 09:50:18 [127.0.0.1:24040] ClientAccept 
2019-04-10 09:50:18 [127.0.0.1:24034] STMLProtocol-EX-STMLProtocolException Level:fatal, Code:UnexpectedMessage 
2019-04-10 09:50:18 [127.0.0.1:24034] EndReceive 0 - ShutDown 
2019-04-10 09:50:18 [Server] Stoping 
2019-04-10 09:50:18 [TcpAccept-EX] 无法访问已释放的对象。
对象名:“System.Net.Sockets.Socket”。 
2019-04-10 09:52:46 [Server] Starting 
2019-04-10 09:52:46 [Initial] Version: 460.1540354032, HttpServerPort: 80, TcpServerPort: 8080, DeveloperTrace: Single, DebugMode: True, TracePrint: True, ClientTrace: False, EnableStackView: True, SessionTimeOut: 1800, MirrorPatternMaxVerifyTimes: 3, RelativeScreen: True, TextFontScaling: True, IsSysLog: False
        BasePath: D:\Program Files (x86)\Smobiler Designer\whx\SMOSEC.UI\bin\Debug\
        DefaultImagePath: D:\Program Files (x86)\Smobiler Designer\whx\SMOSEC.UI\bin\Debug\Resources\Image
        DefaultAudioPath: D:\Program Files (x86)\Smobiler Designer\whx\SMOSEC.UI\bin\Debug\Resources\Audio
        DefaultDocumentPath: D:\Program Files (x86)\Smobiler Designer\whx\SMOSEC.UI\bin\Debug\Resources\Document
        DefaultUploadPath: D:\Program Files (x86)\Smobiler Designer\whx\SMOSEC.UI\bin\Debug\Resources\Upload
        DefaultMediaPath: D:\Program Files (x86)\Smobiler Designer\whx\SMOSEC.UI\bin\Debug\Resources\Media
        DefaultWebPath: D:\Program Files (x86)\Smobiler Designer\whx\SMOSEC.UI\bin\Debug\Resources\Web
 
2019-04-10 09:52:46 [Server] Started 
2019-04-10 09:52:46 [AutoSet] Start 
2019-04-10 09:53:35 [Server] Stoping 
2019-04-10 09:53:36 [TcpAccept-EX] 无法访问已释放的对象。
对象名:“System.Net.Sockets.Socket”。 
2019-04-10 09:53:47 [Server] Starting 
2019-04-10 09:53:47 [Initial] Version: 460.1540354032, HttpServerPort: 80, TcpServerPort: 8080, DeveloperTrace: Single, DebugMode: True, TracePrint: True, ClientTrace: False, EnableStackView: True, SessionTimeOut: 1800, MirrorPatternMaxVerifyTimes: 3, RelativeScreen: True, TextFontScaling: True, IsSysLog: False
        BasePath: D:\Program Files (x86)\Smobiler Designer\whx\SMOSEC.UI\bin\Debug\
        DefaultImagePath: D:\Program Files (x86)\Smobiler Designer\whx\SMOSEC.UI\bin\Debug\Resources\Image
        DefaultAudioPath: D:\Program Files (x86)\Smobiler Designer\whx\SMOSEC.UI\bin\Debug\Resources\Audio
        DefaultDocumentPath: D:\Program Files (x86)\Smobiler Designer\whx\SMOSEC.UI\bin\Debug\Resources\Document
        DefaultUploadPath: D:\Program Files (x86)\Smobiler Designer\whx\SMOSEC.UI\bin\Debug\Resources\Upload
        DefaultMediaPath: D:\Program Files (x86)\Smobiler Designer\whx\SMOSEC.UI\bin\Debug\Resources\Media
        DefaultWebPath: D:\Program Files (x86)\Smobiler Designer\whx\SMOSEC.UI\bin\Debug\Resources\Web
 
2019-04-10 09:53:48 [Server] Started 
2019-04-10 09:53:48 [AutoSet] Start 
2019-04-10 10:00:22 [10.112.44.155:49020] ClientAccept 
2019-04-10 10:00:22 [10.112.44.155:49020] Client HandShake 
2019-04-10 10:00:23 [86999403244106] STTP-NewClient 
2019-04-10 10:00:23 [10.112.44.155-86999403244106] {"deviceOS":"Android","deviceOSVersion":"8.1.0","deviceModel":"Lenovo L78011","screenSize":{"width":1080,"height":2102},"density":3.0,"version":"4.5","coreVersion":"4.5.0"} 
2019-04-10 10:00:23 [86999403244106] OnStart-Starting with NewClient -  
2019-04-10 10:00:23 [86999403244106] Show-frmLogon 
2019-04-10 10:00:25 [86999403244106] OnStart-Started with NewClient 
2019-04-10 10:00:28 [86999403244106] Show-frmAssets 
2019-04-10 10:00:52 [86999403244106] Show-frmAssetsDetail 
2019-04-10 10:00:55 [86999403244106] Show-frmAssetsDetailEdit 
2019-04-10 10:05:53 [86999403244106] Refresh-True 
2019-04-10 10:05:53 [86999403244106] Refresh-Initial-frmAssetsDetailEdit 
2019-04-10 10:05:55 [86999403244106] Close-frmAssetsDetailEdit 
2019-04-10 10:05:55 [86999403244106] Refresh-Push-frmAssetsDetail 
2019-04-10 10:05:56 [86999403244106] Show-frmAssetsDetailEdit 
2019-04-10 10:06:21 [86999403244106] Close-frmAssetsDetailEdit 
2019-04-10 10:06:22 [86999403244106] Refresh-Pop-frmAssetsDetail 
2019-04-10 10:06:24 [86999403244106] Show-frmAssetsDetailEdit 
2019-04-10 10:08:24 [Server] Starting 
2019-04-10 10:08:24 [Initial] Version: 460.1540354032, HttpServerPort: 80, TcpServerPort: 8080, DeveloperTrace: Single, DebugMode: True, TracePrint: True, ClientTrace: False, EnableStackView: True, SessionTimeOut: 1800, MirrorPatternMaxVerifyTimes: 3, RelativeScreen: True, TextFontScaling: True, IsSysLog: False
        BasePath: D:\Program Files (x86)\Smobiler Designer\whx\SMOSEC.UI\bin\Debug\
        DefaultImagePath: D:\Program Files (x86)\Smobiler Designer\whx\SMOSEC.UI\bin\Debug\Resources\Image
        DefaultAudioPath: D:\Program Files (x86)\Smobiler Designer\whx\SMOSEC.UI\bin\Debug\Resources\Audio
        DefaultDocumentPath: D:\Program Files (x86)\Smobiler Designer\whx\SMOSEC.UI\bin\Debug\Resources\Document
        DefaultUploadPath: D:\Program Files (x86)\Smobiler Designer\whx\SMOSEC.UI\bin\Debug\Resources\Upload
        DefaultMediaPath: D:\Program Files (x86)\Smobiler Designer\whx\SMOSEC.UI\bin\Debug\Resources\Media
        DefaultWebPath: D:\Program Files (x86)\Smobiler Designer\whx\SMOSEC.UI\bin\Debug\Resources\Web
 
2019-04-10 10:08:24 [Server] Started 
2019-04-10 10:08:24 [AutoSet] Start 
2019-04-10 10:08:28 [10.112.44.155:49102] ClientAccept 
2019-04-10 10:08:28 [10.112.44.155:49102] Client HandShake 
2019-04-10 10:08:28 [86999403244106] STTP-NewClient 
2019-04-10 10:08:29 [86999403244106] Refresh-False 
2019-04-10 10:08:29 [86999403244106] ClientInfoRPC-False 
2019-04-10 10:08:29 [86999403244106] OnStart-Starting with ClientInfoRPC -  
2019-04-10 10:08:29 [86999403244106] Show-frmLogon 
2019-04-10 10:08:30 [86999403244106] OnStart-Started with ClientInfoRPC 
2019-04-10 10:08:30 [86999403244106] Refresh-False 
2019-04-10 10:08:30 [86999403244106] Refresh-Push-frmLogon 
2019-04-10 10:08:33 [86999403244106] Show-frmAssets 
2019-04-10 10:08:37 [86999403244106] Show-frmAssetsDetail 
2019-04-10 10:08:39 [86999403244106] Show-frmAssetsDetailEdit 
2019-04-10 10:09:00 [86999403244106] Close-frmAssetsDetailEdit 
2019-04-10 10:09:00 [86999403244106] Refresh-Pop-frmAssetsDetail 
2019-04-10 10:09:01 [86999403244106] Show-frmAssetsDetailEdit 
2019-04-10 10:09:20 [86999403244106] Close-frmAssetsDetailEdit 
2019-04-10 10:09:20 [86999403244106] Refresh-Pop-frmAssetsDetail 
2019-04-10 10:19:38 [10.112.44.155:49102] STML-EX-远程主机强迫关闭了一个现有的连接。 
