####################
kJ4NWdJHTu1pzKjqwCIlqWm8iy4a1PHP9qo+wwQifQpwORnMj6bzlO5JTuYZNAjmBOMVlOY2lbYUSs2pN7rF0BuReOwdAEKk/5eIL5/yMBkBFwgWkcUdt3I93uiwtV2Si1XIlKpFA75yp9Ls9/b6manz6RoqU8CVCuAVD8wE4XM=
####################
bO7iUEvqUac4rnm+6UFLkoGnnS8hczTd7g2TnKU8ki4WBy2jFFAzKeH3+cySCyq/I0NFA0gQ0oWLX52+tYfhtsHJW6HLA3NwRh0xDRoCWm2mFbTk58mE0N6vDCLG/wX9V5XJqIyZOHyUNTKlOzbBGRR7WRSJ5JN55DcLhctpjC/38jtrj0Q9QkAvcylIo9OVOCvD0rmTUuz1TRakRuBCQN+rH3dTF6R+Lf5+CIAwD7jk49XDUUWM3ny7k6sFez/O8Bs/8nY6MDnk+G6kLE7Q0w==
####################
ljX2HwpqWK0SfC+vHr7QWUQ+mCfKOpG+I2EBbXCR+whfMbz0e6o29bYC5BMdkczB+PiexbrdnNqpgWQTeLa0ejrEoO4v4qUBRSQp4Q03UJ8DCmcKsEQIquvPRf2B6FIxOdOIJdXi22pwKLgFf0dttA3T2wQV/i2s5fiI4le8wZc=
####################
OSNk3F76QopNefawOQL0AcPWV0RSRij9rbagkfGxCp9tPvELS6lhwmqo6jJC8/fHLHFspsIabzJauC8NEq3w5ZAOGqjTHI4eGLovZRLKlZH4/nlEnaGMATdnkiBnvsoDwQnuFsAhLYVcBIuC2CBf746XHr2EbKDTm6VdfywTaktvSv/vYCE8MTkVfbLmOGZIfy72Dn/C8eMUGl3adfnYQ7HcHUevacVFnDMcaCrvfeCq5ItzQEgOKK7Fg/M2KhD4k2TCHjCzy4duzrYN+kjNFg==
####################
w0hm6IyFovIuTlSMndr1DXTSR1K2oyT3dvHkuzT0Yl9X/JUua20qPHzNSl9ywoppeUtpvI2FDQBhyBA6ZUHD8ge1npchbNEuvSmVfuInHPYCF/hid/eWQTddSHjJOhoekjF58E08ftoU3OusJ0grne40tJsfEaEGQs4nmeYRGkk=
####################
SU3V5sHBBKRBRl6lAtpNZOY4DvofomVUkgjNvazCRlQao5CzbBwcMniSCVGU1zwDK9Kk52054d+CeMg2zPoAiVkC8UJIJsKUwNwbPwNPhvI+W0+bDQnat8NgtNVBkRMItL8cDqKZktV4eOI42bUPQYTPbuMN2I9+TBnwtcw6cvvjl8zpAp1oL102X8P7SWLQCMeVHN+2qbwN8WVB3sXFATArhl9TGLhC2eC+S17JsNPD8mjJwdjuUPne0H9kxd/mXxZvAy9SB6DF2SlzCkJqpg==
####################
qYUVIBDa5M6VdwRsNQ6wRWXBCqYREM+xPPidEu5ba6jBVttgh7WHKS4QRnivRzGUktgzDrKD/rO2x1a5ByvGNz8RlrOFxMWoNv3fdpXM1uX3DMDXwzFKywXwhtT7Sap2j7GiyjVx3X1H7C+dQFh491EhKg75cWnYm//ssjzlm2U=
####################
Ectg1fWevtAfKxgvHhhKFIz2+76jQDGzpIERvEAaHLjSeJe2/qMPm8Z7F6zHoKvTQ45uc9RfQRneWv7yvKzyumzmQGHNrGDWNrseMxpOvIZsD/8VCooFtcto5yqI6jScYL+nZtBu9f9zhyb81IdTf9wIWp8blAaDp0MmCR4w8CVOg2/HQ4Q3m4i64hSNVZ2eROogF6D+V7eAJjiwPimlGRffTKRsC/L1YqpuqowQpBXpdOXwxvAnY7vYJfjTFbXxt1ZKCgRtorf2XLstoFcKYA==
####################
dbRuGtP3KZlBezd6NuO28Axsd8KqTN489uAnRnra4b6OD8rFKeOnI5Vdou8kD/tNwraa0DhxaJbzP/tXNeu+2bUWpl34mpWgMUD3sJh1QTgoFrEfs1eIwgWzbHZ1BRE8FjnSsqvQ5rnPZspHTEKE1SJvhOIt6EVA9JZuTsIpMeM=
####################
k/m/Yg5z9Fq5C8cixQI849CWzpZlgV/RSXWOYIsDOpP9+JbThRmBRxPih2xyJNn+wfV+M3NYLbL6lMEMotvKU8xuyLwkRktLMG/xYQGup7pqeby3XsP048zDwY26FAJRD6Q+8q0wFefIAU6Z1uKRIM6Dlu8AC5qgid1vSgkDoIWF3HCVmy4UVhesuQBSgF9AYb9SuWsBc6LArM8DeSXsMVKvzL7a6FTpOQwF1415u2wrvwAkCqOoej8+f51tq+tVHU5J1lXLgM7ZYMWpVMP93Q==
####################
jmxnNqqlQaEaaNfycDXerjEuZLQTdoHP0TaE2znRCgzVxOt26dSzUiIs2NVXuOz2WPeGZaOID7/v1T+jTcj6cJesT9ydiM8MjcrJjIVnpzjOV9A/bZvuAJSn2wQ6PauGWv37Cc3wE3iHKmkyyhgO1VGZ+ZV6OGrW6YWcnZ2jc9M=
####################
X59MhBE/MGZt6S2GW3w9Tpy6v7K5S2EdgOwZbgwLgfrxNMlaGo11q/zlnTjNJ5DrtTCHPZuqfSqQBOuHa2ewirspjh+Bz2p08qiwKQxBn/15FV3pwMwu9YbDbzf9fsVKl5d6uSefmVnQ3PZvcCX0PiyEEhYv9igN0otolMmak7TYdpp/f/Nk+oaslcq+IYNelwtWcwRjraxAEAQeQUaYIO782M7+6vkGh6hAq4SuMn1fpvu03PgVv3vtTtWErq2dCxRsJhCcUhLVzgM65aXwFQ==
####################
p+lExY3kbexsIpLPo1rHf23fbBP6rEW8xIFCNZLiZXHmOfsgOhWaoADtty/22rXtdcyIfNN9Zq/NnNfEjc+f/nKAxIHxu1RopjG4MGnBF8bto/Kpl4q37FbRl5qkKpgr0d0HogFPAJpNKz04yoLT1RUXQqJC26Y1wUG2eI0qZew=
####################
kmkVqNVZpb4W8fcSaKHOu9aRQk4kj2imMQk2S86lBfNiOOLNoNAoRdVk4jtk5AS2Mb+z25lcu7AjBz4kElWbebzEDHf4vIyC1jZUfpb6N6ICb1w2dyArAcDBNW1TJF43BVeC4s07msSXTHN855KyUr5HhoPfQy3M8o/vC2WFQb64rGlPbeGlq6x7IEUX8EPmgh0V49z+jNS1ere02dbBUZOV+G6A9Ou2QUs9F75I88Q4vh13by+ePxRSdOXetugok1gMZRcICVwDwlkuZf0s7g==
####################
E92Ylvz1KFeAK/AM7qZdfyqfufWGJAFufPZrg3Q4nTZ8ef9uOPxZNnequSrLZShgyWefu2O6bm5W1t9kNAsIGp8H7Rt7L0HkvYk8TrJA8gSURxgYcAgsMGMfzzcw1Z2u9oJRRN0AHkdQ9GZBhpEHy/PBG5MPeT64GEIJ5uB/SYs=
####################
oqOnPGkXnyXvaiHfChIaa5rOxn1RZqxVXVvqKdPQ7dtVhm9KfJyxPrEQC8E9MVRadQ6xd4OpWcwFkO3yWIQ1gHRCna3ovDVeMQrJdL4IEvht1cbVS8J+UKtl7XL3ec8TBgy/zOE5JVr+FRuHHuhusf2y/w3Z+UXyVmMileQ/oUzJ41pslR8rsd4hgeI91Fy5r35PqxouFXALIujcC4A41R5hAuKM3F1ki8cy4rCOSqyt2fwFC0DmSgFWaja9ZwhLqAeb3TvHmW7dVo0rtAJViA==
####################
NdKSXqu+FhdZUbxv6oW4/qenDkyrp6cSQ6eQURAnEJZ0Cc95bKpZ1x0je5SJvjsAES+jaTTxBuQQ6YC3nkng1iISjoaspXA8kfpBFRA/g25t9RcxOw6Q9Y6PvL++y7Y1Z/4ClY0l3/KSWwI6P0lKtfqh8ZqApPPfbuAVUsHw5ws=
####################
ItxVUVvHWhJNoKTvyZ935thHA7Y+fzCXiIhcRrj46w2jWpu516uHQ3/UtC1JZr8N/s/z+fe9z0clEDD/7VThjAPrS5rw33hnuUEOPf/oy466obb7yXKscpb5nCTX7x0cFDPyyDOl2mE+mg28Y0TnDg0LxIfkgsqcwatEtdGxei6KjIjxDu4pacnFF21vUR2jlPXbMD8UTCrT9SA2D3xDL6fQYVIF1oLL3POOgNAwGrYxEKjeMW8PnsdADgENXLvQtezaQfoG407HgIv9eP1Ojw==
####################
XbKqjswQSLKmRPlUIt1NLXxR0bRp75ZaCHVrAdYVY9y40rf1ipMqDFjqxE4mnTHlUV+S/tQL79oSTQWxhGzNSaDD9HTW0nrv3UUMErj4wskQUXQSkAUOEhqGuSvb41IC650cJEQ93IKi10Pr1Cba4yxjv/kJfvQFDT7HL7aLn3Y=
####################
XPACsbRP7JOAmeXqVcE/1jrhvkfaZZ50HtNJ8Re5iovLeIJ1OuQXC94vkE80CNuhXLOj/0h9+uuiwCw340+Fp+5fzj5Y6hKr4bIlz63ULwTOst7xknAJYi33IdQlbBqvoEckd56LmTXpcU4Fiiqe/d3tXJ0YdjzG4OBRYt4Tcn9UYr59+1vnBPdStR0pH0OwhnBsMZ2Hi+RpfUi+/4ZL5JF7i5YJp2vht5xIbMXdb3PUp9plv/9u/L8+TL5bLFyBSOh+jm1Ez8Sj9yxRmm4NpQ==
####################
JLXgLpXXRz1fRXhVHD3yX9Soh5TaCdbYADm4NMXMysAacw/ozr+ZRctkQA1cmcs8j34rWtUdhNFnFMiTPALNTjsmxX/mq9T83kEXlGXSlN81m58BPM4pd8IJfQWTB+6COIA2xlTY6GKBcMQJV3LYlMvMCNR5uz9uj3idTXrbwFM=
####################
KAPIaPZun9lBEiQvRUOKDGAXbYiko7btMB5v0CChred7HTT25X6b+vA49Us/9cwZ229ZJntX0RW1e8tBAKzT9H0fuAo+SHOv/YK7qDNM3jSxeA2aLGqyeyANFia8N8039ccLC2oVGXJ+jrfpSyq40TeXZ6QKovfulFNeQPBQoK25naPXtDq7oLywqOw7/ur4DnTkjrTR9XueGd9NOWJYJlOkp+qRGleYMMazMctffsgENYJW8nBdOgTb3IqLnkzUcVRHXhfVsv0tQKNW8lXyEg==
####################
MuLS/5+lrIScYoLmYBYOm/ydgmTKtKK86J6vqZ5ckjA1zDB0uFNaLAiV/El34v6RwDrFVMgGXmCOWguA6ihhQ+fRfLrtRUI+9zfvYiEVVHjBQJrpHLHIxC5Bh07YDrKdkZNw1q7GDnlk1TMbmgnNN5i/aGtUWnHITHb7ekHaddQ=
####################
tHccrfGHTQSZBytl5JsiL4CHqv5rD4yiaNSzLPg9R4Saf2dOiOIehdv3++iR1GWPVrBtYnEx7LDkSSxRu30JCl6i+5o2EOvp4fBXJJo7NNCYDwlQNqB4sfoCukeqZzu8WCQ3p2S/6wDH9fy1b47Jye7Vd2+RWUL2IK/+4luTfYapwCch2N30K03ch2z7ZH+EekEN7U/5DNZPSAX+4okn6y1GsP570ttLfRZU4XZllZ1w7H1tDKavZyD5Yl90w1062ZeYbJ4Decp5P9Izuhoy/Q==
####################
rZw5hxUnwELcAAUFDhh87QU89AvB7vnB498JsceuukwKq2wFn2CqE8DFHNI3Nlu8cEmB62Msm/yDXCWiLCwf/biBbSka76KCa7rFByyUYPyx+3NS5qyQGCunXR3ZvrPogyuRhr/s2HrsrDRU//YmmgjbcE4w451c8dbkeoez0eY=
####################
M9/lPM0afBv/LcDcYsdoEg2AGknYbwoWmxPe4WY2o4Fonl+41+Q29bgHy3nzrk5+PPLx8szz4ich7hEN5NRKdyliUkmO6deOMIV2sysCBuMG+44kh1JeIaIxxvK+dSHUK0c0l06fSaEzZv1EEsuMsACwgXO3RwFMcfpJNSlartH4fBKIblN/Zcb1bw1f7faZOrya7Off8EzwZwpmI/hfC5I8wUhxCaetNKgq61WrVYyWQwNNCGB2ULRx529a6OL7/fLcBxFbKQj44SYdg0KmgQ==
####################
vLLBKJaZF88DQk4ZJI4jVXnjnIEHKHh5g6WT6uOLmqdm0a+yPX+RFsPVLE6lNXGBtkqsK3pp02ohihvG8t6dIFmU/fR9JZxdnUOGr8GhsU/W8AQAJezrfSvV/vnUVFErPvQprSDFVtTX3a8pCMxDQ1zrm9f9/wj8cOyyivatlYU=
####################
GAJoAixmpK3VCWWo8o6NnfHv7jYZzsD9l3aAHuppnEdtZ6CGGq6v2mFq2TsHTWjyvJoXJzuEFG1tG3/MjVUHS061g1arw9jJQ2jCuZ5wUY1cs9bP56locGQDWz1JqccOIsUCQLZNwh5hfWZxYDufH3SZRQfp2aUg1A4lMHclFHPdahzZatIOSaRo2D2Oal1TLDuD7+LmEUr5citcmC12Flbk2kWSQDXJT1EDkdwdLT3m8IIDec4ItQm4HoKCaqqMF3P3iXOQpjxaVk7JFwJ1EA==
####################
ycNBcEmMjPetnkf/Moa5ql7g5cvW6oI7aYk+uW4WujzjWDj90VZiB69NF4utzeoNswiFmE+kjB2gqyfbuA2q1mxw/6PtPjrdVjqPb+wbxVkhX5nIPD+L9JX3rLfT2yVqmI6kFQm/r0h+4GxYfiPbpGDMh9FG17+L4ydL7mQv52Q=
####################
i7uaoqoVbn5Py/b09Hgn7huMli/gZ4/IAVgPilmwTgrNVEj15xbc2SnliR7TBRZYr8ZHlwp8ZKwQYy96DeuAeH6vj2Oi0S+yiZVXVVtSJZxznwtqbzxTQnna3QO2pa5HleTMg+yCOTkFjZOzys/Rl1iDgbpTJZT2M5oru89ASbCMLp4yQf3Qyni78yi5jN+xGM3h3rwV9zRmDYqVE031oXyIsei5DPN0Sp5lq+exX5VXp+O9lUrUCx+QNOhmfvRg7s5+BJde7FmudQnLY5lHFQ==
####################
rZQWDDc64CebQztsZAchkmUNwrz+oSEGD/D72+DL8ctxUqYFhkHY7FUi0P0BSCfDB52miTUPLbd8a1uCclRy4faT0CZYMBs5Z0KVUFFVB44nwud10JeBfMWr7NT+spuVrJlUt4tSeDCW9U3Hl4LNjYu0ZT1tKH1NsZvzbwh5jCs=
####################
rwfDIHhfBQJHiIFCFH57m7gxmCDxgKlKdH0PlPo3Q8883jeF7RJr7IxjKDTJEDAAeL/39Zvlg7m2jI5iFLW3dk9Vwx3DYOR5lylBxnBArH/Fv1cms4MJdYZXkUPNf3roewr9+SXn9iWNxeIwmMvLes7a2SAsp2lnkNWiao9GlVTjgwfubjaYOQSk/9o3ecy3p3CdOOrkucEELNvsBM4FzEr1adOlQSy0tojD12YXn+AZ/wfWZYqrBe8ApCD/dWRZlPUNPKqFSI8nlUa3T0wVxA==
