####################
PKZKdQ+Bq84VjjSMNGICcOUfaVmZKXD/96Nk4bEaF8u11jFU3QpCLAGfGeK0paStKekeDE07GgShxRrpYcNAOGO3AtJV/uWu1HcWjiyRpzj8meR9v09P9jNWGCAHmN2uJTa04lzm7d9tE/quAK5yl4cSU3hJWiub0UXEswA30pg=
####################
nW2TlT/JNutndpA4SUUIzLM4kUrz+hwr/dMJsuwkRhblylzNR5vXQ78Ic8uimsTVOt/5oZgn82Y4BHCf9TX4AbxS5Zc0zmb7PhrB7XXFhpMiBp5JsVNEq3tmHKIzoW3OpBPsDTd7yE/hPdoiuyBO/fj4dhyDhwYU1rd3qG/q7AcJGzW8hVKdoSWgwNi+FUDCMlhd2bEJ9u8JOj/2cuazxsot24dV+9YZPAKwNrBmGiHBFb5WiH7HNBExS6IfXzj2XiBGX9BC5GjbVtxFLSHQPQ==
####################
wBxv5lPytR2BLF0cg10GWe1A282tLjfMz/Xt//K93l6r2qTjtA32G3hrwkOUi8RUrV/3HzofMam1nuRwwr9154AMkhyXje7OPxfBpU2F31GVTA06axWSVQ6hNCT7haE9aArwPejJ3c/PuyZYzgDOM8+FWvyaWGZEG7eHUPu7tTY=
####################
yiDidyFkgAMQEvfgIuXQKWSB0Ksvujvxi1A8DA/TYuRAm6vphgkOzSeyNIK405fmR6QKIVq0OOFX6sUY3Aq6tKIpqQCLkDkC3nKIRvLcI+CZR0n1oMBmo0r+J0jZJjzvrYyR1qHEFHLKQox27jI7qZmleYbaNYWSmfHqqrBeGwoJXX5oviG/zOwvDladNl7kipAM3IjrP8NOw7329z1/ZxML2adRVA4wHUJiqAEPhZ1OcAv/P7vL4N8Cy5AhL+kz2sTLR28v3hBqpGC9kD24fw==
####################
fpLcC4lA/GaQISrKn6UFi63xjb7b6Nzu7+zsUko5LhaegXcjpwJetlZ7czD8YSjBBL4Ue3xfMBToWJV+7kirCpyKx0ZM7qTygXJKKEHZDbyKxpubJYYBPcapSU9JJqyOGOCKFc9qyDn9mgRnWUAOii/3PjTRTNJJkaTvH96smWY=
####################
SiKl/MWT16LMl0LuF34AIYVhBvQFIvze0rE11e1UxHUq5MqcKX3/SE5bttgz2vNygABxpI4cxiswQSlGc6cy1nUir40lUVMuXsXEH23lDYGi8MqrEp/pmVZYedD29Xnf3fRro2WJWpJPl1bm+tjFPFu2dX5ejL8eIIqKWuawz8ofzLpEivA4WR5cGZj7jB4j8P+zCNrHepzB3jp9ztu6Nqi1eF4vXKBX6veGTaoPuHK16X4EFYhKaCmjo/toOCf2wBcLmpTnTr8hOUnER/9kmw==
####################
DQZC0IGfJ0cuFTUT6zliib9ptIvDpdGi/HDSBoDqbCM/CR1ofIgpSJtfwbzIz8j+GSq+/+N82TY2O3/UsJIwaRFdyZcYPJm/PoM5SCOH4oYhGOaWgjq5iroaxcYPAMYBwAFRbFAsnHOLK0wSkULTjpT4OIo++ZLYc2I6mhXW88M=
####################
YF7Jfdr3gKpnZzV/InJOeeFnZE3yWL7KEJ1qwgxbaOJnCuBsZ/GTNUoBXwqLj/HLjrQjlhQZkDtk0tbmS1bxvLkUu10nqoWHggHbN5SuqRQXqKAwzIsJ1qK5wEQMH+Zqid2sDn7wyseRocZ0YF/6ver05W4PzpF7WTYpLfYeIbshI6Z+Cq/LYGpfr29X4ufyRSM1PRON9tWGTqV5Y1tsG7q+L0Mq9be3TTloFPnahxcRC4L+6x6pdC88EhyNgWREcyBgDuCxKPc8HdTea6l5IA==
####################
prdUKAx8O9ma8kcBNW9jA354yHvdx95vvP1PzfFs0MmWX8b49s5ByaAgOwMHOXB4XvyIZ8rgK5UhjWx9eG1ZOyIeFIVxhtNV10frfWUCwOl6VXg0lC+TG9oZgxNlcd+HVL5T2jGJTM5lxUbkJdntZyPAHVYUXXkqwNEdo4MlE3A=
####################
n+hKZ4KzUjU9YsV630FDzPsHJO3RDKiQ6O3OEF1sC4fftRw5WtYjRCkivGLlvgnEP68S1I4YH21TW3w7cDKTCkM8JhUci6cvUyhh+Zan92BmrVa6mcjOt5sTFU0+XyotP/Lp9MpeeNyUagaDZDYfqb9bmDRe/pVDT4XZFhrRlcd9EZTHyTpO9gXaZ1blcpUFGWn0f4fYW52AAiUGBI7PAQMpK7eFme2MKHYZQy4PCYp9084nIs5s0xwGSvNn+5be2MADBYbwFs8+R++leQXFJg==
####################
klR9eMtZ6HTXipp85E9Oy0X/i2Lwbe3LkMQ9o93WHHFV23lDi5K8SvoPY9IU7DH9bUhmsyvaVj+Q++pI3gXH1YnMinRrLqI85TIjO9jZgQ+Cwfaj36iCZJxkakOKIap4mEh+b4/PIBklQSeJRdZ19KJJNTGnZK7BZ4vP57QaUTU=
####################
c8LVWBVQZ69e0SCyA2mxRzl61DTyplooR2AQBythFNbQTHszitvibC9pqk0gDE8Pwkp3oYBkoglT7EweIQVeI7rwTYgezK4x79d0i8gC4VYnTefncPCTigMB5jOw58fbjnQgTzKO3rcKbC6/6bOzBRIH4svTj7xsb/WTPKHn0Pv2vSnBxCK8WIw6bh5RNCOFDBs1dc5UHlR1tLglr1kZkmtetahU8XKR1w1zX7nYaYikkWIcw5Mk+PuCMOr21MjvdN1e26fmQXecMWTyvaqwgA==
####################
Xngxekf60tKmLtZnY1hmlhBVvM1c7Oq0bZhfotv/5a7qv2VeqHpUmL3ql8DgiTp+RduLBcz+cRorCy0JEVIqOW/XwxzCFZyPK1Itj7s5TTQZkFS09YHxyvnHT12ZJuurnCqOL4hctolgFPuE+r4TbM5+Bm9ksAiazncZSKpC1To=
####################
4Es7TxlW3kLTmPfwE4bVeOYhpY+4z4ivnvDH35XxZDLxjtOHvKlRWyyrqLTcDRuYh9jMCjd1xR8k2pXExBtiEfad64JIUqUvzNeRjrccbNGs3gfUfrmezvm2sLbg0C8gmEWlcDdzi/l3orHcHMZeXgg86KRqbsEkJyO7kd9/b1xfDQhIYm7CxxVXRtWU8jekmGh0FRIKfkVCJkqmX0TueRJwvg7jqtpbwM8HTH3qzOetGqUggZKIFpzKsZWYCMktfKq8z8V3HNIjqGBp8AE/Mg==
####################
cDzJG9jeT/NoSYWd1lUNwv/GR47bzmQqjN95021I8I55MPUOHHsuuIAqpwE4+l8D2sST1GUIM5rKKY/7vepHUOFtlL3C+9V2yQGMmFDylLo+OkmS0erXvyHAEveo53eobnUNcZ6R4IzEIt9/9MwZH0YIkJI+zNRiqzVKy/maJas=
####################
EnR3dAzXL8VaTjlamNVNA9Sg+U6eUQxMiuHXVQYMIPT+LoUtKQL0fXSJT21ENHepcHqn2VTqqU+3jcC+nt8np7T2EqZF42gOw59jfSS4ZzbEuzdxWPRkP7DKArrSXYoIq6aFWCcBSjZMsn7biNMXZff+8HRjG7Bb6wdkN74hp0iuv2mmp2m0TJhC9OPTQoDk20lTXD3jFc84aKt/SXQ5+O4zqsh3UbastdLYMKir4XZyyeQz8URtOSo4hMc/1N8RoPvqsoR5ovA5gIa/t9haxA==
####################
x699Z9BaIbkIjnsXheK4fVLCHSuvE/dK3v1Ocm0eFwXZBxK8P4Bn6N91LkIOJ55BPBZesFSgX9HmiApKZ8mr6botinEEpjWw1a/ztWUySid1xSC0z773NWSMmHdR4QC5j1A9GUAQGb8rtJPKIlRwHcIo+3WOWclIthlidd7RYlY=
####################
LHCAe3SEbMrxBa2X6nlGPH+VB3iL3qTYtCoizhD7etWrVMbfRRIXzUhjF8rG4G5LBLRPit4OJOp6B1SBKChbr+FffdY4Y5lt0nIoNO7BoVsaZMHwQD6+IVSmJrb7kn5aL68U9GRBHap/vBTZ1on9TZJpcTVnsRA17dudSOvx6XrIQcrVFrESPBjnbV4Q8mKKBsYz9WHCcNxlg8ZU/Hf+sez8pGDjrQgv/4dbB0RL+anl0Hxmdu6k+cjldnDrUQxC7GekUmB5SMNDDuBPvuHOzw==
####################
g2F16r5uleKNipZRUjY73UMP9sC/5F0tul4jLfBMyc7FekQF3xMZfMqIHaPVY6J7KJVdFOP0SMpLz5fjJ8eSNGcTAsR2qSo9vWIz9TrANBz1E3/F0sfCpiDaFrVeVTGe3yLfBDJhuP3/w3Z4h+Rxkng2yCRwEWzZoSQNSpRoiig=
####################
9/3AeQWHgOTBQQi8tIjoRC5vH1bEeKRASvWbp203JSYRBDDw36ZtX6KXuw4YNr+dArnpU5VM6laki5Y1wLcnBvvyohUAbcHptwzT40D2EuW4VBB+lBZYL1JzR+W082DPAXonYVzX6JeCm4v92C5xjNYzdgh9tR/MW5RJLdl7DVJv43EBXrVXM0GfWu4EBXNdmbAaPA2jwVw5jgSGHgpkqwPR5gWR+DXARLuqMlL+T2OHH6hYkTD2RxARDWoVtFEj6Ncz+WmMh4rV6nlMM5FbVQ==
