2019-01-17 09:33:53 [10.112.44.155:46613] ClientAccept 
2019-01-17 09:33:53 [10.112.44.155:46613] Client HandShake 
2019-01-17 09:33:53 [86999403244106] STTP-NewClient 
2019-01-17 09:33:53 [10.112.44.155-86999403244106] {"deviceOS":"Android","deviceOSVersion":"8.1.0","deviceModel":"Lenovo L78011","screenSize":{"width":1080,"height":2102},"density":3.0,"version":"4.5","coreVersion":"4.5.0"} 
2019-01-17 09:33:53 [86999403244106] OnStart-Starting with NewClient -  
2019-01-17 09:33:53 [86999403244106] Show-frmLogon 
2019-01-17 09:33:53 [86999403244106] OnStart-Started with NewClient 
2019-01-17 09:33:55 [86999403244106] Show-frmAssets 
2019-01-17 09:34:04 [86999403244106] Show-frmAssetsDetail 
2019-01-17 09:34:06 [86999403244106] Close-frmAssetsDetail 
2019-01-17 09:34:07 [86999403244106] Refresh-Pop-frmAssets 
2019-01-17 09:34:13 [86999403244106] Show-frmAssetsDetail 
2019-01-17 09:34:17 [86999403244106] Show-frmAssetsDetailEdit 
2019-01-17 09:38:10 [Server] Starting 
2019-01-17 09:38:11 [Initial] Version: 460.1540354032, HttpServerPort: 2324, TcpServerPort: 2323, DeveloperTrace: Single, DebugMode: True, TracePrint: True, ClientTrace: False, EnableStackView: True, SessionTimeOut: 1800, MirrorPatternMaxVerifyTimes: 3, RelativeScreen: True, TextFontScaling: True, IsSysLog: False
        BasePath: D:\Program Files (x86)\Smobiler Designer\whx\SMOSEC.UI\bin\Debug\
        DefaultImagePath: D:\Program Files (x86)\Smobiler Designer\whx\SMOSEC.UI\bin\Debug\Resources\Image
        DefaultAudioPath: D:\Program Files (x86)\Smobiler Designer\whx\SMOSEC.UI\bin\Debug\Resources\Audio
        DefaultDocumentPath: D:\Program Files (x86)\Smobiler Designer\whx\SMOSEC.UI\bin\Debug\Resources\Document
        DefaultUploadPath: D:\Program Files (x86)\Smobiler Designer\whx\SMOSEC.UI\bin\Debug\Resources\Upload
        DefaultMediaPath: D:\Program Files (x86)\Smobiler Designer\whx\SMOSEC.UI\bin\Debug\Resources\Media
        DefaultWebPath: D:\Program Files (x86)\Smobiler Designer\whx\SMOSEC.UI\bin\Debug\Resources\Web
 
2019-01-17 09:38:11 [Server] Started 
2019-01-17 09:38:11 [AutoSet] Start 
2019-01-17 09:38:32 [10.112.44.155:46671] ClientAccept 
2019-01-17 09:38:32 [10.112.44.155:46671] Client HandShake 
2019-01-17 09:38:32 [86999403244106] STTP-NewClient 
2019-01-17 09:38:33 [86999403244106] Refresh-True 
2019-01-17 09:38:33 [86999403244106] ClientInfoRPC-False 
2019-01-17 09:38:33 [86999403244106] OnStart-Starting with ClientInfoRPC -  
2019-01-17 09:38:34 [86999403244106] Show-frmLogon 
2019-01-17 09:38:35 [86999403244106] OnStart-Started with ClientInfoRPC 
2019-01-17 09:38:41 [86999403244106] Show-frmAssets 
2019-01-17 09:39:13 [86999403244106] Show-frmAssetsDetail 
2019-01-17 09:39:15 [86999403244106] Show-frmAssetsDetailEdit 
2019-01-17 09:39:31 [86999403244106] Close-frmAssetsDetailEdit 
2019-01-17 09:39:31 [86999403244106] Refresh-Pop-frmAssetsDetail 
2019-01-17 09:39:32 [86999403244106] Close-frmAssetsDetail 
2019-01-17 09:39:33 [86999403244106] Refresh-Pop-frmAssets 
2019-01-17 09:39:33 [86999403244106] Refresh-False 
2019-01-17 09:39:33 [86999403244106] Refresh-Push-frmAssets 
2019-01-17 09:39:36 [86999403244106] Show-frmAssetsCreate 
2019-01-17 09:39:39 [86999403244106] Close-frmAssetsCreate 
2019-01-17 09:39:39 [86999403244106] Refresh-Pop-frmAssets 
2019-01-17 09:41:41 [Server] Starting 
2019-01-17 09:41:41 [Initial] Version: 460.1540354032, HttpServerPort: 2324, TcpServerPort: 2323, DeveloperTrace: Single, DebugMode: True, TracePrint: True, ClientTrace: False, EnableStackView: True, SessionTimeOut: 1800, MirrorPatternMaxVerifyTimes: 3, RelativeScreen: True, TextFontScaling: True, IsSysLog: False
        BasePath: D:\Program Files (x86)\Smobiler Designer\whx\SMOSEC.UI\bin\Debug\
        DefaultImagePath: D:\Program Files (x86)\Smobiler Designer\whx\SMOSEC.UI\bin\Debug\Resources\Image
        DefaultAudioPath: D:\Program Files (x86)\Smobiler Designer\whx\SMOSEC.UI\bin\Debug\Resources\Audio
        DefaultDocumentPath: D:\Program Files (x86)\Smobiler Designer\whx\SMOSEC.UI\bin\Debug\Resources\Document
        DefaultUploadPath: D:\Program Files (x86)\Smobiler Designer\whx\SMOSEC.UI\bin\Debug\Resources\Upload
        DefaultMediaPath: D:\Program Files (x86)\Smobiler Designer\whx\SMOSEC.UI\bin\Debug\Resources\Media
        DefaultWebPath: D:\Program Files (x86)\Smobiler Designer\whx\SMOSEC.UI\bin\Debug\Resources\Web
 
2019-01-17 09:41:41 [Server] Started 
2019-01-17 09:41:41 [AutoSet] Start 
2019-01-17 09:42:00 [10.112.44.155:46703] ClientAccept 
2019-01-17 09:42:00 [10.112.44.155:46703] Client HandShake 
2019-01-17 09:42:00 [86999403244106] STTP-NewClient 
2019-01-17 09:42:00 [10.112.44.155-86999403244106] {"deviceOS":"Android","deviceOSVersion":"8.1.0","deviceModel":"Lenovo L78011","screenSize":{"width":1080,"height":2102},"density":3.0,"version":"4.5","coreVersion":"4.5.0"} 
2019-01-17 09:42:00 [86999403244106] OnStart-Starting with NewClient -  
2019-01-17 09:42:00 [86999403244106] Show-frmLogon 
2019-01-17 09:42:02 [86999403244106] OnStart-Started with NewClient 
2019-01-17 09:42:05 [86999403244106] Show-frmAssets 
2019-01-17 09:42:14 [86999403244106] Show-frmAssetsDetail 
2019-01-17 09:42:15 [86999403244106] Show-frmAssetsDetailEdit 
2019-01-17 09:43:23 [Server] Starting 
2019-01-17 09:43:23 [Initial] Version: 460.1540354032, HttpServerPort: 2324, TcpServerPort: 2323, DeveloperTrace: Single, DebugMode: True, TracePrint: True, ClientTrace: False, EnableStackView: True, SessionTimeOut: 1800, MirrorPatternMaxVerifyTimes: 3, RelativeScreen: True, TextFontScaling: True, IsSysLog: False
        BasePath: D:\Program Files (x86)\Smobiler Designer\whx\SMOSEC.UI\bin\Debug\
        DefaultImagePath: D:\Program Files (x86)\Smobiler Designer\whx\SMOSEC.UI\bin\Debug\Resources\Image
        DefaultAudioPath: D:\Program Files (x86)\Smobiler Designer\whx\SMOSEC.UI\bin\Debug\Resources\Audio
        DefaultDocumentPath: D:\Program Files (x86)\Smobiler Designer\whx\SMOSEC.UI\bin\Debug\Resources\Document
        DefaultUploadPath: D:\Program Files (x86)\Smobiler Designer\whx\SMOSEC.UI\bin\Debug\Resources\Upload
        DefaultMediaPath: D:\Program Files (x86)\Smobiler Designer\whx\SMOSEC.UI\bin\Debug\Resources\Media
        DefaultWebPath: D:\Program Files (x86)\Smobiler Designer\whx\SMOSEC.UI\bin\Debug\Resources\Web
 
2019-01-17 09:43:23 [Server] Started 
2019-01-17 09:43:23 [AutoSet] Start 
2019-01-17 09:43:33 [10.112.44.155:46737] ClientAccept 
2019-01-17 09:43:33 [10.112.44.155:46737] Client HandShake 
2019-01-17 09:43:33 [86999403244106] STTP-NewClient 
2019-01-17 09:43:33 [10.112.44.155-86999403244106] {"deviceOS":"Android","deviceOSVersion":"8.1.0","deviceModel":"Lenovo L78011","screenSize":{"width":1080,"height":2102},"density":3.0,"version":"4.5","coreVersion":"4.5.0"} 
2019-01-17 09:43:33 [86999403244106] OnStart-Starting with NewClient -  
2019-01-17 09:43:34 [86999403244106] Show-frmLogon 
2019-01-17 09:43:35 [86999403244106] OnStart-Started with NewClient 
2019-01-17 09:43:35 [86999403244106] Refresh-True 
2019-01-17 09:43:35 [86999403244106] Refresh-Initial-frmLogon 
2019-01-17 09:43:38 [86999403244106] Show-frmAssets 
2019-01-17 09:43:45 [86999403244106] Show-frmAssetsDetail 
2019-01-17 09:43:46 [86999403244106] Show-frmAssetsDetailEdit 
2019-01-17 09:45:07 [Server] Starting 
2019-01-17 09:45:07 [Initial] Version: 460.1540354032, HttpServerPort: 2324, TcpServerPort: 2323, DeveloperTrace: Single, DebugMode: True, TracePrint: True, ClientTrace: False, EnableStackView: True, SessionTimeOut: 1800, MirrorPatternMaxVerifyTimes: 3, RelativeScreen: True, TextFontScaling: True, IsSysLog: False
        BasePath: D:\Program Files (x86)\Smobiler Designer\whx\SMOSEC.UI\bin\Debug\
        DefaultImagePath: D:\Program Files (x86)\Smobiler Designer\whx\SMOSEC.UI\bin\Debug\Resources\Image
        DefaultAudioPath: D:\Program Files (x86)\Smobiler Designer\whx\SMOSEC.UI\bin\Debug\Resources\Audio
        DefaultDocumentPath: D:\Program Files (x86)\Smobiler Designer\whx\SMOSEC.UI\bin\Debug\Resources\Document
        DefaultUploadPath: D:\Program Files (x86)\Smobiler Designer\whx\SMOSEC.UI\bin\Debug\Resources\Upload
        DefaultMediaPath: D:\Program Files (x86)\Smobiler Designer\whx\SMOSEC.UI\bin\Debug\Resources\Media
        DefaultWebPath: D:\Program Files (x86)\Smobiler Designer\whx\SMOSEC.UI\bin\Debug\Resources\Web
 
2019-01-17 09:45:07 [Server] Started 
2019-01-17 09:45:07 [AutoSet] Start 
2019-01-17 09:47:04 [10.112.44.155:46775] ClientAccept 
2019-01-17 09:47:04 [10.112.44.155:46775] Client HandShake 
2019-01-17 09:47:04 [86999403244106] STTP-NewClient 
2019-01-17 09:47:04 [10.112.44.155-86999403244106] {"deviceOS":"Android","deviceOSVersion":"8.1.0","deviceModel":"Lenovo L78011","screenSize":{"width":1080,"height":2102},"density":3.0,"version":"4.5","coreVersion":"4.5.0"} 
2019-01-17 09:47:04 [86999403244106] OnStart-Starting with NewClient -  
2019-01-17 09:47:04 [86999403244106] Show-frmLogon 
2019-01-17 09:47:06 [86999403244106] OnStart-Started with NewClient 
2019-01-17 09:47:08 [86999403244106] Show-frmAssets 
2019-01-17 09:47:15 [86999403244106] Show-frmAssetsDetail 
2019-01-17 09:47:16 [86999403244106] Show-frmAssetsDetailEdit 
2019-01-17 09:47:44 [Server] Starting 
2019-01-17 09:47:44 [Initial] Version: 460.1540354032, HttpServerPort: 2324, TcpServerPort: 2323, DeveloperTrace: Single, DebugMode: True, TracePrint: True, ClientTrace: False, EnableStackView: True, SessionTimeOut: 1800, MirrorPatternMaxVerifyTimes: 3, RelativeScreen: True, TextFontScaling: True, IsSysLog: False
        BasePath: D:\Program Files (x86)\Smobiler Designer\whx\SMOSEC.UI\bin\Debug\
        DefaultImagePath: D:\Program Files (x86)\Smobiler Designer\whx\SMOSEC.UI\bin\Debug\Resources\Image
        DefaultAudioPath: D:\Program Files (x86)\Smobiler Designer\whx\SMOSEC.UI\bin\Debug\Resources\Audio
        DefaultDocumentPath: D:\Program Files (x86)\Smobiler Designer\whx\SMOSEC.UI\bin\Debug\Resources\Document
        DefaultUploadPath: D:\Program Files (x86)\Smobiler Designer\whx\SMOSEC.UI\bin\Debug\Resources\Upload
        DefaultMediaPath: D:\Program Files (x86)\Smobiler Designer\whx\SMOSEC.UI\bin\Debug\Resources\Media
        DefaultWebPath: D:\Program Files (x86)\Smobiler Designer\whx\SMOSEC.UI\bin\Debug\Resources\Web
 
2019-01-17 09:47:44 [Server] Started 
2019-01-17 09:47:45 [AutoSet] Start 
2019-01-17 09:47:46 [10.112.44.155:46799] ClientAccept 
2019-01-17 09:47:46 [10.112.44.155:46799] Client HandShake 
2019-01-17 09:47:46 [86999403244106] STTP-NewClient 
2019-01-17 09:47:46 [10.112.44.155-86999403244106] {"deviceOS":"Android","deviceOSVersion":"8.1.0","deviceModel":"Lenovo L78011","screenSize":{"width":1080,"height":2102},"density":3.0,"version":"4.5","coreVersion":"4.5.0"} 
2019-01-17 09:47:46 [86999403244106] OnStart-Starting with NewClient -  
2019-01-17 09:47:47 [86999403244106] Show-frmLogon 
2019-01-17 09:47:48 [86999403244106] OnStart-Started with NewClient 
2019-01-17 09:47:50 [86999403244106] Show-frmAssets 
2019-01-17 09:47:58 [86999403244106] Show-frmAssetsDetail 
2019-01-17 09:47:59 [86999403244106] Show-frmAssetsDetailEdit 
2019-01-17 09:48:32 [Server] Starting 
2019-01-17 09:48:32 [Initial] Version: 460.1540354032, HttpServerPort: 2324, TcpServerPort: 2323, DeveloperTrace: Single, DebugMode: True, TracePrint: True, ClientTrace: False, EnableStackView: True, SessionTimeOut: 1800, MirrorPatternMaxVerifyTimes: 3, RelativeScreen: True, TextFontScaling: True, IsSysLog: False
        BasePath: D:\Program Files (x86)\Smobiler Designer\whx\SMOSEC.UI\bin\Debug\
        DefaultImagePath: D:\Program Files (x86)\Smobiler Designer\whx\SMOSEC.UI\bin\Debug\Resources\Image
        DefaultAudioPath: D:\Program Files (x86)\Smobiler Designer\whx\SMOSEC.UI\bin\Debug\Resources\Audio
        DefaultDocumentPath: D:\Program Files (x86)\Smobiler Designer\whx\SMOSEC.UI\bin\Debug\Resources\Document
        DefaultUploadPath: D:\Program Files (x86)\Smobiler Designer\whx\SMOSEC.UI\bin\Debug\Resources\Upload
        DefaultMediaPath: D:\Program Files (x86)\Smobiler Designer\whx\SMOSEC.UI\bin\Debug\Resources\Media
        DefaultWebPath: D:\Program Files (x86)\Smobiler Designer\whx\SMOSEC.UI\bin\Debug\Resources\Web
 
2019-01-17 09:48:32 [Server] Started 
2019-01-17 09:48:33 [AutoSet] Start 
2019-01-17 09:48:35 [10.112.44.155:46829] ClientAccept 
2019-01-17 09:48:35 [10.112.44.155:46829] Client HandShake 
2019-01-17 09:48:35 [86999403244106] STTP-NewClient 
2019-01-17 09:48:35 [10.112.44.155-86999403244106] {"deviceOS":"Android","deviceOSVersion":"8.1.0","deviceModel":"Lenovo L78011","screenSize":{"width":1080,"height":2102},"density":3.0,"version":"4.5","coreVersion":"4.5.0"} 
2019-01-17 09:48:35 [86999403244106] OnStart-Starting with NewClient -  
2019-01-17 09:48:36 [86999403244106] Show-frmLogon 
2019-01-17 09:48:37 [86999403244106] OnStart-Started with NewClient 
2019-01-17 09:48:37 [86999403244106] Refresh-True 
2019-01-17 09:48:37 [86999403244106] Refresh-Initial-frmLogon 
2019-01-17 09:48:39 [86999403244106] Show-frmAssets 
2019-01-17 09:48:47 [86999403244106] Show-frmAssetsDetail 
2019-01-17 09:48:49 [86999403244106] Show-frmAssetsDetailEdit 
2019-01-17 09:50:52 [Server] Starting 
2019-01-17 09:50:52 [Initial] Version: 460.1540354032, HttpServerPort: 2324, TcpServerPort: 2323, DeveloperTrace: Single, DebugMode: True, TracePrint: True, ClientTrace: False, EnableStackView: True, SessionTimeOut: 1800, MirrorPatternMaxVerifyTimes: 3, RelativeScreen: True, TextFontScaling: True, IsSysLog: False
        BasePath: D:\Program Files (x86)\Smobiler Designer\whx\SMOSEC.UI\bin\Debug\
        DefaultImagePath: D:\Program Files (x86)\Smobiler Designer\whx\SMOSEC.UI\bin\Debug\Resources\Image
        DefaultAudioPath: D:\Program Files (x86)\Smobiler Designer\whx\SMOSEC.UI\bin\Debug\Resources\Audio
        DefaultDocumentPath: D:\Program Files (x86)\Smobiler Designer\whx\SMOSEC.UI\bin\Debug\Resources\Document
        DefaultUploadPath: D:\Program Files (x86)\Smobiler Designer\whx\SMOSEC.UI\bin\Debug\Resources\Upload
        DefaultMediaPath: D:\Program Files (x86)\Smobiler Designer\whx\SMOSEC.UI\bin\Debug\Resources\Media
        DefaultWebPath: D:\Program Files (x86)\Smobiler Designer\whx\SMOSEC.UI\bin\Debug\Resources\Web
 
2019-01-17 09:50:52 [Server] Started 
2019-01-17 09:50:52 [AutoSet] Start 
2019-01-17 09:50:56 [10.112.44.155:46855] ClientAccept 
2019-01-17 09:50:56 [10.112.44.155:46855] Client HandShake 
2019-01-17 09:50:56 [86999403244106] STTP-NewClient 
2019-01-17 09:50:57 [10.112.44.155-86999403244106] {"deviceOS":"Android","deviceOSVersion":"8.1.0","deviceModel":"Lenovo L78011","screenSize":{"width":1080,"height":2102},"density":3.0,"version":"4.5","coreVersion":"4.5.0"} 
2019-01-17 09:50:57 [86999403244106] OnStart-Starting with NewClient -  
2019-01-17 09:50:57 [86999403244106] Show-frmLogon 
2019-01-17 09:50:58 [86999403244106] OnStart-Started with NewClient 
2019-01-17 09:51:01 [86999403244106] Show-frmAssets 
2019-01-17 09:51:06 [86999403244106] Show-frmAssetsDetail 
2019-01-17 09:51:08 [86999403244106] Show-frmAssetsDetailEdit 
2019-01-17 09:52:12 [86999403244106] Close-frmAssetsDetailEdit 
2019-01-17 09:52:12 [86999403244106] Refresh-Pop-frmAssetsDetail 
2019-01-17 09:52:15 [86999403244106] Show-frmAssetsDetailEdit 
2019-01-17 09:54:03 [10.112.44.155:46885] ClientAccept 
2019-01-17 09:54:03 [10.112.44.155:46855] EndReceive 0 - ShutDown 
2019-01-17 09:54:03 [86999403244106] Refresh-False 
2019-01-17 09:54:03 [86999403244106] Refresh-Push-frmAssetsDetailEdit 
2019-01-17 09:54:07 [86999403244106] Close-frmAssetsDetailEdit 
2019-01-17 09:54:07 [86999403244106] Refresh-Pop-frmAssetsDetail 
2019-01-17 09:54:09 [86999403244106] Show-frmAssetsDetailEdit 
2019-01-17 09:55:40 [Server] Starting 
2019-01-17 09:55:40 [Initial] Version: 460.1540354032, HttpServerPort: 2324, TcpServerPort: 2323, DeveloperTrace: Single, DebugMode: True, TracePrint: True, ClientTrace: False, EnableStackView: True, SessionTimeOut: 1800, MirrorPatternMaxVerifyTimes: 3, RelativeScreen: True, TextFontScaling: True, IsSysLog: False
        BasePath: D:\Program Files (x86)\Smobiler Designer\whx\SMOSEC.UI\bin\Debug\
        DefaultImagePath: D:\Program Files (x86)\Smobiler Designer\whx\SMOSEC.UI\bin\Debug\Resources\Image
        DefaultAudioPath: D:\Program Files (x86)\Smobiler Designer\whx\SMOSEC.UI\bin\Debug\Resources\Audio
        DefaultDocumentPath: D:\Program Files (x86)\Smobiler Designer\whx\SMOSEC.UI\bin\Debug\Resources\Document
        DefaultUploadPath: D:\Program Files (x86)\Smobiler Designer\whx\SMOSEC.UI\bin\Debug\Resources\Upload
        DefaultMediaPath: D:\Program Files (x86)\Smobiler Designer\whx\SMOSEC.UI\bin\Debug\Resources\Media
        DefaultWebPath: D:\Program Files (x86)\Smobiler Designer\whx\SMOSEC.UI\bin\Debug\Resources\Web
 
2019-01-17 09:55:40 [Server] Started 
2019-01-17 09:55:40 [AutoSet] Start 
2019-01-17 09:55:41 [10.112.44.155:46903] ClientAccept 
2019-01-17 09:55:41 [10.112.44.155:46903] Client HandShake 
2019-01-17 09:55:41 [86999403244106] STTP-NewClient 
2019-01-17 09:55:42 [10.112.44.155-86999403244106] {"deviceOS":"Android","deviceOSVersion":"8.1.0","deviceModel":"Lenovo L78011","screenSize":{"width":1080,"height":2102},"density":3.0,"version":"4.5","coreVersion":"4.5.0"} 
2019-01-17 09:55:42 [86999403244106] OnStart-Starting with NewClient -  
2019-01-17 09:55:42 [86999403244106] Show-frmLogon 
2019-01-17 09:55:43 [86999403244106] OnStart-Started with NewClient 
2019-01-17 09:55:43 [86999403244106] Refresh-True 
2019-01-17 09:55:43 [86999403244106] Refresh-Initial-frmLogon 
2019-01-17 09:55:46 [86999403244106] Show-frmAssets 
2019-01-17 09:55:53 [86999403244106] Show-frmAssetsDetail 
2019-01-17 09:55:54 [86999403244106] Show-frmAssetsDetailEdit 
2019-01-17 09:56:20 [86999403244106] Close-frmAssetsDetailEdit 
2019-01-17 09:56:20 [86999403244106] Refresh-Pop-frmAssetsDetail 
2019-01-17 09:56:27 [86999403244106] Show-frmAssetsDetailEdit 
2019-01-17 09:56:39 [86999403244106] Close-frmAssetsDetailEdit 
2019-01-17 09:56:39 [86999403244106] Refresh-Pop-frmAssetsDetail 
2019-01-17 09:56:44 [86999403244106] Show-frmAssetsDetailEdit 
2019-01-17 09:56:50 [86999403244106] Close-frmAssetsDetailEdit 
2019-01-17 09:56:50 [86999403244106] Refresh-Pop-frmAssetsDetail 
2019-01-17 09:57:04 [86999403244106] Close-frmAssetsDetail 
2019-01-17 09:57:06 [86999403244106] Refresh-Pop-frmAssets 
2019-01-17 10:00:11 [Server] Starting 
2019-01-17 10:00:12 [Initial] Version: 460.1540354032, HttpServerPort: 2324, TcpServerPort: 2323, DeveloperTrace: Single, DebugMode: True, TracePrint: True, ClientTrace: False, EnableStackView: True, SessionTimeOut: 1800, MirrorPatternMaxVerifyTimes: 3, RelativeScreen: True, TextFontScaling: True, IsSysLog: False
        BasePath: D:\Program Files (x86)\Smobiler Designer\whx\SMOSEC.UI\bin\Debug\
        DefaultImagePath: D:\Program Files (x86)\Smobiler Designer\whx\SMOSEC.UI\bin\Debug\Resources\Image
        DefaultAudioPath: D:\Program Files (x86)\Smobiler Designer\whx\SMOSEC.UI\bin\Debug\Resources\Audio
        DefaultDocumentPath: D:\Program Files (x86)\Smobiler Designer\whx\SMOSEC.UI\bin\Debug\Resources\Document
        DefaultUploadPath: D:\Program Files (x86)\Smobiler Designer\whx\SMOSEC.UI\bin\Debug\Resources\Upload
        DefaultMediaPath: D:\Program Files (x86)\Smobiler Designer\whx\SMOSEC.UI\bin\Debug\Resources\Media
        DefaultWebPath: D:\Program Files (x86)\Smobiler Designer\whx\SMOSEC.UI\bin\Debug\Resources\Web
 
2019-01-17 10:00:12 [Server] Started 
2019-01-17 10:00:12 [AutoSet] Start 
2019-01-17 10:05:06 [10.112.44.155:46963] ClientAccept 
2019-01-17 10:05:06 [10.112.44.155:46963] Client HandShake 
2019-01-17 10:05:06 [86999403244106] STTP-NewClient 
2019-01-17 10:05:06 [86999403244106] Refresh-True 
2019-01-17 10:05:06 [86999403244106] ClientInfoRPC-False 
2019-01-17 10:05:06 [86999403244106] OnStart-Starting with ClientInfoRPC -  
2019-01-17 10:05:07 [86999403244106] Show-frmLogon 
2019-01-17 10:05:08 [86999403244106] OnStart-Started with ClientInfoRPC 
2019-01-17 10:05:10 [86999403244106] Show-frmAssets 
2019-01-17 10:05:20 [86999403244106] Show-frmAssetsDetail 
2019-01-17 10:05:25 [86999403244106] Close-frmAssetsDetail 
2019-01-17 10:05:25 [86999403244106] Refresh-Pop-frmAssets 
2019-01-17 10:05:26 [86999403244106] Show-frmAssetsDetail 
2019-01-17 10:05:27 [86999403244106] Close-frmAssetsDetail 
2019-01-17 10:05:27 [86999403244106] Refresh-Pop-frmAssets 
2019-01-17 10:05:29 [86999403244106] Show-frmAssetsDetail 
2019-01-17 10:05:30 [86999403244106] Show-frmAssetsDetailEdit 
2019-01-17 10:05:34 [86999403244106] Close-frmAssetsDetailEdit 
2019-01-17 10:05:34 [86999403244106] Refresh-Pop-frmAssetsDetail 
2019-01-17 10:05:35 [86999403244106] Close-frmAssetsDetail 
2019-01-17 10:05:35 [86999403244106] Refresh-Pop-frmAssets 
2019-01-17 10:05:36 [86999403244106] Show-frmAssetsDetail 
2019-01-17 10:05:38 [86999403244106] Close-frmAssetsDetail 
2019-01-17 10:05:38 [86999403244106] Refresh-Pop-frmAssets 
2019-01-17 10:05:39 [86999403244106] Show-frmAssetsDetail 
2019-01-17 10:05:40 [86999403244106] Show-frmAssetsDetailEdit 
2019-01-17 10:05:42 [86999403244106] Close-frmAssetsDetailEdit 
2019-01-17 10:05:42 [86999403244106] Refresh-Pop-frmAssetsDetail 
2019-01-17 10:05:47 [86999403244106] Close-frmAssetsDetail 
2019-01-17 10:05:49 [86999403244106] Refresh-Pop-frmAssets 
2019-01-17 10:06:00 [86999403244106] Show-frmAssetsDetail 
2019-01-17 10:06:03 [86999403244106] Show-frmAssetsDetailEdit 
2019-01-17 10:06:06 [86999403244106] Refresh-Pop-frmAssetsDetail 
2019-01-17 10:06:06 [86999403244106] Close-frmAssetsDetailEdit 
2019-01-17 10:06:07 [86999403244106] Close-frmAssetsDetail 
2019-01-17 10:06:07 [86999403244106] Refresh-Pop-frmAssets 
2019-01-17 10:06:08 [86999403244106] Show-frmAssetsDetail 
2019-01-17 10:06:10 [86999403244106] Show-frmAssetsDetailEdit 
2019-01-17 10:06:12 [86999403244106] Close-frmAssetsDetailEdit 
2019-01-17 10:06:12 [86999403244106] Refresh-Pop-frmAssetsDetail 
2019-01-17 10:06:14 [86999403244106] Close-frmAssetsDetail 
2019-01-17 10:06:14 [86999403244106] Refresh-Pop-frmAssets 
2019-01-17 10:06:16 [86999403244106] Show-frmAssetsDetail 
2019-01-17 10:06:17 [86999403244106] Show-frmAssetsDetailEdit 
2019-01-17 10:06:18 [86999403244106] Close-frmAssetsDetailEdit 
2019-01-17 10:06:18 [86999403244106] Refresh-Pop-frmAssetsDetail 
2019-01-17 10:06:20 [86999403244106] Close-frmAssetsDetail 
2019-01-17 10:06:21 [86999403244106] Refresh-Pop-frmAssets 
2019-01-17 10:10:06 [Server] Starting 
2019-01-17 10:10:06 [Initial] Version: 460.1540354032, HttpServerPort: 2324, TcpServerPort: 2323, DeveloperTrace: Single, DebugMode: True, TracePrint: True, ClientTrace: False, EnableStackView: True, SessionTimeOut: 1800, MirrorPatternMaxVerifyTimes: 3, RelativeScreen: True, TextFontScaling: True, IsSysLog: False
        BasePath: D:\Program Files (x86)\Smobiler Designer\whx\SMOSEC.UI\bin\Debug\
        DefaultImagePath: D:\Program Files (x86)\Smobiler Designer\whx\SMOSEC.UI\bin\Debug\Resources\Image
        DefaultAudioPath: D:\Program Files (x86)\Smobiler Designer\whx\SMOSEC.UI\bin\Debug\Resources\Audio
        DefaultDocumentPath: D:\Program Files (x86)\Smobiler Designer\whx\SMOSEC.UI\bin\Debug\Resources\Document
        DefaultUploadPath: D:\Program Files (x86)\Smobiler Designer\whx\SMOSEC.UI\bin\Debug\Resources\Upload
        DefaultMediaPath: D:\Program Files (x86)\Smobiler Designer\whx\SMOSEC.UI\bin\Debug\Resources\Media
        DefaultWebPath: D:\Program Files (x86)\Smobiler Designer\whx\SMOSEC.UI\bin\Debug\Resources\Web
 
2019-01-17 10:10:06 [Server] Started 
2019-01-17 10:10:06 [AutoSet] Start 
2019-01-17 10:10:07 [10.112.44.155:47027] ClientAccept 
2019-01-17 10:10:07 [10.112.44.155:47027] Client HandShake 
2019-01-17 10:10:07 [86999403244106] STTP-NewClient 
2019-01-17 10:10:07 [10.112.44.155-86999403244106] {"deviceOS":"Android","deviceOSVersion":"8.1.0","deviceModel":"Lenovo L78011","screenSize":{"width":1080,"height":2102},"density":3.0,"version":"4.5","coreVersion":"4.5.0"} 
2019-01-17 10:10:07 [86999403244106] OnStart-Starting with NewClient -  
2019-01-17 10:10:08 [86999403244106] Show-frmLogon 
2019-01-17 10:10:09 [86999403244106] OnStart-Started with NewClient 
2019-01-17 10:10:09 [86999403244106] Refresh-True 
2019-01-17 10:10:09 [86999403244106] Refresh-Initial-frmLogon 
2019-01-17 10:10:12 [86999403244106] Show-frmAssets 
2019-01-17 10:10:19 [86999403244106] Show-frmAssetsDetail 
2019-01-17 10:10:20 [86999403244106] Show-frmAssetsDetailEdit 
2019-01-17 10:10:21 [86999403244106] Close-frmAssetsDetailEdit 
2019-01-17 10:10:21 [86999403244106] Refresh-Pop-frmAssetsDetail 
2019-01-17 10:10:22 [86999403244106] Close-frmAssetsDetail 
2019-01-17 10:10:22 [86999403244106] Refresh-Pop-frmAssets 
2019-01-17 10:11:11 [86999403244106] Show-frmAssetsDetail 
2019-01-17 10:11:13 [86999403244106] Close-frmAssetsDetail 
2019-01-17 10:11:13 [86999403244106] Refresh-Pop-frmAssets 
2019-01-17 10:11:20 [86999403244106] Show-frmAssetsDetail 
2019-01-17 10:11:21 [86999403244106] Close-frmAssetsDetail 
2019-01-17 10:11:21 [86999403244106] Refresh-Pop-frmAssets 
2019-01-17 20:29:46 [Server] Starting 
2019-01-17 20:29:47 [Initial] Version: 460.1540354032, HttpServerPort: 2324, TcpServerPort: 2323, DeveloperTrace: Single, DebugMode: True, TracePrint: True, ClientTrace: False, EnableStackView: True, SessionTimeOut: 1800, MirrorPatternMaxVerifyTimes: 3, RelativeScreen: True, TextFontScaling: True, IsSysLog: False
        BasePath: D:\Program Files (x86)\Smobiler Designer\whx\SMOSEC.UI\bin\Debug\
        DefaultImagePath: D:\Program Files (x86)\Smobiler Designer\whx\SMOSEC.UI\bin\Debug\Resources\Image
        DefaultAudioPath: D:\Program Files (x86)\Smobiler Designer\whx\SMOSEC.UI\bin\Debug\Resources\Audio
        DefaultDocumentPath: D:\Program Files (x86)\Smobiler Designer\whx\SMOSEC.UI\bin\Debug\Resources\Document
        DefaultUploadPath: D:\Program Files (x86)\Smobiler Designer\whx\SMOSEC.UI\bin\Debug\Resources\Upload
        DefaultMediaPath: D:\Program Files (x86)\Smobiler Designer\whx\SMOSEC.UI\bin\Debug\Resources\Media
        DefaultWebPath: D:\Program Files (x86)\Smobiler Designer\whx\SMOSEC.UI\bin\Debug\Resources\Web
 
2019-01-17 20:29:47 [Server] Started 
2019-01-17 20:29:47 [AutoSet] Start 
