####################
lXKKH+08lGL890kWBm0Xe5HbTBYr60Didgf3NpJOK4Loh0gabvY0Caxo3ptxHAVIrdDP6ygcqmNgrcmO4Vs0bCcK0/2/eYN6hM+gJRlc94S/8WANSzNUDp3HMnH/PZMKEsRwRqgPmPTOZlgYQkeSVIkmwD32ghw0Hsdc7GdsrhM=
####################
rmX4q3hhXPDO+bzFguPhETdBgKbzpunD0aYPPrq48jJ9YabOKtBd7DdZMEWZWVxA+Xjvd9iR0VC+ly4apjIztCC03jUIO+M+BVjCY3lJErpbYFrzWtSGC1rD2PDaxGh9jEQBUgH8fwyqTHQ3E8kl6HCO7ii/n9v9G8EsdRXPwRN0u2mtM+PzKvCSlqs+UktgEwMQ05M8um0WUSWnaMnNTwNJ+DFa2DxKjZ3kTKJDhBzxyrt0gGUwk4Cvz26FDdv01IKmFo7OOqjXdu67tR6nhQ==
####################
nhCKOWVssO3B8MO/HLxefmXfn3h1MS/6lXdBea2oJm/QF6fGj0VnRn7g7Fi5vsGd3I5tq89WOmkP/KQrBynGrzBikBFgzCo8Kwo+X/3tVbnptA7siMgtrIq3kaxifnxD3/QsqSnQ4KQjaAIoWI0k+aU6kway5hes6Ni1iyODVgM=
####################
2WcXPzH6UAiX/cx5KhcGEr8syhnfE61FCXhE609zTof4ltVr5UuQrO5aepEdrayDGySBjzXPf7roIRj2Oei4kH9rNrLlTpo2mpKO7JazdT9B6JLp7U6i0dea7cAPy/HvRCUohbnr7+WIdpZDw9E3gOSWZejvpLkHmHdB+pK8oKAMWvGDv8GywlDCrWx7hsfs7/0SXj4j7cmKVMbvfiHh98ffEY/XYW8aMMed+sRVuUTXTNZq0XSkkG3ebc0Jur6o9L0gcxq4IcyTjY/L6DMRog==
####################
Tv2Sic3a1W62Gc7rV1jHvxoB+f6jiXwYpS/J/IpzBT4BYvhMh0ULIEcMkFvytzrqcavMYhxpg2WjQilcvivjJ4LJlJob3/xU61bXi8eQ9oyyqo7qhmN2RXwaG9Ln9kGwxmz1x3Yph2jK4YkuJlDIEA85kGxEeHATJ8IxdbufQ7U=
####################
be5RUWMRh1H0Jn2dMce3KMNLdQH8R0M46GlN18jPHTuJ0F58M1IMnFUT8ubQLaLgQ8LdJvPsTLRPdBTItLu5tQBiGjJKG1TxK4ESQe0ju2M/i1rqCYmyfi3+T90+7pbZV0xA4gpNuDaFnXjhDRsn3/WbptNR4ZaJONlZGveCgXWdqsojiEf9jZrOFbwASdgSuGh7ekriGTFhh0Mjqsg7bmy9TpGq9D0zqK/yNrmaLQfJ1+pf4ZDRLaK5ehy74eINYDqk7ZVw5GUpQsmrqVh3cg==
####################
w9le0smmCSCtS51TboDXO+JGP+sv9NfDrS6UU+f+P7Xw38p3XTwxpZuARUXxxLuqHnBAMwYjL+GOpR1mrSMfvrwJgZNejrCm0FTRIDEzq8fdnq7XiIQeA92Bavv9QTin7VYSjAVw7L6OryfvRplLnHr8JqyGN/lh2J+Y/XyDm8w=
####################
WrEYHLrYMnad1HWvuOECotqFGGWoS2jAmB6ZWTTNrhc05KKiamaiKwlYbeBSpQfwxqioJva/mRKL3+XbemaDSKnqAMPKHYMhhpbiL6DfrKYW+x0JE9nnr1jfK9Qo+n36oJkiLs2eFgvMbLohY411x4BUQ3g3qq+UaaSeUqxobqGT8Kzx2R3XN6zenRoJyg+CgwtgRkhNxh0hetaGB91XEsH4+T8UTP4SBcqaeWyZqV5GD81aZeXy87KvGRVXUQ5nmwg1F7Q7HvTKCp3GwzTKRA==
####################
d7g7CgV5Ti/gJ//7lPx1OfqFPiGorcXNII64yDXLuz+lpXdOZhj7hGYleSn72l/J+w5oEF8Vo2lDw6ew0gF/oTqFWt7179BB7J6JiRXfFPw8USu4J7K8CBh502LfYVKIQOA3OHth43NPr0VP/jBgo9nJ9ki4CWnaEQCnkjQgmuk=
####################
MW5vl+cHzlIBKFyvHCrVMwEXm0iH8gTjflpgqnOsCQ8Sz8MfmEOhYZZmeLjds58A3SGgke5OLLKHWHeE2XvcSqoXQFPi37X3n6NH/3xVg+qUm1XDzZ9szvudV/X9YZUbiAAHRKuuJcyIPN83KLPDn2Qq5V84HxwqI2djamngYCpyL34+J8RpY2tXr5r2Ei4zzDDdNhuuitQxhU7gWNGQsjk8ZPPqZcr3tl4N/K3Ah4Jqk0BS3Un0uG3oTDEa3Q5uiAAhEkUmedxPk+ODg+pbRA==
####################
S782M4PkGJUX7It5vmqddcTXYm00kH0kApLmhwDlGrqop6OdFUg0tQSziiEaKfg0HK+uO7Mj6YPPAjUvLebUF/feF6e96Ru0wIq8PLNn5miWOd+7mlJTh35z4VVGflI5oqXFaKPqB63vi7qX97xCsdPUa666m8s2I+GCany8ZRY=
####################
VVQuYkzioYK2/qaRZbNlldLRa11pNzBjk+uEt3fHWgUgEpM0CP91bI/NO3TDjngINnam3ev801GI32gv+rlxpYBdVP4VK+EvegJUN1HayQGKtMHobmwolIZ2nXgMniUpSHm0vypkFi/nUc6+4QFylVtll646xKrVyj7kNXvSeW5RgZlNUFTNq7vZaIf7DlCdGTNTiUujdQbIpCcviJCCBC8GVAl2d0DNwildp+/5Ot/oXdgAyFH69hEVL1iiK2kginJvnbHzP8fVGcqPHI/ewg==
####################
e7f9g4FxelHEV577vTxRxQIF7rcMVgo9xCHimyd2SXrsGLT6K7UG55Bfp/iMbr06rlwVVmnztke+jqz+V0dXayUo+/OrG/EyCYTgQ5emWJjvZvdi4dP8DYC9oHZZnSLaNjqWqq+3L1db28ZZB50fyokpF6syWlAELZKe8zzuZQQ=
####################
+5nVkxvFWIA98idej1g+FNV/+aWhwMPtbSmLaKqb3SG74FrerYookTBsbPz16otNC584aZqW4Yu9V49G+j72bWm/NJdEnoGOV+fHw2W0CdPlD98fgmbeOzfpt9vCzqzoLSWcUepOqAQHqRroDL1wZT5MznknX3W2lQAzMIrKhuH08oL+YF0jkGvp5o5Sf0ZlZO48pQhknm3Qm80ygGuX/bsICLbyXRQeogRwWc7zdmXDzcK90qqSK3Q3AAADwuhn8gbdImQVMRwG4ULYe6TAqw==
####################
WJLxV68TVue9tBqxjjpQW6di1HktuvqLBSWiLXowYWJocv56gar+38MUkl2dGBaVIZFvrhskuEsXXKo3YO9UlZz3sVTz+y29AGJygsETlS2mbIHDYb3SuZ2EJRjedTQsVfiPY21N3FFaJ2SSK4ZuqF+VIIrvDysvqF14/tLAYZI=
####################
8GUWXJgqWDxPsGfbME/DiwjaR1ntYjEQJgnGhAre7PV+SmE+aGZRzVdNMQZB7rW2bnRzDQcdRsC3owQ5eO3DeU+2f2zJQhrZfV9gM8JqHtej2wOTPR8/gUNSKDZVrZ9dVOQHGx/1vStF/DNZ1EwyyjQ84/rMcQQN0Eq088NQvhDLjSmwlIzxYgwphuENyFvbp6jKTuJdakxEoOdiUlLgBTrLF/Lr3xhFV3HjiCZ2sX8xkNIn9TT9LuenUTYcVtoaYNJdjjZYSbujUT/XgMId9A==
####################
jChE8Hrnw2AuImjTnzLA/IaMqjwkLvvWjowQKlDYB+e/4lE4DjCbHpNmiWC54nWj3a0oTbPJbjBhSDmzHdxFvQelSxiKaWDLonuT+C4M3jAaXdXZg08vLG4OlI6TCKNrneyWBoxgeTCt7c7cI5dssJaEKSpymvJztg2QVmIKFLs=
####################
namaHRjSXgu/85KhVyBiJ4QDjCo2REdlGdq8akZOwTtOC7S36h2wigZfP3LdzorvJS3aZBaolo578QeLF2sNWvcpkhm2ElgSG6zOH4o86qkXubJCVIWHHdpFSOkwOEcBWtONWqRdy95OvkZVviLZZepVAkeVEIiuNujxkppW7/7/Vt/C5MfUkUG8HtvhlALP2Ld2ag3wUNZwTtByabo15fPyvfboKDyOe5rKQVUF5R2zFMne2XJ10G0hk+qe0AhiUJ4PcHPX3i+ZVt1T0ZjCUg==
####################
Ln+cE+XMasQMjhmoVDqUqcfdeKvJem8MR8COaggpgbLD6NpU1/iq84m25LtELIb+UIsn76P1DPobAF9RYsJMlg5ES32031SV9Jk2kbA0jeZSyqihevz1OqGNvQtwkQ+VB3h3o0sh0LH4mWd6c+DovEentLLoeN+aj9V2bbOtkOQ=
####################
YGyHhqju91MedfC/EpLcFgVeRIvQDrLxDQ2/Ndj3Qlv255DRLvjXhvhGnHgzj6epYXcZ5tbK67yLiw39cHsWDsAIQfJpZvVOAzc1uy73oC0Bh8GjzUkhYI2Xyhh188jzbCC5qZWxwjcyekR01iPRZ6I2/RqubN2pyQtPjW9xqrsqRc50T0AdEmj59DllwuuV2KWuV6VZDo8fvIgg87q4cRiLBix1rmHgTD8GGf8gPlN48DBsAMqsS79nwqw7qi1icz+cEWJ3cT4b7SqHqchcbg==
####################
VktIVNk7rxIn4cS2w5h2FwxNBHkthBAy2c5rqvT/righF++dXI/7/3ZVNT4naKwnOnnStOG1sV4zGIpjz7fse+SDNxGrGe2VgoCLM+5QPOatVhopeldrN0MzWv0lAmXcrgIMG8RXbxRjdDXaIkY4tND00pBVAAdwssmM2Lhz9Ms=
####################
wPUqvXuQi8jpsYdRi8FUaMBpAlh+acrxeQqKGkwwy1LvlbxszBh6OX6b01rIYzFG6cZE5uaWOgoPLaOHdIFiOrNw9qj557DNsmx/q1mp4r6WnmnRR7ZsQLgIgLwJ1LQY0fiMUtXpPf2RgH10Ni9/Yvy688DCk4qYQCF0d9tzONqA5xCeizOgld6ZClv+BPK+Ojflmpcl5/TFQEetwCCS6iyCHv2H1DIhW86MSC590hABPGI5Tc59iFsEAUpROmr2ANTDA9prI50yisUDbbdNrw==
####################
TtzNCmBYJI9OCe6+3n89H1DLWUTc0K2RtcHvv9NVP4j4UMric55ML2kr0IGOmRge9AMCApHFGCnIdjsrc2bDQDP4My/JXTrMgwpgo6/k5FHmBO2y2Hor1DVkPrHRk8YpsBd6tIPEym5KIWYRaHOQASYIdHT9UN+mPj4TImenFXY=
####################
RpirJA69IR1lPif2qerCG2Lt+a0zZmF9+WAxQMjSmRXVCCjNdhKBj7ko4L5tAt/gcFpxz6XNLQkJijTiZdopQxiWpL139qxAIsXR8fwXw3zvwk3eXa3bCZwBOuj02QKeVv9f8NblvLtXAeJZmEwC5xXkbD6UQL7OX0gOhvqSWHoewqrgHHAoXOE9xuQocT3X2xth1U4hy7/esWNk++pXBZRwqlDr+UTSUnlAOkgKK4cgWE3j87oLTk3pzwuL6waMdtp1EkVLECfcKmKfvgEuJQ==
####################
bpZsCYqmrPNEm8QGa3ElWQPBZ3qcQOYnF4AnQKa7v2xxFE5nSa7UwlcWBEs923Ut2cxxzYt84ceLS6G2EKR7HnF9/r8rzaEGrCVgVtf/cYTkF6hZLNyyBniUSSvMRkNbjwhaRJuFKQL0FNlhsCogrpNtoBsqwq47jgdT2vbAhLA=
####################
F1BBqruybvBLQfSEcdLi2YFV7y+hXuL6OVZG5TkmTINZtGOH3i+K/5OpKwtGqBjSo0RbGluq6YS1X7V8tyQycS70jpe2xmfAgoog8lLsLqPJn+phU3PKu//YQbu7ykDwHBMxXbkPAzjiNjA25qmFGGhjp+yRNm+loINcUsYypK6yj7VE8MWeM7zbLSuEvtYXkRqIJno67m8exaHGROxt2yViQsTB124Nyw41eQ58mz9cx3Zy4j4CdlvOjHCCBOOf2R1MEIMOLgWCWrlAAjhrlA==
####################
U5BEeiaCS6ZPBV1WiO3DoTeH88PVXizrWl6kwt+J69dnIvJ6nkCX/gjnfnz3l2+cg2Lun9vltB7jS3DuQgiyiDc8ndEqGpPVB/SB/vV8jXvp6lJ6mv3K2MVmZpAxkNEQlgQoi+52WnxUOglkHfTeKK89MaXv9dSmA5B8JGTqEJY=
####################
dx6gMeWD5RFBAZ5FPVFq5kUuCZNgMIJ5662jXGMHe0Cj4RLn9alqbkQsLLfvS9kPU03CHGmWqUvnCdO6AkISLzD8DDkXtxT1nG26/iFaZYSH2tvlYc4W8qsOb24qTymJcJlI5Kp5LX9iFAQQ1Ii5poQ6WMi0EwrbPmMhc/BdQfNZ0GGCr5u72VlkJuqH+DVeKnPPfUCB49d2t7bcM2dnwepiq4tykvT82dooJ8cb7kvxj3PPpmP9OTxaE1TRopjP6NbYaT8hZMht/FPLtNZlvQ==
####################
S5bpHN2sSAmEKeY6prm1SU9RWRmvwXnmakB6vWLFRdJSN2vd4noIishyZ69KcPnJ30gNHjwLiUcggkO6hrBVW3qcr+X5X4Qz83wceU81cTcV9LHxRxxxpsppsJbHmvAM/vVFbD4QzCThMCS+QuAtH55ZI3c3FrhfgDGV5dSnAOA=
####################
aL0d/DALn5FfsPePlgWZMc6TPbYmgHh0hRamuGkA+Ag+hUuYQgo5sVj9AWjAbA1+LrMjBNP5rwn8OPSTicon6+BNVwA7o5UJaPBhJiTTmar4tguS0FwwkStwUulMabxRIhhD12nyloXFARvHnYimwPBzZP8sweuzJXL75ORo2xJAYCRAwIvJO9W58unKGPuRnTWGyHfsmNbr4/OtvQbwQKX9iExo9SLI6D1lIejmvHW0iywxFnpxww01M7FJ4glMcG7cdeJ5k6sDen0J9L3/4w==
####################
CV43W8EjsI6nbdk0gVxaoTP4UJu2sa4hegRt2DtKe0vzOgN7kfEnKRT7tTeXOGXfBQbqbO7jplcGXkKZ2T4w2iYPtH66NtO/+otOCLnFCYWXJoFKxvMveW2GG2V8HTKHMESmfXsErz4ref1UR0PVlmqvRjzOWPRfd6A081pcDMU=
####################
2a/sqn8ocqG0qbiNpZ4NJQ5xcjgpBty6PtNkgTSga9M01meoTJkc265iIRmKMdm3cJs1C6DbhrwQaf9Gj2R4memsdH4K3vP/N8FohimUxY+sdPGCMKXnZusoRN+fGLxau0t3fI6DAqQemlgTF6BNSmlCcB3HcfzxN0yVRLOojp1ExiNMfuNC/W+mGG+kdqi0tkvQVVMiYpJZELk9QtHIl+aopZmQk7fGVg77ER1XDNWgbIDughfcIXyXTFIb7+VuHi8LPQDZL9e1RfAKX44Ghw==
####################
N1EA18HLvb/9EgX/xVcIJyUSkUhLnxm2jzr3jTWnceWiCExpkkFpMbCmApwrzlcrPKCwHKgFvGX6XdU/89WCd/7NyfyP28KXFLnpn5E9yUAzMsicrR2HyC0YBdS+sVFH1AJikt3n8AD1AFKVHB1/Ptr32QiFAvBCvU9xqi9zUVc=
####################
AUhoVGMIGFeNIx/hpjg96DU4HZtVaoY7uNxaLL7kpiK6rjld1d/MSn7JT4NfcITJ9iPo1Mw3LX/sKA3XZkbRj7dT+me478wwfnnewCEfSiC50dU9S10GyE6z+7Rl42OQ1jFlXH9J4tHEhTbSadq0PKai+14MQFIoNnUKBKDD7YEycsg//AnaaLyGRVYfaaBnmiIhAYFjpNMLDqQMNf9JhTPKmOavsgRRb9envLzlbqtTS9guMfGOXsOO0DlhwQIOAqaXT9dfEYc9OOVvskpTWw==
####################
nyEpJkFDeTBvZL8DHRDUqVgMSUM9HfGvQt9XUYfKtbwjE64h5TeuPEzo066jkIDmCtOvugoE8sgYVoAJKh67y9h1TohBHffMsLarRs4rPcKyh+dLnGdlTgSWOhJ7MPBX/FhS6gZGjCp04q113qATKs1kcuQCvE98vxJBeYrWMFE=
####################
5OTYl6/fwcdHaW8FDRwGH5WYC/2FnmplruodPTMb5io+OtXHmH4ciqh4LcdecNJuzvZcpANw9g7jf6/13Z22733Y+mIT1YrbO04O9+MReEMgHwD+JevijIa8iEk2mU85kYQrrZl3b9iEMCk3mSVbvyinugl8nmzcGv+XK+0DRzIXxBFbvY1YEjq0NEeiyQudxHHP2XPPVPXDYYIz5SRyhvdpSi2LNLCXjjhF1HpQFZ6E8rJ5yBD2Q7wnTM+c3+hnuAc7tLpLYNj9T4t/JX10eA==
####################
henxaBTbKeL9NjSGpZLwViyuQf1ktZecwFkPmLRkBnYKw0+32UX97rx0ba53QjfD4gfkPz6cixSR1Md4o6Veqb0jQnvd+o6tujuTkaQuKkLNVeQotyi89/wkkA+7dgf+JKPV9zc8hg+Ee54AOL3J1TTj+t6kkX1/1iqYHK2ksB0=
####################
b3d2gyNCwlZyZ86r8raXKJvEUZsDgTlU5BczPn9s9a3WOla/ZTCJa08FSPuOokIY0tq9E3AhTEUP9DIY3US4sOXrBhCj4ySrvioCN2jsixeBJFfqyBtc1FSpw4XAlGXny7ZJxV0UXGOoXfVZYiGgH9wYBA8KuwjI7I3xpmLOSWFUxN3Z7B3pvADVuiXlRvrmIvEa1lQ965ual3J20ITqe1SE3c4fyTgpzOWMgW8VPadZAlQxtmCfQ2UopngOtIIp6pEJH9KefTWBUJh+jmaobg==
####################
M17mRRGZ4GS4rQyWXrJjdZJ2i9Xh7o4DWpybSbebi7W754GpfSBNYYWMkNgpbNzR9dsWbHUyjdSg+oB9IQM1845dE52aUzVWTyrlNgATHLBZtbHxmxfNsdvs7IoxQFXLc6usuYm2CRC97RkvFpVerJqmazZNm3ldmHC5ws856Ls=
####################
E9P2hMxPqzATw5Fzm+ro5J4SPacvEbbboZ+Ab1DsVKBroCjn5GbgUtwBxdr7jTSnlBMHw2T8e5f+TdW8Hnxd3Ge/mAJmsRI0eI2rOWDuZ0K2mrzweBWIjXBuzVzqGOz/UQZCYToVPNAYCVKJWh7uvf3G8Zar2zy+zrhp9Y/+ZKalCw6dGY/3Fgc8fhHEGh5dUmemcGreW/GTbLyjqVnByA1vj87D55VYQCDgzMnq1s0Li+0R8O4jcsQ33uBE5Hs4L6Pi8XCWhF1P+fI4ATDZ4g==
####################
ko54MyT9sJZ5qdTEueNuVe85vwFmD5GMxW3lLOoQ8CFdeQQNCvIWzezW/5P644yTHkkwIDMz+9WceYx0ZwJTcN/MQOWf2AmUuz5BD2yJtGl++YGplpg0CwT4jCEZwiEWEqolri7VZjgdsc9Cpt6xifovHQJKGX9KG9Mp59/jFHs=
####################
iYMfTPFBxHh+6s7G0nMmrjQEJ/llGypxmIdkgG8TS9J9cKaMQU8b4Lnapdd/wGt7nevYhy1ijvlF58xPJopgsQEj+OkqZDZ2zYXGj8XwqGoRUT8HusmDIUBCEeliqhHC5D8vHMqTDd1HVNnDvpbIULvjAOVp8JLeBWtT9eiqiwtc6uUxfb2fZxvg8aVVmQ4ofih8RgpxIdE/7gaqPlrGEe+p08hNGXqmh++jGciaiQh9Qy7MWNCcxp725gF7G5ETntqxQarDdnu2IbzTlwDgGw==
####################
TjP1GiD+YKfaKxlwbjkyY764y9lZivDsuEpPxwX7G7Kzg9koSqoy1T0BLw4LSsdhrR0t4pvOff3cxzLyQxvWdn0KTYsSzC5ONKzqZp0Yqk2x6cNI/jAY7v+x8ThooJcgD56Bq14CX2W/wXFCvrPzrAHQcKjcBoG5lx0If2TsIR0=
####################
W2vN06peg4uNjHcs+9XHETWMHnzC/MjHmVnzT/WhJf1PImJUuW6/KE8Un5gP/LhNH3VXNmF557xHt2H2CV0X7ws85SFoAsEn/65ZbQ6Jp/miyC1/U7YOVjFd7uLcZybJfs0e2kA4Rf6vi1FUvyrEzNOcivcqzN/AAokTrmuS04H9IvI3fNJKLsSnNnKUZWB2NKYYqggy746Yhd+Uz5UydmNn0Yp1xDhmELQqq9e3CNXa3P9uvhjmP0xLqFBRJaObJr2MVn4do/5ZwhXUH4Ynwg==
