####################
KZGCoZjgiJbKiY14IG4+iOCZvgNyWXeHuM7qMzUgxgdLTwKMBuD7VO0fu/pWI2XMxOOcTs2/HbIkiddF4XjcnC5PMOdD2GaaWQB/uF5Y8OH0/wnFB0aqHweuXufcKceNSrfiLyb/HimJ3Xp1yxGgl+zD5hKArJ+fjV2mJcmG1os=
####################
2Fgfl/PYBcSWm3dMifJ6SbDG23LP1CNh5O4OoTCRCFedO9RzQOOjeaiP8bNiE/vfrtjbvFI/5DSAKAd2ur0gxlx7EitlqxdmPGtWUt6I3L33bt5pEXj6AT8xfNL/7i303CDdD3gNADQq8WoGJMHwsD4jCeV17g7JzkpTSx3AT7upkSo/n0ZtV6h6gX5zCiEVDix67EtY8DyFt8ByrG+IqdP6MmkfANDI5rITxUMqc5Dc6NYXuVIbYHBr1rYiiKmB2t3B3jE7/laCTbaCmgBNdw==
####################
FLnTzAzX76Th2il/VWoJMNaDHC/EEQ0iHL4Lh0znCCMs5HjsIToE5dNAPtr0BuBT15llu8KDiGM4a/Q+JK+7tRANezKaalVv4iegLJk1olL0br5RKG23nY2nj3ohT6BC3my6tlvc2qei6Iordp5Q+sSVO9/KMsZnSV0wqB0GSF8=
####################
Xi0hgJcAYm+KMJNbHPvACzJIvwSuLri6KnlkAiQh6riJm1ZOKsoe+BsdbJG6W8aqMMWL/CBJMh7pBMUDJZ22FElbtqLQo/OhZNehZZIYIv3GPOH0ar0sv6Qwzp7nLKV5RBIQshm41rtNNHVk6UfKEvyzmaXNdlIW9q/RLn10fes9JtQ131nwSsWICStlhFlBv/DrPSnNaoTNffHGWc3LiOf0K7ZaqRajhJTqbiV/+yya0H/rFvRnAEJ1BqJzR+DD1JnqkeFS+71hna6WddjErA==
####################
ATvhy/MNxRjbp9IqT4iutFowWH+cLsJ6hUa7Aj6d5izA7dsTj6MDUwOFNvPM3e251RPFiIm+tS/lNwwkTplusX2xrH/tkZY2Sj79Jr90CWe4H3LBHsCC0RXXzQypeBdib2ht4w8v2NEpiXFslp7C4xQeO6qF02CX8z06TJnO0kY=
####################
K+BViyKN3veXivrkNUQ+X9IUWEqIiPVGnZm/koRgsG8MngCHhKBxYTI4MUXvVqDlfAjYiqo3x+7ULYmKT37nzE+0FY3X4Cv9zFdYnVHc3tKFsagrhCVNIJc/fqmvtE+2AL7Ngz8drfLoLVn8X6MCBdn/R6KRA7F++suL/ZJKWJY55dsBrN6oLS5LR6cq1NW0MO8zmJb8jYoXSLbzXMb0062lq4FixZvCylu+6voJYMG/4cRdkH5vIiYyfDzpfOBDF+N/Pwk69skOTg3ypuOyvg==
####################
mvYUrCPgSN+m9ADTX0kcHUtOCDExTthrkMK26LiFYZ8Zuwa59dXj0oc5zg0ro3ZCV4uJPJIbbYEoMgLcLfu3T1XFbE22ae0yhIoKWoa/d0VIQaLIWqDgepEIb94LMojweMY6Vi+NRsCroUR6mO3quC4pt3u1EeEJDZliBeaSEus=
####################
Du1jyzIqJDB2o5G9y/k3I5kDV01+ffrqbAEbKJYxdpyatI5tBE3264mbJsKkEDND9jNUorEJZK4LU/3z7YnWD+J6H9xl32/87KltvtVqTipreTLdU6VN1awudVdFChgphRPku/Ci2qruzqI3gMEPIH9wQhVFqOSAC2Iq/sFnWvzAEecX6QyyXrP7Oy+ihHnWtodqQdA7C24bfwfZ0q/TUQS5RxfhqLmCCp9V8LS/Hzzj5dbWMJleiLMkPiJ2A2eGd8gVY2xvflWwiuKLYbq8QA==
####################
UVUNqBO/EEIef9XcWcZkoZZSyqu8nq/YeSfC7PNrD6qOXqyMKo8BBd2J2xD+TKF+cPBZd3+bGbPPDXHzauAMMY1YIc8/P0UTAxd7+dMCr+gbYzfD7vMN9lfelRHUrfvvHr5MOXjnFt24wRBOMBCYJpgs0t9jBsdj6hBPiE4+SGI=
####################
E+LER2YeYJK2dkUJwoEQZT/68uQFTkk3N3B9Y0q2cA49KcIujStbUgPOQB9mkhxUGQ2Zmd8wshPOMo6To2t9/hCBv30uvZ+WfzqJn+Ayu5DuyCs/cw6UwJcQaLB9cpPB2ubyxaAEerSVO9ws+nJL88rtS+ONP+Hi2xTrnTXF6id8zYiz5C9Zy++aLee3Y6y7uMLhlnQ38SFBRawmxwS7p7XHX/3pMvyAbOXCxvRQsUYf7gwv9KvRoaRSc4dEM/k8DINQ/3m8KQKMVXueANgpdA==
####################
vJ6f7tHI8HQIodVAe8zvgFmEJsfhktsi+UY1yuwhxBOCJnQJImEl2w96YN7xgjtWTrXHOfGcob+DbJfDpyk6MsMyZL5zawxrje0Z/pZw8/JuxZo+4988vSmPeTHyjujmd0O5HzgQLUJlpWEK1L14o1rHyEtrW9qVcbsp9XVGTEg=
####################
nL+Hvm4GmZY42ggZlX3UIsf/q/uwZAJLWY/AOsNUgrRIxzFGCvg43AREYLN4rM4RvO4BUCFL0dCvD8+dVf96FvtVDCQEJbpV+R1EeRyLaAyB6RJ4uxkec3/96vEhgcmz7cq2/dY+sbMQKfguoNTtOWo+Xga1jbS3+6zCOCliLhZgOEzNtGA/YyLjt5Cs6wxmkhjpkQbpbjyt7gjUy4LWu6t/+lVPF45lbW+GrgLy49o3MWCc9gf9+VECCvUCkBOMZyBETZEuwymwFhDJgFQaYA==
####################
iKIzVRi9BwUuWtCxCu7sduOKzyCfYzvtEgrHFDoJQfQxNUZbi7QucDvV+JXtDWCdaNVVl1HpDJMHDWLMd0nrq1z7FN2ncE8U9oN2PnJAKy84ABXnfshfD5ut2JguNYiaDS2p3Vq5tD1Fzo0kSB2LHyavr0y/C9ZX1kLWjvVo/qQ=
####################
l5LoyLUt8oRJNIFbZ42RI87WrqnSuKjuAmp2cykY9I987gLiS6tjQNPK+oYz1MIPwqmPmZNxBM5OSEf48C/gS8C4Vv+m9tbnbQaxg+b4tf+JmxmXw45NG5BZbfhXGCBCQoQh955jeXbXamcfpz9qYgYC5k0k6/x0rUW34WAMyk6HhLrvwamGs7ypq7GaAa6ZxX1Z29esKdGuHA8Eo6WvLqG+YsvJvF+l1xeIquQRcxJft4m2/R4prYtOAk2Rnx77zS4SbcOtDH8e00LJRFuuKw==
####################
Sh0NWLRYypc0NOJkH6oUUxgcJk1Oi0A5IwlHGiBHqagv5HByU3ufkaWhEoSxLQTHeyEJ8U252tMOjO/77YStCzOgPZwcriPHDAwY9N5eJ/ZCc9Ll5ZjfGwWx7sPVKMp0AUXbOWOnSuw/gn5Y3izGFFAkmkzxyFfvLPVBemQj5rM=
####################
XAGKMlb+6ros/mle/WUn52j2Gkeveu0jCKoarkNKMwL13yp8EsMDW0exWhIhIvXSeD3aWJFIFX/fOTiIJsTBNDYUacw/bRYU+5a1LWZH1EdvlAL6sVwzGW2HTZTnfS4dw6+GZsJqlVhJyeoh1URJnITx0KFXMrnG1PaEduJuD6jzTE1kSKZnu9ZlKSc1tuMUlaY4/Z6CJxGFfvpB7KO61mYlYWPiCISv0TxOJ3ji59qFYSFvcIAksjFb/gAZM6D+hkHR8NmZAzNrU0YGKuz9jg==
####################
F/SpgnNLNj0RgJL0FnztFRzNVdL+Sj9doa4yS6SCKrS0pfotCdoU4OPqb84hKEg4D8n+JhXhr5k6m8AC/qukKbGK/sfsTuvP2ZaKuXdA8KBUyJkuYyj3LjS6csfmkoIHVepJqZAIjySj9bd7erDCjG+hNftvUMNbUBMKMhRH1aM=
####################
7rG5/4EHBVzOBT0Rh7m/MjK4hPfw6SBEZiKCxXaAT9VWbX1f+ZJbPok/RoA/aqxNGLRVr/YqWwBxf1WrAGKdWTPGJoYvfo9SER/2xdy9mbr2zAGlXQcNyMVdoEpexLwuSMjDSXluePcvtalj6A1GZKF/UGE6tEojeLtHKppmSMmvE6dV+0OxJuPwBRnIrThXoNDZKrR74afWJVvKrlVCgwfGwnftJGpZ/EnSnAshNWC5lqPIN3qUPcBhOlsMKBgqd5VKH+JDLCiIT7YVBINcbQ==
####################
xIx/I9sGSteMWzJFUYkSrGEkI0sh6koHxdW6hJmKo1gTPvt8BfeoTeY49XdoHZS9YcaX1pCU6D0tnp3ju9Dk+Ca19Vp5Hk4aUA+QMlXV7KWrzidxUCU+zyJcquvJ914efkMTDQHoSuaxaW5Hwxl8ASKXYhzTFa1gGxRdxGLJRIw=
####################
7zaWpLk85v+ahgxpkdpNj8MUsG3lZz6OCURQcOJ9MvkGkj0xO9AWnq/lFLSNBWMJCxLQBnuynXsB0o+kyJY9WxwRahy7RG8QtI2WdN9XVdfrxU6ee/M+eVcG3i+1BuSN/EcabAn/iGTaCkrYS3nFCmpkNGQPm3gUhtfFdJ3UFuyWwMWGvOBEjqZNkSL7N0+vxYdv113nxz53jjaaCdEbfMZoiKNbLxl5i3mvwR5u5Zkgdr/qlIv4HXe8OdlmcdM16V8ladWUFnfsaorwPt/Avw==
####################
R1Hzpu8OKWRvR3Au8xOshS8C4WyDgWklVhZ03AoOLUgsvU4CymcnMHMi4qKUZVqSZEpuYn2hlVaJYp+YpfsknoeQDB7Dx1ALTaa2uiPhyde9/bfFCVBEz7/4g6o7XLqkDyR2iGWGkT1mh/6nvHiueyS+57EAp1aRMiJZt9s3UUQ=
####################
FNIgDAjVU1onSs8SikEhXykhaexfgKjBTu33SV0Gk3dLde/Oh1oYfUgsuLDLQ4JzFaHVA/kNijsJ9nL/yTZPnbzcy2542DvtKJecfZ9oa7DU1dR5Nno34qbeHiSqG101qCwyedhPoWrWVOhwqMOqmPfuR7yEhRXSQwRJv7BoucYRvSZ02oc1RmkEQOqnRdGloAc+Q8Bg3YVb/+0/ysVJn/SwzoWs8iF9EL8RCe0kfjJrlQgk5YtKTVyG25sUyY057SuLUIEb92yton2whCtiBQ==
####################
OJUz9S0FmYScftfs7EDZfPR2QqoxQRBZq59f073GaEu7F9LCigb9fDNmAyPDEPZYNwAx83k32DJ6sa+FQoX1k0h83c1lQdkqS40XE+nJlTQsQxGLLvT/Wg2GXW/hhxc6jvxbli89WrkKxoIE13T7B50Ujwds7byVjJMCe9ocgNY=
####################
IT9RvLt8J86XpaS9bONrMWwizzm0Ylw2CTqKVgiE51JBfS/EPIY5JvR4hDsitmo4qHh9K5FytP4/TvDJMyC1b1Y8p7cxhgh4FoDNEla7DeN4XzwmAzbkhdCH0JsH6UM3m8J5gzV3HeXNM1bYrmQIcF+3ObSIla48BZeh4dq5WB28okdp3FBIr+AZTPoXW5pfCEnEuqkr8cZdS3UTaT5NnBH4x5+9dVxv2dvqVjoW9iAScDRr8C9odjUGJCMU0kzY804MbskkDROofdgr7Wx4Mg==
####################
Z2b0pRwS1VuZZ3cZxTFnY/xRCmKhLCuHKp29UYlu9GIRyd/iTb2IpM6BWQJHrQcbsm9u6aASchcfDdgLo45KncKYDrxp48SlYMlGFXRVXdIimStyzs58k0hpbO2GM20FHSI/lLvTjTtHeNsKbO//QRZ/sMqu+W/ZwQKm92ndIHI=
####################
1arxsNWhap+eexUA6YnHvI8I7gcS3W52cLOwYnWtHectuHj7M0ZX8DlZrqP64y3Z45m8YB5W6JTw2ECYd5dWDlZ964UeLJoIUD+sQdfzlndjUQbTMz8TebN+gTVA9dfX3cu+YgEwcvWzW3DAsPFkiH+e4YREJ9k9a0ZErt8r/TmnlJcVPOAfGmCZJq0dVT4wiJCXtqVcppPHKQ/u+Wn0pS80ZSBi6ZBLBl1UclrG1zJY5Iz1/2gCbKZeq9hXN7PJeCIFN8pAClF6CVyx0ojQQw==
####################
cVINOSywtmBTACtZJOfX/JyzCouMy06M7qfKH9qEuyz1SyhiLJHiqDpH3mEqRmJEMr6flnhqtzs8SXPJA5n/NoE+pZGhIbvOtzMRPvOc8KkAcMPLFMYqaBXjvMra9mDjpGHvQYAK6UyUewGgJDMlbjuLQykERplEjPPC9Ffxn9g=
####################
/FW6+HGi5nenBVafssBaPROqA0UiXLnRFT9Vfpn2J4gSF0E5kDLm86JkRziO2fytbtHFe1cYIy0AdiLMkuynmDTwNh9emQthykW9FeGNQuLe2D78ja2R7Qx1/V6e/pzKicOsPCbCDBQw4PZz9z6qfkemHRLltaUSRh3FM411yoqKH0fx5bKOLd4W+Qf0dZvfRVEHKwKw+vbMP9f6eFzqOCdXwONEio3muUQEEcgpzSnd7C0ko+IwVdqnQfKWVALX+Kj8UMCgg5HSA2imVbq7IQ==
####################
yLJoMBjHIWjjdDNj81xqzlEpKre/4bvA4CusCaexMo/EpQqtk7kd8EiXlOAnjsSbtknjhg5u5hSPjKh76cgY/Tx62vzeRlhEuqyaEK68oafdzsOv8uisSk+wPmfByFp5x+2zQfax5nh15kiIqKdTp0hc5bwBgwHbsaVMpt1CJdY=
####################
T9SPCI4Dgj49xUPryQ+jFYATU86VHGmh9h9lFQzsCkxl+50aNv7hWRJ5dgnQlXOC7RTauxvLoV62Z4RaV0NMpOql1zbmMn6Sw6VBePGMVcsDB4VXAMK6Nv8heY7AMjFVX+fNLBwx+NKeW2PzUTE478qj9+M2wJqpsPMIZ+SpwnJtB9dXD3L8dMnGJNSEA3phwk4acJ+g8U3UFfpeMiGZA9ZPIp0PRFc33P2vV0EYufl6kTTdUEgnT/RBi6n6lgHvcex8GzXHNi0rKHr3rM10tg==
####################
n7pSjX3xf2P4tUEnrLxcyR4jKnWJ8atlOZgLTNvcx7vao0Wt/1l/8eK96e9mJoXXeiDEEd1dHuY+MRsEnxpg7n4CKPnMoMRRK+SDUsJJOdwi6//nGkLCoYcrGqiicZpOcLt4bznMh0iIPCkSK2sr5dTHvC8M2Pvgfvkx6noUPLw=
####################
3dnO/z+Uk6iHEe8IuqJVlj3j7o0MskFP51NnASBbTfTaO/lilVekrZKC5WnCi2lxqJYXk72CZF2V1grVNoJJ2Mk3fgJfEdcNJ0UPqMAI02I0nEMz2Z9dNjlX6+H0r+QXJ2X6XHAsjbxPmSWD7+TgVYFb+t3s94veJR54CmmWeTM4cnbr6YG3fohYpezb3seXmbB44m4FK8Lql3Fuu/nZ5oU3laWe98L5IFjSkdu5ESKN45RZ9VJoMnea70otBHV1GjjOw2ilRPyLR++alK3G7A==
####################
rMt9IXSYfcAznSL68yAvDK7g9V/kGyZLxgryJNZf/ckmeD4CHqMW/TqflCH38VWwNnqlriYa3MySi0Zw2OpcWM+ckarm5p74fKMB9yvym1TolvGsQXJrzJ4CP+moKp2pbn+UBaCaToYj8QL6zSP+9hIHhhbxPcosNnMmcNlTB9E=
####################
xTXFfNj4G+ruVTplLhP2jXodm9v21Btd7NUQgX8fUPosCu9kOgmkVtjMa3DlbnMTCtr6IXlSR2iACU1/RLecFyQ6T5EiUmVs1xTz//1AqCf0fbgft32G/Mx2+wsS3Nvoq1SKs0855KprMqwhhUM0G42OMt+wfJrsWn0f/vn+fBfdIDHLPGY4Sv7uF1BHTcbQzPdThAGltLpCje/gcxoifcvFZHjAfWcppwKPGf6/BrpaK+sXkzqb6DAl0h4c4+hZm7t79iJMiefWCY0HKTXtTA==
####################
1C/shV8/6C8g2XtP7YZV8R6le79uSvub9y96oxj02v1/WfSVcvxhiCkbrv53WkYpK6JW3Aujkh4FA/cv2CCcz+xTUZ1vYP88j4jy8KkmRtcaFMy+H63azYuHK98pw3s13IkT+tYyQavZxDaxcWCdTnVugaWehB9g8o0qqCaCM8c=
####################
fbuM+lEtN/9kGhPwDbpRRO+472VznRazcserfJXE/C2UwtYUwQXNKQ5kvzqa8PvEszSuS13Q6NW2A+itcJkpPdH+ezs8zU0FYi9nVtiIoeeh1ZtLewgSh1gyy2zHaPFvXD9yGjQROy+TpQsuEgPpgMDDz32IZj6zkqUjlym/7uNAGro1+O02tP8NCgJ2d79WfDq7AkNCMJ68qAtT2Yw7T716Sv0LLuFkwBMC2kVP4D9pSLvqTAlLa4TsRBL1wy7VGPoD5c7WMKI0D5N2EGrg9w==
####################
p2dMozGt9Su9s4MFzfd25nN/m5emtAqQT1Lf6vMgFKPnujmTpTqHYuCBG7PRrAOzBo1ERPuwOcxHNkmCN562hEhsnNVT8PEaqCzaRJeTBVEQNGiTmrBez/wPVpquNRZd+2ZMYgLbXsc2fusyN/xvjBGTUylzeG4RMXLrcqU+QwQ=
####################
q9a64iFwrF7Bm4DhKVOyS2/5TDBU/HC0RSD3xRnod+gA9x3uJJdPKFt0uS7Eh1BSWd4k8HtGnJaE2dnoK65J6uMiKjGM7kQKA1IynhaVuezClpqzxU80d6jU9DIzXqQi1qB+LKxOYZFHFJhrrInnvMKz2kk9r8rpzY7TQlzRzJyf2N+e8xlwo9VeYQfi7cQuvOKW6l94usu+bA1hNiyH9OhsUUHbtlEhZGqHf8vRuOxQvIf36yUl0G607GSXIEPMfohYDs7D8hWjJz6gZvgzhA==
####################
ehq2IWWKKtb2avGUABIERMpcKoQdhQbyDqADZBI0Is4TVEdxLPK06iOMA1deQ9RNdTVKxm59Sx8jgtSeuc7u6D7NK+DTNcpPdZZbnD8JwZxjn/9T106/lQmiJJkvIFYPNzGnJHPYhwWE2uPs9gXbk3cNln/RNP1yVF87ZS/WceA=
####################
I7IEnFqz4bcTn9EJQycPOs+H5c5IyYkAB5VOUb941U2bpJqvlA3+ubtBX+jZEfAmTZ1/X+LzhvpXk/2/zY0/H/f88ZrU7ITwjEb8PqMoTJD7S0B/+vhuaaPxtrTzyOQ8QEbiNepBG0E8WrSqHMd5M0HVQ/8ccgo+ONyp7uFFjdvVz1xKPSjfUFgbyDD38yTJ/h7Zpz3RkxVqnqDMizpjXWdzAfRY1FopWQjkCgJPYKrY3UaN4tFLfK/3dM0GoSj0d/GHAIzJKo9oj558t0cj4Q==
####################
fuepWkzXqLLJu9NuNZwjaTsB9iklne5RibLVZ+VcLDQjuE35poG+YzPwQV6/Mm4l53IkCjGD0Um70ZeixrPSm75DIlR9fHE8DAPLEDvC2FiazoQQMOuXsrrEP7Ul66TKPZhoVE78hm5nLfMaknBzk3YQBotXZlazdSxAden0/Bk=
####################
M5XvXzP8q6EhqBUsN7TGcxswH/IfvJ+X2B6y/YrQDfRvbJ0N897t5F7d1kghl45gYSBO/YNpCe0wDVZo7Pz2rGQvt9sAbSq8vWRCEMfQakk+m0TDG7h3yGbbYO8aL2mXpP93xFSPUZ/pKHQigDB1d3cfgJEK2wgv9BcLJUVQHwo9DjIfhhGKYYw86V9pwbgV1AalCiBmB8ohZgODYEg0rcwwrXDzdJVQ9W7LZ9tY6NcCr2YvAYRvW0kPxX5kaCGXLS0AUjJVSgPBwdjQnpqTsA==
####################
al0svPjenBOZmHy6RQqpwfaukWuliFF+mViGb160rsHe2bdGQ4mU/0XcwCGAugvyofXdHtU2aNKK7yC3GxQ4qywiI1P+nfOax2DVz8P9rFjuj5Srs6w9JZGOdWiUcBNyDpk6j7EtbdcBVzpOJK5K9CWgrD/lC9xLI5XI7bBMtAw=
####################
/YquwYBx6PB/OFBK0mOeiTZ7DnggoIiN6m15ws+P+zaAsymH5PJvb+INoLo5P8vRYogdax9Z1Q6Vi8fKELlw3CSPOGZ1HBiAxOmyhiGTAimrZkah6dnrUiYZzukSTCILv/JGaahTaoCdsXNOf0jPli4OlAHKDHaGhAourybNw+iFDsrZFlIsq8chlHx1xyKfMopjxfQD/HHl9ziHZgdj62XmEXOVpya7wNFYrVM5aDPySr60TX45epg8qthrWJjD+B8lUfvHrE1y7kGdHqtZuA==
####################
NStEAp7d7MOBA0udaGt4EOPN8OCDX3yumklLFsmsd3tAshYcSEkgGE6fGpARBnv49gSHSKf4dmFK3+L6j++tew1oh2zl8ypKii+jUBre+jvxJ0vvE5YvjZv3OmnvB9/8bf8DK0L1rzWTXM0Ra6GCI+MHrioE8UvwluA1uhQhFEo=
####################
wL6V3mzupGgQkYGbFh5kqTNvgoQ+5V92kLIZXkPnietV5Ce0nrHtRa8btCVe2UiMukJtZphRPBpdfqD3hvI9wlPRArMjplukJRgi5QaJ8iNTXchMtmyGxzL90UzrBLppHKW6bHCRla38r2qh8avJTLngBluCIeSJ2VUqVM2l/twT0cQ2QdXeWKHlh/LJpFK9UNFM5+BX+WXdL02fg2LYKWqxsEhcMwv8XDgsx1rUKtg/CLOCyKh22BysmtEBhzRaZoVNwA1xbrITGHqiTTpnEw==
####################
yRC1Ds6OCXZZeEGLFUZO5yC+Cb729WpH2LcfDp+NHGJ6s5bQHXOA9ewTw5f9uNKD7pLNk0rS8xDaV77ary9CcUBkg5DkOwbCAEWt4UJJkjmH1QT/AhvFK8MarvpR2qrCLGvsvSGxjA5pnkt4QuZvkpmkHmflp8xtxZIyXBEv0Rw=
####################
i+L0/7DaUj6HUNhprejr6BZDToAmR8LTPSOQtzYtgcw3V4KemHzdNzfwt28Ep1SWeEktMUKJBFHqQMeoCBauEsqqapdjiIiyixpU5PBqahz4JkiGWKMaIXsZej0WiE2Om3TKcrE7ZkQJFx2ExL4lq0WJFfnOAHHeklW/bKPbQ7O0fr+iTUETY24SKX1uMwhwoMUzVwmgYGuyputfS4Th2AKrF1Dtmodu4gDUdAzr4BWrdA4IuPEHS34R0z4VccXcDHPJDcs5XmP5Bjf+MfLoeA==
####################
a4FZ/RCMCD0/Y/V7S27yVYrONTVF+8CqetTVlU65XMihYoYmWyPvIAKbQ12/g5VNT7nafvmdM1yKVo7kxOSjE/qnLK4ptt0ffvGshtvjLlRQZ7MBymvL0o3IaMrqkOVkYl4hgU4o9xcKX4ts8766d6ROY1SJZ8eGMv7pI/ywutU=
####################
uX6B0lvOL74qVbulULKcLiSLG5n1c5vXPoFWlUi39fcPw5tulsTHFGty7P0q5ugbr1IBX1KwlB/uzAWA4DGaa00HCaGFFXVuxM+x9qnIpk9xGOWMCekHPSHXnQ4SQlMVNZt2AIhiiVQ9l/UGUwjtJyR+JPxiBoAv7LAHR2OCdnZe4rUxqTICdF0K814bt1EN1fjoDH4gjvgdE7FIaFH/u7Mqh3lqF8l6gvXFhIrpb5osvKcuKxXvIN8HSD7kI+ObnG4yJV99IerJn41cGbXmiA==
####################
qqixOm2OyY9oI0ZmfbUZ39I9+xQIS4up+1HpHE1PKT/IHy55SV/tbsmgRUQJF+Zu5RPDl7rbX0q+tlcgLe5kUpUYfioSs7DiAEJ4J6ZGb790yz+zBQ3Y6K69hp62vGMAbcBo5Kc4kS6v6+BIgw+jbX/pLgr0jGc1biWFgiFITx0=
####################
qnGVa0Fw8nzkm3aLGDn5SlbdxVLU24Xf3+LiwE6xnEPfidLxMoJqIm97HcwczBwA6h6iaItfQ7Holrf0jDgr25DOPLz4+N+NtWX7pJjVQ02DwirYgimyikNZ6NqJuINElCbC6TGE4oLHang9dJUwn8IIi1RZDn+t4ZVoF/g2iLstc2ca1jzsEEoscKN9Xs5C+bzZo+YL8j5Su2uu7h2ObyVn2ptdaZ0hR98Sm7vUdQ4aJ2VK6wYsgt8TOpssTmO5mVT8mRqFwFVwzdP1HLDp3g==
####################
NcGRdYb6+OVrXF8RAr1z7N0Lx2pxjEI4k+vtThoMssz5NnDTtEu9BOZv1DGj/WVK85/CJw+rB8y2VbLsD5XRHPEEybaUzBoyaFNBAV1UJsALlhbLqUz6HkGbC4StjTGeXCuZ4qjklly9vRXEFeDVey9TggJl+IFS/SWHvM8mB4o=
####################
fK83ah5VcAcJOdyYvQRNwmtzXmnkDqDxn4GYnl4cVjlmhfSNFRUGls92mcWvP6iB/R9Jkv2R8TlDPTbrpMLRvEJCRVSdUZnwK2Npc/RIFrflanSj9EXBs6ULyMopDk6Ba65BUOopdhZ3eq0hjH/uPtWpN963kfvqhBMEqC4gsrOg4flBxFRtELoBwne+kJY7v4zM39s6DVhNohOJxcNQExFwVzPjFPveoXuzzFcRFUl27IgJ7g4jYe0r1haaNtjPa/a2TfYnGhzGrVpxxMYuYg==
