####################
oMdr+JMMWRuaf/956LoCXmLngSdKigX/9LNV5MTAHoQy+7SHfszEZDaApYgTeE5yJDdaXMg+MF9WTH0LuWpSSsErx/jd1+O8bNquPuyavibM9VGvfjGY1ZVAEmYjyD9y1JHZm9LQ7JeXNhZNcAzgN0bZqTAikbX5OAws6vpwgtk=
####################
7kFsfbKO6xO9TKEhNgUMhdez7hHDFkWenMxjEUf/OxagUFY8/S0sKux2YHFu+JZ8zW6nrcfWsRA/JSYkdKodNaXJtxhoeP5gWye8vSOd+Dj1lfqQxpYgQLGx6PleXenDZkaOjK7ih0lpEW059uxSpN7HSUNoW2yealZy5VnXNsVv+ftuUMAeulFJEJ65GpOwb2O5a2O+lAPlICMQgs2uknY5GzkuWFZGvgSQinoecgagqLgHmnUl8UZVGz3XR+AyV+rFdNqXDNW4nt0l0DS+uQ==
####################
M9sVCE0W/7Q86q4DT7E6I13saE+gHFZZz3TY77rOw54sY0j5sZjr50u9HuhMNmPPCYX2BRIT4dvuvtVNrjYbbXP/vdOAZZGnGjMMekLSHoklQOoPT+CMalS04ScvEtGWGHkYx7oy7jd7nTtua9kBoGaTwGLGCvnX0YiGg/ZBVSs=
####################
VlyCt8el9TP/kB7/VX3Ku8gK0sQ+x30Ak8bxkwHvt3bsBMrM13C2gWbjcgeJc+I7BpSjeuiT/kD1FHS+/xFujQQyrf62u2rcg1mFY59xsdfNkfRWoT1x07mp0BatVOBrPxAvpTR8JSvafOVxMXhRDArKd0ANT8ptw6FqEvT0Wt4lFUvJtWVmFvDIQZtE3sooqPrJrVXXRob4+WL2+ml1cwh7MrWrYnp0AQxiUjx/eHB6KxXZ5Kh5o5tPp6itpgKo/FBDtaqTKcW5igEdh0O1bg==
####################
ZRHzYdW3gtiOTIyt1sk8DSCkv0mp3IO2Dp2osI6K1EXwqGPQEdvm/pdT2oGDQqgcnrBu3HQrvQ5CHOPOmrySt4pyxBOdTSUfsBwZWr3ah8kxUwxrkhDVGcECTmhDjCOChOicagtPccRhdyK8aeMIlwlEWzw2YhQ5ew+zx2lpFWA=
####################
Nn4gSDsOBkD2HuP+GiGlBaWEiLwKs3bPyyynKaUsl4ONYhyrAqKx2TH+EIGTLniEKHTNmVwYGG/ktu/W24yShIJP7JWvlMcyJPYvla/eOJ664+PtTAexuCm2BGX3Tp5fbLPEVgy6W6wkv3FKt21ax4pvsE+7S4bEY0wi/3aYvE3+SSza2VKcAaeHyBUQ6maqse7EpJkdRTpSA0QJ6gvheclZvga3Z6znb1uhxNpNjkUHzq7wB+LKgLWihLKU9NCzjYV+ehryoSSo6DHWZrlXmQ==
####################
a6Y5vGvj6R/A/27QRIl8gSw+1mbcmuGNbRWi3bGvtzmI8Yg5teDe8OGjjaoTuQWCkN7HTFm1KpotEwp6pcvVKOwXAIrMdB1dP0bKpQiseDNzXXj6Cgx5y6uDJL6jqmeBSRNRx410uko81dlMBiqQ3otIy4kBiOz2ysmsuSSJagQ=
####################
Jl369jww6W4QV+/D0nFxbbwRlQsCovIkiXkRsUs4ksV4bLdjLCGuyL5D+zyFQyDWzzV++9PzT5DDw+nrEAZXbRvlafIBNDgg/clzpOTd763Eee9iIMkPi9pLyxnkxH8k1K8nJXYPqaa/4rHvB8WahY5XJ6KfPZUaIQKRmWH02n+PsiU1+GtEXy2xV/DRyle0Ea6b99oS18srKxqUyP4R4tzPYF8TUbr9NJkodFrlzTvlKs+MGKaFdHnvPxftusebZOLhxKTPkBRe7AP/KzAFpA==
####################
wls59ODj3kSqoUAfmF9YEuUfDL+F/zzSho750A+eB20aQwRA7b61dJGaws7RTjJGw0UImmG1uRieSkwEJhrbiJqDm7B3ev5xUoUQfjIJj/acaSM0cgyY5fnYyzfBbWNkwHc81ViXqAfqw2NoQQ3PEc8xxsDFZL+OFq5a+1P0Rw4=
####################
l/YYlehIbjl8DkDvwzdSL5vg5oC3cF6TiUPSt+WxAe916z891N2MGa5IeC7gszSKRziEVNw1IcJsKi5xZZ2F7pKgVdRx0Wxw4Ly0Qb/uZF7hcqN1qvB5kaIO3FWmc1Fpyrb8Pq4aMVp/G6K4N4rVfgmfz1czHxNhL4NRlV6MaV3alnT79GrhkZ/jp5USMaYCmiLAO0Gu+eTzblUy++rmIqWr4RYF9DflKoHdlbe00VuOe3mZNw+NPb3xRG23tZEHN/qoGc1R8Ai0ku/kNTGvrQ==
####################
ZAg/Ac3ND8xumRqpWIinOxxPrig8fCrt7BSiXnOXzEiOR0swZgd8KVOCm0x3mc4oUZeEkyNxxvvtzVChx2EstGXzB98kMwNpzkwcpanw67uUTq3OXSGEzKG3hlwi7p6yoaXb45rpjzkJKBG+WBW3rM7g8YXf/1OMoa6Sc0/5ZmA=
####################
j5dFvvYI3WdCS+ea5JvWYthfBS5wnpUlNOJyJO57cK+jV5zTXceN/qU1cEZ0gz+ej10tnjxftR8ZpuGOsTNuCWPpWSgYHLH9f18aVESw1VwmX3UdDuO/SP38nKsUaC5g5oUVmVZYoKv/smOcVGt2KwAOwIgqO5srAGO1JBJFLfjjhv9GFRj16DunAn8A45q6okSPQfPTndc/o3oXUAmeycHZ83Zzatp1uizS5gsMZuFERH0ZUyGcweYo428MXWGzeCQzZ8EaQLvpQt90kDunfA==
####################
Dz5WjHAi0HVp6YZvTa3B5hf5tce9ZQCR0EiJklwOhOrlm1qOj69O+dgEZpOA7ZIxeRMzIPAVPbKvLT7O+FREWQoI/p92es3a/yX2EAyLbqBGBynp6yIji3K5Gl3hdkEHrm2iBad1gJljI/4nRqRYVX2FnyHZs7mW2EB3wwO9Hto=
####################
86DEVuUI7+v0SXGMO2/nHo7vI7fvNQfPNtmPZnSmehB8F0tb22Fv28Gf1+KEQOqPWUffbUElz2HyPqu++PAnUk2RXfXRq+83LbVPnlfxhiNp4oqAmz/UwkyClt/jqK07U7Nui7CzWt5lL+/l473JDcT1PgVCWY/ex7Oox/UC4qUrrXUaNnpBBZDwNMXnWJjZ7rocVoOHOSjm1sHgYI6Qed234qKsqz1DbHx8N4qeAjXS6HVmmmV54n8pWXMinMrIf8VgJh4TMBHxq3nKcUHg7Q==
####################
ibOGkPseqiGs7CdCrkOOvrShK8Sj545EuGv8HM1+6ETNNV8SnInIdq4yb75w3iyJ3L/WsLFAr3QREjA3HCAdkf/MXX38IFrZZbLP/tcGcLvpYfLFcD0vV/i5iW0ArI7igQZFhAVvHXHMflTPXywysPb+VfO6UysjaLxJyGq3ir0=
####################
A7E86t6jyh5c8xSFzUhm+yua9Ddh6nzkVY3BuVos8rILNi+4JV0ngQ7wQXDw9lXx8sZku5E9/63SFwXkYYlFNm0tWklu000MaGa+K/o6m+OwnOvkTUjXMOxydPrR2RVyjtJLhcbgXTbheZsPdhhjB0PO0YFV7JPGo+efGH2BDN+EYsM+veGj3uxBSBI6TG0agGLSriPO0o3ZIgVP8C+vv4OOX+8ogExPzKuEWWF52O3BA04JodlRGDUJx82k9xMPbJH7cwBKPFvEocd33z5Qxg==
####################
HJopJNQMZ/fM7b10fvJCWu97Ui4ymk1n/Z9L4+GHe9hXTVdROUSe6fNdF2DBqHKA/4ngXyl7aL6vIsijoLMUo5t13PFJ+RZU/kdteCf7NfECfIYW7zUaxJfTGbPLryt6/ooSHIhFFAvfMP4G+lu+uwAh/iGZzg9hpdRbdjomjpU=
####################
QZREr8z9Qu6YhFa3ry7jeP4WI2jq+JgD0+CGLihF6F6NT+Mn6bwviEJ0B69eouFFtOo0IJJBc8VChayMefMHEyit6R6Cc5IMCUQmwGt7HB+GJYv9n7xg++zk7Qiu7DVCZI0RKg9XatyZAB4uyXSJJ1XzD9beag7wxo7Fpi4VPxwyFiH8jOF8aJ2wUTfkD7Hgp9E2KJ+qc7/95rVNKA8en8ZotVgLktwy2vbEvQ6jEpsPLT9NCk6MCl2VznVdAX6qlAaDFLXw32+RdyDWVPVu+Q==
####################
HAbBjlhP+dcGtppqRW4P3GSC6puuZsS8MUyjH3w8PGPtZ9LbulLIYMyEsbf+1VtJnWm5QnKcjZhSz62xqpg3OS4WwufM6x8QDF/CKdHqAizpI+lO8C5J0z5ZH8aOqFfM1AGAjreY3lFCUBZQof4THNp+0+2KJ+4HkRbP8vrjbRQ=
####################
pYklftQ2AdkQfXrBgtlVxIITAq/T6n79UI8YqR5KtU1ZTp0D+hHmDw+aDtLH+ATlsHV0HFzzI8d5dXwTzwTfbC0V41BEMxk6dmaRjHg2b9Tq4GIpPanbrTpyuNGjBO0h85obAZSksO/mHw8DjhwQVcTfLkJyCEZUOJmrC3PPnwDjyHqitp+qsnSxNo/Adtyim773a9g+0Xr6usUzE1KJDevttYpSeOzpo9bkoeZiUjAYWdjZ3MK0vftfGSD5kc9pQO18qwwpRqhte1eaZB6DZQ==
####################
RdoUDdatlNyabbYfNJ1GuUd2fRkAVL+cE/DanEsOGpaqSD3ValszYk3EHjYhvdzUAeGeiGiz3VFITyeTZ5AJZHHVFPpkwZSS7zVJX6QenSGvmSRio7MlxW4FdGNMSxI+/jxcg/fZHFSS1GN+yNzY9d8BBPTa3+VxhELHx6Y7e4k=
####################
7JzZG7a8YMQwwlnSIijM8J7Tprn1XKodrl0nlgLyviMpWoMs+pXGFT6YZAejVEXUQW76qcWTanvL6y1uWD4J5QwqK1B6UUIm4zyDczecDS+2LDJ1i+0extt/vHtYp47RaBkRLlNMhz3K0c4uMz+7x2ti2MWubPlhTuP+xP05ghEX0f0XMjuPZjqZKpErrAXkn4NElMoEmeK7TIZqQtctd3CSBt0oso4qLaim+sB+sUwQNJ764sueCtgVM3Zr2AHqVNKSN+/QND52tFYVdrBEhQ==
####################
bpjyNzvAoHNMC0gIvqJlrm6nHPZ91GpMZ8sMTGR9Z4gS4erQ/NH352zx/LSn1ZvMz8/yfwkuToRNz8o8GyJB77+uqffsNbJ3Kzwo1QiHGRj9CM5+crQJc1IN/2xHoGlTufCe8I7jFN+lUDp0UjdYvNkRBeLEkk7s8lTYEIbif0M=
####################
WfXJlkxV5myqS92FJ+UjVSqTminEVJX9LZYODon+tGkRxJy4TRjrXbMyJOyS7IuiOzuTvDUGhFNKpjaBXDy+s+BtCU2OSmX9TI6BUiND4LVEFBafqq5iOzcpGVnwP9McKwewmRdQshznNKuCk0JzFkc53mBBkDHFGsRxsAK0MJTUz4Rc44NUEBaL7TRUQ+BDFCexZicCOPodY3QvVPqcWnDJfBn+BN+3qXlHtEqVtUOl3GB5k86XQkccIEkW7tiEnV+Z2ymoWnAfzv7gCyMM5A==
####################
SqhZUfKxJggtCteBuEL9lIeoRDQcnsS2AqY2bdnOVZlkqoW0maJw7mEXFDwzb1hPwwGNDnpmuq6uaCxmywMGoh+f4rLEu8n/1BFNcvYqNhITvb/9DQlZhICml3tpsgwUpysddDAF2HS4v/bVT3J+fhkRyzMjWCeKSRehnbFr+58=
####################
pBdLx9dgfSwtd9VasP0GFYQ7qobV4Mg2RKeBTzyuLcCwHcRUnrL4YgvM3Nbqc6sWRXxuximeMh6q0E7HfFu71gcIAlkUmn13vGjkOo6JeDFsyQ8eT9x58UkRVHfkqcWaUYwaCH+SzQ1ipr+HOMpo2KPlf/geMMDv/Uu7KJjhy45PkpVpBA4KIvbHhZWhHAtsg9Dr4py8WX1CAw29EsSh3vPKWj/YCG3XNrwm3KZ/UQSaIDkG7FfCjwO5KNsicRwzV+udhD4ATAQcWsXRACBOIA==
####################
wMbiac8gc7BpeEIX9t8my+q1M3eZvRPpk0x1X2W0Z3dof660xwjo322eInVUaWJYCR+kQvQJqKNzxZULcz7yzhvM2PnTIQPOKwuU+L8+5D2fsz0W3WpAet6IPyiEnVemJsSROc/B/F9p57C4/I7Mh4BQqC0QIYbT++RuIQ8zQ5Q=
####################
QLhvAzCpqB0SfUth4BtTmwJ6wbDk44zFUo4Kl/MysEeRCAI9IiBWQkYMWGxQppGcmBMLnh2VcdSYsXewXCjLwmqxDaCadYlsUWAdMZa9Pq8j6HhhL7iH/8/WvSSxjkofY4YgnPChPekEG1Gmo17h8Uz5ylQxK+24lpYe8yBEx6Hdk+0jsW0p1h3HaBbWnS8dnCZR7Tmxeymgl2xWrh61KT3CB0g1WPd6iiFM739AbEgBOxhIGnmRThgYrWGpMIO4WdNePowQRNXm9lgdxasTZQ==
