####################
KtHCS1d7rHVBv9BBRLLDsGt1P3BDPCEJ4HF6kblfO1OW6pBq4N+mDCFKd9kiPnS553r/52436sib1EOC/zT8pdiIOORZ82Gi/uddRx+1NgiPB1P2/4d9HqNNLXqUi67GzHC+xRky++Si3vMMi1doeXHQIDL+No+Vmmzm3w2ebdY=
####################
NH1j3BS0rQejejX/Zx8Nbk7On6DIp0Ox4wlbzKxFWSzP8Vsdfp0of/Ngk+ONNnV/Zp2EMZx9GdCHQE4NvmB5nrl0dSu8z9OzAsy1OSst8m7vU31jAUNmPBBlh9SBqcLHrNERusRqux8cu9qQgigFlZvX+8sVNSwAsW93FN08ovr0JeZE5XfVsWsDCF0FvvliVdVVrqY+vGiGupLjMOMTM5xt4nj5i6GM08hMiFdsk41zNwB/hyZYNrU5vVVuQzBMD1B5nMjIDhhtKT4tqRC95Q==
####################
HR836vVc7zs9OfOdvfgIAWsXNtHLLP77+s+pswVyM3Z2FdfheQteJO5Cr1WDGG1ncd5Fxkzx5SgMKv/dBhOy3nM65ZoweRY3pNHwCsjSJRJhZ8MLaak6L4IlWpdjPEKWAiyKGZgyL5lCmeHaSAKt6BrzJGXSP8kK2nY4sHuYc48=
####################
YK3saEEhormM2aXoinWR2l66j6JiUKBSgbrbvznpyA2SnDRMT0QFYgH8m46s+070zGJQKTEQ5ezgROt1HVu1wbgU+m1VoowoCZAV1w5HxDFxsESMZwwoFzKs5DVwhDbnX/MQV2AS4iyXN4LWARHA+0pBaS0eqQo3FNo4yU/kxBTmndowbvh5YB+y6FG3yxAkQ/NqbRUu1pzs2LgYmiHT/9M9HJtZBJ/oaq2ed92kqEdFdzu0DpDVbrt5ZVgWRHhd17oHKKemCYD1kw58YR7CMA==
####################
GQroHJf5QewzQmc+Hpim7vWmUzcGAtmAEnjo5uAUiq4yAMpApSXVgM+vOYyIl35ZPzibWa0mLgv1XAxWNfCaWKbgf8L6F1QL3EPTv9PGzdbrx7nJnYRTO87JZW2JzNs5hYxCN3aO9HYH5njZFGMsOt3XIiOF4b4VqVMieMhMqgo=
####################
+e6lJhJfPzCH9hKjlFaVQvPJNWRLGPbPVqvIIFzy1WjVEM5vTB45wZJHPrVL/5eKGsJR9etE1WhJY0zpeXrbV8rPhRvh6Nv1ltx/NrqxGvgAm27zjbcv5px3pu80tSbcCsCyhURaPmsEN5rFFvmZuxB92f7KxG9r4QbxZWfFID61C52wHLIqcRvJqEtFWyM9z7x24Rm8qWDi/IFQaDYq51z1dq3L9zYG4gGdDSS348WoRviTudr30SzJO/+JP+qPmPi8OE6PIKejjQ89Tep28g==
####################
QxVH7PxeJBPqRz8TAu62jnETfBwJcEBSplKodvFWY/C8zO99MjlN9rZ9Al89POo1uGxrq/W0lXdv8t7qcjt7r28JwtK1dMPtTlgMBK7OxtApfUXVfZCmHir9Bc649Yr2xtQhpxKpcjVTpnF3QmuJHlwHxBGGa96RONDt1G9jvhM=
####################
p3ChGU501qbw96OErRkbTAtrG5vdyKpUIn/nmrYyz/eQX1D+QaycGXI19YtxItMCPhM4J1mo+HGsiG8XOVyN+G4QHUjZr2Bs2o3U1bup4GyGQF0/lLFpFKqq508DE5go8lVUvpRADZtFKOifhfFqXhY2u0F0Lp3ojGI4M6JSyHi72MIX0cN9QQVMx456M2Vl9NrThhKAqDDTFT0c+fSdzJ/UgOfNQIBdjtQFkEvDNfqIml7erVO+ID/KW2mJaYB3flOnIMeMWdgtUyNQnX3XDg==
####################
YiJJkaYIv7w2PmDfo3XyE0Um9244SUT3eyQ3W1LaLi4BW71QtbAMn0LtYf3JCEUS1BaiKS2OKYoMu56BI7rLn1DjKUddtkxoaYZmhu5Ve+d5zos/ZNMV1B7Wvi6+MLKTCrIWmVYexNkLhTNBj7QNGkIiXyj4OjaoqPAVxY9KA08=
####################
tpkECR2FDthNvEVzB1xjvPoL07AfPvk6xNC3FdS5GZZ4Lz+cU2Vu14O31qBGWF1qpVEBX68izILIbOe3IROvDQVxUytBr01alDo4U6r7lJ7O2TU20nzIvs+f6kOGOKVAltNxdc2PKUtWV0quAQ3kFQItwIpwCO5oX46jcpQzczCV5p3VnCvzORlYzuduXLi25+bi0Rfsj3VhSVgf2Xt1EUpSNOXggahKF7KwfyKQnSY2YTYuRCpdKAVvV+BwKMbFfVjmdRNmsm1Eajgm1AE66A==
####################
aG0gbKVVcvMjhvdgBl6Nso2Av1xs8gOlJeSqy25fawVr+jJkVdLR+iLRDob6XozAPNzcQ/bXS6qozPi1ZjEJqfyvS/GE0mS2T0a43EwSpFpnLuyXsO57qlrOptSZ8QhJivEj5DbgWRrT7bN/tCL6PzW7sEWKgESAI682tIfQXHE=
####################
eB28pmdRkFCUbYAWV+xf7F7PLiKXk1kXGn6S3CUNPIqIrvFEEIDZrBtolZqZdjwdjRSV1Vp1D9hCaOTD6A5XylW663UktmFpkKeTGnISDhgE8sPmY4j+Cj152u/tBF575aJkS3G7qqQAyx3Drf9gp/5SyoAphLUrMX+5Zuc21EeO9RzmzDzfGfmsucmp32ssMPqFtit8Kw+FFdOpsrOZrbL43hx9s8uiNRui2Okj4ijLdAFZlqZ1h2y6Iyah3dGU1eHCuReqKyFPStko3tOBcg==
####################
wkIiwQ2hpzXe8F9Z0cCdU1BpRjGogoycubHy7ioazcAdqYtyUEp/RJUZhJZ8p72a7W2Falz05RFRA7Xes25DwultNfif/WFOqmQTBhgpFo28foh0oVb9dxrWsRh3nDws1/dHfEecEPGy1ytXQfSGGUIqJWGEXb9LjaTm16tmS/Y=
####################
dq3SJ8QLwODrP88SnOegVXYDm+GMdon+Uw+qhicB9d8pJqt/yyJERJpGRmYhPv/CBeIi7tQaLOsoR2Zgdifn0DNBAfRqTVB7txM/Gejzbmz2ND29Z5hEVAlWQ2LrrvWVKid6zBlP0cr6RJ2bPhw4yQmn8DthxjQ0MRfeLUh5j7Nz5oz2UMmZ0fpmFP8aAClBC1Dzst7RRaaQpk7AoXJrnsDlLX72OqVFxuLECYTQgJI5RffDjLUTQmetN0tFfPyVKCfUUc1Y4fLpR/yjoy2nZA==
####################
MMR8ibL/FZypQgOueeBd/sfmTaP6Xw5OIT5auJVqsTPQ09SCNojo+MV5mkt1HTxyGvE4PRFJq6x/g71LE8+LP5PHbu4AGJV6YwNzh24M/SpZdf0BS64508StRxqsGTxeKY1i8zlMD4nNVwLL7gxCYxD8SchgDL3/bWqTp15bTDs=
####################
0fCn8W0Gup/3vqNNtEurrtIvsHXXT/u0Y0kYcZzIyBEFtufGo2+6CU7N2Va2HwJV0oC3RXPZfjf+zo0DUP5l4Q7QjjuS+qbYChS9HzkLhlZQNQPUdk0sS8B7arIOxIhoniRFzBECi0q2oaJMk6iDPqTFAgE2xUZkdQYMD96CaMR1P2iGv0CZYiVkbFqnBvPdl6P+wfNPcGYBH3sYizX5LyUZIb58Xd2bbYvHub8+uWvSg2BoaKG+Qp4C47syoIE02cVKKcRsUP7D/m0MjtJ9Mg==
####################
Xgz7pC1dfXQbqyHGOdUywWBrZqnekObidmIlzrJmrHT2+W1t09ua2eJzgtwGUDrrlWOsclfYkyO8oHFclIEKY7wsG7IB89vbfOI36bjVLCGP9domcUi6W+bAJTjZXi4CO7DGF551Apm7c1rdvTM1xUSqD1X1EAqsEwCgEYCSodE=
####################
Bj9jdb9hwf44gjnC+kvDxem0UpyvIJW0J5eOxhqsbdV9FHJzywW6ivp7lIdSeoFKY9jyuFMD5CTHSaqQxmU9vHvvszdOXtGgnaEG9UcmNgMNk5KiVHI7SPujFDo0W7SJ7ovIs4khaEyNHE+5cQhwr5Q/xjAH0m5F39pXNqE6iLxti3khdQs1sZUmY9+k4oQgufU3VowOSNPpyAjLrL3qAHWlvBhmUbRbx4ZRxpbH+3UbTo9WE3+Z+5uJZLBtH6MvUZPIbDXqNLp3WN+gGuBIIg==
