####################
yy0kChIlusShwAWBOclavvf4nPkFUUsCnXs4+5KXmaU+GOJuY12fJSxj2J6IlQhAldvquONeWILLQ8Vt+n9Ly/XizsB3iFe4yGQ+B1OqK1lqLJ74ySW8ryTh1UwKcWrd7WMIVVftKh2vfsRPO3ovWPa1iQV4oVpOtuPJHFWVpxo=
####################
H7Ugrfypnwm/jrOS/4rpr5eWQzy0m9OayFOHZjb7FMs3jHMaWd9mCfoVsrt6P6rBKvbwjiAVAp5bCeuYRh+oi59sW7XFK4/irRtrmGnrOBlBDorQB0W801VKLm5UBHDRM7NYAbfmDZq2d4fwshExHK3/u/WIIITkdtxLEYnxZ8GJZvCiCVFrw6VCgODLqEcCRIXudjBYTDsf49/sycO23a1JS96T29FlfLzMVezKRcC1ueBDlP6Y0i8mHYgilzZMeMKGk00GcUSkHU6Mslvthg==
####################
goZft85YrBV7MwyTZ7EEJNEoXT+5ciJB95OUxukxlTSPSB29aYYH7Lvpo3ng2kQmpiutWCC55K09dC3Dhj+OL0ok1h4m8KHBCfJqtOg8pHcfviKmGApAXJ3oNcmDybtrc4753zPD0bA52b/xUniAocD1QVk9Z9kEv0d5HdyWk8I=
####################
xJIRgXu5tNLV1Eg47LI7vFL0M0P0kDV4WLH318+ZJdSJuzDp29OuEr0I3X7WeEkX25prkyetSjbnxp0yvjQ1DUP+qn9B1yqBdpZOl+BX2KfFiaIjxaJfQbRlBriU9EwmjW3zBfMyj0CF8eL0HQjTlGmCJT2XLyGMBePoo6EZBzENoW0zzM7OT5tottSvmVcJllKPID19FF1NwuJZd1Zhe6hk57C/fIAc7vqpHLKGr0Y11ujC1072gOnI6YLyojCj/ysKaRY1enAW7x2DDjQg7g==
####################
R1mOsbAo8wHCJpBcOpSNg8PZidr+eHOij67bmXIWlMHBEGzIvthLDVV7aqvAnJ8gw7Bxf9q4wHGpBLfTP+aM1uePTf70OGXC1FIqPiabfr+30ijM0wVek+8oMBHylX8N9rirlpOLuz23k+ZvH8+mC5mqXPAaCaO6HMU4PmEbiNI=
####################
Aq8FGBggKHC0GJkWWgdvyFWiB9538q/sMxves2JfdkFbm1R0mfaC3dAoHvcVD8sBnUDzvq1fCXtno6Zd8imgrXd1ltij7s7suq7lpzZ42B4VDrQUAi0xnyW8LokbiLUvzCplHIsDvpSSUGWNcPXy6MzO02crnxVjJ/fp1ZWer7Ckm7i2mhyq2TF9vbqjP04ZtDbLBQCoZSdpY3r8eUGh6jzmkOx/jtNHL++wGEMscxy3CgyZRq8Hg35Zscrhn5lBAVHCfaDNF6WYCVtPL3ZjQg==
####################
wSUDvX+xdxnEygCVd/1svHNjEbeN5u/KSMmWwFubrzIRtRZACvXs0jtfbq62TQACh0H0dsKPxUc2/4VztEeVc7ynUIUNto/aIogDhXsB3XCBfFEL1xHUknfGniZf6xZVwbJXxiP3dNyvlCrUYNUIrUbx2wExHCr9xAcb0zL+TMs=
####################
hkSNhrx4reo9N711bkKC11FRTfTN/LVzDYg1Sflsze5P9PZ90theIAqg64+ovbhqwSLHS92X9pBacNao/bganhT6Bsq9Qt8TZ8SSiK3/t0+IDJou9MINzMHPiHf7UBF/nf+hMOuinHMM4cksRudRLBFGJSfRAofRZ4kaLDFjo0tNCmodqY0Yp9rmf6DsghrGEM349vy2jL4ZAjK8TzcD89w786mObqIG3DeX6A0M/BK6XVy3vqH2pMinWLbAYws4U7bzs1UnmYxJunPuC7JfEw==
####################
zWwfbgj1CQf/SZUdMbzeUCj2tfMUPrwqxndyiuKxhjp1pnVMQBdKyibVczvKWGVPLpew5E1UB3fOSLg8OhpbtkMNFFeswqzIgnXjUzn0RvO97j9l0gMLL0IOUtqx3NITA+vWEE0rT3dmJeQw0gh80mI4wGVMSwRsu7yXISkmNoM=
####################
czfdXPLTMjxStvnPwCqs/nqLU4PtKvRoVUxHC+ldPu8RDV6qG9YryDgRQUFjT0Sxo7Z5YolIgPTfph+CTRyR5ELs8OUU8TzK9Vy3BxZchjn1kTJadK5r+WQvpvYwkuofGpAQ6qko+tWmP9CcLkZOfsR0ndt19gGNkm3OLi7a8tlTMxV3fNZBInvqBGbEjXH12LT1c54UiPcB8cQCeYIXwdS3gyVOZI78OvFxoCVJlOCMGg/JXRP85rw3P8Q4DSqiuuPcrMOKYJcfjdkkpkKf9A==
####################
P3zTv4IlzRDLTL/2agL1MYyqoIIE8McT+in8DRI4G47QDuxpqKwBHT5KInETJb6gphsb7Cc7/yMfoVGiurUSQx+AYe5qaL8p2TK6pA48togSIeCTMPxjp6m29ccIyV7ygy7kWgsKj3dI36YPSvrKWYs7sHjzytJVM2eRIToI1r0=
####################
J2lMFYYNjFoQM2voAOrn/zWIfaa9NZg1OqURWNmFpS3oQhJ/RdBLF7I83p7Juqu9Sji/qHF6AOXW/9ahgMiKBZ7evats32OGDERdNQZ7xCVKwHSpFPuLcY9b32oEGc8ouFv6MxZhzMSXiNQbkLZO86UzRW5bHSooFDHAWjXBPbvcVrHN+Is/F7A0WQQKfIU1OnU6SaxRnDl2OVx1P6THHdl2vM7ZmEO4z09sYaEZXd+fw//b/mIIlK7Hbw/pAB0DAuQKNUjzm8Eul9YUPptiyw==
####################
ugOljIIT+6sRnNOifahWUwrTR+EOrQLKuq+GiJCs2Bth5X/bF8sqA4kVfAsKJmcQSfQZyroWnGYcJDpZbaPogWxpnue6ocs+Wu4YEmwzyU6yhQVqRfoorszn04WiZGnwmEX0+b2BSzMm2DZUjxOTm30iUKauR45txRctGua1AVY=
####################
av+kaL0RIXnyiJzlSJm/cvn5fP7haECtd98kmMEuDMtBCZFyMfPWkZKCF40pRlG+KwD3tE/N2GWPsn7ZvwsbYU4YHYsmfT9CbSSo86xTGYe5uBAoFPGKUNh3Qy63zP+lNdvi4o4J41UsQyil6UDsqvBu9vZymiDjUKC9l8VHpxew66QqqkzMpExihUAtIrDrbrFfUZasHzRuIROS9CmXSmhuUGBV6I8WPt3TB+QkxnOL9xKv/tmLOR6NS9dfY7I69Eev2qyZxvaMXFt+urrJtw==
####################
DNWR7BU0imZbGW4YI3QtRpEIQlBuWJ+DWOZNzhlGuk8Pnc/Dr4UNKbMArmzvToS8TyMeULbh+id0LEsWlm1BbawVCFrulDuxQm+PL5fWlb0KBbJbCa5CNLt6wc5IPxvCXp5fW56s9lX8RQ5LIrBfxSlQiEZWn2qciknZWEsxD2I=
####################
rI/yAXvo1XMYxw6ClL6Sz17fQeYN4UwuztqkHcAkm7bJdxrnlbM92tZCD2oDgoRrT1fAjFWWX8GduUHhWfRbQsX4lp2GZ5dham1mTuQxl5kSxwayG3Sdf4ZFkPpuNrpS/SIN7wtD/PnWc57u9p4G7wJ2i2UqG6tapoXyJshwFoG/3KVU75MoVyerQkaa3wvyDiBLqNGai9mLqQsJoUCXXl7/cINWn9a+KSR132ZrMh25GA2YnHse11krgzDHBbwdu+ExyYxQmwoA1p/NJoYNPA==
####################
Qvg26R5AM2XtT2sUbeT72k5u5cvR9xE2dTTUm5raFqLG4b9vrCReGVEasV0p19M8yxb3jPN9EL/3zbFB+WIfIxmewlkFETXiZUI8M7L7nIipXG2lqVs0GCKrYGylvpn7lSCOul7qFTKEWpdRa/C4NfWPKICipEXOd12ea69L0EM=
####################
RlMr6zGz3/oeudOzLSPG0kMgh8yOuabkZYOR8NHHk5LDLESx9nsIb6251VZWxUrmhfQaJdbQfA+qxyiBmnyUhefHwdo5HzFy6XLYq/75vh6qsleJ7spUfV25KWCnfzqD3Eipg/Ef0/kfHW13lt3Fy7Gb8nz7LJgULmP2GdA8v8ZxlqyvWIB7IKAWqYaFOjszgZx73VJqbm3rOC/aL0PMd9rFRasI7jKa01X+dJaEG1UkK0PZEIO9R9zqnKSodV5n4ResbkAIKWdzcTSNyKkPkg==
####################
xF6HjBHlqucuj12QVcxjMNVwixeRFKCAqN8HoT2mD5c65fDr5KWfderPWvOC1c4yUrzedsVE+x+RxyB2fivEy2n7PZGwTL91iMjpqy3Q6fg7dzKeUVTTAIOAowzQuAgMQs2wtfP1mxW1E9th3FJwsrgkCb6WMZnt9WItcPc5Pkc=
####################
2CEqXxTJQ4fPaVLyj9fXvTtPQZrnzk7IXmwnEyXb6BRtVhhUjY9xJv4KMFyigcD2e45Hep7pw/xpCZiuVJUp01tHfxor4HkUcs9Boi4x4pkRSxN2Dr1CtojkmRqVMItr1AZJGvg8jOb1NTkRY8MEY56SvoyRm4ql9luZsGJlF77SDmZvz5h1zGQIMszEqe+enD3dbFhHQUYJohBLm8jhgAdNDtjMnEw3pOf1IxXLxZbnIp6zXoN20fIY1eEEOXIoIKq4g4m10HnkefJG5YpLkA==
####################
gRVw/2Th32SoakiUcJvm3TwqRIooNI/lJh3tpDW5sEn2fURCPwkLj1E2CpIowv34HfK84u0XNRbwbtp5+rUVVrbFymiq4M4xZXnwKbYghGEKHSu38K54mhyPG9JelRA8c/qfBeEPgVHk7fOpC8WoIcDYg0wLTD0+6wExHHY3ZDI=
####################
sRsR2GM0Dspe8Fcahpzv88kOgV3kPzHop76LvFIWKEXKOIvuh24Tz4Bl3XBPPa/0E52c1F61ZzojxXMptAl+DRXzZA195cTHm3geCvkm6BRB4IerS+XgKJo3HhSmDzL7HtlTLDcvK9g/qxtb7lqrKEV4JmSEVAhHpAMEjNidAF7gAFmQzw6TtZ2hJY4C5j25bsOofENGMyFB2P2p0pNeGXuP/+dqLS0yTqUuvv8sKfw6WT0lvG0j2XIEItbFHIjihgwMcCnxzhGsW4MtV+EIfg==
####################
kWR+x+iG4ai3J6jlactmi3R6+G+LpQM++ecCnhA1Dob6LgueE3be/gFfulVOsRHlIwy5E9zz0o0Bj2XsKb3VJXVe517OOeXiMjYV3wdnDKeRcabbc8B2CLWiw2v2/BwkZoZVVNqwRQ7BL9FzdEP37I79G4c/rSSqk4E7pi2Vjsk=
####################
jGQvhbbhihsHPwyHqh6Ag5rhaOYeDi8m/JvJLpCyouhLkAlDYmiUMGCdH9z0CD4NN5/YW6K9jZRuflEA3enaLCaWOSb9p2QM/A3gznVCxFtUOq0JiVy171mRKFizlJlLj3cw4dKsYWkh1lq6wiMlEgYI2Ab1sQHPjQfM1MnLBLFt8AGBkRRrYE9qKQlIQCTYU7hLxAdcrXKRz3zW301D34HbWkI6qqhoQoqhMXPWHskgu9hw0ChPptdiJ9OCc8SPPemo/nD6r538kc2muKf5Bw==
####################
YxzMsvw2C8nRWIl5QzVbvKYDscN28tJOZTt1EMRJz8su5xHPOHXqH/bSjtl2oG1UWEuhb3LA8YcRFo7Ar2OWJRDAvgtIRD/1fx4SHOVU5i/UuK0Qn+ubV0yrl9jsiZOmyHvQgJVAgGM77/ldpTx/LWqagK1SO88xzOvZGWABb24=
####################
rZn7q8Ftw4WofOY2uKl6ubcTECpPgGqMW5bLDdLHmGrzHtZiVHyVwLcM+huuq80r9atLajqhscKvpXbu0sUgEvtPj5eoi9XEUPSR+9lgdybtMQsp/NWxogzeYX+5QEuRzWNhR2qwXb/CzpmuqFKy77evgGSNScc0T2bCJl5yr5+CXyB5rrZphcu1YGFor0OTkWA6msZdqdre3nMs+FJJDM6Pd06vsCkFCNYeor+yjTMi+m9MNswUQ1fU2gu4Spto2NW1OriSxBQzxBNShKNL3g==
####################
Bk/yxVCZLkb2QdBbxtGlpuOxD7zjWDqcxNuZ+KF9gGR31r3I6qawFSEudrfoDmB19IXSOxHfru/2TudW37Uw2FUzb8tLWGGXvgDfI3H+BKbjM3V8ze+EUHUS9jeB4Vn6tfa0THmEhimoLcAqOHpM5pmd9C/V4WS4Xw8lmSVdjxc=
####################
a4dkPFS/f1658Qy8Jz1NY3/l1QtLsqOR3HBITiylOt5AL8wFbzfZtY5DliYQbP0du0bPBcPrnDV/QnojCggzarRSdsF/lZHo1JyG377ioZ5Ut7DSd7voDSpyOVmvWNMkNZ85o66OpCqNL+fgcyUsH+DPLjebzEtGoQS4hNSCuKIEqi436FHat0qvKuBtbs+9MwpapD2Q3UU2wCyxNxhD1v7wAVo+6Hl+iU8yL2VMqwjvZlbV1u9wMj8b6ls0SnMhQVAEBiD7gwVaXfWBf5SFFg==
####################
DSC1PA0NSClAEb1RkQsb27qWcv7PzLLREPO2JzlR/8npdwe04ExBln1yCKwpAtHd6mgWZ7ULbAbhCzJ7xBc62foXaDhTc0aplQEovhuRVUHbRwH1u+XnSkxYALlKOnwDs2eu5Esv7gjvuvZwdYMdfBtI58d2o1/6wGDhmL+gTPY=
####################
CJKPdzfMG9TGc593Yu4b0gkmbViwF0zpr5nlRHVVltEhbJ/LA0q7PtbfdLpz9ufRxf2XrYhY1VrHuRAOeCc8Vz2WIUk+YBNecBtEL3LMymayda35VYXlFGEdrAR+H/PYBmmGnQujxfGpHBanTQP0Pk85SuSSh/9eYeyP0v7Ld5WImDrYmNFHQRm1bVAE/779o0VxR2sUNRgm7Wr3x7cdf10MKE99QIeFsem8+DMXeyAejE+Y5lff7SOnt2qVbPdllkkIohthXrj07oCPj5jgXQ==
####################
ds+qO84wKL4Vx5I7iAjENMwIApAtwLGl9UHJr7X61XpewLtahbiOzY2A+BJOR8YtbpqmSi1eOksAnQ3xZ9oXJqAulXzJgGhqwrO589CXvSRc7WsEa2wEhGUAcVMxCswyxZ3mD4nMIyXexYhYKzMjsTLA/h5mdPGLbPp+Cmh80bo=
####################
U/P5COTq6ua2Pv7jyz0g1vKsrRyj7YpqRbWbYyKHM9Z07ovDrbGSW0B4pfd00gzPjuBmss2PT15HMPzP3LAa9lrPiza8lDrdIt8GrjkcFUAgAyrW7FRc5ziI3yHiQKUA7m/CLDOZg+8Yiem1X5HLbsggPTQvIh0go44U9heJ0heOfgKhTRF/kpSjWgiZo0z7drJgXpcCRDAfgvhmJ6nD7cA2DQAreYkJRMpHmq0VXz9Ipu8SRqmL9AWTVg10ztxuPvrEA2ipP4eqUG6sDiarhw==
####################
TthCoBvOV+uEBY1jep3ZgjSS2XznA0gvnxHJ+o224duZEopd6bXjHxnbcBV+RnMqWZ/xFS/FkhSb3ad3Hi55ZazPsGXB0eqpuS1d2XHy/uZ/rtawtZ6QeeQUAd/2lgbXpYVxSiC/j4YFuXSvD4yQfc50v39Bg8zW/Wedr/XRD3M=
####################
u3kHDeg1EsFsleW3qI/7hqmvQXNKjTJIua5eedRxTOHLdulykVE7fuOQuobNHl7cPwA23hpZy+ktiESFmIZSdhrw6xHL71+1Mm4tJGt3HsKbBGo1EB9cufm7LVgxhzjINzx7FU6lV05HrRy/WqVe3B62cQD+6ngkdVZEhvH5gnkxKZ6csUylInwEzAKLTgUhX7PwAyG6AF7ehe8+ONgIFyKiPLspzUeuH+d3eD3TbzKaR/kCefwULD4um6X2n/0X0rHedMUVIkHzKKB4fTMWLQ==
####################
jH1bMVxXVqh4gjUI7EUXxDCNN6vZHmVCaZB+9bNrIFPbJK+5UUdzBCTKyjurfdQ0Vf6b/iHwY5NkyQ0zv9sE4Lm1LU8l6Bfa4MWelZNuKDxSaOWFSg6aCIkVP484zqP14YzSHTAIKoOz212BZHyP/nhx2rpUMLtqKrJlH+LqhK0=
####################
NMs7wovv4eAz3pJlFeKsrHERxvrlu2D5Kprsyy1zvt6zn1d/d/sRV+gohtwXXGzWAHQLdGLgO/8LYaQOvKJJn6JBI5PBtePsBgOCH6PzqfFX5nfjBS8I9kfkWvAbkJ1W9VGejXV0natwds0mEt9VgqSyshJAKr5bsIQAFB2Hxt8PBWygclXOEZd8U2ZePtk/fcFlLGtfRvM22qYFq03tmswKlbADzAKPSCEkOb2Zj6m/kA0Z/lli1VRckezHcxj2JaaV0Ejo4NIp7VHY9wUogQ==
####################
jVv3DNQfGw7jyvITmfKPgbbQ512Wu4I71NA1e8VLd5Po2luqN1qgNxdhjD/xK0ZBke1kOPKpIiJOVbTzcBSzQ5WtTetxXHKOXwTAJDov5mnpe/gBDr1XS1yw8qAebdoXNLb/mfhPXmh5xtHeGrwNab53mbynvKsip1X28jQK3r0=
####################
tSUjm+wP7Zm0SWIuUxdN7PMOkxGefHru663RKQdcyUXiaKcLN4LhL4iO+smP1UOUz7h8grTsktxJdebWrfhJjz8Nrtv0o9dRWMc8eAE752BQ3VPzSsbAWLrNUNJtLvtCJ4wfNP6Apyk4Es5u+fJ6C1piJTkQUcZwZEBckl6Wdg3YmUTJCoxNMtCy5xNcD6G9A1dzUrPMcOeSJSxV3qRgoavo95jAixqKQ3cqkKOEyos8PYLfqT0AYWr+crj+fKyaB1Y0Pe0kup4cypKUAQne1g==
####################
XR0FTnkTAPJB5Zpg+Rg8X4f0/b+f7R6IAv2AUTu/B1QC8fU01KUoPPjcrpW9PUWmJBkb6QdnL/O6YNbEr9zHHDk9Mk1L0Y5vWLRBp+XK1XrXcinbsZLqfWngMtAzUadGNE7Jh95hTRvckmLHB/1gKj2twPyNJIbAo1tcJ/m5uRg=
####################
RWQGURh+hXbeLs/KZ549GtU10SqA+JmvOk8BQPkFoQnPJCR316ciyZpLcCTM7byOgL2wqOQE5SfpL+hkRrlmTtAWyonh87dB8wjVKB3nACZUgqN+fjrslja9WJyQb69RJOStx0MB1MK/YQ7b/6bXYN+h1hqIRO3925XiMYQ6gtJIcifBKlNNF7AQ3z4O0V9KVaQbTujGqit8L0cMPJp0iEepeU6y6gR+mPKzBDgpRlwpjqQcesTHwNrVbZbbh6EoKnvn4hg6PUgE0U/a8VsP6Q==
####################
ZUrle8Q41JNWDgsQ7DS1aBLZBy12Vh4dZs836HibmDUthPtsRfE68TxuNmaZ/nfQNlyy8/cEUR0KFTo2im+zsNSYs9hMvShZ08B+TY+OSUSdOqANM9Nypq34KD3Dx7APDpl37kd/fx61NYZr3Jh2QRyDg0FlzHAAUmEvM5FokKY=
####################
SWKBllhA6i/dmBOay0WGjzHSOWnqgZFbyTwZ5wyHOI51bqv229JgjJkO4QLeoFKsL4RVU4jw75GOdo8VLML0l8nKmp8GiLa4vw/J5qDKQyRkrU3abBGVlCpGRwqDfh5WHiJPkwG1mL8QQA5JGK8v4ezJEx70jGlaZpidZkRkDvvAhrKrfI/jQMHJlFXSepidAItm/+8nSVCVVa+l6PPdl4truvZllLfi2ssO9IhfZrABvm8W/xcFVfcj8M1pQdHI6foI1Rge3jlbUkJicd7cfA==
####################
a/mnRe6n3PkFmUoWQGIfuovcmiNAndHUeoZ92Qw0u10DPlIdu8yNSJxqFe42rL1I+ZjwGUP5ViMiiunQf8ayw3m0vfNkJbfBHS3ZIpUrPEMF6NIHeS5noVKxtBWg7lSbUtJ5/JYmmpq7pPdyzxKV8p7tUsXh7ZYl29Z8to0rpY0=
####################
fHLvsmuXrk2+RGMOUjvBIH0VsOMS8OMQaiC3Np6H7TWKI+5Slt/NkGy+3pneK2vP9Ei+eJ3zKSttMZxue0tG/4AeTY1XXxuWxDAB5LbtIwcEp66QhnddMtNgX/74OKOIcyr0ad1RD2gnuq/Pkkks4hHiD03F1JhvwTAimB+f/7LAbIw5eJy0BZxNqr22qbLesAtoEZO8YBsXQxqaxqlnpIpLVSUDYJFqJFYH5QIc95aZDn4ToIo5GlL4j2D5TPlHYxgVomtGqVIwkYM1s3ci9Q==
####################
xPE9C7WZF7t89LUzH0A7B70al8QhQUvUsaFU8URIH83WF0LCpu6BURAoOqD363j/L/u5Fk1yvN+tsqDW7ecW978GEskbZias2hCaTnJXLNIcQmETNgp2QiJofkeYKzkikaVClnbJqvDi4KJBLsRcJR+jUIBsDpp9pBGLFrPDlCA=
####################
oABcA6CtOuYCLJTmjigM/qyZAa9vx97cYRJu31CAyziu3SJhcB6AdHCfx0HKIEEd5TwQ6qpbzAPrfpickL1QUM9R7g8v99c7qRGFry90DbK7K25om//CFUOV4jjEfhHido5rdzxvoJ86kIrE3u2jXtvKqf+GARtMV4LUplrGn4A4/nRuj0Mj2yywtgwFpcvW5hcRNhICUGmJXUAne8nCbyWSCPXvbDHlluskX8BRYWxZD/8vw1DMhEWo5wehvoYch1bDz1RqHC5GnnIGL7+zBQ==
####################
wk4x6sma2/ScK5Yx4kl7gbWDgsysx0ZPlF+7QDi7C9mHiZFhK2wncSq5d1UdJo5qN5jDiSjzzI1c/ccA4xGwd0/WsCTJkgLomwmT2r36gI+1aeqRr6qfGpcOu+Nymd2l7S6zH3LOEuADWFj5+d9tfqlqXIBwQVHNKSuEwvsDgQQ=
####################
ZztqmW2IQVy0idb/r2scypdaCoCTfGE03NUPnuGnSOuYEPjlm4b8AHwPcNvDRDI7c41LMHMyF5d08xuUiU0IJFXYcxZNkH4nFrhqtW8B2Jo4M3dNkrYAVtlqhi3NyseX4a2oEqDYr4+HoaROhGX3Jhv5KDiS4BVgKfpVG0LX79fxu6ECoIc3rVbRPnsIWXapEHU6Hv4HeQ4CkArJoFsHPAfxEAlinsf611NdcmfgcvenHk8/KA987VVf+GaPpXpSpKNQ2nMw7smEmJS7bR/Q0w==
####################
0lYDNX+PvX+Fn7/sbkfTf+ycrG3B3m3KWH+0npb3ajWiO4KAcv0STcLyHCmNDM2bap2731m0m0UMt6EUGpxZcAXM0/LF1Q1UtM+SySzsz2nXJdoXlRYzm7HoQasBtdc52hv2P9XsGLNYPJ75LDSNpatc6lodTWppyZDcMFM/eXM=
####################
N6NwsSERrSyiXkHAWzfsToDDObplwB9fd86vXvE67xIehw8/RSpyJceMlS5DTSZuvGOFGTPGQ982hBSslyk1bhRyt4MI/sMLeRelxkOUV3ZdkA3WM4XQZeV0fNE+b0TQlCLyO7A3JJyOqf0+7KSDQR5VwYmTOSvC/O4yYDVNzpLY25i8Ko2Crcxcm7W4ed99J3oNAbW2X+WKmKkcYVKgdUdj1UvewV56tWYgUiij+BbUNpFUf1sdwo39jr7Zwzh48dQpgqxJVDhgqpg5aZQBqA==
####################
DDTKDivWoT2F28y/KzKnQPIFFLoOaX5xxLl+191GNRBRtM4+/cijqMrkqku8EJtSstU98+q3C33qlKPC7BVpAu2e/cvO0uUgil8jGzVJxWF6O5tnUK+oCFt7XNR7jjZh4v8Ug2rUjR7+BLikaiijQXB+OvxFGvZKbReh96cNeME=
####################
K4BPAk3W5sP1ZacrxvTYuumDg/MZv+2EZODHYAx1Wp2yKdSbSpQm21XWnNMF35DicHz5u++1dqdK4i922uTa+FY1eJU/ySBH3HnU29kYmqxJS7vBbrbvqgcOLYWhgeaIuwTcdFaAnK/+d3QLHoE3H1klfiI0TabfYU8XCbdy+NqiKEFAYS0EJNf20Jis6Hy38Tu5cDWd9v7Ht2/11YM5fvdQIgwEKl7B+1Bjp2ZVV36RYUWMDFcL+apCsvUiRP75gJuN6yKIdD2ZVxKSLgEqGw==
####################
sCpGWjO52FYkwNlAAjzbvVHFVBepHY3fdIMD+YGP6AUxYgcpTvgsV25C4fZ2ypIo2ME7v58XEmUApE1X9gu97JQaNICTHF/0dcm4Gub2Jq0pQNwh9Tm7e6maDxoQtBvskCTFB+diMPjzm6HSx+Qjul9Mb9OAth4eyegZ/sT2lc0=
####################
jcDaOqYzBIAxfYMCF7ZAdVtB9io2kO91CYTo2j0Y2j7+mi/v0szDWe3wET9Ib0bZUFIPYurdqIkr0aBXnveP0ZNlMEXs7vNzIBo7Jl93M7ez7SO8kaDJbceMsJOZZ+pSGMwvH1KUTwLWc8Gmjq+YqVjxYsiJ8Wrzjdacu2IdnN7L9zuAbN7NCwT9aZC8sUe50aglBXSgJXbP+H0ETleHqQ09t5haE7alnVUr/PgVmPH7crZUQSw5eg4Ku10TSZ3bMhwDh4rQ/sg+9x4zUsXGBg==
####################
PStmg/46032P6f/49FGtJvh/F4ngLVIvPPD2DfL5xB2xHxIpzod9tj+TEkt/+ynaHf39aTq8HFjzWtLRPIGuqibuv4I9xusGMvQV03aR3Ddtyxg+qXeXIu70ii2hBUZlcgMbX581eu98vgKLLwwLddEQlT9eZF0/11IcMC2BZew=
####################
6VPSrtWAB9/SIFLk7HIAObrIkL7Prp52JNTqy6+mRf/mnoYyI+euDJ3pv5oK5qSDh03nPucRTHGeyCxB0/2aBcaOvdRMZ2/nhd1PqCBoVyLvTRjYbaF9jQ446OtuYNAtj70UcKZ2AV8hGqVDIgFQ2aeutDe1CWNGuICZfXNprlhLqLxevkgk2d6N8L3QX7yhTirgsJgsiWiV6ADkyStursVD9XKf/YyHSgI0WfgTDdenn/9wsibty0It+zKTL9+ZLIMpX64eFNXHETDQJO6UyQ==
####################
MipiPGzeeuD8WoNHHhq5SbnqjSb+sAy0ZG6iVuJ10efzoKdPShLji/yxJWkWOmj2dzLFxim2yAnqtRYVLhiWNBLyBlwFIm41pPMY58XxEbSEut9yEpYUYDoXRA3bF87Q+T80RjoQ9RRimo35LZ1nUN+g+QJYkrKFC7EAtcFo7y8=
####################
aRmQO5fccvBu5KEGqUO2QjsQyoLsRtCsk7XHcDbuAqwOMGF80ltQzo6csSqWeDZ1UF1QUo0yEHdv926uUvEfePopyUUtpr4IPSiL/8GBDib0vhqd9FLIwjtm76eBiy8O+2R1wxMat3m/1QwP+l3Pp3I74m+VRctSP0pdhXeXCmpS/FcV1XHI03aRlDkXi7bi9WmywD34q1qpyz/d2MPVTI2HQhQg+lYwBi0NlibgyoghP1v/xoreeSmPTtYM9B0MMDzwm6izH2rxcR0FVFRyuA==
####################
GToSXbIaYzhYgCeOAHjfyn1H2i3LhYfCH0Y/2IjLc1SqQVV+ynv1DR/QzsBAa0t7i8Kct1nQ6VPmtHaJ/JKfMI64eHlZAVqqOGBlZC0P1aqpspe8x5q40D3GlJJ4biQ8jarI2MABmZaIDYvj7IwcjHjCPCzWXhGIcjdwmrsBonc=
####################
pf4B4+iGJf7CDx+MLE73kN+9Hcddm+WSNfHdtvJS8wHr73x/ZbbwrzCKJ5+myFOiCN0z2wtIAY6QuIsq9/NZHg0p+9w/oKYqgPl+kX/HLMBnuVGRYjCTfcY/OektHcAukj2NTr2SFmBZLTenSrz1kxUoFt2I1O5xZ54wfdPhbDeXZT128BTUh9Rg82AbgML4a6CcS8L25MDkFnS9tRnsv8EP7Ag6CiQQ92KOnWh9wP/bnfpaQcAwmJb97QugeXHG848HzZBKDSq/2O+lhhcQkA==
####################
VV1vz0o2ybrsuHDu/8p0fOmChDzv5UH0vdctT7Xr3XxeyNNAaq4JGcCfXl/9KlGmkI+pS5eAfOe3v/B5J1fIWxM+BULgkgQuEPUzn1HvUXuobC+6Fev5NG9cZgUVEC8hm7wPXhiDD0Nob2Sq/flef6hiOwmPAoT89oI65y+ZeCE=
####################
ZCnAbllCPud3wUVfZQc8X8LX6KRVWJnVQ09uFOiBWFLdZh5pNIZHlCMYxIKRJ7WKfrvvVrzdJdtRP7Vt603/32jc9MJL7EBH8xFWaDW0fHe/UdXvzTyzigGDdtsp8CUPqFHXebWTbR2/sltedHXRqZxp4AmnBLRRHqH3FAheXwuq5zkB0Uz6rRwDOLsdt5bJPQhKfOFnem2NJ4mI2nq8CgKbfsiubDZ3D9g2avz03vm1qxvVbyQfxlJxPW1XXQzuCe2ZqSW0/X5wvNUFY6k5kA==
####################
gnuXYr6jmEYhNHDTg3BjeXJjVyu1aATAJq+bo5l5FxqnUnGdmqO8dceScWfRrRCRlSSnrghcocfDIKh6kXp1Gdeb66sd3Kh3ZsUO5CwxZCa2fdTjAbMreczzNtzwuEiHZyAFzE1jJOUp0dfHL/3wFftzKwCtEza5++nmxA4Hsa8=
####################
93cMrYgEcu2W7sP7r1dFHtjUMbwCnieT67d/w+643hBuRiukQEU8WkzNXfZGudgMnVjUZ9zAfKldtP79oAmO96Jj1lLT8KbjiwzXk51VuULFH4jwV3gXG2iQMX1ehz0jaHP/MjDYA3QN1ObljQpBxdie9pdLYF843jDDbHXKPO92cnB6UsrcUBUa73miyeeaT0D1l2tR0ZdozDQhaYYrmYhVqoOC66YtMJlrskgCW7paR4McTpvUfWyK1fo2YN0w/HjY3OQ42JS9L2+ICTCSpQ==
