####################
RLadcOcbKWsL62Nbrl/MMXwkdfgNMnVkUPsq/1sCx3RBhNU8z/UiqK+K5hjh+tsWUpTJ6E7rtVrRm8xBGauEWVzpV5Z3VNH2Z7gckWPXn3WbE4zH5MV7E0gEATjsUot4XeNawFt2Kd10h1n60NCpq7JpbIoatDphLU0VcUwoKCM=
####################
SRdClbrSed/6S0CO66psR46/FazcMDoeSqWVEoslI0gZV/STcnJ0F9VjBd7qFK05iCfLYhM8J/o1pOErWv9QFNVu1iFb4d89EYgNVdFBh6Ka/DMmWCt6xP9hKLe0lq0UGdS7HW/X2PYfATgKxkLCLXv8NhtvP51oMY+ctZReijAXyhzVyR3LH0vkVCKMdSJgGV7S7Qgs5sSXXXALHUe5u/tt1P1/HN1aT3QjBLrS6zLReSSB+PefuxiJ1OkRkj511dh8+ec98MxRYzgAIehv6g==
####################
RChUb7dwg3HZ1rGDfSaguPgMcxWXMSRLqSg/2kzWwk5C31twihV4E4vauEmJJl4vadcG+JM6/6/oCYwGXKfPqG8ILjs6S0aUa8rr9GB0RnX1JD7byWab4hYlP/0F0pF8xeOoQehS0EJTkhlLEC2OhJkkuY08nICLcyxdECWMZRQ=
####################
mzklweXIiQ7j0ZQVw+q/5FRtLc/MYFLuDZnLRTqc6XALYxzIZjoN8fNzmnTWZaBVThkN/zuO7bFvO1cA9pR3w5J9UTw2ExvjNUoTe5/v8sfmSaQK3tpit5vzWWT9obKkqd+A+n9QB5nGrxIatLEqEA5ExGsDUxqOBhXqpJrrIiUGVmgsxGXoI7dpdQV9guRSWosukmDySjNpzovPKm0VHmS2EIb76yJEq4z2dfqdANNLGl7Km2Gk6+VKuPWox6R/lFIbHhv9j9QAVmTjkzuW6Q==
####################
PeIWYMyS7HavJUWni2tTeUez227cpPZNitsYx2pgzWW6goTpW922i9/StApTbqLloCKZtN6rKAcUVF9Xtj2CVPCyYvqrvdVrNa2twttDv11LgZPRnnBqJDhsYtc+pgT8ZhzJHiITDuqOf6l+lKJbF7w9enxi/ulHK1E0uWjju6c=
####################
TlzZ/Pqtldv2ofgKomob7HC/ZGHkCYw8TVUEJILmMjnZnVd+KmJkWT5nE8lBb6XJA+OERSheC29lIxawTho4+Efm6mXjnpUgGP5E4Qz3yHJvbmte4NIXqxESwN8g5AjwbGucxDiBvSu2dJifkh+JrL66nRErS54H6VXpaqaOkvY8zBmJRUzpvNCqrQTD+QAPeQIiCDYi6Dm08AqgEPuf6L9+gnXG3szOnjFA6ymmtUTH2dckorqxyFUj341tl70qnJ99mSAHI3/zn/DXF3UkAg==
####################
Te04tV3HPOp/RyH39p8i0ss0mz6fdLMd0BhctKLNqCN8eImAviSrbMJPlzNPN35xKy4jYOkRibVkbiotm6aQsWanCWu/BcZ0TAlm4MUdPJLSaFGSH9hKWUSjqQyHZ4l5d5akrikyYrG7EAQaY5JoWVzm8al3OF2p6rlmOa+gxcI=
####################
Gpx8F9HPBBjEtZh4JFc3kSqfo4u2J17blXxfmVz0CT7rV46MCi9D5BNUaYq0Dv2z7+bkqcOfng9j5hTj2V/2aaMevVCAeWFSL6aq7vmmqZWUo5uj6rdJlrx7znda64/zpq/jBLu02bqSWvTjxUtryP/bz5k9C07samMUT+ETpFFQe62QY/k8v2iwkr0yA1TSUxIMhSTNo8/8oEC+Dbm1ZcbL1NpHw2TbuACGBbhHLJmbSzAulyXa973UB+K5RX8gjrXy8jmnxocReUljJZp+zQ==
####################
lwsR1W0IyueRXHnyej7G0wZIUNr1Pz7CA3VYNnbh09Aeux43IjzYL2/JSYvb54uuXZnJ4369oYVQLY8LNEuhr7rUjuLShdoBfUunRf6CUMIBaj719kOw3Oawz8rt1anAdUyJicpQ3cPoFFd25LgqPyZyVflQl4ABrI5IIOuAwXs=
####################
PvP+KYEAIWvXRG8+hjOYMdOfQzR8D/MNsAFw667JZPe8zxyVMupPx/Ck9PlX6LJemhCPdp5kF8W82UFuabCOv++fy100CK8NEAXOydN8Py0vT/r9iYCj/n3Dzhn+MdmF8n6BlJApj+zMHO+kFXxYZ+y3cFFSzBjPS8sPxUKenAgdl6qwOsQaQPEXoEAnfTDkrd1vIhXUFuYB8KO+Pg5ZbudbO5kfCTT2gz5Pp0qP/VRem4lgzMFpqSR9dskWYRj9TDH5AzbIVc1KHXvcL2okww==
####################
oVi2V9kFg/2qsJ2De1a5WDHdVHcNxPKBdKv+bFDD3Lrwyr+DdkZttET93vzW1NXuKmI0R3lv8P+tICgPM9K3hZP60vp1NRNvDrk78V2QlqUQdQ89WS5cJh6h2t32clwj73u2O5wi9njwI0wKTRcGL4oQ8VPQZr71IDN7o8QKx0s=
####################
5RFHsC0jium1cI3qhgAVVJMxi0U35ml4bSgfuPteyyEyVb9fihxpEByStdWfWXiHXAe/1C45SFrCaPmBhdkVFj5pLHCLGbqP9SFgj0FqlixwmxOVOnEsBOrfvYJPyX/7F6G9KuDpfu3Yyp/tAt3FNlG1YhTL1dh73V72znQJouSIYaPUf4KXRgdWWUi02iwIPBrvziFEzusbh9T5b+3fq/TSmD5Rx2vygv4lhZxxcFF5vxzl2p4gs0lkoIATpdZGdb+zb5OvEdn0c6c/6pV3QA==
####################
LSvlfUkzzLIc08zyskvzev/7QRIiC1Xgkbo0+JqCLcmXKFa+Jf94enZqQjqs8jZISiILw8Wov0sZj2Idrp439jfVsIKjxbON+4I8/JivgQ7qBt4bBOQuVVe+K+xgDUyzn8ONBsnVRiUKvuACVIu0kA8Lfk1duhrrKqkwVkRHjRM=
####################
fofESkYXF/88tAc6aByWb6SFRPj+ZmG02mefHD+ewxspLXk9ULN4l5BX9ZJaI65Q0H7utGODnUBnIGkPgJJHsqso0tQAx8TGzOT398UtN5EzGyy5xW+Uu7+v1n3tCl2vYv2lCkVpnW70ONsB6xuBZk+allrxM5dwHMaPyieiVn36mbsBevmip2+zFvz3rvpmJFbseygj/n03Ul6MICokHmXt19Kfn8biNrvv/NdKa7vg6U4RSn+Kj3jE8KBCAiKFGefmwkDlT/vg15IUYqHoyw==
####################
iFB8mqKl+hWQC45opzftuKJbzkqlWFd1E8p/snqDm9JTE7MmFDRhl1fwaU8frBPWsF1n7B99+yqaRH3DoM6plW19I4vgJqehlau0FPa9kn9/uf9hFubVMnRRsrjTZIhl4kfgTzIy1dbiYTe09UK5tcmt7J8M+Lek5QyXFpssJsA=
####################
EpkWmZiXFEdsN+oWz7+PCCKwkjfdIhwt2BgZnI4MtFeyhFnuWvYFMHZ++gEjyaGde90tdDbUJYIGyo+31w70NCZaVER2WxODlCxkNx7LRzDyZH9Ikx2k/ARFQiwgqC9KMqEo5W+wBxxpvUwR49Q8/LMho6Xi04d7n7QGuazlbSLtqClzOfUweSGWDlWxNxPoWviPWY8ftKU/O1U6hf7EzHJRuGFGA6eu/4sMujJoFCSi23qKqmMXm+lEk59POyriBoIAI4ICYNSuWYjXjyIaDg==
####################
Frl50XQT9tNoq/zZwhxG+yVzpT+c3a8WLe7aab1D1lwSr14elo1jmbW1ip/t+N8RIcNUZiP72LcZTMWcqSgfkYDa/4PYZPW8b2lwBNldt0sTyp6XikTwwaDWzjn8+WghbUZIz9uAUj8/oByIccEmUNXjtfBgY0taYW0jgrOpyVA=
####################
LVjT6ToTyXvDAwiD4Df2lZv7AAY3xroXYreBACcbB/q8gMcJk2LPIIhtmy1Uwy1QcvPeaH5icszp1So9g/9PUVa5GhkNhug9ax/nV4KlHV2KziKImIptw+E1BwJtavJoh6NvtLYKeclbwxNTzbyCminQ1az2+qJSCfGI4vOC+qKw1RNpy6FIblKg45C9V+TPE1d5GwQMtyxp12wytHKETeDFp2PeyJvceAWo8MLGnHXRm/gPLg7up9V8lWeIqBE22H3d76s/EFUKbN2rpsYOwQ==
####################
jMH3KJwFYw5i7czBYw3p45jzfyFVuI3ZItBaf0eONZymcrkPT/S6HcBlBeB23P1SfpXgM5F4hzLpLvvvTuVXxYHLMlt4CyxqBSJWoGKT31rSlNyg0J91LT1ik/Rl0lFeCgAYCWayG7AloR4aaqNkR8Hm6nsZ8dub53jom0KUWrw=
####################
1+DCh3U6s1B9zWFQVtAZLZU3ENJselrDT7twxrDFYMExmHxK8gT83Ju351z7KDiDyS1dzlNFW4UcD6rt04gJOYzF7l2y1CN8qxWt2ShTxwfhWY5gP4bz8tVmQR/oq2jiWkx2DXENOe8Z8ibL7aWFLmkxWXe8TlmqRmhlYoc7VYh61K67wa61FK1/r2ifYnWyrxSz0JdwyZlVCZxP99aU83P7bJKSXIx1P2fLBdQ1bPw9dBtvnGGLfCF4Wg20tY+zNDT0GfJvKuhFkCWOgQHtxA==
####################
R6UvzUWIKJrrFf7blfYUGRULswQ7AE5H/9nhfLOJItxfDBNRiQpjUjcIpSpPKh0ROvi+4x4qLWaM8VUV6vAfc2ybRtmp5YP1+PrFuhBvI0Kw83R4YGlgm/gZWO9F8RlwtKDnLBPk4GmEGr+l07img8I8RjUnPnq/DqHzIuUoR8E=
####################
n/pHvCERlIQfHcpTS8b8c53X5YWEVwDQ3LxihboFq7/PlDoVQgPQr93/Djw4EilS/i/7IlL9IIs+LPLdWGQNEmjkPPwRaPe6VKgGwoFU0VntL9jwVLuEsk8oV0EO0iftVyHXFPU1p6ZV3VocoZpx+lJ9VQqgckHFiermNdz8Jmm3tmOQHOW5KTqFGdggeA4CAMleNExkMEH5hO7kAjpCtMPrFIc8v5Kyecc40oKxTuEZDLy3Po6wiLQcTubg9JC9fWHrcuIFgqq/ui8CW5AJSA==
