####################
aRz7nQCvByHYxy7lQsI2JcEyXQ7gh74xvUKY1zj97hW1fOGzMaWIUaSfohrofG1MUe+C06766nt4ZZ3XHLn+Hzy40C8u7gQ7fGLktsXzryIvzz//nWBef0xNefymDsVbpeGbZltAXRwWWX/igACRRmJhNhRgf2OKC56cLlQTGr8=
####################
zEcvr6lZL6Gal5OQ8G+UQy5ktvZy/Scp1hdzsUa+THqQ9ogp+58M86vR0o9NRtLEAzsfAJRAeqdWMgStj3AJh4MHeLoREWNBzAYxwAM2yNsptcQ+iBCYlEf98e4xCZeMuQ43lIjab6eNE5xY3zQteDW1St46SGwcDJkDyhCYnmLItOYVhXEanqrFdCkEC6NkayMlr7vBb3Yl9F8Wwx9zEcmcNsMWsTdZWdJIDXg0CifKoHbNsDfZ1z7jku7Qo/RRU0dwzAIvTXTp4NiS8JMLWw==
####################
I2fDHgZt3m0eJZy/GSHBTwsDPgOC4TmnyyIx8ckuIm8QeH59if5NBCk/wLzQjO393fwCvbU7sX8eoEKRGKrwCW4fvrdKM5tJahxOCarsG5dgmLgsjc+orI8qezhS73KQhzrWWS68gzcckUk6fgk0qAoqHENQmuOzy7YTh7AE4YA=
####################
31uZj3Uaj0Q+T22zjEJ5lC3MIeTK7OGXnIYwgkQNifkMvNiEFj5cChXDkEfWFhlN1uWHwhPwCIWomhkViVhyvbkLzA90X6TuulRgS8SiQeuJca8EbmesIg80Q7lfBzTF8vU1/RLxbbviJLRAkj2DXU8T/9on//oZrbbjh/ZxvGsTo6bnZVDdnZR5c7gMh5tQLvzU9Dpq+uOkxa9NyseeL1YPXi5YRiYLwoxhWutk0+piIzY9KfNvAbPmsk4huk8/qtlYpWpDYnxQIR4l/oQxdw==
####################
ICk9IzPLffxr3SPMpbTX4R8k3MlG1sjiGIxRFHuLyChPC13pIkRqHF6GnGMlQraIhdHcebt3nWrpSkyLFBHps8uw6e8HwzPr8F9/j4/izF/vGgri/X8XeErOyhImvDpJJ2ENNWp0n1oLvMhFaGuvhIRpNuZS46qb2w+nc03jHU0=
####################
YbVP4K6zy0fOl4u8FwJwkMRo07EvYhJ+V28gJuhRRrBGi2zqFCVc6m2SKmEsFRRLg6xK5ryGvhoMjeHpIksCqc5Mxa6WxYAXJiJjZhuNHsUv2dybBCgrCEbVVirHJaqCZOIOexaIGE1TiATqwiusnlZ0pg8cdqYXH92zwOTq1w0uz80iHzHLuKooKHBwOPiHRAHib16YIvZ0aRX+nuEF0GpU4oflEaH6MDR71Pq/I0LhJThWs9RCau4/51AcDm24PG08matVKACun41W/SzCdQ==
####################
Rctfl/V9bHEdV+erZJ/43xDgnUaAQBBpZCBouNmAEhb6IwqlMkBNRi29yADRcO5GYUF4t8eT3tEsKxP1uiLRm9r2iFJ+K2hLEE4klN36TG57oTSYZJs7icUpygmkfLZRU73VC9hYy5bhhGkUHJ54Ob9EKGBetSYuL1CzE7drBeE=
####################
+272o5a3VGkHcCFBu1/hUWwmLVkKWJNn5Z9G0z+vjCr0efpasjOZ0Wh8QB7BnZUv9doWJiZb80pyOKB6EXtoR/SzaimGnX0VwnJuxhcGU4wCCYkfXqLE4qjsNcMhuleGREdyjjJdFx5c5sZh0lEvlIzpWwQbgzQvXL3dn6yCXSKT2zMzuwMO3oRaugcmAiz1yCcr+9POBoG7wmEDLYapLMafTXWZrcVW2p9Xm6dGIxOVamYYZLDsHh+R7s5zSL+uI8f/LfxFJ7v4rmnNiuOO9w==
####################
VCUACsVuhZm7VqCnIp4rZsLdCGnTxemf8XoEZs63RF1A6FmBYk09ugnPDK/IgJnHhUt7atHVVb7yzAnO4VKbkpkI97jtlAcePrUeyjat1zvrsVhsoxOwLQ/JqhHRDsZu10fNkCnuq4MN7XY01o4ue6vzaD8/tyUkv68wMh19BEs=
####################
JkdfX9JRpbbGaH+tGLVseh2gVcTSDabw6gGEQM5JAP+kim9A8fAnDORm9aV/7cbWuvRCzf6FvPx+a8wRXDgPDcPB2Zo4/DauGKAgywYCQQoOXnd8hZoO4R+iFRWLaBtR67VHp4rlxo4sJrSwZmM8CvSP//aP4LBZnvuX8Pm3yPb1PGJmNpxgiz8sig+nbMRnqOEele1Taloe+pzlb6sg1LX2dRJ2ntKeg/g9hcCq0RhG8kNglTbkRLa45rM3WvoFKz/QpV9Fsn5puCvBN0TNHA==
####################
fOiMWDrob6LjInFpv24p+X48us+vFm8f/TVZNAQVCwe2P4W1Fjey7XxiBod9P1J8QHYDL177EC2UpubFl6OsYp7+fTM6JBjiQdTXjDy9ofpKuFbXJ5eeIHdX3WZBaTGXgMYyFt3lOWxDSs7JCY+7EDGrSh4WYTCMBZt6sbTNg2U=
####################
6MFoKv6vvQNhZatYJXhJjWqqtMCqRjexrBdmt09a+kIRTC+4oYjRCaKKndv/R+w277z5V7kRje4QrZoiFjGCqeZ57zpv0uvf1zSqJsVDbGAduP2yK4w4CpjlRag2dRF393gOVBEsompv9pA7Yo8CbcIUY5w7FBS0Dn6SqIkh+Idj2nTtiVjwsLzo2mor82xAKZHgiMokXcyBPdeMH+DeHKdwc9JSZ+1aL+eIm55DW+4VKcRCti/1lhgnLRuVdaOGdkkJchL2iX+tjR+8nco7hA==
####################
FjiLbrXL7+0PdCEz+fuTIiGDuWb88SdiyGAZT2dv6izCeWGSRpjCb0aw2kNYZtAPJgboXcpL4aop+rrDuMWdxuOhNgNeeWxaDi/yGXMKpA/8jSLJNsrasXl5XMHjxV38GZaCbiDK4OTXIXccoxnHKAywjqkO8ZgY5OAkD6gMB2s=
####################
lgEbOj12Pt+7YEslG8PkB72EKK70Hw73sPpl3J0kWxKg0IMy4HLMeK28j1zeF02npKndSZWfQx3duWRpVD0o17Iyl7c6p2MzvEthNN9MYdkRPTKAm1k4yt8XXwf+M97tNAL6eLEH4esi9ohA/d37O0twXZO870LCJqb/PWiSgEJDbj6feThmIHH+6VGbDIarXAMms0q9uoNjxOCzRYclDZ0FoWXVopq2uwcUxv3RZpphE97qj68HF2lDFzlayqNZDeq433K6zma5bx0JaWYj5Q==
####################
RFiOYIJqXHltDMqhwZtJN5GPlIQAVFaxN8p1fC8TcdlhUEsc62+bijkgDIp91ABk11YdqxB7Ep5h9vQUWReVPOSrHpKF9kVCgTSgZRrtTBc1okwyfokV8wL64Zxba5E8CToASXRC1EqXCEYf96KvIkmi1X/k7+pkGIgXhS4XbTY=
####################
aFajPB+ggaBYaxiqLbK+HM4fEbizKGvy4oX+2+R1wq8SAZ7A5DCsqHlaQ7iNkiCK2vYox3jsBtKPMIyLYZzW0n7wvYKaiFmEm1RTvHFN+p5jE0eswnK+Elsuv/TxHM/llCp+1fqL6uGbe6eH4C+3vfCz4cGONNRl/fphjPoDLXP6CfGnZortpTfEMcl5V8j5rGzUoUJ3BZ9x+h+FR+tvTiIuG0bLmhFkbvSZID6abhHAm//8JiabEY29n4L4Cv2kRiHlrkegkT0tFxb/g/oaCw==
####################
ONjpQ2hvNFrDjJWzPu1Oaf3P8hTc5AnhpMQxPmrcoppqMcFs+Rk3Zjk9evtY5V8xNgklWwDRL40xu/mru0jqbPneRzYPNAYfdIoeUIdR/6PNb4qhFYurrVsQG1VKxxDM9wYKtqgrA1A8gF83srI43j2iInOfiEnHsL45G56XywU=
####################
BgrGJ7CP2jNl6qZAuwdzHMuvD39GC7ABU2antVN1uEiT+turxhizF5cYBtXd711BkwBE6vuON3QbcppcokwrDbcVbo5fmlngN4/LuCAwDsdOj49gDjvf0vjkc1TCuBa2nUeQj5OXhwkzBNnZ957cHBu6xLThMFjr6/oqW50xiyZKvmKEbcrhKkA6mCLlBCqnedNNFMfkp6M8XB/tNtsz0zAbqPjg7AhRLeegG1WiZE8kFg1ScMyoi5+PKOjLibB409K1EjfkARnYkpz1Qab29Q==
####################
c/iPMFd2Uoi8D7fZnVZk3MISPu9+p3mNvRu9VeKvLzvXRgPl7rJXv1YFuCgspXrGdLPWs/KkVdmlX4ru+UYHB38lrcspQsTzgATdLwTSpLNxFfhNtJqCKR2yN+q+Dk23PF4wBxCkYaiRmG7JQwy3B95sZ3gB71I1RF4UpA6Xtw0=
####################
G9Z4Y5ZC7HuR802dMkTHjD+iQP23BshX9bVCZTu5fYOHrKyZ/YXhwC3/T3bIi2XFGz+X/8gwE3k+Ri1CopaG2FjHrJDaEntUIst9u+n0Z1IXf+1VH/o+Kd3C1PN7yGIdX5EDZw7bdnar0+B884OfEFu0Ep82Da3aWCJw6tmwT5M9GCefFeTn5MabIvmf3l7w+vujVjvEhmqopsV6KNF7bH143f4NodICLqomfxF+EiuYDgUbUG6YxDZWiggCDuzeYXMzIgMCAJoWY6O/wG969A==
####################
Y2NUIW72DoCq1qeKuc9zAMJ/iz+D2M/o+f+7MJHjr5lQnDiwXhDj+/ZuSRf2BYPqODaY9grItY8ELkOYIq6i8HRlpBUYQnYvlJI8ATzZKCXqpdcKdfUwUKKvh9A/RYLTLwcXCdmKKIkzQGgdixD90biloFFSqeVlPpgnaI9U6Eg=
####################
9HFVKbvWUKOgkg8m5FQ+LRS4q95FvpYM25g2TbmkviF8xFCRIOfVIXCcPc5y0tnzSbouAe8U082b+k6Y4iSKC+gjT8AqLWNShCD2kZAhw8Um5zYe3pfNxyXl2JwUJXnLbcCJVraXgIeQvIkPMP6cQK24kCI4DGI5XjFQ6aJI7FNjwaRNW2sltLPvOu0TbJorIHCvudIPadKMH++68GQMQwqvxiljkeoKWe1BlKrCwbKTYZrGDyw/lLhdKq2PJ3oss4P2dgWhVHE5KXu2CoaSaA==
####################
cNd6CnKXSRttMPv/erPcQr7SeyMl6JZ7VJKZ2T/HefggPBVYxlRiixUyrQ1/hdtgDZxR+WOaxXGQQVY11ODxa632mEGW2mgHnWpusyNP62TnZNvGAHmu0WuOyQQ8sHXr1HhSbVx9BW1rLGUItLxmgR2H0HO/vkRREQlZ4yU4epI=
####################
3YwaWjqQGZO7cYE+QtjNeZ/JOZR/D8eIwLCxWqKAe36v++Cw9Bo05VrWtP+o2Ro6YDnqUGXKX08X9LzqZiwYJqF9U5pdRXQndg9XQk4MaI/zdlBCr9n1nBUgJnr3MvYkl7PPAH0IpVy+swpGMz9lFknJpitSIrEOVVU2YZV8Rmd/0RQRV3bC2r4JME+rpewiPAiw1Y5YeGK18pLsurI/NZMq3iNKDmvZOtdhkoRPDVNRobEqpBFrd1thAtRhBdhviQ1/0P9bBRpW/bu6fMC8cA==
####################
LLvwj0MWxO2EIGE+I405AFRoJK5lg7GR6By+EGgkbgGOyCPZfxRxFlY7fT9KypaCd9W1Mp7nJRkdwMiOfnUDIh0q9ehs8uYj4/tedJkvbuioM2xHNKsZX9donIU3ASrPGOqbYkYwwmyfvxOLNrKIV3RjYGEzFh4ZeyavNznmrrI=
####################
d+vxcFCmgG2INZ4eywPT7b/KOwf322sXDqEh/ExjBmGNwQo7ACdMr1M/+dpGNE2aJzujqsH3VfEOacyK8asgYoWFaZ8VKNOdzRLFAJbIFwUNyII6A7XvnaE5CK68GsZjVCeYD7ii51F9u6J+dbTqX8bvfdI+/I0KbHGcVXhPv+0LMBv6xz7m6a/+x+9s+Zo/mmQDmVUwzbY7UrgqN0p75IZxLccpsUQvSU0ULuXuiIwMdZGA99DlTFRujEh7LgFI3O2abkfl+Albe71GgDGewQ==
####################
pWnhAiZEe7Z/VwQOV7oxnuNKGVAqHd4N8LiV5Nf2HIyMYyP8DMuD2M5Q03mwuel05AWsoK7Y0Argei25wf1nJ475zLMR+2PXuht+ghJ7/KKl4dNn/xhUY4KJZxG8gRFpH4h7wCO84ZYXu19NriBKvxZMWi6P1IiooOZqPAS7CVo=
####################
mq7VFrKAwiNugup/ag54hQKHIyHLv9MbaqYAXh3hZvzzjcriWPhuyPdqui4ek5oJIxCVkIExOspYj3UH9/daZRRb+oNCN236W1mKVYYEKM/2T1uETwXLO1XrSIu64e90EdXorTZdEPFU/uG82KZnUCtEs3TmKNsOtyyALF3CEKpXzHf9RzR9VtJPWBxo+gY2l+NxpmzILTvgF6jKa8MhKpDkhPnSjkwAgxudnMSn8K7TyEjSuHm/JeNe30tXDY2lNg3sQZNLvHqtHBlYNLwqow==
####################
JiJIgVRva1YXE/C3jm65txeaH+0wHlE7NF6YCJSO6b+KyfoL2cGogaQ5OGuTPsShGAMlyeYBu60DjSf2yU8NNpph9hSs/qNG27S1w/HiE9kPJZesOoZpIO9ClmPCS3oxvcW0HDVKFK6+L+fQoO3IdjrFW5MGGbk4f8RI2H34Tmk=
####################
8BdB1lStyiLm+bsBj29pEGR18T5f8+lROMlxjdBAhI8Ei/7GpJEHAW/Q5ZHGqLxejHCfDVesZlRBeSU4A+NoY6KlmgqbRWwLb1LB7HEHU1UaXKfPfmjVJ0LcbxtsJYQUyRrDAVDKyWyb5qwnrFO9EikOdQVb/XGsVm6V1KP6x2cQBgPaEL6dZkxxLoQdZK8zHUDFnLlDVRlvZLKGh6zNSW31/fzZe606hf6VArk4xgHf9lW1VI+Vq/kLA5SVKcVTC6tltuNb4ANcJjnbSbg1vg==
####################
Fm2QxSAjysgIeyxpERC4ApzroZr6l7dF5zTEVI/Prr1DSapgw85kSD0wX3PnOQvRNwnmMYNgTPGqAzk8xQLp/+ukydEHPZZzS9yFmj3MLOelr1B5mNtTK6D2c+xz1s+rDiD3I+PmaX4b5YdX1A/6nCYO3MIvt3+FrWdHu5wunys=
####################
eqipg1d6qrxZdJHPnoONwLh0FfNW0PXDHXkLg+alBL2h//RdmXylqf+F1RkPJ4+rLZHSarR1PUkviKXDPj8g2aVfAe8nrkuxK+JDINNZ8wbg198TTi2QVMg4FXUjX4X/XPn/gVqPbAHQEeO4EaeSqbhju1CXX4dDqEnnxK3yYxZROf3Wg10bl2p3vVvn7pP2PWnQ+1r3ZiqLU3EX/Z1gQuaXRdlHQMYyek8mwrydSoV528TYGav2I5nHfA9rxsXNTivz/O9VAoLoo2M0a6Q8LA==
####################
zWwrGCNrQGq7oMlzvxybpaOtJIdwcQjMPwaop5gQ9+rlY5o/RMHU6nxKMGeTnmafuaq3EWZi3RXqJtA2lB9PsQkmEIFwN4Yh9tSJo9cHGKjzh3F32UYXkU2j2wVH/lfL104Zn9CfRxn7dIlbejtYL9Hpf0+cE3uFbqVh60rEERQ=
####################
q+5FOGoo9Cb5ATkmKlI0ERUCOxeWc9tW8ItmhKxfAXv85wIi05G7cFNRRcY2d6OapTu8ceebndZzezNQe9Xqb6wNmpAJfVlHd9QPjOhH2dH4acmox5BQAf7br7Oy/MqFQvvZhrjdecBSgtaYKT0cA9zrTUdpOkUy6w/OYrF48Vu1JklLl5WyuE0LxvNF7ahSfdUrK5VWwVYHHx65dDGONNL8heRuAlm63N9CHqvkmYv7RPllTbCLxYa4yMCJ9ZL2LUnnugufBsqoWsH+ULUZ/A==
####################
Nfpo5ijc86AKPnuWD4nJxp8xwWn/zh25sbFVXF8Ivt3DjKSfBIVyfqErNq/yWDRaCJz7a1GLbp6viDoop8xC5HB3TGg/c1j9tLIO1OkAeej1maXnuvbe0/CS+q27cdH9iQix0B0JuaT8OeeLVKo5nPKPI3B0u6K1YOsq3WkzoKg=
####################
hJgfTiIOFRP2WoR0plJmv0/91Ip8ha2qDFoyIMiWS1gHuEDta+jgZiKiYAKSOL4dCm8on53oT+dE56e9R4m6x45wp0HQ6I68dQUlWkF5MZqQZCS/kKv+tCB/yVyW/G0dvnrs7Ba0oEKOBa/l8Igd6Ma6eE6BQxDxmCr9Qhz7A6tXkbCrt5p6ESk7Ne6f+QO5Uj2jwXbcFny/u2XunoLdALlTLRwEJiQRJryqd/yDUuo7702jbP4SoRJKqCBeBe4XOU4PeA6mW2G6TcayTJtHFQ==
####################
u8ggLZI2zxr5M3ePshltk2qe59wEAs6GYtgtq2Mnk0fHwzHP4csN+cYLzMPnlOwN/JXTdQ+3mW+oTKTKLli955vH+gxg/MvtTjPRXuQFgw15zpgfwloC88c+3wb7GWsSvw0g8YiSFXIsT1uCAGtPTgRbpAqkUrqIJbOrhZDaZE8=
####################
R6+z2mhvbgAUaq98I+og4/QwhUy44k/JhRqL6WMVpgHzM78gLOeyq7goYVLN6lysE5Qe4XlsnQNh5rA2UJz1S4RYGPGBdaCiPFztPpwL5zz0heI2EqRgTwGQjxADZMJXyBljJA3c5SFrCvL1etr4ROWB45LXVaxk9bPDGRaJzag17K+lspMG54Biw7d1hhSkJV7Bjvxar08csovG7fl612Aw/pdH3hBlFgQNTOKngIsurv62jJBqCMeq0zYKWgn86x6eqbTyZuU0VjpCkIl38Q==
####################
0ALozV6231ZYFUUw3k1oYNx9JnEWLLCnZZfS/E8Rm+F1vnhPJWdY/o7wEZd7hp0hHuNa1MQqf12YkWl2d2Xan2YZhbE0+j2o7taQESLhz1ibsNAIF5UPxuvu0WpkQvVay4fTaiVcNvRqZQwb0M39QMVTu0wa38cbOVCr7PooWE4=
####################
nS8mjLMDIMiClkRSaXvbFvBEcEsZWHtcPNcgIsMlyxTSCs0m/pF0aSJryRoBqyaCsxIZSmBLYR26BgvTQL2naibNhRbMLSTo4LbQZ9+XKbCAdoJxZ2PLBTVQSBAs3ZDJBBIyRL9aho3cYMlJWwfO1xIzPU++C8oaDAf9l9/XdvCxscZTL9lHIM7YpbB+Ey4mkXHFDBj6NW/t8/GHKEwdt9mCQKcPPqrpINIpzArQ2JbHX9EAYouzYMDIrMj9/3XeRWuWmP04PQeex5AVIeRXUA==
####################
rYNm3r539NhvUhDJeHc8wl+/DvekAoyLd5IifD9W81s9wXKj9S84lsg2yKDKRSHxRFYYOXqow0G4I1mr5n65J/CmEYzm1h+c2ZOMVwGbISlLnfiEbxHVpOLOMyuOtdAshYgqyy2CQwRn5jxE8mTVmBsSt3aazmH9rkmlxNTTSgg=
####################
w/ax1MfCfoXyoFQsr3KHxakAQa2ptKXnov7EKJxXoPe/IcgAM8IQoPtyjmx6PSuOMgM63vvPJ2m9WEkbrvfnn6ganvgKFcNfnS66HI94DvIdMOcPcken3lHIca5kysKiMmv6TAtRXizZoryc+gCRbXZO7PcpkdKrhd2DRRrPav8Xx7QhRM4AejsaVUm45Am10DIjwCDygmTb12tRtPr5t2T9jwnQLYIP0VxlBDpbk4oTwGclQd7PbENGM6FpV82GGLxfoY7cWBd71MigRf+Weg==
####################
yVhoiTswl2FFrWY9/A9avYWLQhQvl2NpARllB/C1yCYiflxL5SoOJrPUwlTTu2aulDnTTE0GoJJjZIy4PIOWKccIgq6D11fYiE8UVc7gZN6j2ZI7n5/Q9M0BhS6XcW141EYKM/dNKQaN2yku+oS8EPExCIDMj/YuC75dZef59JI=
####################
igvMFL5sR3veJvMcpfoHKbs/QUis4AgB7q9mmSGzIEZJXwIe7C8zyORpm++nguZb9t0ZWgCvzEXMkk/OODcbEJLzxxQ3HfDdyF1KAwMI/kdQtRm1vV6Yjr8JbN8iPg6pKNP0w0AHL8IW98LwF0XTYVRdkwbxd2gvJ5sQFKxypvuaEswuQh0+VWL28R75d0nQxpmpTgCXCUlydDtizVZw9AegiPn6NDzn4tNI9YFAfDHvquqm6IDuyDIso5rjKMvavaXfdl9pMvQqmXi0h+DTjA==
####################
GqOntJKK+s4vRZhU5tF2XiTSDl1/IxTPEmPlCiyQ6CwiKyNqK6AKcXM0o7IKLUIBtkXbkYyK+RUEdMe3fq/J+MvmPjsiSCk2qQty+W/wYOPvh9j2Y0L6l0JKom48ntA+AFEAMmc8jgj3qyGa5W51jhgz0jVnZ7uIMLZZCZu+svw=
####################
cqHSlx21ClaAryiECQRF9chbsFuA5DFUOXVOqoftnkeIO+0FYe6hqGFDHvSM9JZIHCOVXCzWeh0nNbYbqSGra5GQtNQyTivFHkD1vUKGMLq7x/2lplKKVuNoz+y4MfxWRGkvwLYlZP0XAql4DlGUJ/9HmTejMU2Vg5rlTbou70SH9qfJjMhZy4r0Rcpk84OqIJ3WzFYXw9fS3EPrbtI+s33Tnpc+syKLm+7WBFMrjqssQ9St90sLjyrohCM30HB8clakqV77CyE/j1GJsR2VhA==
####################
j35FdP+UkTpqGI28gGEgq/iY0np2G7pY/byrhscRJ0IpbjcZhWYuvlb4eU9RxwxaTxK37W8Ug84m8M8WahtZ0MW3T5yp7mIbb0rqRXhST6lnmQEjr0yGWxJNOBF9oD+RdPWzNOPw5fsZQfpJzVG9jZ4qFO0FllGXqSzgzW2Gf8M=
####################
2AqZfl01RkttalbLuxOhnA4YiK5SZ19PMKA2qTEl361MKlO6vmKpREgUMrVecI6RPk7o7TBdA26ubkrvi694JtO0r9NbcynILtLXIUWYsH+dqqzgDD8khKkGFt9wyLwjbP1sYXJcPSKNMjAGiIRR6KzPhu1moa0FwAn0YWgIlwE7WPZ/t3YD+KJTUoa+E8r0/TX/buTT5DLnbOw6EC6os5MtO7rUMkPyZFqbRjqMCuWYIfVYxMEKCxy3nrvdi9WImTmT3CNS2ihXCih5anFyTA==
####################
I9EsbmuK8Gh2xqrDl7qcXvpsutjYxwSTuJmxJlcnsKAQz5y+FAVEbm98r4h7Aap2FEWfdrquWe7ji2W7foAyz4dGyD4LVEWHmTsBdeyeOpblIAIOTkI1dt81Sv1+Pf+ml0c9LJnRIqyXOZZIx+wd5Uc125F81jiQm7LAAQN+6q4=
####################
ljxYo+qfM6QHdQ7nvdeNuiacAJmlE5yvtl4O5FHJpUi8UJB4AvwGEk957Wkp/4RS4f1dLf9VkOXqEy4kgO4109jSvQFdQ+epxr4iUPO6Xf6XWgczcLGxuYvj5DydV8D3YpKFRo73lpDGPBsIUeWrJCQe24SAFtbpWVcjk8uNsO4Rwai1GU5rhuosOgjTaw6SVhuOiHqPUTPNnf26AFijIfblPaT6UM86o9p63/IO+pwAwOSpqiLNhAxRUOMWzebcd37tOrH0R4jzBjeLWqFk9g==
####################
cmejK5T51x5gFfJpApb7/zzqUMkl1N9T4jDrz/dQgPqrb6l2k6kqln/MMrrJEnPJc/p00dtpC6jYUz3ZGstipVusp4y8KNCvQRtfX/UfkQyXFruuiOXVf44y5Xm2WGcVhYfwaBner8jb+D9Ne5Kn+6fFUBoPOIjE4seAX9rY+Bs=
####################
Ao+VLZOQZvY/VzXYFqT0mPlAtV1LIQgDcIuJxIASgk47vxD5Bw5d3q0lp5X9eB6ZwXa+V3gd0o99/9b3PZRyQQ/eq5Bnou1UxdExSQEsHQlW5pKhsSxIKOXJPzf7XOSx/+N743NmRI5AwnWfeRP1M07AFldzm5ZvR9fqoz+rexC9wQaOAnU0zkLhh9ELHbp9M/KdXhbMsjSJ80bd2hhVHfCg0Rnzjk3xhFS30YcfBvuCKQsLWxQd+0n1xzyAmL/kERq0lt/YIFUMoq8irz6mpQ==
####################
CPQvd74oSWQXgJAAbjLxePP+Wrpt05fFMCkKvIg3NerYh1nkKyME4nkAgPmYGbRYfBCrnjbwPnoW+ViL0PVkolsWUonST/v7tpS/AK5ww1kse/I85qiOX5pLNBa3n6GZ213o8vTbwih5x1IdNfLMwhvY+Ge0Fn4k1tsynwlqEUU=
####################
SPAV0uWpgOBwmzdcARZaYi1XRMqOwBs0BxOucLZNkNvRl+MD9NvgSbZIRV5+nnss75+8EXirjLROx44XMGKZiY4IiJLssUIbxwVgxs/zUwTgq4hT1l9W2xUb7G5sMjNEedb0BHTqQgDWIc2lricH1yVlezXwytmQyVWKKyYrOLJl4c6b3MduFZFQ/KEPZJ5seKKGvH3mqZ/u5iHEE2Xd3r2Tomew5ilio6/EzKeXC5etn6kbula0xtr1SomPFUxyyW7aYpAdkWcOZpYgmVgUww==
####################
MpMUeHXIksIBD1ezsFgZaQ+Cnu46LjOHxdRBtlmn4wPOGsotcknvzL1ZZXUOXhoaEW0BuFCysyjCx0SA0MFsp/x3yZnrdSvJ3cGCsEYFHMb/TDPuTJSjrYce0wxQ174GAWU9A2+rLLcocvnQnd2XqTRWNaoF+rPPAYNUybWLpUo=
####################
L2/P47r6BTx+kBi7HT7hAXz84n6LTr6PfSWCASVtA1iC3w+ZCPbvMT0XMyqFybyzcDBpVWqJ6KyQdv+31Y/dWIpNPKtKVSPOEnUACJgAJ05nN41bhkTK3WpGjKyVnA0d5uAz3MsKMppugvFbJKLtuCnu3SvCPJgAmptMZzZJQZENVoX4aLQRierlmc2XatekWn/S9pKywKzAEQbPgg5OW3QSniN74hpHP/BoOrhxKVT0WUcnABmwCRk717upkifppI9z8Nw3PW1hK6QHxUk0bw==
####################
vwUHk38sV+DLnVCsfT4AhA0JBl3id0FiaV2UVCLF+9mUII1bZbowWfjpuP/rjtRCFWWvMUZD58QPTP5Nnoq2+BYS8EJkvbDUcGLfRiGIsJFphy7BrAg5ZWmxMsRRDrFRuKWIC5kVVf1fGT6uZEkJAMb4U+XdR76RYRzAk0BQxw8=
####################
DSluIRHZyvnwJPPwgZGH8Hv48OBpbhZp8s9QZWcFcDvXcJCrRTrAFsIvkKcwSzFcCse3wi/aoNvTf5cQndM9BeH9kf5mdup19LOs/qmIEHZJf18DtI3GILp6XPVnqry+QrDuEpPMCRLYymHR28v5n1H3E6ryihGDNiOvHZ+Qj/+ecmLlIEzkwl2OP2KEb2SDLiro8PuY7Ir6C3clEqGE/am4egIXpgNL2dd4BW6+B5y5PG+Ma0m1acO0TEvI25606bHfNH9O5/r6dVt93xy2QA==
####################
pnRKFKkUTlVyc4HP5UgVkO8p8mFkLIsjLkvR0jq1CQuOU68NmYDsBKkhl5r54eHg74IgtkE8mmaOZe6lc2JNZkTtm/008uyzx4rT0y9zp8iABOpxV1UcMJtdUz7IWbOY+tjTX/xJUMMsEhYQ22OCOAhN//ltqx7ALx8wDsg2uvc=
####################
prVOYVxHr4nwXv/04sP8rYkXUgi0cNpyoExbjVgU3nEv4RRSLllhJeZ21UYrMRC7RgriIN9Hw9b86dIbovXegRJeOTevAX1I+2rFTn/Gpm1lCSOtW9DeudB6yJ1QROqNdgASp7OImE1eE0LDXTdSVPqUnBDKdux6I/w4zlHG5rgbiAePqjxzbDZ79HMOl+ig23vtgbXSz1ij1QbCVB1XnkxnqU7NLKnr5b1zgVZg55YcJzSj3xElgLochQGaYlonp0y9S8pcQ97tOHoeeMWYtw==
####################
BBBtrH/zvlVbrTGb5OgFB4Q4oG9TPhdggxQaanlp8CaQ8xXiIi5JxFJT2iIqAEMqBUP/CUspjhttEa6/UWKcOsmIC4osEH1g5xmF4e8MeFuMOuPSXM4sV3LV8l1cpOeyLpiaLcTs2hXz8RZgFVZ7SjAEiKTErKslFPwTJh9kcpI=
####################
z5erHjGMNZoQQJujeghpxm2/5JuszN6qx9nRC5R11b13tDNTuKzyP7IUo9W05BkQNFUSJiJdytFJ/e1cpV35uM9NliubAK2Y6eMJdv80qNXquKkkvOVRiCh5gVHgufq8SNIdF3L6X19l678hnlqzJNnQYOMQdLoIfy6fs++1d3MggxX91h6XUys/xNPLWg3GNevrCVlLXgYjm7suY04nkduyh1DGo4jKi8NdQ3OO1ukNkODiovHfM/1Uysl8wlaJClQdgIznFduz3SsYDXlY5g==
####################
Ic/TvHqZWVvhLxDrNqg8ylDt5psGul+dVyO/aED+RbGoZvW+UdE7shGQ2TDvZ9GcXwgEWLfc6+xvaPyuuqNA9s1tqxudvsmTjuqHzic9CEP+SOmYn4HRofTqqNmpBayoa0oLrDdROLWn+coxuhKoky0fo6vHtnGf1bJnFSZc9W8=
####################
1+alTt7mv0m0Z35D1Ib84uZ8yd0Vd9hyiUcXmi16QncgEDvlc6BEDMQ12HdiCGG81GCfCEGx1a3ifmT/lnq6oWM1sA+uMGTu0j0QubpUKFBHqwlVtDQNFCxLls3kwcH2zSNm9pifj6WvNXMkWzxB2B5J2+UB0Vhloplg7/sigb6e38t2qSXiBevYqci7c01EksyE7mCviEy5rqNRkV0m34DfWidWvsZeKd2O6R3MK5OcMDMP+nPtkXsSNBxwSnACP446JAzjnAZwDTgS5SlwtQ==
####################
gTHvs5CArq5kFE3mPm1/F3pJYTyWI2JIDzBU8vLbNURXjMKlm+hFdC0e1gCFz0XttsTpd0gPnEthhRN5HMXtZELDopqcV7PvzWWbHndEk0Q0gSP0JwGZLRhGz0mbimgm31ilOKJgLTLOnE2Cgk1hEOyaoG+/ayvHzWZTxtgHeoE=
####################
gsZ1A/vrZndnuL7prSedT1d1kGVPXE/iswqCTnjNH7MXevt1b5q2zoRGtZEopwKUdvZeByp2TtgNjjTU7Mqc9YNeRVEt5WsOBb/OQ8grOFgnlBw0BuIJNG9d0W28XMaEeLmXv8OhhOs1Ubne2i4/lT7oZB+undeNaFhxK9GflfRr3wgJCzPVAEQB/HpiMaWvnIPkuA6B6tFbhSh+H1CTubXTiDaURnWzFsH3LPboRQyG1i321XKIORiQQCXa7rejfrw9TVahmNCAHTw07XiKGQ==
####################
ORtbRW++BaB1poxsEPb7L1fnjtk2toI4iKF/+3zt20J4KndVDli9n/5CuUvq3u6L6N8wBu3tqd8sDQmbhi8dlo60swtTje15qLoIQ+z0GFZYyt5p1JHZrS5nylRr4iUOksMqQZw5GkwyhIPUYHrF7eTKVE3EF3wJ4CmMZVOv+vI=
####################
rdN6kL0+JLBRU4SgZfURF1+XR/ugBQpIL41+nbllURADTXqdzf05XUfZUcDcbgIGJm7vX4MHP5vgySFNk6/9ZbikHFr16/oj4cevuV+glbOeIaMGrao+mASGsb73G4kzm0JF+T/MkLyqHgQtd6rPr1w3iG7IG8xFk7ssRTwpStJt+P67qb9U/VknhS/1CxVU0VZ2BJAr7nVGWa4V2c/2CxQnYqDdJrZ4nqDV34j0zTFGRRSMdKUnOLSjk4bXYHtSw26epEck700+NXSl0ZWjyw==
####################
o1aLpB6HE4JBwfmTwBDt2xadyCUdoBsAejBDOEnlmOLMbfadGImyzf8YEph87MMu39q1dlKtatQGUoagMlqXLFyotFBD+IHr/MHIOjfuCkdNkBVURiavpHhfwhBCrjLFAGyvURhmWaqqODusVA+PDIh24zKxOL3P6I6H6VtIos8=
####################
TzJJ//Sa3THbeLBWjt7bVlMYvQ90k3wUxsvirW02GWorUxbCCGz+PQWd3jLsCVowmHB1HYRgJMhCppgVbVKQf4n+ArFNRG1qtW1J95Ab8UpnlwUCiup6BbNor9ZJel4BSLzdjc2hH6E60v8i9FdNYbUWpgDjIyOEIOyovU1W7Pcyutj3k4EOwINlYxAZBAlDNg9wL7+e9vavqFPMKo57zRJGHpcZL76trDfRMHYzy0hXakt8rrMksNJg1HjqH0hb9x6wXgY9XvzRCzk94VN2IA==
####################
y3lUmZJcd812syobQ+Y9oYwt7E1mbYVzSIvrHCYQb2Gn9ZKeBdMlIEziwTdi6XquBJi02xTTg/fFcWC2At79aYl/6cd/H/htZxGBTx6ld+aKxzVPwFxlEqox9aw2Ol+Xl+dwWrO7E1/t+sgAIRNFbiLhV9hPh1JQJDr6HJ/THHQ=
####################
9CSXFZae4li6uYHNylWjTSDVw6D7mrI8+qaY61c6WGiKuwHDIHFRg24KbRZvZYVE6vX6zvnOpuDGq4cdhwCL8TUxxyaSuy38/8yEZpONaRKVQWxP3ilev29ItIu0IeiFAeJ8Vtdxy6KIpRGnYd/gBNVQ2WVws6qI70Vw0Br7TRKKwU8cKWoew7apv3ERScp5aSDIiXz5wnGdGXIvYGSsj1cOyNIUMYsu+9mWP3+crAuu2wctOaOGUd3VIiSX8QZN4TyUybHJYWfgoVBRWfFzHw==
####################
GYxRYe0QKS00rvxjxFxnC4uG/HR86idgQhmqmU557vYf+ZKQMOCJleVbj/+vISBbT6vrgmAxIkfuCCSOdkIJc+g2ddf9U0G1kYKOD4WBk5IhcLkoOL+Mm65Ytcyt5oSJLoDT/ck2YVzymTqshUgnDsB2Pjrwlo47JX2AeKcaNks=
####################
9nDJ1GZWOR3cWyou7KmXn2Dv72PR9x1OGk5IVuU7aZ+8GeXSvCLaiPSykIVun6wnLnjvj0MYoSevKjQVCVoDEA/bJvA2bc2EF2PAiIDA2vvgzsubtXLdty34cp4Cx+lcw2C6M7Z05iDtpwh6seh8aN3lI7EH4cxTn3S61OUHwp6/I7Pgc+ZlRR0jjVWTTa0rS/Z3OXivkhnMKk1uJqkyOdbih38bfXGGKaq/BqHUIC6pnlT+Iibcll7uP5H2lCbUKNfaSIErkhNCMIOsow3Kuw==
####################
vJVYApL79VkX/jnJEFfzff9eZUmMl26CbrEL8EYnYTbTayZr+W47SYM92V1GnmEq4Btrbp9Vq5mSPHjweN5sbdktW/zga4x09DZcptj3GEWaMalW8qua8jaIx7Hh0POMzRtytMmvgrFDsKnGTkfdE9lGdfbQiOC/hlz1PSAwfpk=
####################
8ZOMojhUCrHn/M9EoRSAEGJSSLTsUkX7izN0ZrSoEUWuMBtNah1bCPtWoucF+vmqtWkZMJia4Y8w+K/KS7ucCD76LggdtUstDCdHZj+Bei+oPosHklj5lLfvnyyxZOXcYOW4bXCiVF+5+FC6P2jiplRwGg7tY3Z1/GrFBHUTuQKrs8OvU/X1TEOD+Swb05i56KnqBcsNk10r8y+dBEAaDnm6axpCqwnixtV8B6FXI5XDEWkDBwwvj0il/D2HS+CYsJISlOWLRZIS80IaRwpL8g==
####################
C5otVZkV0Aoy+FGS58iyit8YjeerpiyJ6uO+niHlhVIpMeI7kmUutO+l5hycjucthdFj7Z8dGYm54lVneSpvpAWY3Ze9slL+3cZDfVw79zNAofzvLKrdUEtWaFy0nPtTW5dDXdCpbQTV19NCbuXIKpJzJpyGucfH72vgTml//SU=
####################
yk5EvVJpydcN1moEDjgGlqK9QBBtVlaFNoTQC+fD28tHFgupVOj50rDh4B5+kYkl7xEEwUr7SkhvI1H3Rmu6Y070JIu+9TCo7fZWWSmg86+xuDPE1qaMrAtJS83rhmgt2AMWIOQHgohL5pCYLIJxxHpR4huOljh3MlnH2YHCHfkcZZgBa/VG2E/eoJ4cl/kUf9I5uonLIkQ1e/xCOwU6jiTZ0D2B9s4Mmmzvl9Vt0lIsTxjb1/rNA9hk9YswfqbnIw2lvrODGbi7JnwnRPsQiw==
####################
In4B38CsBdlm2qM8ZkM49yq2LKqLWMeHOFejZa446/bc8QyF8cAWjhEb3Uh2OqfRnUobSxt3+t0Sy410Q/P9f1CKw41IBIwtqa/So/ARAoq61trJrYHUGUbEt6CmBrb7QYc2ruvDO/iwLLAfVqzXOaVhzUm2gl9AS+bW/RrPCZA=
####################
+fXdefTYWL/wzdBZKNGQAkhHSrfOIaoiN4IePVwXU8+4mYch/Xd4YFQLSLzthbfy69/bIowVawyl8S3U5VonGtf9+ZrZsbl1ZBZJyb7hguaA+db+mYyHpDdbkmBHu7DpqKntcaB9P/K/XKdqEOt1z1ejiqwJhurQtXjNtNamUupyruvi/5SZeamLL14smSdH4etKxNtUqSfnVRJiSFLSEw5DNyoA/jEPkpDcPbeNgqv7vuHjv9bpaaGe5Kvd7F5ZCJQUQ5P//sodDFhw26jlTA==
####################
XJ9BqyINg8VauIy/OIF6W4Qq5bx44QUUpPtj4+v6gj/qIq3ZRcFt4PT2IlRZkwS2bCLhlNAhU46hqzGnQp2vqBbDkfpxdBl/BnMUO8kPYnAlC9Lmf6Nfrogq9HvyyDhMntnmR1LLoUNNW6Vwq/tLMkG5fvg7Zm7ZYmT0mvQdHDI=
####################
UsCoQMxuHiW5od04vcM18TsKjffo1AssJBA3fiakemad08GiCHH2q03grWnQotsxXzkNlM6Alnl4I60j4FbPZrHrl7TRe7yR/As3hdTx/rFJL/k4cPr326T8IRywZ0ns/ZxS9fwdFY+CtYULMpElDrmkSWKu7bkyT6x7LlOp8AUdcsy/0r6t53o7XNTEAIKTeTfSS2wDDBk5G+R62zJK2s4RBf6b21qYmcgnzHGoVUdkF+WIkq7ZZ61+9UduRZtgHf5yj2CC+u7l/LzrdyH5hA==
####################
NGDgMiHglcIMmlXlFw/g88BOh9gs69yMrRYT9njXlfndZ0ChSk/ozKKUzeg5y7HCuHDA7Y5UjUkBcB8oxbvTOUYj2aXba7kpqOpyrfAzq3NV5V+6UXIeJ2gQxC1SycsOrk3e4rwxsZ+UqpMd9vxnc7uJUnDFch15+6zCgXhKoHQ=
####################
7lEl/MxPiQjtYkmEy7Cd/P148nJL89E63TfIkai59cynQ7Nb2emM/s+AvFVtAeImAh4csciFKgk0l2W3h2upa0ILlEPUGPOMXYsD9dMGpymcyba6ZfE0+p/ehaPEJTX8vqAP/ZjcMWWtqkxx1ogkxFXiM5QqQKnSoKb/fum6yB8h3R35941XVBhjYFWhW5FLcdZgsp7vIAE0XvYxz5XArlczr9Uhx6RNxi419nWMCTUcXdinuzTZtEEfe8pUEadlv4SDEOmWxnVhBUGAX6fSXw==
