####################
U+T/gK6gjcJ6MjO+t3QDNIDZnNoV9GxosZCQRzCprkuF8t9iQIsQdtFPk1QXbll6Vy1UIuw+sHVknI5C0KTLPjds8CEEa9dOQbDLYTz/VwSLEQ/Z1uoJWMT9spRqVD+ajVASUFkxDb7C4JliLVyzIHTF+W9dEEDY9IhyMC2T/1Q=
####################
X7omgQWUcWRwaret14X8wJjojo4KVZmMWVJhpmdPS/7PyyywOyLLHn5phclDL0+BN8sjEM+1K/DLAczgymnvoKMwV4PqKVLuUBJORUpAo0mquHJF+/EIYPY591fWhI3AEVM/IxflsoSLzBAMEn/GPovIxrPGLV5tyvJwY6z9KNNtu0WEL6ED6+URx0pHV8ZgzqDEZupHRgGs2MDFrfZyRDwerhL5bBmH//xcEEPMmQVj/3JHXvRVEmnWOEU10Pk7rFmtuUhEYiamW/sCeEZv1g==
####################
zVqfEjqtIYBO8QF4QaDxZaQe490DSjLXDpIMppx0roVobddTqO6KeSc8Nlte8AWUSpdVqSqKvvT5QUzxn0yZnI0y3gvTaz8xO7eeadAxbY/KarDcFaqF5GnUDhCi/4sseztUZlXiEDhm2vH7eCncww3DcHxwfebqGQrx8wjWyF0=
####################
94PfiTlqXBoRaD59YKRQHmIpmP18M8OMPTY5Uu3irLekctJp3ZHsK+0KR986Q2qDb+bQUcnsy9BC8WejV3U1c2vwJnn1OkbFPyHEk4Gc4w5mmVfn5fPP8QZkXakPjfiGtJJspBOAmpxXunhamz4ZovEZxcmy5LWyuTh7Rmi/UZy7pD5bdB8endDTbC7PNB50Um2W+o1P5imJ17DNXKIK+3eX7PKLRMHYx2UFPkmKajSdcfxxZWs4A+AVcmOgnDLVQdf2PS98KIfgL0wdjjx4OA==
####################
PAnpVyT6ohicaadb33yqvSDRrCuIPQzVlINKT7rKsy1jVHW4fs5wn/PvQPyWuY+cOLPsfixWQ71J7K/2AfIYv+jOo80mShuAXfHg1wQtPEbQR3YkeQyS5KHS3C1MN9GiRs4kA1mHN4ULYeCvjb/wC/Ef3ZoCRd6wPcBbbUpiGzk=
####################
fPJ3lmGdB5P40u/hamv1MHewJtL8VZUN9m00vHMI4ib+nnZWBF+yi9sajd7/hHKAxI5X1QuSesjnzYkJbr8MYwnLG50vlOIAuVRhSbxwMT7n0FAYoaxwiQpbQ7URYJhxpjMJGjN0l1Rwfn8ZDOnsl2qp9ARez8us0mvtQw7NA2R0ssFtfsfklQfJSunrjQtj7q8CfuDHiRDMtyLUwmUy1kRzCWc/KhqeH2h2WEXBThCEXCnOsJzLQyQJv+Ix4N28YXYMXzz9DmOErtGjWrhoOQ==
####################
F0h97BuI02QqB5fDQo66kywKNR6RQplYAZM7P0Atb/o+AwJSxQbO8w90pzjL2wo7HblH3yYE2cTj6ou0FL7ki+KCd9w4j26WKEuMpGgVCngEidV58DUGoxavysdlh1dVTt7uwLAkmOkbx1X2OGG22wAfcJziMMCG+vOuLwrQSEs=
####################
gcJvLETSSqmBZRNmCKawp7gnfm4OJrpayR0VygihqU4OBJ3qTLtTDj0Dcad2vKT/6M4zNOkd4/hfiASDdrpJehnUPShbYTraGJtyZVpLSplYHKzk99BB72zhbeUmaZMDSC3xR9z8sKB8NgmG6sA88uGdrf7+v8DUCp2nQ+/QAMvP7L8DFzNqMmzNwl2QTOJcPbeaGjSznp8ggR4ONqAC+3EdQE4lvyPajWRC0/srReZkUnsuoD16KiZN4M358+Y5BqtwLCGEweor/1yGmy+C4g==
####################
TavzXHiB8P46MIXl3rCB6Mh3uQnjvlTWyWneZByRKjmF9IkQ92+3iOZs02elrE26eKBY4WJC7a3vN6e0SEld37cCwz9y4RwgM0D5eKFebWKbdgxMcdIdazPc5k5IKn4ZbFlQrigMX1O26enTAU9GDHt+rvvHOe5FwWKvCn3Ix8I=
####################
yiYF82nlf7ZGKD6azfE/nr27BJIWVRy7/lQsRAuKmjyXbOfK1pKcAZnZaoUXVNsBzkswfLIvDvJoeY4XsgPJhT2HcldqMzBJdFZfbesk04lHmcCpRSjqQyRlNLF4Ifc+oJSy+GpkD6UyH8+nA4XmASf8tV3/yAd+VEv4bpKWL8483RsfvDmEqkgpQ7FkX87u14P3jOHhF/fZaivsb9TOKQrFCTT9abjqiCqT4bYbBgO7KDy7bPPHK5DW1LBO/hb+z5eWyAqwUAB1J/R8I4wN1g==
####################
dIqmNRVM8iux7XiPP1nWbwQbV8Rspc91H9h7lKq6xjPs3x882DOyuGpTXYs0HR/1wmLhy4zC3MSxwNBsAYZ7PCRApABdFWhgfaRKfenEpGGfpjT7Rut2Lfc5IQF+/GdVJc+EDdQuGpwG56FMMDsPLiwTYy9P60p1Fouf5DQrXOE=
####################
E0ktKrATyK+VxYMenFAQvenNZCruBmnkNRUcBxb+QVws0oLPrWvu12rUBI6tU+JjJtsunXk96ZOTJjPOfgjh46NIHIf38TLI+II+cfuUsZQm+5jyiuN4/vwmYUjn5HYAtuCMW/9wmWRXkAXFIBVnPxuExciQ2pVoMeNLx3jl96A03n0yhQyb4k3qHnI2ohYKq1MwPNKWiqeQXMcA85hORTWlVRai6cvRHbMaVfgEPbjLu/YSxucRcwRlMSXCdG2Mt57UTDiKTbzRovnB47r/AA==
####################
i6XACno8n/JQZ/quhh/9jyO84k565XA1mRQoJ+IgNCuI3DWncD+15NbCTM2BmMg4J5E9vI9UQ4rQdCZY6LJomq+hDOHOG8kgzlSDiJVhhWCMnZO0k0wS/n+3vJom3aGfY97KwVNwXBJVr6vVc001UnJ3C0NMnwWmkInv7APLh58=
####################
fBomzjz/I1sZbFujhUlTFvQ9oJWL40hKSNu6vx+efOcObI0YjoEPut/YzzeSsIPPDPw7tZ/L+Bgd5xxl9so4PG1rPsZhuRvS2MNlJNDm8O8g59oOUmvtZgWULZowJet3vD6gztLKPdYYzla6EQ6vaDlKLjWBIxixc0k3r3GHpKWgJNOL1Uy9plZBJSKlplQZwkD1zfbgdOqTlAwS+fWV7oEfg2IKuCyiCO8lyYgb/u1FzokZq66EMos37ORGE6bzHOApmbZEzujT0j/QW7iaLg==
####################
VWCKAoiRdHvxOylj5raNeNFGKJXfhlbzZlZnEqPEKnSJhTjbXn1OF7m3YF5yd5Pzl9d/BEhXuDIL8gcf/6kAQGc0P+6kfzr5lg7rMzuj6Ov8Y0ciNI3dTDtpLzCBpFHMf9TKmtxFmLvNkbEbbpLGOQXrvkvs0KASZHsslUiZ570=
####################
YMEwPXcCyfaYKoKSQUZXcyXnHbHHp/KFuIu7dLQtzgSXyo51HEJewpVWV0SjISp8OGeZWwyMsDfJnXuJBJGrkIzaHXldUebPGhUCoK/y++9P7Y0hn/gA2ganpKJoSDeee+MX3hhcxt3l+yFVmtSo/kRfL7ahhYl9sB54u2t7cVcKdp6vPxeKpolnqSG+YjYrgRxPMMex9cEcFX4PdJeTVcfGIUmv1OBsjxQ6L2l1K67w//vhdTz+eNLoZ/ZzCJYKQVr75Jp5jEJ65fyklvSm+w==
####################
Y4XtdYYnAU0/boedxnrv11XQwX2KhsqvAIMhILy9jvsng2c28U5ISYc8uNtAH71Ssf+CXvhx3NBlMl/GPecEwMdEJxCqdIi/nH5IpN/ojxl01Ubh8QF+q+Zf78znM5uEaBbRclAthZyO2sp5HytKVTgwzI3tV1ZA/020gvqTLEo=
####################
/MSwkoBzCHS75wwhYcYAwjnSHbCew+8bqcKXqhdq5S/eIu6cxS/9kOVvMirLc2F6pLUyZO7+RSJ24Yz3vvYAClXRBb82AzPxdacRx4Iv4E6s7mG5KDQzjkE6WFIbr6bhhoAn49P5IZpirRG2YfLtKX0QitCie89+yorXznF4UuOc2YACrbIOoDEOnCebbyRz79qqkNlsqq5nJWwUE6mHts4QEQUFHkId2Wjt+MhOagHQ1FhbtkLE9wpLNoshDqYnrYMyASLpLkvfpak5TgauRQ==
####################
YQEItp3/26ZlHrM4gC59d7X74Ir+J4eXmjsZ3KBAJPjdNmwrNp5nSN8rqBGvjL+VzZ1ph5N2USoepRqQMCHJqOVoIsR/yibGZcdPmXAACDCZFkpvV5RDJgSRmKTl9D2Rwx72XH9CpQxIRoFX51QN0ZWTu27m2kUaGNJeUtQc+2I=
####################
1jKRoi6TifXknBigy0joMj3yP8iILIoIUR+Ag6OnlRKgrRPUSMno7Juowxud6n6IkqKHdaQcbeCoV2ex02v1MY47J6x5TbqrHkWmm4RGz/IxQIJtJWEy1c78RE0Ib3VMnlFeYdpYFZlW9C4UeVnUWff1WxJKeygYSbZ1NB/k3MFCdw4i7FH7tHVFpru9BanRBeSzpiwQynK/nO77uoBv5dwgj/in9V8xpiRWZQ4ntJJvzwegV8q/8SLAeRDzlFWXWb3jolHS7orcdvgD2BKx2Q==
####################
tWAmYLD74xyLeqHc7zlQNtFWP96fsDkQElQHYecajZF0lFHOnBTZlxmzg0WXjGA/ltzz54w0W5H9M9IJU2EEX+r/1fZ9mkErJzK4yyiJTEKTDZlw5/DQZYQoD/ge2LTDh5sddKOTmedlrmLPqBNMshkAl1xGOMLYT8vqMeHDOvw=
####################
bxRtEuqVU+HAylV1zTvk/OAywwZEIXH67ga02lctU5mjvqBfz7qQTTTOxz/2f45vNJzLrZRr3Gt2V9yBkK3B04+NszrN2fwwZ2o8HpKOKOlG4blPmkQTDzB8pgPr/tLmBWneHmVIi8miroege7fm+HjWCFL4vD3LpE6jSoM78hXlMxz9tUMql6h8gj4Woc3AR+ZbdLoo/JVdyCEgIM2r9sndJfh7EYnvlmcVD7vgG8e3z8/fnME3KyDo9XLTXIyd/c9Y1XToR8j62O2E8m2dlg==
####################
BBpPam5fbImRvHWlLYZ12Z4b1JQrjhTvd75GDY2NR/+Ko/YfFQ14qs1n1/K84IbkGBKWH4G/GvUAvrza0CjbpIp1JohzPViA5x7nRWnIKMFyGyq8gKBKklWY/sVGdrygWqIzwpOO8PT0i+wqH/09H7LJ6sBY/ZJ3i7gwG0FXVQc=
####################
NId6nMX9cac06bcFUiBFHI/xhCKf+9xOXpas+w5+haZGH6KgZOCmqq8AZf1rCkrq2dBySRHabjKHCnlKFEVQ1icy5dYyubZ3Tb4H5L2YS/Y6W2YkTYtXiQsMVRL7aoFunMte4R7C3qGZStjo2qohMt7cx6HEQ+6WQal7hXlTYsBOwUePP6r025aVd/w5Xd4GUD/rEU/GHnPfcyoZBgxRpSp1uYbuAofo94Q8WAWedG6a/8T53Jl/aJ/0686WO//5h3uif3CmbBwDvK802lTA2w==
####################
oF9HD7JdgIsr3Msj5aNAkIzl5a96EFOSyy06EfJct8FL+73BvUqfnt4S6Z+QMFV+Wg4V+FHyHw4pGKL3da1UZ0yfm336KH7z0fXT8RWlttX3CEdrK1Yg5zzAzYwsQHHfTJTv2Fe7gv3D57L+7Ag3vu3fH1tF1d81rHv480w40mg=
####################
WQmrcWU00MiaZGfjyTx+k5xrx+KzqqggJ8WHCsoQgoX9MDKt5xPonE2ycqKirwChTaAHdStsGBmPbAue+eHKrfjb9tO9yggSJdJtx/LVF+RnYq279Q0+pXpC3QFLUcZmj7jqyJO4viP6KgSdqCVUrVkt+TV8kL1ZzUt4Bt5idCxNaSSh1/U1k68MbSWVbF21B8XLQGguj91B8H1nut7y+BsmVUhKwMCQ2GTTeg8qSC2waqt7zZ6cgAnW3l6Kdh3Wdu5sFNAxrbjGyWemVKipcQ==
####################
OGaoiFCUbllGOYvoFBD2wPZfpoAkHWkldHZWe18HVZyjON+JuRKHAh2aU54YQJY2oDc1YrNs/l54tHbpDH743YReRNzJwndSvDG9Xc4ZBWzHOPBCYXTbfx+DmnTZ5LjOovSz7GEVYO3jzmFG2eNGthJ9Kmj6T3Yew4O88oV2co0=
####################
JDf5ZsXDqx3JLehUHem09qRZSuo0lAS6OxdVint8F2VCVXYBxGeQ2EiJs8nY2h5s0qHFUc5mWB7kmb7G4HmOh36F7OAVq6t7oUApctIav6yVHpd8SUvt4vy8S/LAEBLGwEWM7XLxT03JAnit0xgn0sY9J1xFf1cwGLXi0Y9SQYSRbkHpv61uTsBnFQiRG30Hzh8YV/ImOptZZYwVbLsIxFoPmu4BrhfG3LhB1Wf6vIq26rSqYxqi8u8QxoSsJShvwhWSIAJ6zOHamYU7DXm/QQ==
####################
QIh63qydrWNBu/RxwSGutqHzRkVyr1KQnkqcn8FBzOQXJROvtu1dd75U+bxzVfkwY1w3gn6sW2hgpKlA9d9nJL3b8SUUi2XV693Q1DvqruM0e8t6N2SpDiab+DAL2GzW9Vv/CD6/OCk3cS6TSN1oY8lGd4WqHJuQCbzxziXuaso=
####################
sThr0ZPJqZHDZG8H5XmFL3lRAcOmtjuZKopfE7joBEsZFSahheuRExR+TI5Uw9awEUrq3yTvCiQNXCUsTZeQdobQQ3+n4K7tzhqeZQZey9BhgkuIxRzbJB3aUYNczl2jMXiy5RW/6qOdkHp4DFdcg+CxavGgyGFwduhdBz9az/a698MkQIJRoD26EGRAcA3+yRYQWuDc8cqc/ZGrk9M4zgE12cVgrTcdbQ+pT61QufionA1s/r62ILC5nfcJgnu5PDNMJIGKSuLGb5InAkZIiw==
####################
kpYTJOth0cb7mVQZ2GICEotorA6xggIo5+MpZi9VjL5IWwV4bLKKqk35tZzSMuRf8SMADD+XkW5lxPZvpMsbnlKxf3hFlc8jwWbR29c62WB4rejfQAvrT1NGe0/UkcbpfBBH/pgS9YG1BTjhNhS2+SHogCiMH7eiNJJM+1zUAkM=
####################
KicGQf1ElbcpU1RyMvs2xhT8PRpIzDGepQ6a9cPGVRuRHgEkycMQr267iiOB5xcCDSgcDmI66OGRoL+HSDE1WrbpC4dBx44WjHM1Qkc9ksElOCSYHt6qbdchXy/gRIsh5/ND7sADqnwnQAsbfY4RxnkjuOZ/iGO4SMzNJQdbkbCbJDBupd4L7pVTHoVI3yF+BoMMp4EFrO0CxaBh9fXPcbqyFc+1wcIc89i8rIXrbT01hVD2oZfCilSBVyzAz3zJrO0sgTOiIb6LsoZQamBZBQ==
####################
ZlSPphCQBuXYOrNoOyHvgFZSr42aLh2QE0CXyOIo+ghbmAX9J8Es82X5qiOrhUefGVZkCRao1/8M6o/E6EHB+jozbAxekVA+g9Zzrg+SjOej65WU+99mV3pCZfgyvud8PwJMgCnaG4jkrTA22TMPxHQ6w7I5+7slFVkiYclGNtM=
####################
tSz0KOTRU8HrFjQSZnvVrsMqkF9+MTg3Ox3jFIwmpuU+vtFS+vvYTem+6aLejXfvH5jJl9olVr7DoWBj8ftawST+X4kO8H4fTxZgeeHYAzjJ9A0HQ8vV7cjSkHTEasfBx6Lh6FCxCl8BsdXDBo5wQcwUMMT9av8oEVHdjfDgDXJmNIrmIVlnJ/f5KJkqzlhVcaQ5iZwnJGB5rHURyyKdZxRa7DOQIPCuOP7DrwxrXZVQS+B9IC2O2U1Me+A4H7Ojj+65SG3wbOEO1dGqtz3mww==
####################
fDhf6yz5YrBodNPWK6AzypYgRrVGL/4/BfZlbkrnVhWPAn3o7B4NaDamZv7t9rKWOq70P2F1haRg1RDPsLhpOtymE2YScZwMF6MfFOw9MINXSSL6c+zZavWjSjAsGZucVo+mz0StjDrUIYHqoJY7+BKzIRI8upwemvWl7RsDYN0=
####################
vYwWvWiSwZWpWavTtj5HOFvB+D8cNHhvGE+du06FnQIDAfSQbaftRX9W5AE79rxuwLtz2kxc2zVMh2329CpYFUIDKD20cOX6v3lmGNG0ET33My9BIkLLeaPYCcoETV1h7kq440LPrPHoEvk/7jcnDSzkaCM3jQMXwZaC9Lb8H59Y6SABqdoXD+bXgGxUwyOnjxTI+sped04dbPT31JNVtQzJEHwnaKxmaYy8osU5njjtVavTaytzI+Z9bPs8Uw4iYDyU5x2NHM8CwrlzVsS9Ew==
####################
P/gE2WtK+MBOZe3BASIxsl/0MMeX8sMiw/SRgON248iJUUYy4I6Gmo48xB740YD+8bPmXUaXuXDE7U9uVCEPI7O6aLULC8APjy/VS66pBg+T4LJi0Jd8Y1QZMGpcCBpM832EO16D6EDPI5iJFtbJ1ZmOCq0+jxKWW9NS0M92/HU=
####################
+wUqK/ZSiYylYPcwO4Z2pavJFMhq/fXCJAxUj23VFLSOP8FftoLMLSiVnRwL5TtUJcYLtpYEo7DZ4iJErbw5btHcCSys0w8gMCd9cBBV651OAileqe2I9OO4fIDP0tG4tb9fRdEY4hNvVxABDKUzd3uKvC3jk2EuOHnffJW3NKUF/5kDujW/LHaeUCEsnn9X2V6jEDHGHd69d7vl8FZnZ6AyHVZNQtZUlAbyIqDBKPgr+poKq4Pfzr74egrT/tOctf/lZ49YMI71lCzE7PyTaQ==
####################
lvqsmVYzez6k/YeXdzqZ0Jjq8AfTGeUyoSTJt5m4D4sOinz4k/KUEHw3OuZs4kYFWY6E8043877WaD4Shn1B3Gj0IfXIcEBoR/JyO7uIZFF+KdNuu3eYoUWAHZxrF+y+hEaTiFGyduyRolsf1XsQEacB016Fcm06cwZquxD+QO0=
####################
+u6WKMbPRbwPzgOzR2A2xi/jONHx2UwRmbD7LzJ6/ZlePgvR28E6iFmjqh09h7RQ8QL0hxdnqB7mVmiPS9iy/9twQNTE6SMFt7zSxh9twKID3Gu9TqCnGlqrkqlxan+V5rt4LAl8CUk337gj4uhXUYyrYaO77BdtmiUZRhYBPIGt1GVCOBXOEt6E8qUGNQ4OQ+xP1FvYi9FR9QSeti4K5dDPI0ytAU6tYYGLeJzpcSU4r2KZ9Wle5K584demm/wAhyu7oxuZhs6wX1zCZe/NfA==
####################
WyYk6/Ftzzxgic1/aMo6RMpiYJ7X+uCvP1MoNhqoKk+DC382IegiSTKF0Dxoe6YiDyu0Q9FRTiimI3dR8qHuRHU7PRdS5bO2RhMIGu56YtuMfDKD6fzBlBl00xJ5vuNCW0DxJw2/gD4VHSwJzYMJw0tqAcszrhrV5OSXrHjNTL8=
####################
AYQFXKwG7vYX94gnHwp6iy7BXPy+2XSjiF01aqo5h9AJ+m0TiAws0pOfgaFlWtMVQNS21WVxfqh6SC7deVLzj8jhINXzES8tqVsXoVQldJYa/Fow/l7KhuqJ6zwKh61efW8XVejG4v1Dh7UDKg4M1NC+giQrPmL13GveKbij9tVtmd9Xld7T9N4utc+RygFVKwczmyXmiuVntiSIIaMKEEEmEKn5lomQ887+Ofn9+EEjpYeECw1CFlHLnbsKDuGxWNZ/dpsPUdgV1unGy3hzpA==
####################
h7YQAcDN0jc/7xcruyX/wpadRhRgXMBSWPtlypXbA4tGPdSnCQ29BUM7iIw8PTPICja5LitQSTnOLPVsnBN8cgw43UGQcAHOw9uY82GakpbPsblXQkeLUJPmItf6zOLUnLLuye4egs340Qq3g4YQQStmEHoE/HHdMvz4z2YfVm8=
####################
htOwpPPIHfR08gBg6I5juvmLzqb6G6bT4106RBecAcNnfnh70RBfVZ4d1y05w/6NI5Ye9ROMJk5TspLuLchNDbtwIz+MJbiNwEsUGpe1L5Vul4ZJtxtV10WgqjpcRgJcVQEHGfMUsb8QuuC6115mcZwlmkPOY+HlnkmOFks7KWvl9LRtklRrfSiti6a321UeEhsE25A8qHQzil+IujmpahkahSPhdqMcYDTA++jGGanpBmkH0wRSHy2mKwTXJh/8ZYiyAb3rubaHheFI7EpafQ==
####################
eZk6xc6SJJfIaoA+Cb9mwjxNiSfFC2RCKxAwbRE3eaopc+MSc/ev2QYQvubievkdmNnMhTGBsIuVWmHde/Ugr7KSDcdWH6+7t2PRMw0nV4SwSNT7b+ucWl26lWeYb1YGogLiQ9neP+4zomjxE44mJVcJqslMOBOL8vvaChrzwmE=
####################
zX6JaN3arRdy8iKoA8xMZVA+G3EsIUxyckoWBG6TFmoxnPDFQSc7fv5JEHY20JudlpddMlL9M/zXSbCP5q4I0SlaOZD5+2ahc6XVlFOXSREnIXxY8GUHIo89D5AZFMjZIQPFR9JG7H2cNjj7wTsjHSzevRtatKx4OskBTJgl3LG3qaho+aO4ey+NOf5Kbvo3j76xfFEAwd1zfQ+0YApzxkqrZ8w0mht85d2/DYLQKhr7F4VibYXojbCHkqDmDcXT/pWMR3hy2dH5XrCshaM+/Q==
####################
N9aG4EMhUjaTtg7ykcVtMxvXraSRyxs2g3/6a22EjvEFiZKX/XJ3j9g5BEzAt+NA26VpYsylW2FuiBPyokTTdHoi/0TpPbbvNK6JOxB2PyVLP9xutCf2/xrjXAri/XfLqrDiPzdMbxHjO5EwWQasjBM3dE3KLgdrGhLSk/A6ZJw=
####################
i1x3HgOWmRlTAV8VRdwmQfgLTlKJNDpHZJjJJCOzzdbTUKoETaQPjKmQC8Ypsg+tHagdwSVSSahEqvKF9bbx2G+5N5/4iC8YhHO5n5ElCgmKOsKYvxoGSJAIGoPcUnFcOsW6Rh42IKfmCE38sru54YRKHKUEiu6/Ybc814Y5ccDE4xMMW0mFsmmZFX46CdnN5uIex7MVq25Ebc+lk5dCfvdlag0B/ABfx7aawrT7bltUjPylcboa1JBzM01RsMahWFPFCZx3CpYgZLCFZsWCeA==
####################
hzUxtBIrQ+1/i+qESky34hFZuMf1mroAIniBkZ8rL5L6eK2oytSsSB4eEt0yJW8IAtsZqo7cAJUDpY940ge6qAzWQy6uyN6K7GaTs+eQowadgvysHaudC6cG823ksLz4DxU21yE4+2e+hEdeTeZPPIPMW+xD0Z652+sSf3drkmU=
####################
cM62iU0w4B+CoqyPeS8Y2XuSy65Cgpq1p2lEnMf36nxwiP/fLto7eEr4YEV7n8N0N0GtEd/9yEdN7NHeb+WzwVn5MAomPyY348NG54Pz+9IStc4+iPfwdqqAzpn1QRv++Fpks66R11ThV7ei+1mUj2pBkrzPF4+nbn5OOOiqpgrFh789nJcBEuNR7cPt2ijrDiYj8iXchVhnBCRA9w/YKyW/GCEn9PNgkizArO7qhFHLhO0zlLB1dPPfeJqsZvJBapKPE1bJolMUkKOxF7qvZg==
####################
S7vOrG1XD5Z7/EpKJboqs5l+9PkTcYB77933iXL4s+nzIZnZ6/PeU9YRhgF1oTJpNvGpmp77I0U3RUTbUyUzIIZqflNPbX3jk8CeqEfCRezsUv44XV5m4bAGox+1gshbJ+tQe07CflvV/WnP3l9naGznharA3GBwCEA5SBWUoaE=
####################
tjAWW69FevgGFUX/KJ1y8UOU4woirFBfaQN4XPEldC7mBITd3FFnTVLviySHm/oGaKfp/QnXBmXEuEh3wp18xy26O8+63aj6k32OMJH9q4H6HA6+9ug/N/YeMWQ/e9smyDAJE0hUaFFvvj9WIbrvJVcNhFvOXfbJmGO4zSfr9MUevrqzv9ExbnetCCmrR3gs2Zz1aTglnOsvN/Bm3v0rZ3lFzy1pJ3O+0t5tzTYdqd1RuTv6UmFf7SzN/lz7426ajf/qbniFtDYO3PsJtrfcWA==
