####################
i+ajPf9dvkygLmVBmhxIvgBOSIXYb1QwyU2QaWcr3JpFvY1PqAOEs+SdHPGB3ezsLzXHnA9su8Snw5Tfzw/MkXm+1PV9fZXKWh/v2llJVZMBgWYa4CqhVzmm5cUtmP1aKXI0JzA/tHsnlK0gbBKfcKiZbhPVpilHaZy292iXe5A=
####################
3WpLswuoFIfdBMohwG1legZ32yH0XnuFzWdFGWvFOVipo2NlPEpbmrGJW3bBFfzerLS/f9GfMfENdq2BI1yQnbXV+m2dGuqHRTzYOK63h6eJoSJqcUXe8H/xVABleXM6QBLXV/I7LPBEIhQ6lAXr9ALcFm1tEtismq1qOsWa5fPTbAFgkNPzhdCIPzp2d780dQ9lTIwAxj/7pdopcRO2TH+4fpov99JFFazEjqzWLu1Tm/DPfrRdd4SU2i2YXm9WhlEBeMGTdyJWJAPWJc1dQg==
####################
tf3KuLc3W7S9Y2G3gOSfidgAfYklcauOPFQTXkcncfxZvce3ueAJ5qo2YBT86azo+eZFjGJTYyZLUjGDyN0C7E4OoOmHyMFNEDJ6BlN68op4R7cscmXcUQRlhY8HpVBPm5zBrOqCy2Ilb7I4KMHRR8JjYne4i0EKR7PP32H+9bk=
####################
3pWWg5EgjOfsdVTudghb6bDJShAN9UY39BlXyJ/LOdtstxiFtYTzJ+uwDS1GrM43nDtBJ/Vxgyi+bYqUAqCjqYddzwtydTq3osdW1xRd9uDNotAScXQeTU4WeZ23mTuHXgMUEvCJaf270e98dMVwfpt7HJM3KaIujo1sxw1i0enFnjDrUb5w86igtSFjVnhQxCfzGKaMgm96u8RU7pOK90iJmLygB+sA68hYT62dRdEtj0napFIIRDyyVIcVGD33g2NdBhB7eqCC652grbPRAw==
####################
jK+mg/G+YQyn6H24hXRgbp5GzZn0nk4919v/uuNrsnUz/pqPrQNa4peXs30dmFA4wmeIhf8A/iulOzkXZ4fhxfcPrHKvgVgDiFNJy12NLpVpze6c41nU1XJA5wztn64uLEH0DoIc98RUfL63+x6dJ6BeSb9P2MHH4Mt5yyQxd8k=
####################
vuuN9YwxEaTCmSRHJTNotChVm3R7mCqMXT1Mep2NOz7d1HIdS6uKfzm2UYZlTkiZCBDcOS5vDy0Qv+b3VP7R6itURNImWrTPMEbQgtyBhUgSegEXSDVrs58vmMa+NTYJGfh0JOfSAZTnfvhqhRTOfspVDCQmoSiWNKO8Q8tZzpNVFKzk14lm/50/xfdqRPQeV85vI+8sklT/rKII2OwJOYjdgMH+8o2CkGgTeuJd+iFkwJaLvw1BJoum62g4qndGUY371MCdIBclh86au+7Ovg==
####################
Lu/ep5roIdBQM7R2mcHdrKk/PKvdt5DEbDn1SUmHP9aSUK2incO6kCCHIgw24fgKzIHEJWyRIx02WG+IL4z5/nFvXnXIJepOflQG+qtkuniAm8n8NxgFHq4fgNwkHPg+tSc/4vFZxu3c4hrruF74wazL/pJ4tAjwQVKV9koxWGI=
####################
YTsdv26Z8pJELN3+26B/BGDkQYS++7Ncg32SRwGuPjI2U9L/04mZu9QEpg15xog5+g8wMsisH4smJBpBfTEOpyEI73Bq5xGyKsybCqhb9rd9wkTkvx8Iq5RPEmZs7wSCDlYe149vXq58HSfMO8U/DwXeE1WlPVEjPfFB4NIF8ZgIU29yhfo8ao0qaenkKwQ+JCU0y1a8d2lPwyjtdqVqwDgIZ3t2O/flsrANkruWWeXKpm3j/vY0RVD/TtdiEGH7usNWmyCRdcjjugKh54GZ7Q==
####################
clWp48yAJUMia/+NBzz2DT350Th7GDot7CaUuEckfjkQt+dI/cevY+hg/j1Rh0kVpTeu5euaORqre5cm7j6ikyTv/c2AftiqOtAbEbdOi0gC7QSlrWnuK2/qBxiRgN6oruTLEWSYTBItLL15GBrXIS1t+koBsd+wVWpiodNf1bI=
####################
Yjdfrgn2+zeFXEhcByCHGxa0GXeCAEd1jbLahdRm2O6+kIDL3hAbMFeQxGhlU3XKRcrT+Izpvy97iJgR6X3GRGYXGjiI8jmPAwfkeC6rNbc1yZQZP4D3YViwoe9jT6EP4qO1aCskgGGwqZ0MMdqSz8bnbO+HkFWrC92DSRPTpYLTyvCakUAzEt77QcpSlD8VINDHr66ELuEoFSXcfty4ZDdfCJArx7Z6YslWRB6VoOrfI9udV94szX4zLaYSlNt7Mih2W0WFCMjLla45vM2kgQ==
####################
QRErkbXQV8tYw9Pw8zlua1yaQ/IEhLqTlIyYs9yTRu5EB1JE20VfqB4rZYQOAMi1ruWw62E3z2lsVaNeMioZUmIVYGxUHv4/xJMF/fGOEYaIZ4vq/UzStdbPlP9Y+fI8cAoqmyTr+pDfyn1YnuRLaGd+dq+r8O1ecXszYtRJaIA=
####################
1XZm8yLUHY2t4Py4ooOWu8NNm7SMK5JZRcKJanCsXZzDbG3CXUquyiTjTRNXOSn95EpDVXTcP0YwNSJuzmJwarK2R6Um1i9ErsR9Uq1DEVH5V5on91xyUYOFGHceCYCdyu9Eeqdb0Xvy9OLtV5ECbYQDdVpyO6P6H7LMtuezUsbbKNnh6E4z6NPyHD0ZP+r3hOlvhT/hRGUVfkNU2fpNR/Zn63kz5Xuez3NTPJT/WOIukBh6GB+QAR/MVF0x9PuNv5L7jhyGn9gZyWMOHORYwQ==
####################
yDqIiEZYvY5boXswwvJdYEqy2kYfzBxW5WJtNcxzoP6P72Hrkn3dNf7xPSGxxf4Iy029OGzg7NWUviMaBEMOS8nQwJwjeD8xSz7e5fCVsH34KQj1mImFszdX64bL0LO6iiX6ybsn4GohzyhXZeKxg7MCPW0mLeGYpAzCSTAsziE=
####################
3ptaNsp9gFNjENLDs0I8GbYd3dAQGPBGd4K3qQN2SSi+ZpQdeDtrLr+SXwS3VTk66cz3TuzXR3IADef9cvlUtzrMb4D6jBo+iLbzWA5pNcj/Gg6LFoFK8PCAEzuzIYOskkuXg0OxLVEVvsBPjgrOhD8776A96UJqwNs+5qvmyu4isk9lzbrCe0+OSZ4M2U7L5me6wC0E6Hw9Bv0J+nLTmBSSDAfmU97sBlFNr1/bbPLL665ppL7sRfaoJtR/Hom39YeRvr1nR0W5Mk8VtbEhyw==
####################
AJ9Zwyld9sHn0ZIyr1pBLdgNHmFZIsBBdKEhaaJ4mC5kXm9zCYtJzTF+zlxrjqdONk+pLAU1gaCOMF4ia94nfCuJwrkhrzBuYpEC+dfO2uLfFRr+NSzPCAlRk3/SzeuTAXuCuy/rHhsCQ6d7cCcoAqeQrxkaVcYorZKFwV2m7So=
####################
zrzW0U5bnvmMIJmlXSGU0QWFdjGKbmXGM4ebCeVGTDoMXrpKTKnbuJ8VQQu2NTjNuv/9yUGPYxQfLikd+BZNj2/N6HYyT4dBRITadkZ7bi2oa2FTCuTNcae5XV46dQ5q5r6DWOBi/qN/9HquwLUbACR4cTbbYpHgryQqin55kZ+qR+f1jd9pc3JnqcnktczTSPOQQFCgn2JmdtL96h5dR1gvBWl3J3xb9TTG12PL6fEP5RTp+2GbBacF7awcxCg700hvUtXHyz9qgOHEculFRg==
####################
W0OQE9HTlpIcETa8BhhmmNUAwHL8LGxkkNnvFSws+lTqyo4i5BzcDWrj4H+/YXdCj05QUoPpMLToAqpz+XjWLnyQxsBGwR+Fqdxg4fsidAqQndQMTZWuBmC2mqTsI6/HGj4/m8idgUY+z2+42azsHKwW1UiEmNNPBfmTIcX8eJk=
####################
4pEDHN/oewsPhmduiaD+9Aj+wWFAM35pra7jLA020GAJ/hk4QT8P3cUVjAV9MVeOSPywf75WIK3A0U93mwpwObrNx0AbJNKm6CwtaG3l44dhI7dbWsfMMdT7hPuoFkSHDfTyK6+qA8Y1MGPabtkWZ/8IFuAyuNPfc+h1Iab/sL9uNDgrIT9Gsogynuj/r0wF7dYrs8Ql40KqcNE7lWxeL5ooli94+end/MD7BAvRZK79JapXVpTNlLUfDD3l0tzhAE0iGqDH/0BlNSNwjJdqCg==
####################
pfRNJAN9JGx6bAt0v46Gh3hvNmrE0aS/fbsaxiPhkU/Xaj+JMcNKnr7h/bf6qwQC9Lk1DejwqyvBq6jAunbYpAUNpQYpxoipd5Q+e2Z+uAoXlmhcmbPHLiTzspOJHD76bpZxsmWXSsDIyIrSTXkCaUxnom8uylRbbmILsX73ESg=
####################
pQJI2yMGgBJVP+tNTGFojQaKTcoJiiZRgICFw5SSmcaNE3D1rBl4bwiNftuNcaPezvidjc0w5x9PAUhnCCh83o9Cf9fLa2Vf/2awPWQrofiVY98jA6bwlPfbeeJxPJwJHxcXJ0qE0hm+tWhFH+1Lu3wheZmN2fdbdCr/XxV5QRURuv82EtvbfphHsj0FuzLyaASgRYlXwNirBM24pGzNyUamyqZibQAU6pHqpoUlwZs92HIC0UHX2IZ6FDHIONjMdCwNkhGS5QMDE+v58axGhw==
####################
yJXcVPYXyt67OVO8KJDYJnvwinM9drLKSqVEPnZNY8mX/fI4VTh+iYQXhBwYgh+2BkANdbH5D7PUmg0uMQQVwf0t9abJK5taATH5XlddpGBRf1nIYXppnHF/kXqcww9tc07H36zfUZ5bEm4v1iBQH0WOjYuzivvOi+uG0sdcWek=
####################
aMIlwlS0k4v/qZiS1Rst+FKev/E/LIDok48aXnJtFUZ/GEORbPfiezwNsjxmpMEIQ2cG5JMgZ4FRiXgbCTf4f2j8fVPV65iZDdqX+4M5zrEqkodb8lI+HV844ueAwmwHCY2tGyKseRg8P8zoSR6SCq+SCfXiwYPxGhVutQaqAAyqAytj2yCGPZPC9vWLgYJ44tILMCQ+QHyL/ej/fob9w3wsCv2Y4e9tFjYIlcd/iNbwVEQMPB/WU80YWSAyVyXA/h+GQ8iWcuZOgXNFTzJ7Qg==
####################
Ey0d1PX5PRtibkGuShBI7eWsHdVcnhxPfm0gSd7LJr3UoiNTe98QY+ODykXc3vWF/dl6+mkhuvQWIT6WFcRLFcFvnbDiSvprtb1FcJjZ3rfZ+v6RaUYlksZkF5IajcRiU4K7HALsGGtUpGaZGDyL87B1wctif0umJEA52Av2UV4=
####################
DeryPmIDc2SkBeYgOkboTN7C1OgJadtE6AAi8qUrIKkjrJN/7rshIiftyFRP03Jc/3aw+cdAUn66+9smyWnTamqyOBBo4jJ5QNuNeSis6ex5ISApggZnmSNLpF23o1gPdCNZxJ6DEVoOwxPIas8N22ffkuJ40hCkTaE6AS5GygO8iEaAreIBvo9B1UO7FzDQJ1fRSetRl4zQS0y9oKNY//w5e2/azfd9ggmyocK6iFr5dh0E1NCO3Y4Tih28/iZsUCZSFUDSdFvAFjv9JGsqag==
####################
ld7LO1iCq0gu5CA+V+f0uD877/NL8HOmBSQkTFOiBygy2XfNl/wWIz9KrBMza+TkoNcWXXS6rt/W5feOpBip54E84pofYEpSNzKeO5cmAAGaWyNnMk9ZRQ4hoVT0NMC8zSQHFrVHhAaP66Cg+eLe8i6WGcCqZEawaSzJPbV0HI8=
####################
DbYFWjkBfmMi71VPFU/Ih+q2QJeZIWXYXpXMGIvBTomlJTsOMvqRR8knUf6wj+9GD3dmycZJ7CFcxNFr/B5UeDIyG35+opqCD5dhHWeLz1PJ5gR4GDWlK++C21wrFXpFwO/z5gLyDJWTiuJqZFFxcykxdpIci4YhKAG+KVtLnBwxdeal6/MFKLS7wUqggdXKm3hXMjIJcDdbovxLtM6YRQOjzg1BUAhcljtXLKOmrCca0Tk7Vh2zOgJW44GhZrEPhVNMrCJR/O0LRoMIYlbuUQ==
