####################
acNnyOvU3ERdCotSBf1Hr8b8bqjWlVJHAlLCNm8VXOcTkbtZf9j+OzJqI6xPpwVacZteH0hb5uDkYLC+3Bhf/tY7VXVv5xp5HiQdzGi7nDLmAxEE8JyVSY4fxUSMPNEmOD+YLlo48dHUAxV0EZmCnAyEAgu7tmdiJy4pIFA0M/A=
####################
WwbbkNeeRiYRMZHMyF3E3y9+iP7AKLHk/CfuMjk0nAN/Ekju6bBgAb1IYJCqvEF9CQPz+f3+vJY5032BnRZcUgSltFCjpSWvqmrcZa1c0xfZz0s4+Dj+NVy22aAoiwAiKoZBhQZbDUmDitm3x0dHvR2hTAU7AD2GIVRvblfTtusbI28/yu9AOislrjq7PeIFneQGP07LuH5yi7Kczmu/RGtU/YGZTC+AvyCaew64m6GaCiRDQGivdLX5z/VqXWYDtk5sNPSfV6LYJdXn8EAAvw==
####################
yw8AeQ+MmXAbu00RHe3q/j72/THeHDTJpMTsDBSbzQRafD/JrBux+CMElKJDS4ExPESqNOcwKj+6jkt7VagFH/2jmGo9sgkc9+f7oimn+JlWoa6bkQx/99lWYqk9Fc3g9Kn3UkMJ9CfYQcyumzz3wZ872UOb8lR8FDvXVrHpUEM=
####################
Aw5DaxDXxTUf6I7DLAFD/dJAA2xy1o/SymLr/lrkWwTIDgoln08g8Bkt6gU8BxjIHJZlKDGCg/+iMmTqGfKiaQg/94OTD87o9gIDiEMly6TQ27T6RGkFaJAioipYJp7Eo03nzrXj7s9elVgiBK1xtUidpETReRXXibTxJPAac4jh4Js/2ZqoHiWPlwpe2NzyGcFlIfw76+0OLHBqYoNZwKih47I4Hjb5/a6FSeILLprj65QCaECC9g0YoxZ67p86f6lKRxXJz3QfLHMiSypjIQ==
####################
fBIVdY2BfUeM9Blr471iAi3wZelhoavPOKEkqwm8w5qV+nhgT+nhPnE0Twdhj5wbhyaXzBpXjUc7/VLAoLO5B8iLuycJo9Dx3j38rdTVYtSHHG9NKNh+Tdxqi6Y6c9d1dgJFGJ4X3cA42k1zQCTRPiaGHUccCpxKL0ApNQTVdQA=
####################
yK9XBVAr5hqcqj8za8/IXc7u5Z1yIPEi4Ku40SXYMdCY6PFD4F6PIAoryyT56/l2l07176Sd5PceRUcRSa+XsOqKuptbLWfWkT/+bHq8vnjFu7Dv+ikdvYzFcKAL3LOMnCVoQZh3WWe0CdwTiCb8QrMKj8ukpNVzpGzvW2aQI/MzoKD3SMyPKRX0/KfJlrXMHVxtn4ZJGsMTJ9CQAUqJRJf57U/zTevm3XsvlE4Po4QJP2kEgvZdjp4NNhCi1iuSnWB1dnoxpN58oLaE2p1CrA==
####################
kOGZ3wT2pFNKkaKwtLg0wR16TrMCOmCha1fzAq7Q3SO9atesspMoVKJOey8k1ggqAmMQsupk0RLbSLejUP6ZiIEAm2wrkrP+sBHoXBjjPRAFfIHg/pzUo15Oy/Jp51TjTJdl3CinMRk3s5hBLjj+dGytRHaX2zfiIVL779aP00A=
####################
rbAyHXKzBzIbPbnAdnJMUFD00qbDNHhBF4ry8GihkVXJkI2WuCng7ilsmZZdkPbn9MWUSDeTgI6A1OjZxSJvSMdOtNqN+wnW8BvC3pyPmQqixJmp6RZzL0maMGZ8q8JOWq3gVYmD1mN/HCIJ/boyHUsh5GGicL1j57hJKpNzr45hDJhi+5VB+aP0ckca+9dBm4m+ptTZj3EPaJDwkFpR3nNItITzNZTo5iBH7OOPTqQR5kZpBCbr3Khku2i74VVBrcigq+v0O0FA2M6mynDJIg==
####################
m2XMqtarekr51sh35HNrCBYsFe4HSh2rnb0Lu0k3gaRt7LbBAPnqrF5+RNHTb8cxl8KGihRLFrlTmzHxe2lF/9e9d1pDhNcsCcG+s0xyww8Nmae5YfjufvLEkW5doCufWsUkHfBWihEgvuEsNG3BZcA5dhjbpyxl9p4Ke8/nDoM=
####################
6RLp1ey0beXZU9maMz9xrvuj/4UZwJ0s5ayZkJrAmOcQS7Wd/V6OvADwHVPnQQaTc5CPnP+JFOjAL7PvUFMBE++AQxDN3pRiq/gzSqIH7EtwMT4Uqe5YTq6GNIDYlhW2QkIfpXHoMdn9J96HUIZRzBqZWI7y367/niDvmYj5hFtIsqXWzrclgTYaAWBeB0UoOCeoTNhy0mlEaugi++8HJ/R+7wQHVwd0fqau9SSRfu8miWtI2+lMvIZRrF0ax4R9SfrtWdmB1Z9VVAu3pgvAfQ==
