2019-04-03 15:33:01 [Server] Starting 
2019-04-03 15:33:01 [Initial] Version: 460.1540354032, HttpServerPort: 80, TcpServerPort: 8080, DeveloperTrace: Single, DebugMode: True, TracePrint: True, ClientTrace: False, EnableStackView: True, SessionTimeOut: 1800, MirrorPatternMaxVerifyTimes: 3, RelativeScreen: True, TextFontScaling: True, IsSysLog: False
        BasePath: D:\Program Files (x86)\Smobiler Designer\whx\SMOSEC.UI\bin\Debug\
        DefaultImagePath: D:\Program Files (x86)\Smobiler Designer\whx\SMOSEC.UI\bin\Debug\Resources\Image
        DefaultAudioPath: D:\Program Files (x86)\Smobiler Designer\whx\SMOSEC.UI\bin\Debug\Resources\Audio
        DefaultDocumentPath: D:\Program Files (x86)\Smobiler Designer\whx\SMOSEC.UI\bin\Debug\Resources\Document
        DefaultUploadPath: D:\Program Files (x86)\Smobiler Designer\whx\SMOSEC.UI\bin\Debug\Resources\Upload
        DefaultMediaPath: D:\Program Files (x86)\Smobiler Designer\whx\SMOSEC.UI\bin\Debug\Resources\Media
        DefaultWebPath: D:\Program Files (x86)\Smobiler Designer\whx\SMOSEC.UI\bin\Debug\Resources\Web
 
2019-04-03 15:33:01 [Server] Started 
2019-04-03 15:33:01 [AutoSet] Start 
2019-04-03 15:33:20 [10.112.44.155:39096] ClientAccept 
2019-04-03 15:33:20 [10.112.44.155:39096] Client HandShake 
2019-04-03 15:33:20 [86999403244106] STTP-NewClient 
2019-04-03 15:33:20 [10.112.44.155-86999403244106] {"deviceOS":"Android","deviceOSVersion":"8.1.0","deviceModel":"Lenovo L78011","screenSize":{"width":1080,"height":2102},"density":3.0,"version":"4.5","coreVersion":"4.5.0"} 
2019-04-03 15:33:20 [86999403244106] OnStart-Starting with NewClient -  
2019-04-03 15:33:20 [86999403244106] Show-frmLogon 
2019-04-03 15:33:22 [86999403244106] OnStart-Started with NewClient 
2019-04-03 15:33:22 [86999403244106] Refresh-True 
2019-04-03 15:33:22 [86999403244106] Refresh-Initial-frmLogon 
2019-04-03 15:33:22 [86999403244106] Refresh-True 
2019-04-03 15:33:22 [86999403244106] Refresh-Initial-frmLogon 
2019-04-03 15:33:24 [86999403244106] Show-frmAssets 
2019-04-03 15:33:34 [86999403244106] Show-frmBorrowOrder 
2019-04-03 15:33:37 [86999403244106] Show-frmBoDetail 
2019-04-03 15:33:38 [86999403244106] Close-frmBoDetail 
2019-04-03 15:33:38 [86999403244106] Refresh-Pop-frmBorrowOrder 
2019-04-03 15:33:42 [86999403244106] Show-frmBoDetail 
2019-04-03 15:35:31 [86999403244106] Close-frmBoDetail 
2019-04-03 15:35:39 [86999403244106] Refresh-Pop-frmBorrowOrder 
2019-04-03 15:36:59 [10.112.44.155:39096] EndReceive 0 - ShutDown 
2019-04-03 15:37:05 [10.112.44.155:39344] ClientAccept 
2019-04-03 15:37:05 [86999403244106] Show-frmBoDetail 
2019-04-03 15:40:10 [10.112.44.155:39344] STML-EX-远程主机强迫关闭了一个现有的连接。 
2019-04-03 15:41:15 [10.112.44.155:39384] ClientAccept 
2019-04-03 15:41:15 [86999403244106] Refresh-Pop-frmBorrowOrder 
2019-04-03 15:41:15 [86999403244106] Close-frmBoDetail 
2019-04-03 15:41:16 [86999403244106] Show-frmBoDetail 
2019-04-03 15:42:04 [86999403244106] Close-frmBoDetail 
2019-04-03 15:42:04 [86999403244106] Refresh-Pop-frmBorrowOrder 
2019-04-03 15:42:05 [86999403244106] Show-frmBoDetail 
2019-04-03 15:47:51 [10.112.44.155:39384] EndReceive 0 - ShutDown 
2019-04-03 15:47:54 [10.112.44.155:39420] ClientAccept 
2019-04-03 15:47:54 [86999403244106] Close-frmBoDetail 
2019-04-03 15:47:54 [86999403244106] Refresh-Pop-frmBorrowOrder 
2019-04-03 15:47:55 [86999403244106] Show-frmBoDetail 
2019-04-03 15:51:28 [Server] Starting 
2019-04-03 15:51:28 [Initial] Version: 460.1540354032, HttpServerPort: 80, TcpServerPort: 8080, DeveloperTrace: Single, DebugMode: True, TracePrint: True, ClientTrace: False, EnableStackView: True, SessionTimeOut: 1800, MirrorPatternMaxVerifyTimes: 3, RelativeScreen: True, TextFontScaling: True, IsSysLog: False
        BasePath: D:\Program Files (x86)\Smobiler Designer\whx\SMOSEC.UI\bin\Debug\
        DefaultImagePath: D:\Program Files (x86)\Smobiler Designer\whx\SMOSEC.UI\bin\Debug\Resources\Image
        DefaultAudioPath: D:\Program Files (x86)\Smobiler Designer\whx\SMOSEC.UI\bin\Debug\Resources\Audio
        DefaultDocumentPath: D:\Program Files (x86)\Smobiler Designer\whx\SMOSEC.UI\bin\Debug\Resources\Document
        DefaultUploadPath: D:\Program Files (x86)\Smobiler Designer\whx\SMOSEC.UI\bin\Debug\Resources\Upload
        DefaultMediaPath: D:\Program Files (x86)\Smobiler Designer\whx\SMOSEC.UI\bin\Debug\Resources\Media
        DefaultWebPath: D:\Program Files (x86)\Smobiler Designer\whx\SMOSEC.UI\bin\Debug\Resources\Web
 
2019-04-03 15:51:28 [10.112.44.155:39438] ClientAccept 
2019-04-03 15:51:28 [10.112.44.155:39438] Client HandShake 
2019-04-03 15:51:28 [Server] Started 
2019-04-03 15:51:28 [AutoSet] Start 
2019-04-03 15:51:28 [86999403244106] STTP-NewClient 
2019-04-03 15:51:29 [86999403244106] Refresh-True 
2019-04-03 15:51:29 [86999403244106] ClientInfoRPC-False 
2019-04-03 15:51:29 [86999403244106] OnStart-Starting with ClientInfoRPC -  
2019-04-03 15:51:29 [86999403244106] Show-frmLogon 
2019-04-03 15:51:30 [86999403244106] OnStart-Started with ClientInfoRPC 
2019-04-03 15:51:32 [86999403244106] Show-frmAssets 
2019-04-03 15:51:36 [86999403244106] Show-frmAssetsDetail 
2019-04-03 15:51:38 [86999403244106] Close-frmAssetsDetail 
2019-04-03 15:51:38 [86999403244106] Refresh-Pop-frmAssets 
2019-04-03 15:51:40 [86999403244106] Show-frmBorrowOrder 
2019-04-03 15:51:41 [86999403244106] Show-frmBoDetail 
2019-04-03 15:52:21 [86999403244106] Close-frmBoDetail 
2019-04-03 15:52:21 [86999403244106] Refresh-Pop-frmBorrowOrder 
2019-04-03 15:52:22 [86999403244106] Show-frmBoDetail 
2019-04-03 15:52:24 [86999403244106] Close-frmBoDetail 
2019-04-03 15:52:24 [86999403244106] Refresh-Pop-frmBorrowOrder 
2019-04-03 15:52:25 [86999403244106] Show-frmBoDetail 
2019-04-03 15:52:28 [86999403244106] Close-frmBoDetail 
2019-04-03 15:52:28 [86999403244106] Refresh-Pop-frmBorrowOrder 
2019-04-03 15:52:29 [86999403244106] Show-frmBoDetail 
2019-04-03 15:52:30 [86999403244106] Close-frmBoDetail 
2019-04-03 15:52:30 [86999403244106] Refresh-Pop-frmBorrowOrder 
2019-04-03 15:52:31 [86999403244106] Show-frmBoDetail 
2019-04-03 15:52:35 [86999403244106] Close-frmBoDetail 
2019-04-03 15:52:35 [86999403244106] Refresh-Pop-frmBorrowOrder 
2019-04-03 15:52:37 [86999403244106] Show-frmBoDetail 
2019-04-03 15:52:38 [86999403244106] Close-frmBoDetail 
2019-04-03 15:52:38 [86999403244106] Refresh-Pop-frmBorrowOrder 
2019-04-03 15:52:39 [86999403244106] Show-frmBoDetail 
2019-04-03 18:14:09 [Server] Starting 
2019-04-03 18:14:09 [Initial] Version: 460.1540354032, HttpServerPort: 80, TcpServerPort: 8080, DeveloperTrace: Single, DebugMode: True, TracePrint: True, ClientTrace: False, EnableStackView: True, SessionTimeOut: 1800, MirrorPatternMaxVerifyTimes: 3, RelativeScreen: True, TextFontScaling: True, IsSysLog: False
        BasePath: D:\Program Files (x86)\Smobiler Designer\whx\SMOSEC.UI\bin\Debug\
        DefaultImagePath: D:\Program Files (x86)\Smobiler Designer\whx\SMOSEC.UI\bin\Debug\Resources\Image
        DefaultAudioPath: D:\Program Files (x86)\Smobiler Designer\whx\SMOSEC.UI\bin\Debug\Resources\Audio
        DefaultDocumentPath: D:\Program Files (x86)\Smobiler Designer\whx\SMOSEC.UI\bin\Debug\Resources\Document
        DefaultUploadPath: D:\Program Files (x86)\Smobiler Designer\whx\SMOSEC.UI\bin\Debug\Resources\Upload
        DefaultMediaPath: D:\Program Files (x86)\Smobiler Designer\whx\SMOSEC.UI\bin\Debug\Resources\Media
        DefaultWebPath: D:\Program Files (x86)\Smobiler Designer\whx\SMOSEC.UI\bin\Debug\Resources\Web
 
2019-04-03 18:14:09 [Server] Started 
2019-04-03 18:14:09 [AutoSet] Start 
2019-04-03 18:14:10 [10.112.44.155:39618] ClientAccept 
2019-04-03 18:14:10 [10.112.44.155:39618] Client HandShake 
2019-04-03 18:14:10 [86999403244106] STTP-NewClient 
2019-04-03 18:14:10 [10.112.44.155-86999403244106] {"deviceOS":"Android","deviceOSVersion":"8.1.0","deviceModel":"Lenovo L78011","screenSize":{"width":1080,"height":2102},"density":3.0,"version":"4.5","coreVersion":"4.5.0"} 
2019-04-03 18:14:10 [86999403244106] OnStart-Starting with NewClient -  
2019-04-03 18:14:11 [86999403244106] Show-frmLogon 
2019-04-03 18:14:12 [86999403244106] OnStart-Started with NewClient 
2019-04-03 18:14:15 [86999403244106] Show-frmAssets 
2019-04-03 18:17:11 [Server] Starting 
2019-04-03 18:17:11 [Initial] Version: 460.1540354032, HttpServerPort: 80, TcpServerPort: 8080, DeveloperTrace: Single, DebugMode: True, TracePrint: True, ClientTrace: False, EnableStackView: True, SessionTimeOut: 1800, MirrorPatternMaxVerifyTimes: 3, RelativeScreen: True, TextFontScaling: True, IsSysLog: False
        BasePath: D:\Program Files (x86)\Smobiler Designer\whx\SMOSEC.UI\bin\Debug\
        DefaultImagePath: D:\Program Files (x86)\Smobiler Designer\whx\SMOSEC.UI\bin\Debug\Resources\Image
        DefaultAudioPath: D:\Program Files (x86)\Smobiler Designer\whx\SMOSEC.UI\bin\Debug\Resources\Audio
        DefaultDocumentPath: D:\Program Files (x86)\Smobiler Designer\whx\SMOSEC.UI\bin\Debug\Resources\Document
        DefaultUploadPath: D:\Program Files (x86)\Smobiler Designer\whx\SMOSEC.UI\bin\Debug\Resources\Upload
        DefaultMediaPath: D:\Program Files (x86)\Smobiler Designer\whx\SMOSEC.UI\bin\Debug\Resources\Media
        DefaultWebPath: D:\Program Files (x86)\Smobiler Designer\whx\SMOSEC.UI\bin\Debug\Resources\Web
 
2019-04-03 18:17:11 [Server] Started 
2019-04-03 18:17:11 [AutoSet] Start 
2019-04-03 18:17:16 [10.112.44.155:39666] ClientAccept 
2019-04-03 18:17:16 [10.112.44.155:39666] Client HandShake 
2019-04-03 18:17:16 [86999403244106] STTP-NewClient 
2019-04-03 18:17:16 [10.112.44.155-86999403244106] {"deviceOS":"Android","deviceOSVersion":"8.1.0","deviceModel":"Lenovo L78011","screenSize":{"width":1080,"height":2102},"density":3.0,"version":"4.5","coreVersion":"4.5.0"} 
2019-04-03 18:17:16 [86999403244106] OnStart-Starting with NewClient -  
2019-04-03 18:17:17 [86999403244106] Show-frmLogon 
2019-04-03 18:17:18 [86999403244106] OnStart-Started with NewClient 
2019-04-03 18:17:18 [86999403244106] Refresh-True 
2019-04-03 18:17:18 [86999403244106] Refresh-Initial-frmLogon 
2019-04-03 18:17:18 [86999403244106] Refresh-True 
2019-04-03 18:17:18 [86999403244106] Refresh-Initial-frmLogon 
2019-04-03 18:17:20 [86999403244106] Show-frmAssets 
2019-04-03 18:35:20 [Server] Starting 
2019-04-03 18:35:20 [Initial] Version: 460.1540354032, HttpServerPort: 80, TcpServerPort: 8080, DeveloperTrace: Single, DebugMode: True, TracePrint: True, ClientTrace: False, EnableStackView: True, SessionTimeOut: 1800, MirrorPatternMaxVerifyTimes: 3, RelativeScreen: True, TextFontScaling: True, IsSysLog: False
        BasePath: D:\Program Files (x86)\Smobiler Designer\whx\SMOSEC.UI\bin\Debug\
        DefaultImagePath: D:\Program Files (x86)\Smobiler Designer\whx\SMOSEC.UI\bin\Debug\Resources\Image
        DefaultAudioPath: D:\Program Files (x86)\Smobiler Designer\whx\SMOSEC.UI\bin\Debug\Resources\Audio
        DefaultDocumentPath: D:\Program Files (x86)\Smobiler Designer\whx\SMOSEC.UI\bin\Debug\Resources\Document
        DefaultUploadPath: D:\Program Files (x86)\Smobiler Designer\whx\SMOSEC.UI\bin\Debug\Resources\Upload
        DefaultMediaPath: D:\Program Files (x86)\Smobiler Designer\whx\SMOSEC.UI\bin\Debug\Resources\Media
        DefaultWebPath: D:\Program Files (x86)\Smobiler Designer\whx\SMOSEC.UI\bin\Debug\Resources\Web
 
2019-04-03 18:35:20 [Server] Started 
2019-04-03 18:35:20 [AutoSet] Start 
2019-04-03 18:35:22 [10.112.44.155:39778] ClientAccept 
2019-04-03 18:35:22 [10.112.44.155:39778] Client HandShake 
2019-04-03 18:35:22 [86999403244106] STTP-NewClient 
2019-04-03 18:35:22 [10.112.44.155-86999403244106] {"deviceOS":"Android","deviceOSVersion":"8.1.0","deviceModel":"Lenovo L78011","screenSize":{"width":1080,"height":2102},"density":3.0,"version":"4.5","coreVersion":"4.5.0"} 
2019-04-03 18:35:22 [86999403244106] OnStart-Starting with NewClient -  
2019-04-03 18:35:23 [86999403244106] Show-frmLogon 
2019-04-03 18:35:24 [86999403244106] OnStart-Started with NewClient 
2019-04-03 18:35:24 [86999403244106] Refresh-True 
2019-04-03 18:35:24 [86999403244106] Refresh-Initial-frmLogon 
2019-04-03 18:35:24 [86999403244106] Refresh-True 
2019-04-03 18:35:24 [86999403244106] Refresh-Initial-frmLogon 
2019-04-03 18:35:27 [86999403244106] Show-frmAssets 
