####################
tBY6tG59jUYcWhzAU7ysEwa4nTwPnXxIc1k9HEVUDQhBVcWbA/G6BRBNOPrMU9HeKWKWOsNLBprdZXrXigg4e/wLZIcjDovaCYsOSLuw1L56M/hiiy0ha91YYibQw1yAIc6gIyr9ozHpB81y4oGfww9R0xg3iRxt/xq05TaQR0Y=
####################
JNioVdaw02XYS6PO6nDd7b0+xAbT6dMYF0JbYRHmgFx7Z46qKwyXqIcoxDRtL6hO1M1NDMmJbdrYGAeh2rAL4mkDofe3ici8+i/du8Pt+jEiwL6/6JLxAfxvk2ZNfWhUFKtJOIR2mmIl7ChgO51SZnekpE5NO44YpjDJUAKf9t9wSpjwJBm3Cz9t77gnW0gqwNrkyHm+5v00l/TuTMk8AACJ2n0e34IpRa2QY7VwER1nqisPJCE5mYvYE5tk3ugz9c6hUmELTo51XVZ7rVVXCw==
####################
sSvAN1G4cDZWsDBG2EC1RqoWPme0qqLfMKjjrzJyrH/6+6HmGU8h2jLVoNjbWQYDcVJWEABAaTTdlkBasDBhex2izsZiWSIAc6ytxu2n5DAE9IEyNbWKeIDO0MbNUSFxkczUkFKt0ceduOhbKrUC0oB5eNbC5NfknINaTe6x3ak=
####################
eTQpFdpT881+Mvtgfdxf30ufnrBZ8XI3r2BZKkW3hMrGIbFnAvEvVo7h7heA8KVkm9+EjBJNjweZ5sFJU7BOxX593oVkMp9eAhFRlH8jH6UXYfqZZHhyhsYW/5nRTk+LNO+hDHNUnpyIXbs3IJui9rYOcQ15Qm4i7HpGFPGmN8M+8iC7jx5voFsud898sIgMYp0KSlklx1xBh5zwjL2mh2JX3sYqTAwrC5P7af7BbmDzHq/rfL0OKzqauXJMNdYe7jL1lDYKFsskol9tvTowhg==
####################
cZMQu+jVPZ2eLXmlo3sLkxx1vAI5oEAgIBIeljkIPpd9fSev5KwmbiNPhAevpltbjemG5rMoipfri8pat2WoZ2cBPuZeNc0GNzhY5WJr5IQYOOUdn+DAT1O6OVqcp/3HlLoHA7zIEHpDViw0fpd8KPalF4m7y5mYJGB2oqdzNoE=
####################
fA90A5qI7ycSuLQKBXdLRiSezJrq+Ntjs6bRIJ45V7BxvX522wfOUchl/KbxKxKgVEScn5JdRioAnaCZ8OpUooq07fJpDbIZh9H5TP8/Pletsw6f3vXvejezFfY8mzVfZwhUkWO7Dr/pthZmww0OyR/2CXmMVGGJUvovs9vtKi3imx7z9VzbNGP+xDTFYiLAWJNtIrjaZe79SjlDsCDumrBilOma9qrUWisr2gWOD/FHDKzTUNfU9RX+bxz1o1f8HHH3IpnssN1TJXYEusvI6A==
####################
pc8dtCGiWD5L1mszu0GBWylOVVkKfkPVQT4p8rD3JIs/U/I29foFaOmIoa0jcH55eelhn/fae07jQKckdb2JRP0jlmYORNcLxI7ZEITK/kxHigEfCVq7zI0YQVRWt+udh4Km1hV6WNOGxQVZjt6HeoFyzXUokqB1Hhm6oMvuqeI=
####################
yi7SlsLKE46rhTMrc+YriL3m/N6pM8JiMQwbMxfRBpteUNxfIWXryRdrMik7rlOu4q5lwQrSiLAePkdQtF5nsE46x7WECSNtIrHu6Csm/X+rN741LJ+7h4UICgXLbEb1oBeS+ruIiRmMB9IEiZ3+OL8krWpJt9RfllIwYetpL0fmmJaN5xkQ1i/MJPVkh407XhM3NmRu+d5ssVgOahMZldyIi9vhDHf/g+TTsh/f1hOR3iW2bxAAu0Fur5sDoTX3MLm9poL2Ggg7exRRl3CIQg==
####################
kTUQnnAZHpTibAeGhkkxSKV55q1LvS6Gk6oI23tepW4jk3BqgZi6Llqh+BNCMwHHF9I55IaXCn6M/tw4UNxlcUZqbCjl8rQ3QMlLWfEx77QQIQOVTLzV/8KrqCqkREQJ2RAUi3jgghf/Zc0TgKZ4AGjFWQeNs4axNp+t9lzIXRg=
####################
K/k6X8WRZPP7312y7fNlQMy67vYLsO8X/EeMVz67rVKdHzh5eaINJ1eibbuGDLfh4/GzhvHoPh5+jZNayyUoSt5jZJ4FsfKYPYcMAdMQn9elTwkPX4/O1pa24Fvds7+eqkupNnIq6BRdvv+LsL+nHk6AQ4DZfLkRpdtEGFJ9Jumq7lE52GZsAy7oJvY0hykO/wHaRq16K3KbehjyOnlWcVNE1/pReGFwktbrWuIS7AqBdajPBPq0JEnRwNg74NurRKBR7S7Q5mQpGvBMdp4uKQ==
####################
cpWKmNNcK6P6qrxyQTAGXUfVSWV54tHgmVH1xPcdaCeIL30eSf7sjRcNLp/59Mk6c8V65E9T1uxKhY2eYbvlpIIIf6Kf4W2acUaOpgVW6Z0EkMPAx9zBN6CANByiS+bp/flTkqf7pN060KPc3hq3TPcenqLu+lX4u2+60njhOtw=
####################
TOS+EAZFzyJnDz7pa3Ri+W6Npu/qfDICWTNRi4+ybh65QDp6E8gD9FklOsXMu9b8OONeDc9VIpX8OnZaQXqIdqmFqkdYXO25HE+soPzv8KCK62Q8dwqFeWONuKH3RxZhhE6rG4rlnMl++QawDwqK7qSlJOHB1ZLfBlU6z9lRpGO94tZ7qA4yfXmWXAaWE/vGOPoJztg8X9ALQr48rRwlOtZoHVUVZKnRu9yHn9tbJNUhjRMYgMyS4T0Jxtq0dePR/+21xzGAuAYAg+Thgltj1Q==
####################
gd0yNP6wwpUqSVCZfJajtxbzfo4rcyKTjkzlVvlFaH9Ct3lOjO9VLyJFa6624eXJ3rwRusg05HtwP2ZKnRE7zJBqQb72U24lp/7IwJGMirtKulZhOnTF0TKZiyz9bL9e2E61iiBIgeYKCGluhVgFT2NLS4SCBmTgW0VGtfK8Hb8=
####################
eZHUIO3G0gUpNVaFsT9RmWdMxCfJRh/1Guwo8rIt7z9aqun/wtlRkIZB4BzfRDjzdKWPThlWHNX9ZAI3igvVv2ZtfH7KHACecQhB0wMIcSWr5QlTX5ds/gmsqd701OCsB2Sf9kCpUbjBUIDjS+qiTi7L6SnflBBFV6F+93aupqUYNbqI6a5B0TXVcU7clr61led0wZVNV1sHKC9e35Ro3sVO1+KvMbtfBZJyHwCrhjKXLmE1PWY7SgX7nkifEwpSvGXvMtTouXr3tFM1lVoELw==
####################
OU45HFj7/vlUvc3CEqvnLK4aRReO5/ryxppqoOPXPASeAOYy5WQQ/wkTyBazTg61PJdksMF8ifKBMXbHtkDmEGdryUAmsjT05STvkoYYBneCOsCCbo6xc2iMKD6rnIbY0cPlcitnqC64QH67QpEbgQonlkDXt3PgWUUzWDCmKmc=
####################
z3hdZP9oGG6Ty4g3Y4tm08E2rP/mV1m6BX4W1s+LRU/lfZp2cpxlKR/SkikaBvffMjAU8VRYqSAtmDKVelUpcbexgdb73HDqBKeofqH+CgbulcFDENYT72tF39SMnTH8Xnfl449BVYBAIBFk4vHqoZCNxTb5l6i3944IKUcUqIgL4AvBmmSUaO9dIagLKln3SmIz5bUJV4GhDsg8ZnblvR08cnm0MndWfzHHp9QMKIh+1v55ZdOzZb8TcLfaAzwDWzR2wWLn0JcojySv3i4a5g==
####################
yAq7TEe9CFxXWxBF8vfJNC6h4N9gSIy27NixrcKEGeWQ50ixTdEVk0/kJw1rPY/7uvbLY7qRw00FS/BGX/6UXMAuxdHP1haHGwel6ZTcwytbSfPqSJxEh8/vmP2e4JY+reN0zU8JGKPFCcbVHX8Cz+0dw4nQPMy9kGAIn/rB07o=
####################
0EgClfk2fBYkG4c1FfxqeCA9vDNdQCkAUPvVVzf14i7k3MS9PGFfiNyQxxLX71XiiME+X7qxlCoBJi6Yk8INbotxU31cRP32efU764+in2Hk9KHksuhZWxy3250Lf3oBOXv2r0XXuNBE390wqzdE+YIIA+zSFTJerUoOFCdDNsB71PlR0kYz+axU/7uHnel+ZZ41sP8hMfVa/LkPzuMiiL+qasw8xYKvKCAbokL213OSulF+cwjW4RcIOlHdh4kWnTJ+9fGkj+DpsOoy2xUFOg==
####################
BitrPV/ZVEleeEPk2NNIbtCKkMHULt194L0dUmSy7qkhi/CMLr0eootQ0PBmXkJ8EY2JY3vnX5lt0TkJaTlap/IcHGn2/xJ5zzw42SkKoOqlUpTFaqerPcI2pfGpsbgE6ptlEBxQGNIdSqPOrvL1Nu570Zszid84zBfDYYbY8d0=
####################
LRceJLAcM591sk166d5xq+09HNZJ3NCQuJipJtpjDZ6zOuraA5jXuXN47pwnKY/Wux7kF3Kr4lSTgcE5DjszcsdtuqV54kL4dPK0WiN4UFqgLsD5lyXokvTn4ByYZMlRDHBPJVwneVuaqlsxzd2+wTKZ66FGMuDM4SYU+hQHllBEX5u+Xvt9s6UzEfwuG7dkxq7RnkYmUTqKf//5CPYizIMPGJk3cwsRxHyypU7KsCfFt5rSiG10eVBJcFWWW/QE40cEdiaOQbzv/8Ecefag6A==
####################
G+3/R5y6Y5QpwV18HD4gjuPCqOdT4DgVC79DGBpknzK2lvM7Y5eSYaCF8EMfMLs5VCjWYyKI9Alfck925lC4mpQtkguDG3+KzMr7iPbX6ujBkfL1/xZ0BJgbeBR6oVTtpAh36z0pUMQiOYtZoS036RyOcGS0+OSYVBsQlL4dkPg=
####################
Eh15DbhKHQVyfuqUNrQ5B/pR3H1zZMxraparUwIi+KZ6fkDsvxaltv/HvZiZZPKyaKtF4iTbYnqg7e2+BiAA651jzKtflPm72YwbeEJ65x2Yhv3NL8azue3DzeFMUVQXInLxTlfIGEkpL4rbP1YTNl0yvQkJoEL7LojnTC8NLJnPUMC+jly84iHGEyw/yx+7cjqCy5Ua3fnj3eZ6JxIw1vsHqh2HBXfw7632osnsWOCGZ0J8Z1j+WGtalOqxf5WeDxGZIn9v4fBGBQhJogKQhg==
####################
Pr66ZsEGA0zUEN1v8vmUdqtNiTJqChvfX+L1pC3Zj9/X8bXZHV15bgx56grAua034iJ79Yx/7L0Oh8gT+TZeLR25o6S44yju4KGG2FuIFFCDlY9fB6v1agv2nPHWO14GWtRryU4G9eSxzxqwyYd4hE3u90iwBBSEUJKhtjvFWXw=
####################
HQCxSWi+PhXWoOlWNP86KHYCfJkwaWfiCjDXWYGhdviLzsMVtHnRmK2oI5lMbFjFQK0e1cNqAatXnJhFWb7FYboWsnFjQ4A4yJYVFOVngFj4I86pQseHbLDvCLGCyWjRADNmshR0j+3MJX/wWp+BCLo510rEcrUxhTjr3fieFqKlLHKfr2PkVc+9YILVv/SKBbarCjPL7n3C6jR4b3sZ8seCZ2e2vtJlhAjitrfxUCYmT0OXs5y0gtRku7l6/QSSdrjorZlP6gJSFDCQawKe+A==
####################
aqnmNdY0Dh0UKax8vrX59QsDspIBxAWkTHRDPlLGS/2TVTlEA6APVJ6JnonwGEg3vVEjA0TfPmtS++TRGdUunjDl+mHt0wkFdWQR2uqHZKSD35TB8M74dCcSiwoZ7K8nRgrim1QUaG4v7bK1wM3zvX8ePh6LKlx32pYT1dUUyC4=
####################
MlwsMHyehxanTNKEfMmjJkxSO+OOQLa/kA8+j0Zj8TECzHBbWfDerTIQUD0kEGmLD7T45pupBRQtrgIkBYD+oLTlKHp0ho2KschsuNrC45hkAGHJk6VK05E/A6XnunuD+v5vz9G/Y2oXl7FYLZbLubwgszHdgE66Irr97kCTGhBZvftoITKjfp9tR+Srp6wzGeG1VmeyMDlua99g0CTBcVcLdRb+kJre3mh7PvyAzb2JP95jd8ZcwLlTxDcoky/4z80qVIpBt2+aFzpUHBz/qg==
####################
aPGdGXfxaPc2PiggzPq4kDV5kBkH79bJGF63RqVtuHTs5rMe51+X7acGIBqzJZx1PJMPKoU9uQO6licXTfN7vEnamlnQIQKC0ZVtgaKDsRkYm6WyGuXEhvmpJK9gxHpuBmvZ4XbKjGxXBcRK0qSK9wJKxQfTv2+gF2/8edikIhk=
####################
tYZWIyDC5bPmNsSHnc83JiHu1bDPR+EbnwNRX0JaOPWDLeHZJgrUMDi3CX3AOf203vxtwB6cs8eZdbzY6mANZlUfxNLtERs07BF88jBfrNcI1PAPAcXS6lG7X32XDmv2nLkqjmUIiXtn2DsEgZTkftgFPEdHDDrdU6L3Q23QmPCsnUfkcxcxbg2vXpZda6ASUMvqbXSJwzQJrH7G8AEPAGVqGOMkqYaIVDKZ/E2k7kB6QStxaobLkqJLB1VdQIBIxLMJWyk57KWSGH255oBvpw==
####################
v+X1J8ZcYG7OrIWIULz/Nd5gin7PjPGFdPeIqvsStaeiZPCwsVMUBu5VL2nhFkV07vMeE5RLDLwBMkpFRL2fkSZvrZalrUN60s0FcAarAT8C6NTi4t9H9QCxSb+hoeE31pVH6ueVkTMSGhlemibceGzwiBvGLO0lRWHgrfFVMy0=
####################
99cmLqjjI2BHwiE1Nkkak8LfbkdB/bJ4DiAwrRzcpzfh9HB/UsnFs71ePYeeYSyCqHG9r5Us5dzjiHum3mjwoI4IvWM6GuOB8A0elMto25MloVdQvhJh5MUSJmKyXXPaTG0KmOEmyNi8FPFxa0Tx68OHjHEfwi5H/8P6MInN4Ls8CJuqrA4qfYWOyxeIPn/qdrAVFiveqfN3VEVRJKpe8C5dY44A04QMDwMA3oJ60aDERrKJflrqJebcDH7rg8dk9oeIxjv4fW+019PVwzT5Og==
