####################
oH9u0slhicJaEviO3imfo7NlZZfZZP0NSqIxmOGsct+yCMrYeb26Kr5r+Hs5pfzF2YqfKERhsYKRk7xkvmLaknljgPLA8JLiCdauwGbS1yid1aBDgyD3B2rmqAdK8m39x2hWO1M0gd98SE5QtNmI+jkrcI50JY2q4K1iCJ3rlD4=
####################
Xy8omg4OfrtXXYZ0ZYFcTwNyRnsdCCnjgPG+WrZ+BqRI0Al5GB+599wla9+BeG4YQc37c9m4yPS00DaugFZDjjcZYwSrhNiBv4sGnwMxq5fugmqM5o/Rim2GACAj4x/Yq8UVqJS5P5jweymRG+rqftiaqK43MrLPhgByiANl9W5QvH4HwToQGapi0FMP7Q9QK5yBAvQLfjxCq8a0CfmwGmkxDwzgISHIIIg/WBU9ADrRjM1ulL22gZ8WdeCm2rc5wqwIkv8CzhzDkjBmg2DH+Q==
####################
fyxiw5oKG7H6LmeLQTorp8cisvQzUMKmd8A5Q2usnYT1oRi6HIpytfRaJfPTLxOs5Sjg8x/0gobB2SSw4/MU0TbZV8NQmuRjws3qQbjulmCYGxhlxKCfXhuM/641YZFgeNfXBcqQxR5zF7U9tcc3Tm9d79IPm1jw78t7ZrjVt50=
####################
BUoW0LhPjI3DgwobLhBtEENl+Baf1gNUJ1pIjHascWiknVnjxo3/vnoOjxqMmxDkr9GJYs4WIKrnGaMqQ5No5afXiLCCUOPZOlFFwAYwW0L91lsmWSh33F/0fZ4HvkRgWgIJz/lX7WNtj35xlF0HoSxK2ep7cOompJbPI10vMDIiOtx+//QVbRV47j4mPU+nIg/GmtxFZW6hCVdo22eVyiYZzGIrwVS3xOiEyT9cye8tG0+zxZ/EJpwx33MhgqALjEzcyETUNRT+60EB5xjoJQ==
####################
i8JOjYMUfKmGvG9FCrkuduLDxgiA27VrKCPc/5aVWQC4i4pusmLVlCi/OvZ/BbiXMXgt8QX7ejTi2DwzoxZhbQ+W2b0StyUr7q4bGj3hM71nI2sivRSyH9HxBlBNKT0eyzG2VoiYzx/fMiSw4W1USYBmFKsJ1ijcjc+hb0WCHic=
####################
bPGFLL8Gf28Fi63vUfZDDNEWz/tzN/jTHOFiM7suaPkvISTh4pGcil13i9Di3fiGIfFgf/UJylgjb5WPR033tx8XeJ1+wvVEdnjhsOEcw7//D4s/QExPZJ3crdDv4gRiifvLTsNxW0nlYJJtDUxSj6G4k7JP7BSPMhIU8uu3G4PIJs/0Z+j/cC0Nq8S+AXMhuE2cKkOAKZFHewv7bUz/2cg0Ld394XxitzMQXqAiHTSpEsj/neC3LWRFSc0rphWbKf+LddinTBNZJFI9+yCEzg==
####################
Evo4EQ7+o9AScORnN56JP9krnW7vTQRY8qBu8GEm72urQaYGK4DvEYLpLsteAeT1kTN01OAmxhokzqAfqMxSjsGYgTOdVSUq1vmQwdtjwSptTuafZ+E+Ew88vdr8+ayo3xN0GZyG3EA4nuZQdr4S7oA4Yi3K4zKUtVORJRzDifc=
####################
e2PQqiRXacGGogf7mRXa3uRo76ZuMI9hko8OEbMM7NOxfXvf+pzCC5Q4xPe2AtiRDMzwDv7dGPGHAuMGYNu3+zJALKJJBVLTP0hKXg82W7UfTxVaglhlj6CVVUZjFy3JOGPi/uwYlF875PwyN/89vdj4tFcxbJJIMcXoywQ4KzVr2KGgyqjmQbcVLcrLCqu7AoQdzS/lOYzgviOk8cpaacOVh2Xnb1tCa1wjzlbPbh6n1vOYwhTCOGgdOm/iu/nVHrmRwd0CVakRHYkXcDOPvw==
####################
wgNkvNdOBhqtXdb89XlJAcFfTF2I4KtBzuM0qtiE3K4ID42fUZbGXNvo/yqJAtQ1uBDZBWhhXJMoU/+Tmgs7ISb5WlKSfHQaexLTqBE4lak279S3zhg7OjPjHpcmw/dtMBX/lfPzTViCJgIr2IMn2m1kjYToULPkUKpCvuqWD/U=
####################
Zy41aUf1g13bmXPweAgeo2YjwaH+y74V/up6Ich8ATOVMlyspt58mZu3gaPMilVNbKygN3mJs+wHn30yklelvs8d9F/pO5YoS7/SQFZTWS5pjWvGgFKJZ2ZT91WsJ76P2cz2fiawV3zatPWUF2F9HRIStHJvRlPzowR676+maMRoyu7IcZG8qka1wmOR10e1OvyYm/2eu4vfiZOV/1h8mRJRn+oN7xz624YiEvRU4kfcQkvGI36XOKuqs2QuMaVjH1QegT169YwQLft1gTQgOw==
####################
VjYiQFNEtsGEt9MVWOZXd4Hgai7lgE1EyVHMP9aeEjODobwZmOQOG+wS5sZOC447FOvC73BEDePExa7IZJEGbjVocFswgeVlo6ayDeuKst2CR1pCWEttdZNh7f0SoAAC9c80cqmDojS6n13hmng07JZtpRrBHWrFpqyLMvJS0Wo=
####################
p7RgXEo0XKSjpiXHKRNGnOFp/O6fNXrEP1x7AxGjVgM/mZ0Gb0uSoLSFotOYH81GUxDnUkZC7AZuC4MEfAmM/1GCHtSgShL/qNTuxqJwub4MKf1YHI9/FN1q/4YigrsL3aDDVHmVvUnQr/BrZyjrleCPDIY0ShRhiRGcyeUzfecxkMW5+Hz1LkKYvS4HgDJaLDsc6aA84GQxiBaaXbxbg3IKq/E+6BB8v83/AygJGqX4VB3oVYZ1pvZZc0WcKwE7GJr/9xjP22NcyrMw3D5p+A==
####################
sgydIHAb/MTxpQlax8aLhFSef2Dx/TO2xIq4LmAbGn7wAHr8FQZGPlGcgYp4Gbic8WwtpLl+G1Lu+Mmzwm7AngOrEPdyXyxvENAM1SgDB9hoRuJUiWRE2E2AV6J4JwPJP4C+iucBMIjiS3syAA/j7RZ5qJhMoJ9nGWw8GKHGr4I=
####################
17+8e+PQilFnn5WCu6kHCm02Pry7JHLDjuRKZzv1cknAmDmHNUap+WsfuYD6gapjF1ehBLVAXdk4Lt/ebNpZFWpVxO2j/tER5bs7KQFxMRSzDglxu61bwGGSAdEaQyvWOH7cbQP6AL5jeVaj6FaI5eKXCpittFQOotzFWrgPMfYE2ICcr5tywjcWzhcgZL1KWiEYpi3CRAyjxFCbL/fUybQPG1yBxvGYAJxgfyEH2vMncgrdDnQkFbzn9R5KkP/lCwM31TPF8aGmJIJD3vyoEw==
####################
omdG/V4K1PFND01YVffLZdMKdcIpp0QtaR5YQgoY4DHOYYZ4qLlNxYSNuZmfgVVICB+C/iS5OqavAN236Xrq/p3oI7Tm46lJvxmhggecu7dQ1ot1MnNKb+rsLkfHAknsDbfBlFycMd6KnGX/DYp2uVTfCZauvuASWhw2lT1Yn88=
####################
LVpLxVWxyXm77oFiZcnaHo9mt/skEDwPFgaVSP6JV+CDbmkciOh8xF+bnWUO71NV086exruOaFnR1nYOHrFnvyt31Nq0IwiENoleEm/u2YPxlKVGo1kDumHXKMfSVJO8JdEj3N0lby99nIikJDKHjaUlOo3zGX3KedZ+vA7MZnHUxyZs4wZClzDDCG1vzhRF/5pOQ8dbzl6bQsfx33UR37kNCf3cY4t7cWK9viD/DKqnFrz0aNWFmHTuOfyd2l0TbTeK3LaLyDefOHyKZNFIww==
####################
WcH+0hjn8LSWuWlY/MdA9SB8tEQkOGwbXCXPROkQMCKAkCoXDNzgM8Rv3DiyYzML6hasQryS1g1O9+qIyCxKLYVHPQdVglTMXGmeXm/dtXMh/8r6kICDcRfwrplQoJRu5eqeVaxndKo/wSBipGwwlSPDz/ZGwicGUfzVHs21Kb0=
####################
xtgd3Gp4J0ztf8OxwK/HdZxzy54OyamMOcYeNK5kg3EIUrlSlqY4L/Zvjb0v9TIuf3sZxldiBA8VbpJ9SwOqFERSqh5gx+UA9M4arp7TmC2zMX1+8U55PH/nEnzKlXUYreCRlu2FN8CYx3hSe+8apGzhjZnC0N0NB2mdsgwFvlJJc5DHLbIvQw31TP/Ikfr7zbIecr7VugvR3teLzkNUlutDvMhK6V7WR0H7dtVKDgIfXjKlVAijMmsYdicbzarR4KbzT8QiHB0QeFUHoQx7WA==
####################
0CcOvJWwndW9XoHTrv3ghlEgnyook7YlNLA7Xjr33UgPtoioSrFGWVdIPghple3pUncogajB/CiZYP+poEQ1n0+YoWgfEAnTLUeBhWEWqwyApM5KJUT032Em/iUWM6KlmH7+w7XOEeoGu1bdgINwDJBoqTZmDNLCaId/ONS/dYM=
####################
1b2o9EG2weTJIByKlN9PlQGTSjrieVoli1VcBc8G8WmoHQith9nSDzciLggY8yLZ16p2WUBQalZS3cPdtmlsPA7wkgbCL8M6hSPQUyGI9QGafYOTYfigNgOq6EgVhi6LRg3fPJji5HwUXErkrJ7tRVBN67Rr2VjbBbdl63xm9q8/QvrrzEg7xp+41GQlL7vkldSzmSUweIhNQ/0gja69V0Ba2br8KHsNdQPLmLm060SwqlFPudNDM/kHRi7QTmK0PFBR2dyJxM5AdOxo+OpQZA==
####################
LNupPXi5ZnnZ6ynqJuxJ2siXpMhAqQpnjs9lEVdyMaVjZvCADOtuVe0yXjnSWMJ9Jt3GhA/yb9nohh9pSVHt+oVqpX95In/Ccu5kozTizoMQ37vFOf6DMEscQVhzjROqwkpmn7PptBAVLdO1HfOG9vurdvrn0i2vMrPV2mnvgrg=
####################
YVjXA3eYjzAlsYpSyaKuBhxCVijODfg9dPYvLOjw1ZgYih4VOVZ9Jfz5hdOqF+7JPIYFSpZTTNF6TMdALbEgoI4Px+yXgeZ0pMkS9D285aLgq/sJNJADvBiMI2EHQ+BLDrAFd5fdQZJ5ETA70pwL8S4K+3NrXVAoX4NGmUu4FbekteirMnpEH07LdgPWKYUEfBd52acCoZpde5BMc1KGUZuDIJyjHMgYQYsw5Z91EiLA67prgjnzWgiUVnTo3IsjLuD4w6BS27ZAPxP0V9PopA==
####################
qtq1uuJ6WRLtPymH9pO3MLpR0Zsh28gbr4/0ERBzA9c+MuupH7+7fHVJFVw9s7DE0acUKTfa7x1A/m9Qfsb5eEBRfVB/kDXEmZk/T2A/l0WVk4zPJYacaD9GAR22qpAHltYz3yIEHntPPzrc0PNdlLDf/nMAwD40AWpZuCmYoaU=
####################
X4bYGZ+hTJC8j1I5W4SfEBcD/asNtfcGu3KpuJxSK8kE8mup9irTDzM68TisYtWUFRXq3NlXQGe4+xOtZtYOAJafc5RvbzvjfI5i8oLEeorvzLFJ2E/bbuuz3mY74IT7Ac2VnGKWBxyvIXqp2cvgjG2DgFUIK5HIh3W/f+qnCTqpc/geo4ekhfnMa7etjOC7fGT34v5fBrcufESETP7AG9PSTwWltuWhtvsmOmKwqP6UfbJpJy2F+fbxpocZ8HoYItgjjdgbFXtPobJcRiCzdQ==
####################
SLAMJCxT3acXBH3K0ADY7DjsRcoJib6+CamQ0+N6lvoQ64zmF4CWutXbJwohAX9vhMUvYDb6IEt5Pa0eS9s6qWkyi+wjyDnOWodYetT9JSbCqjikHH8ZQ2wdkjHcjil/l3MpAEBLYFvZrJQOh6G3zh0dvs4Pua7gila2YJF5+PE=
####################
4Le2TyDit1u7BkI5BTtS3iDiwbXcVvI8Vh5LRT+Wr1fpBTGI363iFA4E9OhIJ1RoTNAiudVpehhb49i55HJEW4AENvLyEtTu5e4+aWLFIICUbWhbXwUddec1WB7N0P/p1feLgwSwnJ5bjmJMoXBCjT+e5S+S7DAud9V7mGDIpDHlphLHwflst0c8tKos/XNLhWfYL+ATkmKLK/e14l9j/tqz8u1rWhPhKz0sc6KYGY2103KIixIcaNssTSl20C5qVWMTrvz8hh5eVt9bZjw1jA==
####################
tFgYE/h2pl3dpLoos46quUR7eb2HDyHng4MQn1iqpEpR2hGy9MQOyZ0oCizPI1pFj+zJzTH7BB++Kt6f1Fs3kJKZx/jXxGRJ0Q0+fG6fUdpUMCNYIR6DN/3Wmc9UXuUTolS0DABwprW8/efBmCIcXA9D+bX2sdpYHBH+kovF9eQ=
####################
141Lk0yIn9BxaOkNTlFKw/RfMutlEyP7ETFlQJW5B5GsGovotPg6fRMqG/o6Cf6ulV8y5Rm4HkbQ2/rWP5/UR2r9QKcUNtjq/hCe0X+Iyd/x0eo/w5igqnhfcBXctFC7qmwBAHdbP77RDAdiKn71tKnHGWSSLLwBpoE9Kw4ZJRdk54FZVul/bmjj5w8DlKUUTOHCIEPHkpW9FTGEZd5hjueULNZqpVrk+R8oiNAgpjzhbwgKgX0RjyNwyc00Hg5zEhzRrLBe1MPwYMuoof1okA==
####################
fKCSh/NLNM9RTsZKzPHD6f+1VoipKh+LBiYXFwQjoMVRy0VjJYpAbs2c5RO9qagHZon8Yshzrr4RTSjhoFiDaxobOPSvlE36k/ZArbfHqqNjZWPtZ6wLalPmXIaO5tzP4laaNQwi6QcAMIZd/phKNgDpraBLu+Gk5e0mGPBb/bY=
####################
k8xL+2axA/mhTq0mO0x7xu25vkK1aXHeKV9NZgb2IvXbG49Zp3FXP2hkN6J+onFpG2Mn73C0PXFtf9Ckcolk0hjXYzLs2cMrRR7iUHSS2XRDEWB2vVoTNCNzCayhN6Uc+QXZczWUWhe2+bSef73MTjx/lQ2zP2LUByJYZoR7PKGOdZkXCzHZP+P592c4UbUimDwbMiClwnkUmQiXIysXlRnpGV46hOiqVR2AvbaHskJ/OWZnH9ofSG5P0d0M00LMuT72IZdB7QOpeW68aaHtSw==
####################
eZND169mG7vKUsC49orxDktoTP00FyGqroWtze0jNsGWO16FeMLq+zI79aYLzDS+M4T/KD+XYkQLOPhIGhYVWKcj/+AKCptLbjjsh/ZWHKjM2rgHWpt4tXVs0rxYlsaob3LHqQL18q8hrTqNcwBVPZT2F7hK4cfTnQ3Nxa56wgE=
####################
UNNyuNgxzBJinZiBYKUqwcg2nBzkSh3oLuzS+dcdilZm5POOCVEVYbNxi/+PeePk/e+NLU2Y128N4pieAoe7MizGRhXKUVgylcmNb2tSnazQ7Fs6KTUyZDN1/PD1AF/m6rx2+4dXw8w5/HSvVEFlvdJFusOLVeYd0J08YKgluUmKX7xXteSBLWzwwJ8Ric61x1CJ8v3tVflP3ZL9HsSiW+9K8sUsvUZXuIrYAU2ADzzvo/ExTUSboerzTmWwBsoZzxZy5JdXAEoyx2B9a61NBw==
####################
kj1ZJHI9BjoDjeY5i7xAuUVGNgpvFfxTMe3aMZZ9pZ+sFBNoL177qJ/mjXyWtQ+GJD4k8W+FX309v2uMAfLQnGVE8f3V972TsRSVW+Jw+W0hCrk67O1IaYsXmFrK6wnFVnsyPDWkKOEZ+aRwTwy4jk/1KlrVVFsBZ+7KnYA2OB4=
####################
u2XGwlF4FtSfj8ZRBZVNEgDLWgclcpH3Oa/hbh/d2ZQwnoheDYTzMJJxBIDpvXQUM9vl8wS7LuMLxDk2zkYLVT8f/Svi1A0sbW1O4KciD26c1kOc0IUQNdVbSk3BAtyqUBq29BrWQeFOn37H30Kr6myWEfGJUqRNx1dq6GfJmEhvKj31qcrgLJiKOn2b2L0VsM65KOUwx8ISFA4eTHtt93Q13ofI99IWOOJxka6v2yu076kMdYqjcWUeoD0j6G5pl+Vcg37YeFl1/RnPcWHr7A==
