####################
Xi+BjvIfYMAC01/StvUx/dnAER7C4nonW7hNWOheh3c3GlNGLAusYSHDkLuz91p6dEOy/U0zWdISS94Z5WzQOvbymkJ/aYouVa2DMwLAFSoCxqeMlK4lb0ggquXefZ2ivvqPoB1O8SZJIYGBwS3U55bD+RPSN8PutbZ6ug3ifoU=
####################
56S7/w8eqJdd4WJ6Lr472q7SblBo9Ko6M3dPxWBAY8olu+iUIz+tC3mYRzoJgRoIGHa3XC+H4enROg0Y7z2gGdueOr45mr0GC3akz0BU3JPBxLaym4PCnb8PTtkCfdaszz2GJtshD+fWbriFqht/20NVNqwZXLhkxzNdwSuVvqubH90jteCw5TsLLbomiKZRR2dSV+2foXtyT6xaLa7aqs2LJVD3wRiBAv65EYmGbmXF9u8VCjlojarR9khlJPfCfL2SwlJ2zzYBpKNDjITgWw==
####################
FnXShWsaGEFBFZytPVI27M3Pz5PFY0eymDGccImlz5KVMasVj4fiDMFqRnRrATzZCyu8hq8E5+G0je2wnzUlEzlHJAIQmkVyO7XXEMPjjfZs73ZmQWU/moqXvfn41/IZcAAHCtWjhgeMcuPTpVCfuwwVckC3GI58GTc96JdnFkk=
####################
etKij8iOZhi/UJqJnGVw09KTc604B6NUOSWgFy2jgOLxXdjoERSYfGRYuFzQw1RYg9xWK3E2FJkMxs0Q4h6FuohI9vUX4gPKQ/etVEMuhWMSGP3RXBGXTxSLpeGjoNby+rJKtty66vjvzWPGtg3J3fEEuLbmn0IaukOSL25u6t8tdVNFVTxeqwBvLTTV0zOMIIrRR5egFyhWy84VxlBjz172DjWkQSveYWPD6uta6Nj9Pt6Penn/PkTpJ9zs56PWbkLR3YkZgIlL9wJ6lFcIHQ==
####################
ZdLxNMKLGQmoGsOcL+ViMs6QBLHwGKqJTz1KDbeoI/6zCWNioc9Bz9S+flVXG6GOTuyAskFoAtM1/NCjgUY811k2OMRDm0mCntJb5hN7osEc8TdaJc3/z3htOzv7oCPVTNnF8UpXe3AUJoY4w2AW0Ig8jYaOfE8tBDdVm8d5oLg=
####################
HmnOO23CLwOOZg0uT+guC6J96bcieYRiKMJ8eJhCi9woq972I9CP/NYgD/XenzSFAQfc3ReIXuwpHdnjT/IqYuD52cVxXF93bw4kmbE5n9oFVb136UwD22OcW2wYPfbF/Fft6z+t6SycVh6eRsDrpdqVIu8boiodR0lp9amWEmARZZ3WODpLY9Enbt0agrpZ0MAezihhnAM+fkCbvkPxN37PsT40RuvITPcvwKMq6zTZ/6Q9ZrcE5MBgVUS4xwXHt71HS8Ca2yRkjTig9FG9Gw==
####################
EpcqN+r8GlVQbQGrho3Lmdw1RAODkAv8EYkdalz3w1WzS5OM5U/ToAkRHnN+sqGQVrk4lhLilJS2n4B7fYgK5qazsVEILRg9+1jKF9Gf0Vd+nf9cORqfIRVJe3vTdHXdcSsGcKlKA2bX9pAWa2UaNqdyzTxZ0U9v8thukHmoyUU=
####################
KHINC9kJY6ujnr4Uwpt8r2hoQsFuSvcpQbMYaCfWSn6C47Qldfe0AM1fjcBhufD3pEyGWyzsQkG5v2Ul5SLuT1Z7ZAXA/uFiUQbfEZ0bc+kYVfOKjuFKNhvfR+0L9KTRccz8lBaKEauDLJwHrypTXwwpRJ3GYGXSbGDyyiznUBN05JY+wUId5FxuQBOpEfbM8C6stEHpuGUaARvl6u7KDMvFOQYCFSTsOds40gYtOW/MnNjJhp8B0kgDeNyAqcEFVgUtykhV/F7cEtVi1l9mow==
####################
e+WX0k2zKvjd9Iz/27Z/qtg+R1c7Nem44ORLJlqH8NXZMAuu1zeEbffHfuWjK4wO0iDjN9QIoIvTjmKTq0KvCir8qaTjApIUxCjU9ptWE4t+Y5bk7aDednJYYLbCps0q8GJGKa49ogogzId6zIYoDB1c/ikbG39LpW0dS+PTWOY=
####################
jXkFl18KCgqjNgoyivO+EHIbe0xqsa8KXhqlDJVcH4xvUxEJqQksG2YzCvkHNONg82XyelM9ePjfUnKsb1NE11wctiM/YAN+K3JU4hWZH9xGIPvlPl5QFMcrmdXSnXLi19tfCEQ0wMYfFR82802vscFmeAFt1d5t1Fyr3Aozms5LSwyTsEH0LaF5a5v1CaSSwE40wDm+At0/lYzUVHLS52Xd5/lVKt4DYzLbOPX/9bjzH6pulq0UKUkqsbtFlJ7cCFBEhIFDjbZ1TfAeGhKC9g==
####################
lJePsG2wnKZqB/jmNAU7I0h14+8zzw6SsEEwjhCKYR/k1kvd9cmoRAQ3nfHlcK7sMoCYQJfqHag084E+NKtdr1Sc3e6rlwpD7GC58OXgixXTZmGofdLxVMQcidU2QOTLoXPPyKIP0rH64lbeqQrwlFav6oDPp5+G4RjYhOvsR1c=
####################
SoBHkrjSK+zY5FfgxGW4u2hxhfwEHOWXQr1yAsYP+sT0SxKUOsYCMkzk/5MOqy424JtgtTsyHDtRHoRMZCWzJL2TPokEuLk5B27hZ54N9+95T8wwrlPOqZWUz9N10UgwsK5uh25FxflmgF4eqXAR7f++KRojLNwOe40batrc5TWXYmd9vSSLMjj4CC9CFt9BruHnL1FWF+FuOGtCUPDC7g1DzZAWIn140W5h7xZwOrMhl+6Dy1hBYpFwvjhHD7yq5zOIr2mdbeN4m0aSSlzCaw==
####################
qh3UZFWS2frhwvQWo6j6cGuzDdOgzmHiQobTaeSxE2LA6dlmYs8RS4o1qPFXIxY8IOP4BxjsFoUsu/yy4a+fg8G+v4FLiyGWLMM1ReXhJ4xoRwpMS4o9bXbWkVUITd6/MuhiNBciRST61bSYBFHl3pV3XjexWHP/5eDRKGmsZno=
####################
w5zmdwMD2Io/cBermVHVjzf4q8CKpXY5VkQABQ4svNowsiADeoPGPxymJb9GU7DV1PI0vIckrKsp//vW0UGV6r7xw6Bl07HMZCVk20yFnayiKOVCuslnCMEOlFZ4bfZ+/PIm3rOaVGQofnjbfJxW459ITcRXzEINRCs+loYErtJcScIuGHlwZOkFM12k9yGf8jhELGUBKhj9TyBOe9MaiSNTfTo5LdxHXmwbjomth788cAx0R43rN3woPqS+GYlx/hDH2znjThWY6ZvFJcH//Q==
####################
fM0/LeZkHED1z1pc3fY6djDjIByB4s6GgNcBNQ4SMEH3m9JZA3ObjrVoqhvGCryaaELfaql926fStM094Po55sXxNX7xCSxnk71ujtGyC0ZA7NHJGcSY2aDRLMgmdgn/qQsCAIw8+JUap9+Hx4lR4OOF2F53cEunKB856J0hBDc=
####################
ov7qY4512YAAfrl7q5/uzT8NcH+jmJQG75CQWYaWGr7mzudrzmJ6fDbjHwaWQXUi/1xzva5vfhoBa81mgr57SU2xB9DByVb3w4rsiOQVxVWnlpajHI3BpHFXjdpE1smEvyoWtSflgHoiLm7qwYVe0mEXEsV2yhmHHdIJ2zmftSDC7/LIoJ1kFdQo87vHdBumHlLGiE+reiHm/mV2HvSAbBMeny62sh2EWuiCSz3YTyZGmpQ+yUl3H79DZAzujtLUD/hRot9y+oDTgO0wiTUTtA==
####################
VcN0rqh0ImDuVeInvG1wr2PvqIU5xurpAZE57T5TMyIpxO/noOMRVhTOqFp14JGgKPB5UuJTUL2B1ehq/sgoxKmSRZXmgXoETQXHg9vIDfucRcqtX33PFHmVozS5cQUMLvqz4qCS1aVwOJEYvEnAdbQ8KCxhentRvLNc0zCcISM=
####################
i1Ue3rNOOiPRF3hzR8c8xwmcpYzXMorLE481FSUsU63IK2PXAuTAWzOnDcitGQcpI999vJdwSNr/b41HIpA2HbECYwuA9F8GEStrKFF4y1C1UJvEEWmBWehq4EncRE/e1z1PNYoMxd1JQX4HS/RIdt0p1L6vyzFwSUWJg2k8BocqtMqjeMROguW6NV1sO8o2A8E/G8m9BwxEj2I283l82Sa8PF5elId12UKGLDsQzxXHE+0mdCL9njeAIb/tZZf5ui2K/RBjSZe1xdxaQRzcAQ==
####################
d4AIw4GTqL9GHAGy/aIejFkE90JrhMqINANNd9mn6sfp52JSwiIu8SmAXd4wCDNKSbsktGoBBURu6OMdOChMEnIJ6ixpBBOSq9FWiOgHLaptRkmK0V7GqLo3+GpoGmnFVXrQhSBda1MRORStShGWc+S546ifo+Jfa1exlqMyfhg=
####################
9ARmGF8SFkvvpiwlxcjrxR1ViLAKbLJ12HlhznpqUmn80hqBOOnahY1aNgdQHwIsXc3tVHoqoj5pMLaIbHpKT3tvC6xZl6tVwWo9lpd+4hLz2Q5RlNK+epIm1slx0UNpPsmvQsCKf/Mim7oLZRDxOjTXsDJMJxwKNpjhqeAhLu9vo223v+xFA+8vgvJ8OlgOHDHqZ/irf+yhzmDrwzAK/ZwbvbIkJ2hMe0NtMJ4yqlMyk1tZxK6v+rnUV1mhPmKTjqFNQ7h0przQhjz53ZvGLQ==
####################
UsMsFgx9pZAuApWdKElsk1hc0ykhdMDxqRyoW2Hy675TF2Xvm1YuSCB+XVaw7CounohCROuGAdb/zSGSgqKbS1xnaz9lrB/x6MtEHxc/nUuL5PPv7HlHaePBG+FAkkhJMXBV7YfREoaObhsGN1NnYM/fiEB55HmZVVtoxtI1Fb8=
####################
+O55F5XSoUtLJVGMKuiOcaaFB8UaloPBEMCPfJ3/XAIIQlA4XZyz9rQ+a0m5Vn4ixx0k5BmoJfwOr2RSJq9OdjxO30ldLz1ilvQgcjav5+FXFiR+XJeydXjl+kT3uPHSCuos7cKHrJ3PoXUpU8kIfkPckFlo02SHM1SBaqXYgFzSQ3G90jqmIjBzccwjaGeeu2pZDV+f0bdiOMq6h030S4mF8n3k54OQhHOYT8YYvxpt1yrwwdcXozZWmIcwAn7hjc5jPKRwxXCx7zwTjYeLrA==
####################
UId65SKt0bAL7yjvF+02C9RezdTsKxFajk1c4dYjl573sIgKknTCi7CaYRb2GxGyA4+qxwRQGNsGHKVKFDdyI9wCa4Dn3raYzdELnMRms4IO+WdojD9SbF3kBJzOksjn7L/kbfhf1dhcWbGXOdNNQBhdAH3FnhAuErqkiBZLEok=
####################
YTC8Ma1spOUY915FuZzg/8stSwRxfic+hUsdpLjSc+hGz7H7VGwpRjPaRbQ0NcnfIqj5bzVttdgpm/nuObYj9JDM/I53kHjroR3WcHgg0dmypeVwFi+ovBsZxzYW+VWdDLMMFuN4I+X/7uqU9W9D49mYizmV4123B+SB192pqTc4siIP7cPcYLo5bg/2845trL+hODrbKVrB2V0nIpsSh5ujPuyl8anXyTQmGWPMwswsteuV28NdjdG8C8r0V7c3tr0mFbFHyej+ey/UAEPfVQ==
####################
HjIKt36ZcMn5H9Pv6O61jD+YyzxmtGDMgIWrCq8zGDHX+JInUWM9Gx8e0JTo+PmNroxKrEv5ypVAvf2h9otTSP/aX+sn9LYEobZBmXzrRtUYNZuJZNqqyKiGfnhW3TvrIT1R31+5rIpJTk0nbiME6UVAkYYtF9y35ztMRoSHYFk=
####################
Ec58tmnmw4eSUMIN0/54MWe3ZC+m772HsO7M5FLThWAp8HI663voJiuJo1MeENTeCbtHw3xxzO518Kq/7XRpJ0cka6jAEsXvyxecsowfuuFxWANhqVChlIEKvHP75D6XKMSQRZvRaV1rUoDssX4w66mrkP7ki1EIq13eqa3lgexeFqRKBdr7odHARLRFUQxdi1pzLnzKL+Kows/qpP02ny3351Zoy1RxDT1QIJt+AnOX6vQa6vFifjGx+OpS9ht0NcJo/pUH8AdoGcMo2e5gzQ==
####################
f2VS1RKOxvVIYYkkOd5CKGFtXvpp5OrhwaPiIEb8B03cDRqqK7T9jeW/GhbYg07MVsF97BxRLN0v2+x6ajrETJJgFDcOmkqZ7nSuG+R+5RH9Sy+VSZKFGYlqvU0FlOs8oOZno7ivJ95hSOBb3/bq2G74TzeclnzqiUzU0AWGskU=
####################
axwG/nwOAv0KahFWfDZr18GaS0RlY1Vd5fU9r0yceTmr8H6jR4sCLIl+ZkrzJE6W61WBPvQOb2XDkPQsAgH9Wm6w6uoDmMMIzNQCTaxvd+HuvHG8cnjqa1LgLj8rZ6BsisLAfXzK3x47BOELWyJHvrOIjcsQadcT+unYK1LYBErJAtiPXyZPHX1Q1Fy6n+7koGqDldK3v2QlJhS8YKEvZYCY2QD1MF208crxzuTQQtQBPA86se1oMLOFBklnZA8EB8ngFYECO/Y5Bm6/evopxg==
####################
H69g1Vagl3dp+MAn42GBMLXKaO5oZW74PV6zuYKeZQqhwNqlR9xCLTiblA1ledMu1DO896bfzzWRzTAO8XtrmJw8o08UJ+ocY2z+zN3VYqaSYuPNtEWVGOIl8Zeb8qYP7wpo0x2dy+lQwHWSshwkQXj92/gRGW9wooZ4jL+rAtE=
####################
Hoeqb+ZnjHTnIzQjfynpBjXWsBJHyhZ+OU/wi1j6XMwOT04Djri0sExw1dofpAkaisUCBHWEID8sY8YUsI7Yvhk3EY70wishMivhkdL0i/JDQmUfL4/b+G5Mo99aAjfz7BLqr/e4oCrCpfM/izDqJgOIws+TqeDdxVz+hGwEm3GrndO2bBjlH+AUVX8B7TqSa745lgd0+C6NkYtRw9E3EazYdn1FRsHD53uuadxuDdHd8aD4G3IFFBpH0kIhtILdlafFg7Bx64D+t39cj1cUeQ==
####################
cfYAsZBUmz+OhFC0HmpmJSa4POEbi8LN1dgqAh1UcBXvgy4IGLq9lDISvoiXhyKA3qU0RB2y9snLoyAREHypQ89T0nrRojpK++UkhTl3Ci0UItOm9T+6YnTm8zVEQZOB0J5gF4ch4GF2Wp5uA0FvjvGaq5A8u7F0v0zny5LT2b8=
####################
/H0DaIm61yq+/U45SKLDjFwjsCXfWnlXrxItuMejSBlT+hiWK7Uuc5OJApTvHeAioKWN7v/b5gYcx/ioBNbuvPQqastSeGtxXVHKo1F9GBKbPwk+o90sLPlwWVXsq6uqH0axlVdOB8M+exU9SG5Ofhx6sdE2DcGCpieUkbpTS+8CfRGHGiGSLhOfxZEbOKMG6wPfvbbKY2cPfy7XsWpgBZ8TsaDb4sGZFM9dGQMjBUdFgumpYuAK/b14eA+aPVtHC22Z4hxhOiIWcfCrB1LNMQ==
####################
czrrEICnCApJHRpA59bmLEb0IBmQNF5Ijlh0zmDDiHYSwwJqHPo+G1fOF3OSjcjSirlwf6UHdXSeRJgrwphsvhiAJwCZ7TKAgp5O8l88D1+kN4z9PodDn7DgW+JSNu7qMKclujiQzbG1eSOvH+Dn0ioLeltAVZp8d3AMZ1p0lks=
####################
sQzp7Y9JqfCZNRvp35pogwvvJP2Kj/buH1watvNmSYsbBtf73zjJnxy784Ug63h3BT7+MozIw4K7ziHteD8G3a4ignsWiZ9RoC4NBGlgCLr6d0xLGhUQuIuvzO8PreCFuXw4arxx5mtye2x8MfVR0x129elojsqafFpgQwDtO8tKgCWyZoSMbSP8p0aIiDd6YS38s/hHAfg9qFschyFQSV98CY8MI18bdsS0eUOWr7ZUMLIaKoeICuswGPxQlUGH7n/95tl9yKKrceIdPy40RQ==
####################
wBHFOnCDWRYijOGx83L/toJSkxfrmPyeWfmrSCSqYCUP0AKd3Z3S6yosGTiLMx8eB/xNwqkUrc+RlWBdE2Hdy3MR237f6cbXIb6mWyVzKozf6bhxQQlTjzPWpJ9w549K6mmWzFx1JwdNrspp/WUEu1sH+TGBxNmR8Vjs7Y5A3x4=
####################
6v7QMRKOMGOnK9S6qgeYESocRBV72gT5uiHoA4M4shhMZTRroSCRebMuH+GpAZdWUP89jGVAjqW8ftv/4hP/BSvXu5CYmuZ2LRS+A6BoE/X+4/LL2jjLmvOXRoJX6xkR9TXtMqxfsE9NuTvvvWTv+qecXSKa8NjPMdnm3XEbyRBdeZ8g9MrUZ/G99Z7jU0bBtLOYaSKr0QwAudCOTFdHm6OMdXxEHyh1ZQZdS2q3fuAL0d2KAUvp7D0kynfWDQafSzypn2yDFaDAwUUDydW3gA==
####################
imZWVenfSH0H1w7X1J+WMaZ0shh9DTNnqFP1A5uPEAeF+yN4RLNrPzLABlJNG+TpBIyd6S1CjizVl0WGU7iOd8JboYSup4M0xw+MRe1rbZ6mIXNk3mDnWC306bE7B1S6CssHsL9nvRbEURMHKcm9ctsP039kILAEjU7mNowbvXE=
####################
cgDaYqj/r31qYPvjoP1fmI9utdzYu+0ZQaMAFGr8GbYaTohzCPKbfLQ5X6a+WT28ndBlVfBKveTNntYC6VJ6fw3ELtY84n2LqR3JS7dzo+sSf4IArom1igTF0FQr7IMwGKoMyVOIR/UtZgjiHESHbiB2MANeTR0ygYC+ugSHmTNdfKJwqe0rlPtOyphHc8+0MXQW1pEVNzwFSb5aNTdvuPNpAbek4ItCevRPNWYS2I86mBReYsktmUGQx5XEa6NbKMRPw9ptcwlMcWst2qtbZw==
####################
jj/+DMguiOvCXm+uAsyz8R6wejtU60P2PhrcMAeo2AhIXN3cqd51dQKEKHvQ65Uj2w6LF96HdCCBUZ6h1b9Fzd4bbboolyVIsUq+4DEgyJ90y+wQLMlJyAMFC11eUZ0kBoSzHjFyA6bj+64/3W0iqz0B8ZZLk4Vto+Hy7ByQz+A=
####################
L4iXeiK/huE+1vL69rb43mEQJpJBLvsN7j70CVoKTmAjXwfBO3iDiLeKLEXMzeQCBtfR3FTZXnRyeXoay951ymARqdFcNug4oDE9CwJqGgbKXgLC1o5c6SuG2vgFQ7SLZkhn7RaW04QQkN5066IvB+TlJ9vh6uWCYogwcPsvg7jS1SmqHRDo9HMhW7ZJrFglBQ6FHBmcTudBGtuaUoAFUw+cnjVrQM7Qg6EyXPERZxIsfZoOZmRFK+JByPhxZnKIYtlgXBZVdI3nYLIsYDpVPg==
####################
iJ08mtX6206OhE6RkjiGxDOzHyeASEinQY9GpBusdQD00sGwkAhkKFfmuza/CLiq1xxpcObF/TEPdSLHIEw9M8H9spHOo5P1a5kiYOsyDrnAjqsJ7wUgZ/+q7BGKLnzgp/3H+74Ma2l4OH1whkudwH42pKoVDqHfMnMCZrxNwsQ=
####################
d9OkZGKBhrpbdEuaWrVN9JZHXCN1cPRele92HVRcvlZBiwuDVJ8V9xcvAZpBoRxb7vob+7tANoICt2SalC7WnTdxnAjW+vSLGP+XkWPx5A8m6zeqR7HQ3t9y3vqULNkvabVPSpJu4u556unu7INwxTqgSjhcKVAKizsgH/i1b9yGdRQvpdZ06ERiRUFVjrSR5+XfVwDxPH2KktrmuQbkxc+gXza4QD8sKgqbzWSzvLrky9lIJlktCf/HQaP32lhb7hCDrLUjGa6Uzpmayeph4g==
####################
rBeaaa4GAhSneObHD6bhsymQlxX9WmunNPcpMWXmLwMWeFwF5gn5XZYvn5lOwz+oIRcuNx8H5ngcr5cjH5omo35NN5DpWzwWDelWtEb8LiTg6VOOb0Qx/oNXvbEHQc0/rTTtmY5zFUMX4eQSzsJP6/ChI5zcCguXdLdpbbob9qM=
####################
Y0R/PzHy8lo/UaqKexworpp2HLKgXqELagnB1rqMLzHLwwQx1rsrdLiXG08QoHqWrjfXVzHPZsyDD9ku2JJM6Fu9cXscvmsYSgF+9uhjLKBeN6UXt0SvA8vxGvc9zTfklqvb9F7ZVko2sd10Ig4mgPPBColVtTPcZi1YhE5eCTldSRb+NzZxZJ68LohNwoH8o7LpScqi9PDV7jIVWMLqYpjJ3s9Y31uIrAKfy3O9Qdb2KMvx6v3HQtp+IUjcfh8pp1BSIqcXt8ujZXprx4y/eQ==
