####################
cZdLzEfhvKmUDOP10yjWp0D/H5cUiT4ujOMPSeAtXtymjwIq5Iup+zDVul/gsrqLXGx/d4n3L/RzkKI2u6UK0Vcj6cOWq+P5ysg1c4QD+4tHuNiXZfM/woicTKc8WYOKsCks8z8YYdYYauBo6i62zOpdtoXT9HukOEKFn/eyQ+E=
####################
DTQDIufr1/D8zSB3JWldN3smtmN+v0RWg4HPIk2HtYentp017xWkkSHU5qBFuJlSXaVsU14orqhZ8GolHeJiHyRlFVOOyFfBipAZ356G/a60cJ0IVxtehUydNSUGXe6As5+90sMbM1mHMbLo+QzFWqIDD+8daBhwuT6ZSzOTeCP3edoEHbduRafs2dsCHdqtVWWGG7Sr2EM7SPAVzuditTmYNL0PGAoJ4OTqJXQciQ88lGx58G59rAZmsZBaD5FpwyA+llK7AWwSra8PWWFnaA==
####################
vvCrc7mZ7j6P99eliCdlTZmjGKpsUy/Tq05HeMOZf3SMjX0Vf73lLAg90uRnnmrLsMUqmvRC/IA7D9jOkcH0HWDuNiNyz/Q9tQ+w1XgbDCxEy1TLS5smWWZIyczQ5RgfZT3ESmw7sMfKQVs8y263I9lRtJaGBZQVSKtnHC3kaO0=
####################
vC3duTO+EE8Kb0TbEICsmitX/lW7Kn9dPDQJ0tb2RrXlGLSNw8D4b3s8fwMFrMWK85FEq/kGSD8biW+Uh82nSX92w7Rcb/SJ6fKG2X9WjFPP6u+wW4ebmIM657UqTuL5M+4jkxf+HdhaeNdeqn+hQitckqdaP9666vscxpn4XwOZsuW8gGGW9IgsKD7G9FTiLcUG6E+buhWgnnKwTOcnL6RXMLfM6tmNwk1frpxkGesIX5U5jnNyjFG4qo/Q3UIXJKGimojvEDtYs2AJUCT7jw==
####################
CIBxSkJvPI3Mw3OR3U+V7645A/FuAlOHHTx8gJR/G2WYmcQVCH1bABBleB5SCvaaaCNI+wRaNPDdAl271yCCHGAF/JgWf9tippa2oKjaVliInKUU6woGGhIryefGbrMYlp6/rEbP/T00d6gqLS4P174tgd/QrDGm8Do+6DoZfVs=
####################
QTwfargxeq14zaCBEQaf0ZrCthHOVsgCgmA8ilLoRJgRpNWWmh0Eh/BchOOPz6Abi78oatOZk6FOnYa1ySajXIOgg4LUcRHPL3xn5gl0dqPuccTQmWWamkKnt3FKyCV92pt3/5TGIQvSJ7o9t+BHCzBVLu75YhI+2G5f1+78l9iAVBWjCHZaUCKTb15LrZsPha9L6TKlcY2eAepe0F4BmtaueUt/BeRkfGxKCv2Jjbs45Nyd48xs77afcW3mPZ6PFLYwV1lXFOU59HKiSLrDxg==
####################
VBjQy7QqjcmdaFUO0SnjEPVYLI9o0DiCVvTl4rhw+2pjjA05Gd1eORnpkmkN6G03OrE15rNum4s2wa6IgpXJyoT6thMhU90OPqN/vI4GG37r31Sv7nMLyOEjxLSypyIpDFDoal/ifiN26k2hHbz1RkS4NlJSmdBvx4KgOClFmfs=
####################
aW+i3+j5gfdizWvvMuw72G/wMXL28fqD9WcWZL5KC+v4artN5PjLVT380EWraZIhGHQlduwe1qyuA3HqcfnylsIkuXOZ8X8vGUkhAfIaUxoF1riXY6HlmkKsUieYapjtCCwj2a5oD1Z52WQHCJMB/CE3mIzKujHKeJvtQTvIj7+RGbN9t45eAEwNZR1GVTkuvoAEp4vtAauz3rJ2h8mreYbVBvhzLgbx2oa0cYztZSRJRayd4VqgBA9I1y0d22vcJQNUeiTzpvjtSIcMy9I19Q==
####################
dQtMtA16NPaqUDWE21naUftrJfwtJlmPaXN8NLgLVzboPh9vdosnUJMk0+33BDOhD4Kj2wLl8KYn2gYEgWPg8/YuTEDeJF2wHiS6mmiUk4gOckPr8xS0mcHQziS2z86IKzjnisoHPsOcbcfIHsSWRN7b5imkKIoYG8YnNSLADsc=
####################
P7QoTfzkxsYoC2vw66T6/RX6XEDaxnf1InfpGmJHYzlk9jM4Rd2nlqknjYZkcnxJU07t+v0ftYpuG6oN1J0L2Zs0ONLCTAYffs6hl7fDMlFHdhna2MYR1oIA15orkAkf9vfvKDDemkV5xgR7ex+qAIlZczSE07zyT1rm+Q/9sOY9Z31dKwzoDhn6rVBBZjEkxuV2qiP4V2+VsDjwQXHStV8r8MrLK8ezVJb/fUrqTgZg/DRibtDDJcjveJLPwl5jo1V+a5xffGVK5AIwbZJwKQ==
####################
PTxowQV7f/Kpbe9Yo2At79ap7pc+XIgPRgv6lU7+hRp7SKKwTPJULDO/iuuNiRuI630MpTuYx0/QHTLOV5pE4NfaBGvdaH7NsttELgtkKjC2Jv/unY7DMrCZGDtxMJgSm8/1olW3sZwZ+vH8i+cNV/8H0LTm4gI9rEWJYQjyPuE=
####################
ozRBICFrdD+MZ+Lf7txwZWfKmvVWhOHWUCrI293OtlJ8euH/JSOAk0+fBXtbmhlT74CGXroQHcIcV+bbS4KL+infdOEB6aiWTQQL3z5cGpP6o/SZenEDkmgECaAPISHcbyvyQTIQ1mN6bywYUfThc/btFs6OgYA2hFv4Tgn7CicoVA8nNdwM2x/kqja9SjalcPEgphe61G1lHnfn9/fWNPv25PNHGFrU4OFLbvJhb8+Sn3i/4zAOIwmHPi6k2gOPs2P42FpZ9eWulFBtLT2bVw==
####################
pJMDL+U6UtGzg23XHWKM1XFW/CCo6c2W286ansbFWT/kdvR2rkbh3g1qwsipymZvv33Jo/Mo11oX58A99WzgRH1QwYb5reqxVrxtNXHUfhIwrhGrw1jmJP3aTtG/e46OraxNDZilK8BUD7cL5BimypmcfYO4AMwyjbjD4p2J7JA=
####################
f+Y8oGRRcAlDk4Is0dNFzFLU1gE0P+vjsdsfDKBdY7UyDzrzXRkhEUAmU+cQxfTgXtKKZWYvx30FGqnvZzOlTIkqiHM5tuupnBwTUSUsrqZ3CVNcEdPBIzJ9kBHlbrWBdKvqpRAFybzDKTdr7cMCeT8uJnMMnmibd5tFAS+SQ0qcU9KwUO3y2IEdeJ0+W25LPLCCbM4WkV42w6hDrufhWvUutCNdvOAeg9+MV8QGg7s7AyyOSZLzn9piRzSVYQzhDVlePlNFIGavQ/6waULC/w==
####################
jOtP6uS0eaX5KiOWuzTcS0Rvi15RSgsZj2Rlqmz4cNwR5JkYDYynkyPJCw33o1tXvr427Q62Z8dveuGtPQBD14cLuog0+tDTJ0Ktu5RFJ0jy1cLylxaAerC7s5jkfZt/YeHQUZjfxkE6Wr0Cae4Y0zxDDTuDdfEtd4zYvFFRUyc=
####################
oNt/O5bi69nxZon0i2HBoprxQhywA+gcfxjxXkq5xpQkXawqcj0lkmWbUnZBJtJNC24XPRJrY7jdHd7oQ2BhteJi6PwpepqYEycCbjMzd0n5n6vCwz8fC8twaQLF8LGwpFe1eDmTkldXO0ppXgYNjVDMWBho/GWiCXDSuXteRcZhaI5831hdQdylDvCTFMojScnoF3w5q34BSkyPTfgVGOsISMnMrV43fZX1yyc/P9lepkG/dyEO5KLe0a+jn0X0xd16+x/Rv61dz/ih9ZdxVA==
####################
IsmhjbNZCKqjqsR1a8IVtqlF3kbnydBIG7hOuBfDrib6Yjx0xEIqDpBDNC53s4J62gZ5AF4GFCJ4TsGcqxmOR2QTgKudRjvTOLhYE+I3mhk+906YBnDuTvcv56qn1uaUPb4JRt3/RKrDAu19NLNxAhp8SL9CGtsyxJbBqVA6fMw=
####################
/1ONpCS8/XXqsKaifI0PNzwXPNEUnt2kZnbW+kfn7hfwWD9bhUg4S/MjcEt2w7W3hpTCKScVs8FJKEd/ffywDkABh51UjgVWLCTaqQaVhJefLCCxXd2edhZDh1TtEBpJDuRJrrQOoUKbwnicISiSRlCcGRI7zei2eoQO9Czf+BmziwVafS6n3m9esJUAAuwvY1lGTMnFRAss4b45VK+4gwi5da8tl1NYGOU36EICPZ+QDvFHzPHuySmNp8hSxt/tKcdype0wQB1nozouEgGjeg==
####################
N16GTFRkyKQZ04bNhi39x8X2NEKDKo/Z9pBcoQ17mRiyXVjCewegOOYjb41Qv8pycG92f0kxvH6cQoeoJmqzeSITc7DtD2RponL9JmWYd8eqlWoA/dDW91Je/XpGAxBw3IdGPOef4qJNz8CjjNX9y4oIXpZAz2UzPs0ezBAbPGY=
####################
LYsQm4+CxUDMDY1pQS583kvxzoUQvHJbRzsScqv+ot7sr5g/ZXMCw2CsO6vzahy66ADdp4UKLCX1b/9Bl0IKPg5xK4W6zbTyxySFNIHPdsNrFFTg8gkRoi+kwDi7a2GTN12gNyRZUfrbp0Z7zOOYzLGDrKt3eIzzLYOJj9GogcJQxzMsGPIsrAzXFElLw5+9QjsCtuBiJNPjY5XN/fu6Owl+O/S8pUBHQ3YFIahG7XO0e/2DKXlHGVnIxTZnX9vSZMChh691Ns0FY1aUgdJbMg==
####################
EyeA0GBMGAQjHcN5rDZbckkzJOR17SFKhNoV5baQYxXe1ARXdXLR3/geHlYJa8W8f1v0vDRPtCtUCObmoK4f4vPDU6NptdGX5D0pxqvvwNcmTBIjMd7CcDne3W3aCyaFlWrDn0ML+cPx3OgJISTWSfkYa6xJ3RF7PsHPuid+eC8=
####################
wOuON4VDwraUC2LmqZb+rxbA0o3uiVGnJsyEV5190YQM6cPV0sEEvmhUtVek3l+fdJ2P3cgmiOtOhqs++rbzdg5psG57Y5/GYZQw3iL0qSE2G62WHKbZaOsLpOLt6u2QVc9LuKHUd+9Uo5sHqtPOJ/GwdQ3cbg+R5nCZwJZoG9OI3RxHu7uQL1J+XaFqH0AJXnOBmASdubHxx/EWwlOFJJiikcU65J7//p7sLAA8Ly0j8KehPpzVawh55OoMmifnnpDLER8Fq7WIBCd9qwKmZg==
####################
ZxTuuzPqDOqqrVebfpKUfnxjfXs6MxfGQobGsY8BjJbY0LRhPKB82b3fnZFE/TP6LsKPjhGQHV2XlNTSbIngwC31YL2bX6OlQ8alELk4TT3HPnVWGupPIZlvtnmPL1M/NyA9MyAH0c4d1oZ+DpTcon7TLQfIk72uak1vWY2XwQc=
####################
Scf5ZKOBhJ4ySl3izpgMjJN6fkVOSRNOuYhoNjG33+hhyAEJWk4mxo9TDpa6/9iRa/ZyXjqPrDpQF7wl9fsYxAmxWejbLpilLk05EJ/LzEg2Q1SJyQzS0enFuhqfgRHVhbb0uHOzRMs1I4uvhI0hZzaDNpSFzQdYOgirdjSJDwUCEp00FwiylYqTD1QLh8rsfLbJW9GwdZZAozkYtk0FTgeAuTVXdDfhp/qFIEVUOSStjuxHM1uPFWBVSeoQSBjDH3mMi/YSay974AwmUSKt5Q==
####################
KUUS/3qoOzyrMVEPuL5fYOOjWzYkVjqmKqZDTmfLhSJOPb8Wa/zEeNMtrr2JyrtNu45NQ9fxl3L6zzP/9dd3haBycYanyqKbbtC8eA6TZjfeMxxa10NBpwTYiiVZIjGlxKcS5cqDO2P4Ozer5wwbWtMn1mTj3HgyM0cM+wNyIIM=
####################
sUNX38uxg0htTG7GJv2ZjfsBDW6CacqXGGjlHbxj/gClnN4ZYE8ihIAYkfQT4Ytu1U4C0lUV4VGBBPkgvp0GXvhV3X3+JatkUEsJ9YKujGb0TCVLFGXg3DxA//fmarHqGJ/Ph8Ofq2dGhIbWowluF3Mu/TCsiupTxC2lSLSSoZU8fPPUluJl1yHvTDl6bTa//2Arv9LxcQaOxPp9fRl/uzCKN7a03vA1fkyWcmiNQEk2nfMnHjsg2rgHgSrmZ+aqasxUmAlEAhCrsARxPlf7EA==
####################
JLjkDL8K7YAYnwOquzq/M5lF2wCq7EYzkUxjLJkb9LPG8COjA3YxXU3VblVkbE3ya74zEzuabzOV4XCRN0C+6ycm32QeK2rdSHUDcRs0zidtYsj2FLxe0FVTTmda/EFo6r+bw7mCKI58VlZb498BUmYZyWxMTaNLAJMzKt1Xrdg=
####################
LuBJ3rGTFtNZXTf0A/qvFqXqs74f3j/m8Hj62S4KwsqBH1xq1Em+Mg9Nx2ra4k8Sx/m8Sd3CLhblz1vgxL8ss9V/53GeOBpxcawwUeixZKVNHPgckRJ0mcFI4MfbA/ZLjac9GZYW8jmQ4e78QBIXFjsr3RhIxjEvG3Xu8oC/epdRTuvPJJwGM2H+r1d4eUE35ZfrCCdIk5GR1iRNgLaPSIa8TD67f0ZrkeE5zJiviBmiqCAuejyD0IGKJA8EbWtXvPz/G5BVHCoBtxQ5Di9Pvw==
####################
k9lnSIk0jlgKYk6UsC7ZZ2wBxb4FZfZ0wU2zAjzgdtEm3mhsRCSI7akENDpscGDlLjXLmjdWgxTKlFcMu58gfFL9WYX6sLDnzjMu/djkeIcTLYv0zf65xw1mBmjcEaFpc8mQM3bNFMvKuVBfckzqLAFAKtB7Fl2W6Fjl69HeZbM=
####################
J/us8B5tIbrv+apJlDxLyBot83J0hDG11ibUFIor2TA09OEX3l9/BL71RHcya2a6zztPDZ92sCYzOyUVVE6a8pHOW8E07vsXCkMtee7ikuuiOuvVw/dRISAoZfHkFWSWBWmXl/VdEtPt+nU78yoG1PyHKXfPE7GYBBMCgBWWWaZt/BjzAV33OkKGxvM3PuN/fkQt7YuK9XHblTWj4fAzDgFvhkr0MPXDUdnCfiMf+tsk6shHGTcCPT1It/DbK7tk/X6FFf2EpiuCpUu7BXMH5g==
