####################
gzgxpdY7xc5KJ9ip3njWsnt4w0O7llLzaAr3rwRq5T2gKa9jjTnK/M05YUhPMJC9223TP3jNJJHbpMG2PErrBfau+2k3+i9ist4gEpuQj0M9O1TI3TwyhTMmm9eda1YN02SPnFesutJTnMsqStaNlrUe8KaxRbIktskVVNy0bQc=
####################
OutGy0DME0/tL4/Buf24zLC8qcu1AEiH/d3JsAqtxWz70drzbPpdx8FvOuVHUTYdJkZZ9xMFl+8AiDEgmuOdy+R+M/o78X+Ad/mFC7XtvMVfWOYuoGgpC3rMh8C2egUDYScLl/bvAutx6+VFnwA8m/wMZluofUOIWy9adLh8KCOq56FY1G94lLIjkRDEDvOg+1RVtS6zjFtaB008Bm4Z+DUTHAZPmSDVmpAie9GrcybXjicCHdd28JYIJW75ZrVXMrKNpxg0S38j2M7+k891yQ==
####################
aYp/GAIuVW1L6KA+1VFjUGMYMF/62IYceC8fXD0v33NeZhpP01NbJcYyv7yEuU7WLT3K7x0N4Kq0ZrLFlecPNprQ2fFVQFjw/jCtxTqINWQEA21Q1r7XqTKP2vp5S02NkVsFUM4SNs22bGOyb6pxZreG2rXXFKMo75dGiVpS6oQ=
####################
wq1ZAwjjcu6ZvtnaUqwBWpcCyNI6mY0PhQ83v+6217Bro0XLz1KDSOOhMWWarws1i/nB429H6plyUiuefbmr1TK81g5I1DWZFH9rYZn5K2/mXhsNENlC7S4et4t8ytEmD7elSz4WlQ+hdactv0wd3BGLoKBygyPMOhhQdd41Nzr8UmNpzlGY83ke0Czop2SQ21NYjldQLW8g/tamizEROaBBLr7He8DhYgHeePbt0a6eUV+ec27LVJYJeW6Nq30wFcXrzqCzcdBQAg1zCrID0A==
####################
QUgBPBvS50iRZPQNSEfr34jsAn26XBlfiAuVh0A8CuI9bmoBP/MCZaeVn+C1DJdgJU1FhiXVWckwY4dX6PvAMjvTg8BrrGgghPRshFLzuijJt1Bv73Qq6E+l9QnhQwv5TM3jnc4pWenFOFh42P1EN3/kbEr7LpFp48lpI5doB6U=
####################
n5Gp7oS9Jby/iWkD2UWr2QSCDlnBLyZYCrRudyHkZaQ8pvClNlgPNDpIQwkkWzW1Wq5I5hrgTWZgIB0orFR4+Rsqwvm1E4j54uHXGjwTu5klMcYwzbO5I9sJtuGYVN/GEqdTDNGrXg5oG4DsC5bfHSVpc1ZRGRz4Oqi+GBaMj+AZ8Qv7ffBq+dbVBmKYgoLfTz8v3vWa42fIOLz1iKHE+IyvYOtL6xDoiGJnviCVCG9xnm4FKpUnh6/Og0m0UxM+9Oo6IfS5Ya2iAwRq7K1xNQ==
####################
hfAlkNdK/eAn5HTZxZ1SaLbtnHK8BJnUQlKxOF7elDhqRe54IfXF55gaJzqj5ulo5AinFiZz03O0TcSbONfhtUk0Kvs81YLJlhBctRPohX1gWnne1OR6zFU+DjzOKySYkrNnBGhOFzT72Q+8U0M0hDsu0bluuU3i25nKsxKseCU=
####################
PlFSGtRuqN8MrO/YNFCAH5F16HiO0kEM88Wxb1n9u+7/sGF4mhsyO3N9PNCdUBC3yQsvJDqaZ4mYm7NzxSQ3MAXp5m40UPFdbEY8TUA4dfAKoaGQ2JXJky1szPPNi3xJakFlQOBgBqXKhO9aIWAXE7T6Mu+/Ya+Sx+gqnwA6Dn9JbfjmOGWPC+wXxMmy55e0PBl9wHsuJpKOtLEd0tIfND6uD6F5o0mpQnN7YkGtSzFHocbtf9Pcv67IuF3faDMpKvdMSHh/GmcpqvwDF1fudQ==
####################
MnLpVNt7KGdV75LWIgcR3R6vPpAWyE+aNz0kdDJBlBSI5RyBcTFsSnvOSCxBWyQs5ZYIjg4BRpXENrWM5qWG/K8AknyP0plW/MsaiNggcXDNgkdI5Ns51XssUECWf9asaOXO6TX9c5sUiK29b0m9vD0LCBYJ+Vx+QKi8UmkLh7g=
####################
bjn7Ra+X2Uwb3qkapjCFkYPX1Uz4Brlj/pzEDV34HF9Nz9+F8uDgCinpufiaX6CyeeVLBGXCH9PBN1xI+hUbDeTHsdcz2DyAySb1EMNsj24BwCf1DuKGJM9LXrlPl2Uvyy+f8uHTSE5eSf6UoaUywIaCTqjjj1oL078rquvI4+VtX+QxTU3unO1m00G+vEFMGAV+z8vm/1UGdTC7XNRUsMCnXvSq4mpD5n0etpF6JPINoteyLg2/vB57wdCYi/V69RCUsN78F98mEqJvlXthHQ==
####################
v8Tvim6WuyYVl0lqnq5H6kMzzSPMb5q6J/wiPnTR3/6zwXW/eSOwh2gAZKO/+JTW4VMDunhURQb1UhTHfXtmojX1rtcA4U2xQXqJfnCOey7kv9Y1eEmwcHgSp+/TBSIM1+MSyZH9XZP2hhnnHi6QwtMRAQufMHQpO6+6MAR7BPs=
####################
LPg/OSXGH7BnUqBe+H0EVVIzzps9jLdcnu+mmhXoMMKCNSR8bwcQaj2Zvfn/HfytHbAqVSGpfvAwY52h9MLURQn9oHLhbdzYdxC+Il7n/Hfp54wpQFYAnV5dviyIKBjq2wvG5RafMuwd0kSr46x2i5ySA/gqXgaeegcX9WUq9odHrzyBwitowEn+Yv69rvnBzCHjQgq7bWqalGMbIiC+d42rpTBbnGrrf9OxIspjZFUi3noJCkDyXpio4UbVpBOV7RD20KJdJmTJrQAkCMga9Q==
