####################
nR3i2BxavoYMf+35ZUoy2ue4xLpHF6MYhcNk/ow/yhb9qWn+I9qmcJNPlXcd3EixQiAL71Z430eT1QXZ4KL/jxGAmM6IlP0iRJosuLFrFavvyJdC6ylGofICHQq8hcBUR96IdzMp8Lf/0scdm+iPyURv2a5mwdO484eTKXksuGo=
####################
EkMn0Kpd+ognGYf6mc7Z8ubCFWxUvVDqb1gZDGD5bIU5nE4xUQZ3jmfE6ca2f46PnV6r781KeiJlTEFGmhx4C7Wks2B7+ckn0YOBVmu1jgosYWVQ+G2Cvdt6sQaytBbujIxIHfqQdjTBiw5crRnMz7YqBECCTRQMErQT/J1oqbNBSXBk2m15bgpCBklYrtaO4w+cIvYbtwKhTgQF4Qt1wvHjhQb+2Uqqq9SbpqwqpQFLKT0zo6hVdYnbAskGj2DOGluFPtdt3jaYFW3Z5lIBNA==
####################
ymD9g1BWT5P+O27EoQJzjSAUjM3nmDijvHbhTAm0qd0kshMnr57ZzOLgNhAZ0wOqz978UEbUEuiioOGfzmJVA7UloHVpHLvGUskX19g5nVLiDzzdQLCRB9JQThPwWNKoiLOg6ymKjfj5ms1fKZcmxGZagr/BM3dJJ7ioSKGDjbM=
####################
L/0exWbFcVrUUnTMf2MNGxzaYATZWbqMM4Nuz0VcnhQR/+8g7xZY8OmbIvfkKI7UhRXsKAeOCp0ZY24g5mRn5GR96jirrDIcbiMoN6PAz6ekV6Snthd5dDKxLa9Ek8qz+RvRhnllxdTJV7M//Gj6hIk4memIqqSaYZG9/R3RgaJs/UT5JbV6a6T5hln0CGNzbPGozS2l4MiLwEfvxVQW4wlNgT268PL9zzM1RtteIrPNjppojZDJHwuCVFdxR+Dt9u6pbMGZDiOQEiKXlmAvMw==
####################
fAmzQY3+/CnEsfgooU9oj+CcpjT16N7MOLhiBAM8g1AIHBDfwVaqz6I86ZdXdyRLb1nog1QsCKapFQx05HCmleTP6MLX+8lvdZFPdWmf5SykMvZIkWQsRg8zcg37vv1NbcYAV2y12jYrdJ0l1nXuGtalE1asjieGod73EVfNgec=
####################
4pKKggO2NR9OmAjSWe/HUdZxF+sr1gmAHPi7P+ccTt15SZIRX8LBo1n0/yfEHz4P/30XLVsyEbKxoOnUhTnHrvSZOLwFN73/I0uKr01j5GXKazRRdIrxEvaJ+Vsag8j1g/iwfRsHa1orYkVR+HUpnMtDPb8qnEVe+EPRxEs8XB9daV8YcFAcBr+q6MvfmS2uHyzKiRwRC/RPRLUi2IIjqa5knDHvxnmi53hTvhgixKfwoTS0D0MpmHtmTh+Oesp6ET2hqSwyAe7Z6CUipvCZ1g==
####################
tBq9dVF6kMeS/gHqzip/tlBhqSoIuLasP6EKj3lm3UHTa6LY7iAeU6dabfo0qAYNUtEYwE+fx6T23cDG4Dj4DGxhtNLs3HGo856Vz200Q+XUlAdSL+YjHjDdgRLJDwRTsKqWCJL6JHAP5mhtkBFIVlYj90jQeBZu96wlehKBvjc=
####################
2MCIaubszJAIzHAfvp9w8Gk2OgH3xxPXqhR9TlNBG7PzP14u6zcFfBt5BJmRwlSbSP6eCPkOj7LVYtCoKwCwvc4wfxWZpgzlcdJXNPTocQHgtG+Edg8PDHKwqMAXL4ZtUMBzB/GG+Jc/ptbicUS0FVYtsNfUxUbkLaUjNv2MTbw+ExUSz3kxym3WLbc2u82wdOsdW3SeQBfYofL4scVwbidRI8qRjFSZenJ1qkpcNK4f1nMEAif5YytbY77jWVu1JWsQe3ejWsk2UBpDKvgyHA==
####################
hO2+sNBh0+vu+QhW1kjdqU+097ZJK3mXRCfenUyYEGTBa1qEkN4t3fFb5EkDPpuvoIJ0AKq92QbE850q1f5SxrSZxoGsglF7VrPjNnKndQ1cKuk8o5SGmxxRnqhgGM2D7DKyzc4scSF55txQ4UodhOMlFzONj+Zcft0fVLX30EU=
####################
MygEecbfAkeb9tvpsS34sFLxLQmR97r3mCzBJmSHlST7qXKrHsqV0jpzWhrMWr0yGVow7z9HTmJR9kslEcxv5GP/Aqd+n+HEGWPiky9VCPIUnBDj0jvZspaREtQT74dWdu3mjvrLtFDtUShEB6mHpoYUuROooFgC6S+EDxZUu/xTy0eNROeHqlFCgY+VkkBUbAPtGG97HnqV9/QG6x5lxiUff9cTbFpXkvrCVpY1DPfQXjlpBsaOcI6kAPEP5lJd4dm8AcDUWgmH4dGvHTwFAA==
