2019-04-01 11:15:48 [Server] Starting 
2019-04-01 11:15:48 [Initial] Version: 460.1540354032, HttpServerPort: 80, TcpServerPort: 8080, DeveloperTrace: Single, DebugMode: True, TracePrint: True, ClientTrace: False, EnableStackView: True, SessionTimeOut: 1800, MirrorPatternMaxVerifyTimes: 3, RelativeScreen: True, TextFontScaling: True, IsSysLog: False
        BasePath: D:\Program Files (x86)\Smobiler Designer\whx\SMOSEC.UI\bin\Debug\
        DefaultImagePath: D:\Program Files (x86)\Smobiler Designer\whx\SMOSEC.UI\bin\Debug\Resources\Image
        DefaultAudioPath: D:\Program Files (x86)\Smobiler Designer\whx\SMOSEC.UI\bin\Debug\Resources\Audio
        DefaultDocumentPath: D:\Program Files (x86)\Smobiler Designer\whx\SMOSEC.UI\bin\Debug\Resources\Document
        DefaultUploadPath: D:\Program Files (x86)\Smobiler Designer\whx\SMOSEC.UI\bin\Debug\Resources\Upload
        DefaultMediaPath: D:\Program Files (x86)\Smobiler Designer\whx\SMOSEC.UI\bin\Debug\Resources\Media
        DefaultWebPath: D:\Program Files (x86)\Smobiler Designer\whx\SMOSEC.UI\bin\Debug\Resources\Web
 
2019-04-01 11:15:49 [Server] Started 
2019-04-01 11:15:49 [AutoSet] Start 
2019-04-01 11:16:12 [10.112.44.155:39711] ClientAccept 
2019-04-01 11:16:12 [10.112.44.155:39711] Client HandShake 
2019-04-01 11:16:12 [86999403244106] STTP-NewClient 
2019-04-01 11:16:12 [10.112.44.155-86999403244106] {"deviceOS":"Android","deviceOSVersion":"8.1.0","deviceModel":"Lenovo L78011","screenSize":{"width":1080,"height":2102},"density":3.0,"version":"4.5","coreVersion":"4.5.0"} 
2019-04-01 11:16:12 [86999403244106] OnStart-Starting with NewClient -  
2019-04-01 11:16:13 [86999403244106] Show-frmLogon 
2019-04-01 11:16:14 [86999403244106] OnStart-Started with NewClient 
2019-04-01 11:16:17 [86999403244106] Show-frmAssets 
2019-04-01 11:30:49 [10.112.44.155:39711] STML-EX-远程主机强迫关闭了一个现有的连接。 
2019-04-01 11:36:51 [Server] Stoping 
2019-04-01 11:36:52 [86999403244106] OnStop-Stoping-StopServer-True-- 
2019-04-01 11:36:52 [TcpAccept-EX] 无法访问已释放的对象。
对象名:“System.Net.Sockets.Socket”。 
2019-04-01 11:36:52 [86999403244106] OnStop-Stoped 
2019-04-01 11:36:57 [Purging-EX] 正在中止线程。 
2019-04-01 11:36:57 [Server] Stoped 
2019-04-01 11:36:57 [AutoSet] Stop 
