####################
OZwJ9pSf0PR54nIiOipfCQNX7MEENNSVnWLwb+gehuKjNDFB0oaYVBUxI74boXlutQIa2An13nMhoDJJs7QTLZL9Gc0c3RXV7FbUmBs33Hxhv7Gz54xU5ipGCSYGlXXhyw0HRKRxGb2OvvMamXzyjkAOqIP0uy7ipyZdVkCow4A=
####################
Jh7+SaaetQInLe2UY+D2+yN+0mlpLoCwD45v/QWb2eU/iOVx9xXhTqHIytgnQIP2woO39xwgU2ArZbhp0CXWm8PQLmtTTfMbvmUUE8ityXsCFNFbYvLwXrk1wZ8BrN+XP1RZek6j88R0ftENSyhcfa34cZ3Oxipwy8a6VWfQicljaUVJeoWPUgEbZ1Vyzirgxbz7NIHgu8M1wvPueTwBeRjIn9iLF1sTPFasmNLUp2g9lVgGA4+Vzo5oJ1ikGnZlKOFegY/Bl2fhnm1IcdjyiQ==
####################
fqCCKXAskLeOBWYQmVXf+0FoicqDsekUQWIWuqrhB2+wal0VJBukgMDzC5iAkScVkToFJINceqlYBaU9ak8BR1S4waHqOT3gu60zfXbk+J6v5FMZTaoQq/875gjomebl57hQ7PZX56MjuzeVdSrUCbIY0eoZwTpBEihstr3UL7k=
####################
JMe5zUjZRNcOTPLK/7hmnXa7TWd/OCRiCFZgWbFxDrfrLSBvmGpwVVxmHlASoSY9s+L9iBeSTCrAHXNGYOBPh91muMLUuvKXPnZj6nfpUC9vdtuOuUxl87/8g55YUUBIMgGA61fs+jatHkIyu4Sr93z60kjrDM25mzlbCvmyMML9hipA6N3sCqKEOMw4JLG4Vhk/5Uwqy7TLgpRypz34ledW/MHC12xpHq/XKOONjaBErH2UCqT/2jNQflVfieKS0S4jF6ykTjxtAVsguDhi4Q==
####################
qOFQ0ZZjSlNvU3qlaCDvac+KDN+UuhJTn88u4zh8wD5UnTT8DLXLmHQmpjm4eWoIHVhVPbdQxiXTjwQPr+EwnOExzoPjuydZQZVvZFWPuZakqFe2hEg1jLz85rhxrsIit6MyirZS1aCMArhd+VX4cI5eLZhzxrhiJUBXuvSx6Yo=
####################
tUE+XObP5x5ASZGdBVsNX/qS3RUxtllqoNCAyfEHVnltcYi9RRtdzaSZOGeGic26H0yMaK26RpWeUNNDDcWVPbiFtA0tydO/aYJ9FxQa4VBiQmGC3sFg9bfgnbjZCwbhINWh5sSCflGjCNN15NiFyiHii6xoawyF6GBDvdsfOxbujqrd5dYFijYLC/yxpKO2/dyNQxWP2AE7keMWLsHfff2brAxtbw20bFPs7Twipv3rvc0I0sx8HNUIYlMpbgEjnYeyzzZzYzcGToNhTpLgog==
####################
y9fBp57tNvRDNMYdkQeItFBoIIa7mYQRkBj3n3+/cGrhtmNWzw5JK0Z6v13hVE/9S5BJfI3elGO9AH+mDnGKejIejET76fLqLmMSXFqfStRf6n8K8Dciy/L2nVC/lWPJB/bWcYIcDtphY5T04qZFW5LbKj3AMWrOg0xBcPS4clE=
####################
6g09gnQM+Iav/gp09YQsHIa7t1dtMMr8tadF58Ck5hr25UmK9WgJ5iJdYZDxRPQrRkWSCa66C1LM6qFz6hV0JKwRvg7C0QDUx/ydFAdfWLhjezGi8Te900sGrmoPvqbTEYvyyOxzC0Ei6Ogpp+udwPH31ghjXbUjxNdPojxYWp4iAjw8EGiqkNvueG0Xl6U8iasUe3QPp74QIyV9g3ayU3liNAnorrxSYaJtM5PWdLRG3btOL7hTBDddw4wE+p1Yt4z4+7AHpKJ1reFxjMaenQ==
####################
jnaVueBx+NU20Bmnm8JOuHQPKa1JU9XK7Dye7Hpy3fvjE5KQ30iFhbUvOh4LZmgBn1NhtN/mygbIQjRgGJTHVL6PZY4iUimk+t3JfnLXP3femymcEsgrjZyB2MeBL6mjHvQMz+VSYtRWQrUF+3W7FJ2ZSprQhdVtj/nh3qZ7t3U=
####################
6QUH6T2X5NIS+oSrytCAyfbkM4azdLoiC4qj08YnDpFvAYm8f55Nsudlbb103SUL5rYjp5Yc7JFZDwFiCkueFw4+fiR8LDAFJVMuDTf417eifER9X4ohkAffdEG+OEy9WODQovhOYrA8swJMwpb+l1SL8J4VijG5NPy3hPyBjpK1Dv5pi8MDC7ABthmfrUV0/fffuPOXQQzKmNHFX89E89ri/JGPCjgwn5hdbMFnqjdrazvSzazhRxmIbuF83bN4WTyO053Ni+snl9QVn05+5Q==
####################
ThLnH5jzVlwmWYCWVDAnJ1zh1T7b8ziOqc0+e2r1+zGcsL05Q1kD/GLLPrP0ihJSp8qUKhWKdk8eTVVWYa/+ekiyqeHBzNVkTWVgkWyaFzYL8kPRZlbNU8dnMN2AC28RnENRl7MUmC5NOeUUHd3S8K4u9pwVSAKXSrHxl7IESlw=
####################
Ni7Q0XdqiYV5tkba6lfW5X0a07gZcr1JEgYxBvPXjFl9tcSMFHSKQCw7BUOjLlhGDyDHE3KxZTx9EBH2sRHaQrTA+I2dL6U3PG2hNyGIR8qKuhsq106z79qk0L/F0eRXQ15VIZwnaHOZrHwoxRPiAtOvdS3BCCXnXeIuM3iGgwfZ5HKCe/WivrT1lVqQBWHr3tuluNQa/qwCU6lcbx9c2GJlyhH7XlNoxjL3X+WdIOU6UlG7nwrt0MkINw1tIRkXz28W+UeRvQte/TS/fWhZog==
####################
XwsAMgwDr9EUettveOLRvFx6K/TJtdqN7+2q31xIHKyqyrIjGLJM4Mw+BnEbk3GOB5xMVI53PI3yk2DgGNOSKVje7Jo6f72sP29SpDWkipv/Atvk9NzYjogEhyUSEusOF7RGraRthWDhP3RPFPmic5EGKCcT2O3Cs3aQ6n3OGVs=
####################
Y5INRx9985TDU5LJdUUQg4SZ2oxoWADUa+eCXlEhrpK/dkNBWlA3igE/UW71mn8CYH/9ljuyLyPMw7i3pSHAXRm+nNP21rurTJ6woNK3SuWOhigeUTdLcST85XYA+/dxu2ZwUFZbGDH90et83vDIGZfVFsoQozjqDE/M3JVafuWtM9+akw0y3VWV21/s8hcSYNggDK07VLMZyKnBm6QLzh9dldEMdpE5yP+GCAo6xT5NP3gbHRBELe/v803TSPO4XK9TWdoTejoogrrMnKpP8A==
####################
MoHS0M9zfOiG9RqUalhMMUBEMk1mrbDuCAJDHZYjPOAlsF9VrT5LRvXFqg+v6NmwUvYtuv1TxSYEozkQJK8CK6VDxgkmBxPmfziLP9MyYR2oUjlXV6JWACDIYMmVK7g1f9njkwzTlHEIIVA9W18zRpm6jcCeGI/+IrEc5TXAawM=
####################
1iDaETYmHlKT2KuFKwZi9zWU+nIOcnSqt3hv3UJDgLzRKERv9ty73L86LBM+3hJRYty3dsrnHbzy4pT1V8SxvwovdkT9mb8Q+h9gnfrq+ZRYfkp1GbKZi5o1xuSUtB9Rt2bn1bbGayYf0tfghDY43gc6gTsmcu/KgouvfcziBvh422DyXRN5MxCji2Y2n4aKQ5iSG7PbwQhbcgPV8OuDC26sRHahjqKpgthZooC9wj2+J6jD5I7cswvz8SICfnDO8Etvi6HMi+fyV9O/0dCFIA==
####################
nyl6pgKmr05xk5BKznAdriPVhK7fwhnsM0AcKfafCEPwgf+xUJNpNa2jf4UPf7CpOgCslAdjUfWptmJvIp5z3x8fHcesVBbPiwm4mr0cC7OCnwNN5P4iDwxQKe9iDpAocZSZ/+tiYbpAe2Lpmy2LT0jzxzoJrb2kkocvIqRUIuU=
####################
ut3urs4UHaK6jhgIUO7lPN8zHdvRbhco8jqNUTIo9Y55Lm1aoZAY6KMukh0iBhAx8+E93Q+OnwZjaSuyz3PkRJ1FXt+c34dvBLc+Kthoakeb1iCu/yjO0Ausy1fLjOG2F+ECkWgL9u8tvtKqj70lVE0Vrt828JaChfbETTIlZP6sUaBbamgSn3uL/kH0LT4q8vUKdou1IFS2VeaVdF1WSySwW0Fz1kFa4TO7mBhDNWonVLv1nl7Wkzh1hEGe4IxNeAvSsOq7TL/h1a3OwaQGfQ==
####################
wEEirVaaSVmcDvJT9NIIL5Q1T4GzI9F8z9yk7/g+fFY0b2lqIe+Bh45zUwnP2u7Huwemn+X8urPEREPDPDYvwWb3wlzmEryR3pDhTIxw7DJCsk5SHMB6V+o+j/qqhCcssTWPiCx1jOPptnXD2bpXpowqIeokMfcqprlMseDZ/jY=
####################
hu+ZJ69TH4HX9hKPMfJsvwn0ZpkTx6dro6FZKgSueVtTDEJIHegWo+yKVbbQmNk2/ofdej2J9lPmITizH1y9Po/OhyisZzv8X3SS7ruAhFf5jtmr8Km0eXiSXcEv6XiXtaQZ/r2MJw4f/Z2B5mdkpX9hZq5VLJ/A1QpbRage22Wlzoa5Co3CjbR/4q1xRfEytZFvu27WAe2UTLt4MJsDClN/3by3Tj9eFqDHsdLxZf5EbiWMAxP01F2vCYulGBFZgsv2NyQ4L0KVq0Hcd/MDtQ==
####################
uxqK7NLaOpm8FpHmPaXuLo5NmKFIa3DvQ1J2bkfeQLMLX1P9x39l9CgBXSwm91isPJaW8h73n2Ubn1wp4+LVHsGqbZ1RQCTGomY1SHrtWpuwpT4FJZSIdEMq+NL0bP2apTqURqJuPi7AnWqI6Pj+Yal+cwMZnmelqu7eosMijew=
####################
Un5DVCh/BASx+zf0e5Hqk6aIPwHg24/juAf2fHiR157cXzfbAqqrAuNqiLVzQoN+FhIbd75w7epHtLEwx71VDI4M1KEhEyoFaCpNTLH2s7GHxCsvGq4DLKAzXU3yxwoJ2DPFDylXTzdSXtoVU54tmVuljgMZSzqt5MTsEImypVMHv6huJ6DGwlgi8eOf5FDmyNoTMjxAWReFHj3Am5V57HLgcbWt5VNRpoNSC/YCpWJuqlejC5kO8r8Zq1CQQJCuA1z1dZ494MH9fttBcG1ooA==
####################
SnyElBA5eIEOeuHH+HfA1f/pfZHF9cNwVs6Auqz9MZE0cZFUYPN+55MQ87PAo/MFrk25WpXDPnoTMabgzk4wRyWUNyo53CA8/4T006DjQWQhgO4gnFNkiQZtZmutYQp9uB55n3FTq02VC+B4c2Vof4/ItWESilKKKi7TdZ3ZMBE=
####################
KPiCImlpKihqOde9vWGAmQXuTCTgl7jI0ynUHs+WE+7tlumHmc9CQlKlrgRXR5FuH08OBcgXBxuBZwWgE/L6kkBJ6sFbBoKxbt5fB3fsSLnQif2nROmVuqheBocfIAtrFBRLcvBhGWx+mELyOmiwrXw76k3Q3XCHhUJOUBCM90Hfy4fgSUtId3nt+ynXr9sHZXewOcqfxpqINFT6lpvMwQWQoJpnyoZ/eZwRqow29XT/YXa1yxvxwhTLTYZeWsWdA+b8rGjlEgQbJ3ZfCbSn3Q==
####################
qm5Nrc8WspwD+IFdsiE5cwkSvVhtkcIE5eCOxtseKi9/LLGw0iOgB1eTNqzgavvX6K8TpYf7giEJ4QDOyO/VP+KqCWDnlNbD3e7xM3sNM/AUOkHH6ItLmlj3IB6NOV6i2x+XJc3lLS/+RDgW3iXSq5e+B85c80RyYK79m/6wZZI=
####################
ZtnmAqzucAy632yiFnAIP1xTM90JDlqmjV9/w6ULJP0n6cPTJec4gBnhvJBIJOCrOPLcI//xnyaujH4XuRgs/z6q9wDMDZTj+s9CVO0ZDM35CCCx9fXbplv95Og5smiob7BBi4TH98FOfw2mPQR4yaJI0wrbGfYKr2ToqqxAUQzyCzf/DePAs1xOb5EHIhdkg2U7f/XRb1jd7j5WgwRvtfAb1slSLSx/a+8heV7Wmv02PHEctgkv/XARsUitpCa9H3FvS8v36IxGsHnnY9sV3g==
####################
qh6CGxqfKzA0QutzImRcA0t2RHBIqJGbXaZ+B6+xkR36QQtnlwYAyzVxWiX7/ZidWrySC43Z05WJkS+tdg0JBJOecMah1CuUXa/csPhOMHY5oDm0nqLrxycK0tIXN0e8XXTkS0ZgTibkv5ZvdNZie5ze0xptZXxDmmT8D3nCH1U=
####################
DtkClTGPLHxINbgH1ln2vmFnZP42kDkm6jeH3Lle2TlQxhR+hrizdjSFhcjf1JzIhN+8T+9nV9ziQ3Z1+AJX7K95tBYMTvc41FaY+0ECnxQiOhwAk9hBQGQtdIC8BLpEJLY9BnWXDDvdxS3P1ReMY+Plm1crEubar9UYvOpUTx6/+axTNAssuWLaJBviDeH0Vn//hSF5cmgT5/uhD4G2sWFkr3BlMy742e8HgvYmvmCCL0P2XJYEtTPR35WoRdvVwn+nm5xufQw2U2xaBzphHA==
####################
PHNrryREbFOQUefzR8+J4uo7X2+VocCjzeZ2CLZbjauzLlSwRNoHAhvUVRI0K7XuWVSbD/+sCYqVdHxEdzym3MmYAougjxAOEjeA3M67K7dyjrSdBWYzfpZDu8z3oFJxDuBc5drZ1Tcjvsm3PJej24F57s+ieMNy1/kmasI+RfI=
####################
3UTl+oapetChzHOJxyPmu2VwOO+GUgeOZplx9PQA2W6X9Cp+IEU50YtJb35Wrt3t3pM03ShF9Qi7GE7eQLB0icLlU9vTod8gMFbDGc7KD8pufAItSdFLHmGZgOyf122TbZGbPKFE/u65+AuVdlJUhD86gzersPFatZH5cpMkDnB1VYyS8xiLsdkZO/6D+vGxdTEBN2tS5lSaF3jEsYJ5anBcQ+DCXHvIwEkqlIPJWFu0VW6pkSuNSM0cHSiIZO4XEdQrVfmk5NDWejCxsRoIAg==
####################
BEao0xFzKPvDa3qYHwN7h8amnp3/81GGNJVayTgN/YeSWC+sy50GOPT4IZbR1rak1hnXVnk65SQ98ehNzAGyMbyepzdW15j9rMvXnghAq3J0KmIReAOkP6OJnJ+tYJ/OR89wTVO85B5asuSEYJ5NGcmcuZeCmz/Qn0kFOmWcSAY=
####################
0nzSPxbe2gGa0nCTQDRiwddZtNFnsU29oohW/0OdVzohRivL75Pw+eoJ6FWVSBnKIcM7dfvuHh6Bh5IOE3W94xiFXNgvopgnApCNtTgoGwZFYdb16REWjtTteSS8yFRdZGL1d3OerQb8S/tkZS6s8hJYJwOz68jg4CKv9f+Hmx0xNYzXiEhQAdEWKAkesYUYVnsHGwjySsThlsrxlhRKYuMfRyo3X9QypJf9ZhFBYiD2aXBuxlyctDjPVeosY8JviP8gYRoLdjQPBaLyDK6R+w==
