####################
vVQqQsGKaJJrgZEUS4YGkwBgRAQsZFyJzwLVKTmBxVMmH9QfqkipvH97WBw1k/zVRae6D9g7CsFwAfjBHE9w5J2etyGMTbswnOn3UztoIE641Qkh9i0aCRkXObTcPIT5XkYfyjfNwR04BP+4R4uL0tCJR+uUMCNDlYeDm06OXMo=
####################
9iAKIRrYZTbBCC4HlOF6XxINI2C+i723et8VCeF4tQiLYrtA3YqKDQznoEQS9U97Q0e1MHflRvw/1qOyBxIF9Ujn0fJIsBaVQKesvZykegwRTiDai0dwiCpd+IqXdiawS1CqasELctq1VuJ9eG78c3XzMlxdKcCr/CVgZfpYfZemJQt7rAdHoo9g70eRO0K8M3PT81npq6XsenpWjpFwn9jTfpaAbRsBVhOYPrnrLiZcvgjuIN/9YfFS/x/XQ/iVOHpXpVWHyYfvunujDEVS6nHs9ibtNZDmZys+cdij+APg11MzWkSPITSva6H8vEuZCVGFP3FBNAENy3RF1xGridydUu/iKjxD33i9xo2kUfs=
####################
D3rcL9Mxpmu2/PSESzgxbU1InLaPmDii1VxlG/cZyp3oI14qzRtOmWiD/k2S7JbHfYdCtXgyhWxEObc4457AmLpNIBLCwCnKzgUQaY1mjhDk1vM4WePATXkXAHsFYwDQZfDlXsWjkRxmfsQVrMrCr7WeDjbMYHLw+ZkT2rXSBWU=
####################
emVopj4NBlAARmO3LilozLsGW/m7a78q1Hh6WseyGeVURZeNnCUlXLCeFae/goxI8mhBRcVYArorcGDDy0h99UyXIlf739oXoThimlNVYBPb3cppMeUkPKPrip9Ydfp9igPi75URSEUMG1tnLizcsajKquJSS8rJwOOaIQbnhyTZL/ahyPYig84xiEWjXBNSZZfV/mYM240R0vfmNWMImF+7bTagtn9d+qhzyWo28TEWbYcC4qB12yk0iy5zqJLuD7GUFyhI1z9sRol6ME8uyjLnjb2XCHDxCbjmZ45e0Cq+wKip2Q9Jn02U2PJgM3FvLQ++AOAJP+MvfLSUsOzjxKlWCZ4AAepZDu7+6yY9iwM=
####################
K3P1O9cDnsBT2r4LVDOJel4ufqwkk5Wb27XK9BrKj+OT97G8mJloi7PvwBQ0kwOt/i+mmv1/ptBOSQowxhAHq+gWRc/jS5mnbaeNw0At+qgpyQTuAZ7Kq9PgqVB46hCZlWEcAoC9LaSkwzVWuBuR0SDynteLiSG4WP3qaDcxHcA=
####################
aEtu0AmHsxyp4MoZPw2UzSXSytJNF23DpoKflXuTTS3m3eltYokpdygWONLyCEZ9QW7DWVW5n8jOOqpX0hKMjvhnd6TqdWLJF5tkfKuUwOq6iu6RHEtmHuMsQaPVxiZ9mmqE8L1t7b+gaj9ewgvWMbbFFy83rHju0F4Gtv+36dg5agrlz+kyzc0j53wntrdp10yy3Ax1W7Brc1XsjxsoAulu5vrYRAByVc4Hond5EP8c8xz//3JUBW+kQ+dYdTfk49NoHsz+ollik1S3rdOxIeQsmwkS0c4r9+hio23rqY3CNUQdfFpyRONkL5EoVaK4/tWmz6NKWkqF/I1jwkCBp2wm+5jPmJHC/XBGE0CqT0Y=
####################
MxLt+LCy6kBQFO0P40X4DS2uHACS5aVgDnHj/lJXqVYyR/i5ophFD8sMPeGoslIOBcHWsmEHEjfTTa/61CSEz/1uP2mmh7oCsThrRd4lapbeTL+SMTONlpQmPtGHflxEpFugxHDjtcolDnkRFnKDJb9Hf8uHUBxndQjQNf37z3w=
####################
KYNjFWRMbJEeb5Mb0YIpunZTqxhfwneNQQjmA7W2zjQ/Vdn6sFNbGE9IOer+gBgTTivabcb18Vf+MRywKquSPKv4aGrtSPkxx+tppAe3lMIKxJEXUkE66nEpDh8GYXzCzb5qXit/iI0Z4svrW11LQPtaV6oNdUwP1YgX0nbSmXNUOuPGAR4VdGuThjyroA0fqyis/H6Q9oEuKQqUsCH18tSCy2ovOHHaK8/ZNPsaytbdsWwgLnLLtVFN2AFoysDDb9QIDy7r9q2PVozkDhdUgb19nm7/3kLZW88UuIioI3yxUWuPE6OthCTsoFtx4Qb63RIJpjp/K4NF6RM7SFXmGuUqcO+HtM/lWpoIbuKmA/8=
####################
gFSbb4GbOaBB1E+obNEw/XWTTuaWrl5GIy0V+y/Mf2xlOPLvf+I3LnP+50hg0YUhVoW5UwCqUVhX+CXQLgtIZP/rvlK4SRnz5jF9JXYIqhS87W9cVTYFn43m8E19TTvbozcpXaf2t7NJS+IJ0+cqljkKCxSNocUu3ACd2VvAVps=
####################
LkPtm/gKortuNzAvdReT/kxtVGIfB7WLfLzy1h8pCBdzsQB5P6DXCG0W74WkY762aZCvRKni1yk41f2NDnKI3Yyo4CfQFxvLa88Zpl6yey7SbmyUdjb68iC9AD8wLPwsV6ffJZ4N3VZPQ7fUH9L5gdzX6TCd5sZCkbYaHinDWr94U1yZDcNZNMiJyooLyNLy/0lcLKd62ekEONh5HgDFs+RTf2nhgCjYsZu1dECfjk4vc+HEBL8naBrE3oV4VKoaz8YxhKFqGLz7O3Gv80nAQdQ2DHKWHRvPW3Mxx5a0JwQCG+gSe68+6Sle+w4sC6FRXpBDZdIy9l0xNYxfbtIbeNSzoWPk+LZhlpYgpsEaevo=
