####################
FXfE2ypgYKNggy8+RevFc8yEudhWWTus372wTok98YRhFJpJMaNusdQeVeyzmhzQ9PflKMqxeRtLFxTlUjCV6xUurNM4dvY++GEDquWgcSotMBBpX/uLz0zVQ3YzUUgdQ1OD6q+l22ih6ZjrSDDV2S72f5gA/7DmE26CibM8ieA=
####################
droFwE5m0EXj35gtPe3I0xPe/vxVqBgX3tb1QwJAea+2R2fw9Cd0jLwZa9g+MiEN/6QjgGbPf1hTYkv6PgxkoeKwZ+iOpzFzYW6JfP5qAaATJO2tz6tEr+S6RaZjnrJ9BBPW0fvjdeWDs8haHOO+9pUdhio1E3822Ph11d/uqb3oKfq1pT6ApppgaowXkewjqalrLpZC6uYBqH1UHW02rUdxfpGCPhkNRIiAQ576ASE53yx0ikcoOBk8RyZ+mLu3UYVxoycCeV5zSRCLQnuz8w==
####################
dGV6Ic4xKuGr/AcSXHGX6E32ujiUG227HqhnsTSVucD1FYQtWin+IFUNxO0G6CMMx6jDWrXvI4bH7uUwnMTBOrY3aZxonxd4AKl9tCTkONcmsWuUvef9NY113qqV3Zz7ouFMUk2ZLy93vPV4rpxKYK1466Bs7LniwzaNyDiuuxQ=
####################
kA4bxWRHWbb/UqJZGtw50PkqMk8Xy+r/WyoeDlQqtYFXonlSJbjbI0ApGnV2/7h/YCqOBtyaybXcBQFH+dEaM1+ewCpKGMjKFCVe6VIbVpX6/W5q0BN/uAZic9u9P7PDCTuap2O5Gxcw82oScQaHaEBocRtRbeR52sCB/pKmQ4+hrhKhepgc76QgNPUQ0gsZh4/j16kVdeOl6J9sw27dZmOhO9E3lrqVdRReRrFfa3F9fkCYH5Lo6grAVG1c2p3loKWgFJMJCbOpWpUDtq+hcQ==
####################
kMo1Nvaxv/6Fxd+9Gn+9FysMReqVw9QdWFioYEQVTl+xXVZ89iR7UEVTIrl5llO7CWHaEoyWDZHhB9BN0fyHd2vi9GFZIzYX6WUZLs87ueoEaB9aU3biQ8V8GEZX9eHF2F2csoT4ol+2Otqv/FfJlyFJzH/X/cRa2VyCSGl00DI=
####################
Xi1cRqE1S8SCBqLR/98ttMZlOZiS5VKegJyg9HJO+eVFj2Qp8kd3J5Ffd1KypIUwX1p6t6M0AL//RqKDY6t+0lduy7ZVuViUk2zvjVDMl3XsWy754itXGa8mzbmASmFP4SaWJZkaywQJsk0UrqbmlUB/0F5Xdcc7Injy+p0tcZVmxr+3TrIBuw+r14FUGUGvkcphcQqe32TNqlg5pCv5bf7UoAX8Exvw8m9iXeuzOuhWj2zu0wKZa2vrXI1pWOj8dCQzmm/YiZDw/2t0+jd3Jw==
####################
MW4x2xIPF0N7Govu0s8hPO8+NEdr3dJMWwZhoT0QoXA+FLgHnG87NkykD2Nb5tt9OwnQS9amfCLTYDTlM2QTUab/U7mk7LsQXc7EgPbIIkUBeg52N7sC3XNKo3VaP+sw/HxnHRje/LA7k1otnfoMhzRQPQQqZsWrwhrw/lGyDfo=
####################
nFSk/1cTJB7DmZ7rd/I7jBjkUUi/fnzEG0Sh2xSJdiMC4muMim/fgqIfT9V6+6mKdM5QYc47cZUZ1qzJ2oebhsvAZsTcLczPrrVdf2p4JS93bgS3913Trjvtyln09AYyuuKmUWKXMRu3bRFJOUVmj6oe5f49nKmXuQ+739tOEPMOQ0qDUxeCj6GOwnxD4nH24gg7A60TzmR/B0WMCQg8fTXksdqsrAztYSSczhNurmkQFCLuND/EFuhjsjD0zx7grgkdDfqcZMvWVtNmHT4Zkw==
####################
VdIwLY3Ssm5AYAdX+NzX5cpOyUil31ScDbVj+D/TOfcH+XXqcRSuoiAnQYrzVRZyoaBx38vYQ5B+0kFHbek6RtUi9jf5cju5FlNqcaV1ZPqbx7zrvxQC5IHcCrr5p7SmMno0oynvLwyzuiaAbQeDOB1702Fh7JazVno3YlwwDlY=
####################
WphglLb4Ba1ClodaMfb46dePOUp0mrsv0FKOnud9C94NFPPaamYKPf7SNSrudusCQUNJ35+4Fr8FUwi5bT7cdOj9TKfHFhhFPzwUaXwHDCgrXC1fKTUc8K8Nf5vtr35ygr+POb97iDWQnD0wngg3E+99ayRagKi6EtPeTWGHqjgISrtnX2wiaN2vGuHkC5C7hiesV0w0RAb7rOXouYW1MS5O7SJ02AlpX2AOo4KW6NhxJKFM3oTXoNZrpxFnzpyp7j1RxzYdhYg4vey4cMqLow==
####################
EoJck4wD9KHxikZGwNWhOsoDhots4gGvyq3bQUIWqg5QlCwr0sj4p8+BBPEiKlthyh7Cc8cWcuK9wtMpruH6DPLmdpJFJpiYwkTki8Foy6CjV3xzdXJgO90stLe6qF2qj5ibtDeNNijPVSKnd6vt6Ai86M/9um54DSJZXcZVZSE=
####################
wagRRiy+nYhq8lIX3/Qc1daf8hwxjE1fJKkJUhRGZ3hWxIeilDK6MXYKZwIycuM1fXy288m3c7cCwxqLIxyPcfILQ71/bjSYB0gnIjJsI+S1N357PA+BG1fE+s3zacp1exE4d0SeyyG9NfzLFBp5Lif1E2YjQiD6/c5TAnqc7j39751MghpIGVtNxa3wZ+pUVzKIaC4xYlQ9HUoiBVx4h4wa5AlN5cE/ChBvDyMVm5SiUhOXHWQrmYGW4DszRobt1D35BtzUnrZJaJsKvCaGRg==
####################
Zcyuv4suvprKcow86N5e8rCUBK7Ycl5bawVIUX0l9Jj6gAv/Dr85/DfglpqXlK6jqQ1tNNluh2ZoWQ3r4WCvhNFChN4oD2zsPfVaYFGqAZQn8B9XmKFgVTUcPjzKXu4VbPpPVPSQY+sx6D1P3MzA1XXwJY8WmpBKuLtX09YexQ8=
####################
9VOzGy4Grpbg++s1kAx3Y+bgKcKGZK42HBq6UG5S1PEQ2z1SLTcL5S4kok0UKiil9CB0cmaJB3TnOBBJA84jRu5T35+yC1kAMO+B2vozHoIrp3gXGHwP8DfC9rrBjzKqPE0l11ayk6e6ukHJ42SepgJGxPtT7RVDru4LERyE+Wkcfwe4ufSlGTpw+cR4IuHIZpX64uK3dpQs9mTpDWErlBUvUURFiOJ1oyNJ8En6Lq11NsYiGdSz1XKoG6HXc2HLxcVmE7+ZJo4xQXVaBIjyfA==
####################
qBhBvhxH9+f1TTomUG0xcnwMm30zO9w9DNmB5Qu6egmsJR9W8v8MF7rD6F7q+yIHwPZTe9yAueVPSl0zfLmmKmn411hEDviiysonz+h8W3VhD2rSsub724ZAXdMMHBsknzLgCAgQRPldxTedz45qOWjQgFiBOXbpKkJh50O96eU=
####################
w+YQLVoxQGBMHgqLP2JjJKO5LBKm+CKRy4OGhjzgsNl6JuDbp4mFwyc6jOPdE5djbMuimAEEPVD9qToorLjxFHHteHdLa04NwMnMO8P/zBScywfsBtPxpnjckIJ9gubA/E4iqtP4xQANCNGZh5g0b7TDPasRAJTyHJ5Jg7ZFFGKHGAmz5P+z1d+UfER3bJblf6zohcY2o3JwHWyVxFxkpR3CNFUrgOyCGtXCsAGZIvuREroZQQUk+5i2/jN+ktabPoPQrtJ24F9uDlrqiEHMcA==
####################
se1mm2j4W3F4qJ6dm8AOIdD9KbcrH1lmvEj6UQKGuUu32TJ7m/g9cPMJW5UAoRwFU+UTRsIgLrO13gQYexBVFuw1qP1m61EvSd8ZOIkFqJb1WCWszTD4jq+D2GdSeXILyWgLwUO00Mtd4o5beUwUJ1xFW+hpqR4Ue34DY1o6uic=
####################
X4rh7GY8nQAZKlsDaZNUIYqy/S/gy4wJg7+VkdxGd0+sHZizWwn7xknW8px2HLG771rOzS0WB+c2mpAz1dt5/Jgfj8H7VEESETvXk7doWxRPMW2ooEl5F6BDVXpILMGHxD5iqt5qiZu4F+sftLOKsAr2V/6PxfjrSJDBenfUUfinHwScHTlhLzHcDOfajF6F0O8/n00w8WLwFN0/RajK06mcoL5mJIF7FSZ2m4YgL3BVCoaMlsTICvokIb7DxZ+GtUbWzU0W/F6YegQLqY8htQ==
####################
BZvomCQWheUNK+982E9cS6rYz4WWYoIou8m2Jy9Rz3m52vBx7wTTnHFZLOZrhAUPgTebDMDa+7f/8MIwO4zPFp9Fkpa0tJZrG/uUAzx45wOQSHk3NAkPDKkssRNhsZVYvl8HzfBLkrzhRBpSkYK3vngAimJgB3G73nO2KMruHwY=
####################
WosK4fh3WYSFKKzc/uX5r8iuCgpBjKj2UDTXAO9TcEYG6xWWtxA9rbCnMNL10Jd3Ktwj1Z+QqIjKkO2dW8V3V5gnTCaSYxPnY8uryaYmJTfYejjKgYtaaX9G+sEZmdoWtSXfHWK0FfbN6C9L+MjXPnk+weLE6IP5x7drdyXARjxzLOfRUnxI4MpW8J53gEtINsauMQ4V0DrFMMH0wKzdkQAe7staLIURnPTaa60n9Hj/Zbkaa6G8gaa3w5ZURM3D5ljx5SLL+rQHd38+ndj/zg==
####################
SLU4KAbB1wYnU7WphO7ufJGguH2EcOk0rz82g8nvw9tQIChfm0H2KmqxSTLwoh0BxQOl3j1CCNzCZFeKF2neHHt+M8D5eLCHTqQ/X564yWVq9toYNUZMumxXq5T6zhNZlVN9ekZyFnxaLrXWNPpfXHXek1jWUpoioHSrF5QJTdk=
####################
3iDzNHh++3n19LGq7tDFeOnGWgXIljVuUXNbVFJ4V47FgeetzDL2nIAXY3rsWSXY4hHq8ZlTMYePixCfi+MzDGoY2VnZYC71DC7YdAZnGkG+oaHcfEqJFfDuLaQOkwNZkNABpx1PAZ/gCmF51Nc8dkviuNucsHXuE53N48cb11aIH67+6yYyZNVe7++zWoB7ShGTlZ8lTUCQYTEB2vk7DGxOT8eei/HFnMGOx9sLpKf6zg6vhr+QssZha4UNnLrA9khxfIohPLnSWSo9D0k4vg==
####################
N+h9gAM7j1JZTmwBd+GPoL5shmyDOqJflM79q+c6weDusVswK+ol09rYL9tiLLYCYDZ4oKY2Ej3x9s+X9OxD6h18N6u7h6Os4XPBbyma66xtThp8hynyMQLRvGoDCb5AofyVMG0AcOjLZ84VJHpnKJilhy3gEUQRyt+c4hVTKsM=
####################
msPWnN+d1N885sVzHSvsgtu8TrhMoUnvrN5bagnnOh1zjMTQ8Tiam22rarkAeRpcUyke95xUx5EKOt9Ea8+9k9rzdTNlGKH4aKbv9AsQmRCcbNeUZ7LHCdQy9IQXo41PVKpuWu7+52u9yqij4wrNt2TSPJ13kQNheJn9A0pWtPLG0XVrZOJBIGoq4lcHcnMYedi2ujxRvss11Ksx2HJIsTW6UqkB2CbN8GAnjhXy1+CBLDx4EIralzcGVkV14ipgb3awP1NEKpLFkdcEl7nYaA==
####################
mN/kNYRmRgmCGUPuU7djwg+z0/3SlQW5JSliei5WtbTdlP7XBmBMYLu6G9O2ahRuTHjOAOM17oMC/2dWMe8VsW9NoZn3kYKLfkvRP6UFu4AgL67ZkBzQcl2SXh1vd2wvQcwh51+KEqpUxgwrUSzuMtREG0wYA9XccsoSn7IXDtQ=
####################
673+CQYz+9iA6FRa1UWHoJfKUXOoGDZTloh145ULlgkBRXiDAnTAFI0Dmi8PEhlY3YNpNqrwv6R4cPcqeOUUAU/gIN6oWjHUrIFkBikmdY8sHSc3IS9ir1gl7JpL9OaW5qLAOwZZH+WDJre8k8R4iuXeHEdxyLpIUajwDfpnAJsTOkxneksNxnALIJ8aFs+6/8sTuby/mGUJhwTWCrioRHuz4iOicwpTp091d/0+8x9FaNGCNtSBq8lVx7lL/2Big/a8EfChni7cN0HA3YfegQ==
####################
b8o1TRrt4/l4o5Cz/wOUBuei2WQcXtCQX99Sbt0XGu6ADYWf614XReRgTFD6FhOd37Zv22DjvleG+LQBh7s3veOX/WcPfpFUN96E4IkAnJImpa3/d3ZqtI3zsGQ0nLOWBAG1hlOZJ//DqzuIwaRy9Nj1FPIbfEX2I99WJKpZHyc=
####################
BpclZulET/ZovJ0eK6GUv+xZR056gk9XxuTv+VPQHXHCCcekhnbuG4OS+hY1YbPDjGcqiCBN4Vy7yh5MV71zZ9c2gZmpec7X+A3gOc1RoGzhxzDe0m5ZoxY/Lyr7D1RVoBqAKcW0q3TlgyMWfxpbv0VhCRipy/dISS0loffU0Dm7PU2UeqETuAjanyDtHq3fKDRJrX0CrD1Zpoqahm5Yjvzm4A0UDwSygm/hPCymS60yEhVc7lCzil8nv0jhsho0InUvCjnmL8zxZPzgYeoyDA==
####################
t8Clpx5kmlBmjDJRitd97AVltwdsrI5omWYSW5UCjKVmFGQX6JMRh6LeKGK8Vrobl8splLnYq7mthqWl4nW+pgIRNQFDcu/UrOcx84Xf2HdMP/hxMdE5Zoy8VZgPhAdKsLpOyhxLrjIDFlP++SR77BCgMJN/00pgJp7+rpet13I=
####################
FWhw5fVl+7258CBWii8s8FmE8MjjWdJxMHjCuQrRFoFcsQX0FjlM0DNZ5uGhG28lfDu5qCXImQ4FwsUzeRwmBMY6KzBwB9eHTUdhcLVAhJQ5ShzLL71AYqdVzwQFew4AZ39leJfUpcUuKdPsEXQr0u1T+5F/BI04Qi+hMiq1qXD8GplItGUSOt65Wf5ogZCpDAt0mzfF4JvoQZX21jSV1bf8aPMe23MsPcE3ZRAcvOuHY2oncsRqWSZe3y/o7TueD+unDI1Ts888uVtpOmlirA==
####################
vL1zFbyuHpxYnIi4KBHM6JBtwxD2eHg8RT9aM85XzQDgc+HoKA0jTAEF3u04ScDeemvVsNIEo2VLZT8FpFV7v35Iwg3Mruskg1d9ecRKmf5ntlXTgC/x6RIgmEiM6Z+SqaK7/07QiN2lKXpsIL7/p1DbR1grXpNgL9+I9w4BcAY=
####################
OqPX2IUQyAw6b1DU6usu3cMJKUzj7BZPNNp1RiLn5QqBbZAWNEXZJd31LPObNOwt8DE9vyBsQ7rYvdDTDK1s+kUvygwgeZgXWYuwGB8jFIYC/5sZcwwPEczEAAbWuTOdxFGsMGIUCuDBjehhrDFO2MHogZCkk7Ovrc5K/wmkyrGJHPdGZ0dYIwSrMMJ22p4zBXKEdCNwwiX3iyqWB53z3r0PByATNgJETOFy5Go7lIQEugqhFSiNEgW3hol3U7O5Q5c8FcF08npP1MojbUrxuw==
####################
tXw3Z4jfu0vNEgfykveDOCEhB/XZOAaUGrfLd5SdiLEsTwUvIQiPs3Arbwo4ZinbRCntdanQrREHV8Z/b98KMcsvh1FBYLgFIMnNVxDcqlJT1cxWb8ZXCKVkGtF7FNLdGHUP5zvppQdRK5ZQrLL6W3F5oDydK2qx+MU2d1y/wqU=
####################
lnYfcZGoEw5bRzrsjcSVHj90BZr0EWOJQ8rqD/0UTGAIjUb3qRgiwURPhg3j3dqVVWDBujX2kr3qiCgUQdNX5QIwQHRhO6w48rsyYt5NwMSV+ZH9H9UqjBmjoyLpswYQK2PDrG+vOnAEYOrcuJ9VRxe/P5SICx8jRiKzC/XvRA278vjQNOvnJHvC+D96wqliXBJqs6TS5arF++2FqL3MRNIGq8qal8A7xZz5Kc+qGrNmwctgzvRJAa4EWoJ4KCHo5iqeMSe4v8h1VzUUPSAcjQ==
####################
e07N/94moVZRccj+/bAXXnpcMpwojQDWxruYO9U6DOlw8PjbuQytROSKZs9rNBDKaixZWoptDt1/K1hTCdmr2jU5PgC2xgyg82tGC9I/ZDZ1gh0unCVt9+17ysZhXE/aQCu5uBEi4oj5z1/pB71b6MNWQd/HuIhgeBrTmOD2afY=
####################
/J/9Hzvw+cQvfp2SSPi/Q7gM5WLYG2zvJGYq3nyRRWw4T/5WVnZ9UWWKfJKKt4VMOIcgp3bdCVDNZlx8fyV77t5rv9Fxm7YlTGkQYvbNpMN6dZTnq4PcbzmPhYV/kv5pw4zFsMBbWtk+zpovgiZx2iQ19aI06BTa7CR9gHZtgQEPlVcw8lRVO/uGrtPyZS+be3AsUVlw0x/E+xcHIKDL9p1bMdwt6j6S9Zk/CuiGtn7GSFaHwa033J3qOnEeRQDd+7YZiVi5GQIKpJAqwFCDtw==
####################
RADDxefHiZqPCz4+ap/NSOgw1IvJKrGnsXo1trRIxOWrUEJdrkGz14mJg7izCa2JET/eZrXgwpHBsfVjb+Rpx0WsG8BlwlvIqSFdqQdiPX6EFPEEaF3tWE0rJ195O128LkrWpsOZyC1KsIGV5MTdeEcFdmBTEyQlhKxs3g95cyU=
####################
abPMB3MnqIhYeoDBBov9MEpA8OXoeoRZWoCMu3NEJlmbkbBkAeJnL4ZbXQYKhGmZpGHejbrhaH/1tWdcjFL2YUpuliVaJO1j2WP8gxhQhLYj2zYp7FPX6ZWBvbHshaKk8QmLVnmty/qGBtljpdOluno+eHBtKMonuR4G/Kw8b6RBqyj0AbaGAheI+ZaoSpJo4IziYjgvsOYyYhLDArIxpi20d66SAJvd+XR0OySC+RRBztliEJBFKixz1x1Er6bKMCQ9TGbbPmocs9UYXVdXjg==
####################
L+9VUNW9YALkG9UmISPNU3+714tCRlKKLEPGDgbXp70OjAAHA4m61LDVry0dWUX+wzOsOD4p6eCRkXCKSYfIzNQ0G+g1VLr7ihGWZpuEC8SF+MVkbSu390ZK9jHnwCpdjkjE2Nb3MhZs2LffqkoKlHNCrMQ8crd/3Dy313LjLVw=
####################
QPyCLFtJlXVoqQPfdp1tteL1fMrbsIY2LIESlKq7gvlzxYmc7nsDHOrSYzeowZb8/flWCGN9a6CzCBEAH2z5r2zfmTia6C++RtvOClEpIHWOmpY2x1BQsoSNK5mLZB0ornd/DvBC6o4YdJr7G76r5iYOAdcd13T+S0L9Ulq1iL4LRDB++vI1B7jMM80M21jfvH3RPwwG/YyzYBCD4sIw32GwnoWBUV8wDdY+5fg+q4XTjbtkfiirVFHGlrOaynd4vsPf8Fm2diEFYCbHUOSaWQ==
####################
b0exwoMYyfr9m8urlbDrcewunAKBa2pf2q41tGPMHuio2h8o4AT8csbxCZ25366Fht8J1jyJlDgVG5PxSXEds7J2UXjCalcCTyYeig8jBydGY/7rJK4+9okDWMbG6vdVBFunvCMF9be4yjBelX7r5gBQA0Q4YRRPOQUf2eiU1E0=
####################
4l9Lhs5EuSz5dIp4CBHx1zbfvQ3eauf45Rd8W5su7CyUbEi8mngmxPr7wNGcLrgaRtDtbARo/4LfceZqVUZim1QGtRuIf2ymjm6S2TetuRvldY0xJGgn/yI2fJABMFkba4j96t2pmO1pPlYJ64ONbmdzn5FnD0GNheDx0WflpiU++o5hQa1Frtbsl02oAW5FLCwi5Z5vzeVGOMYolgHxnVs0x4GK7NXs2cqvZPLoj0wYLUVuHwtKVa9gFpInB7ThSQ43Mw+/HI4tKVqXOkw6sA==
####################
RvXuyObLHgxOlE1MyEVvasYAzj2uo/mee9wOJgmHkXFAM/7xuHCTkxcbrXDE6+Dv/FUuol6OI2VZM/e5Wt3rmRm+SFlVNxUlSKX4wJoAvyNpxH5+JCDvYjFj2ed6c/yfFfVAIVfWNFOqkB3HAGfxC9i+KU/iJJ1VRdy8j35HTRs=
####################
bi7ABadwK4VqmVw6kRdm0WSFCBPyKL38fVXRaJxYfOxHdjMgeww7bdP1N/xLMRs4WDj5ZaRg+bDDgoWQFFHjGACIMe5LITfawULeCue4zeEJYZZi0HL3Jl7smbEzaevqxFxBZLeOoIQrrmhvSaAEeGUdKncJBv8xkzdmOfeoWAno9pEYnCmUqMYojYFNPcrrR9veoDbPNaoRex3YArY+1GxVkHz2RTV9uYW5LnWli8pqPKXWyd559xHW107ukpHIANfqNGqzpZUJpEyWDxfi7Q==
####################
ipPJA5jfMF6kBiFv5t9NnzroFrxEKp7UseOX9JVj/wch0RUmZcaQZ3h7niDgQHEwlCpIqfNzV87s6ot6/a3fPo1KxXk5ndmI3h6HLkK4YgbG9G5Wy/EvKBcIJ5MzZy2j/IcDzpKCQjB2PHifWUDMnHm4HzotUWVpK6t+S/W27iY=
####################
/CSpNAcbBCDC/Ki5enqaElImOQ/Q/u32F5QY/ItK3dtcSk2q7IkYeGcen0GZRy71HZ+QxrTzbc0UuewPGsTCpWzj0f+axjRV3qeIWJdqUF6+h5wUaPYJRLS9aa1A7g6UhvAhzXxrfoAGXEbzF1Y0zSXvvMwarbbY4Ol/Q2HqSchKrdsvwiMJdyKIraXt180SJWy/Y5r46OVmxUeBldpH8oiO13DfPWhQ5RPPfkVIvWdgJGmC+xsUt4VEQuGQ8L7u3xfy5jfuHEjfRHCh7DQ2Hg==
####################
Uto2/8ymC6zj+FZ2vjXcjIxNNkwF8Dr28shRGqUrL5ilbe3UxhtOUTq8T3MLJlwmE46F01sIHLH96j+x91jR+ppWSzrRU5Ae6uuMXVyNzCkEUWQEu8EcDG0DoNoEoSoezitqyfwMO7b3EFrL6ABI6VSCVgMa8Jy2es8dbKlLRsY=
####################
fqPxDsD5bWq1eUCGoPdWevwhC5l6HswNGgjkC9wvNY+KjcRvSzLozoYCQD5Qrb9vOpe3WbNCLwOzdxWJQv93sVUASmSD0OUN9vMv21DntfxS899IIcKP92M+1GDA4r3b9lH5b6C1sGMSpzCKXG0QT8MX06x4KHXsIHfbIg9Itx5Zfo+LqQ0Vx+G/uZl+TEUpySHlvt7JlM4kuwQTI2omaL8klzze2I1QSGQA0rkiI+n7yIF+t2szfM47HfIs75k1cLOR/0Q5oCny7kWZUsuYWg==
####################
zyTbHNYnrc94gOn/UOKYghrcnViTHaz19wWj1DNMCKov6H63qIlCKZFeiIsmSuRM4TPEQSwK64svxIxJuEs2nrPKnJ8Z5q/h6mdS1/m0dffOv0Lk+X+WyLHcbxBAlVv6aI1Mg4C9QqviGFPh2bmaicdDdOj4mGA5AoYRVC8Llek=
####################
It9LoiH9agzkc1792mJMVDLaVbkGzerl2kdhQlE/9O0Geft4Mqsvig2bBT4p2U/oI2ozoLoaLxPvroaboXH+Uje/W/mdZzfLLCIR95NJvPQvNITemnxM7NaHj5QpJCmRdYqUX3Ozp7ebG9DUOy7NU8m4wWdYyl4OlqULY92yWaV8/ISvmtSgBGLkX7l+T/XWTlrhawfLo+fjxKJoJoZXrUBe/OxtlqRvakIxxKDbfiv1QDX8fOMayHHENNmWGHJ5yQ01YLWZ4pUIQEdEG9aleA==
