####################
oEXv2+6b3XhS06uErT/3V5JQ12zqc3oLDG7fY2/IBRN/+sLqIdZ8IJ7O8Ptr+lNMB5mTRoF1KWf+dqMUFkPTmtzTh8uOkggHTOhbmHJM5W9y0yFzaeTS7kAUAXpNt3DPcC4rnpGoQtpZl1+G6VZbmU6Z9f7BiHOpCLk4+zyCPGg=
####################
aLXXFBrcqaN4BGvVlLpNRBDbD18oUyRu7Bpj2t4ntdF+4FgVKgBnWMcfb3SZDDPhjwem9EVaS7GM4bJ1t06fB5dJpnGYsb5yYyBHegJel8ilg+A8+UbFR7ZnruHHT63fBnrmOtCu61ickY4TbQ+zuza76GsMSdtmc6R4dhHnYFAfqY9YIffiYLvtWJZ0dW42eTyZuVJh9L2bS1+UJNiglMKfz3dTyE3UFUtZnyVGZuNnWJgUrsbSSHiEswCZDU75Grvj+NXmLBbd7K2K7EdPHQ==
####################
W4aBJLyjT3Xgc9GtYT7tO9IfrRUL8wjl8Cw3z1JvBYu9fdBoBuJ5/NZI3/Qy1jatfWRRInhgmovlXro3to45hvMBRGXNxgTSIhYOS73kU85eZ6rU5ZNayKo5yD1GSJIjm2azrqc9XR02qy7v1cIP5zX1yZKjvjfSnlD40XpViJU=
####################
xil4oHGjvozsWAuOflJ/2mgDjGAfiz/NKIwknDLFwqrsQE7tNcT7D7Dv4KBVztXVl5cWk89sZFfsBXlH8BNpNzrZGVCHCA2cwQgVjtLtx7sJ7T2Ziy4B26KD41QhseUoDqfDAvBhYz41Ez+ktoGE5Gykde+HzBL/JeHgUqMq5nMOjOEf7eUETi8+JW6dW9h1u0bBjq9+K8aOi1RUKc5akKYiEEVYNN0qI67CDWAUPM52fZ9B+6y8+XiCnhjEA0Tam7AetAi7zKa1Nc+9PGE7DA==
####################
hStuxFbS7kob6ZHX4rcfFn67G42We7kD6nM3hmMTEG6XtkIN/g0Y4n2CvMKFB/+EXa+P+F1gKzb7cg1AJDaPaPpfXzJNhh0RnwNoXeT2Ilv1p1Oh7HqmUNIPWiBuDvc3AofYST589z+CxrOWbxkFHhacmNjhw1PzW49QLWttH8o=
####################
T+mzrCm/0fYfcPHU9lK8oBjgyLoVqLkekGkHSlHoksDET2qbtINGEFQPhylwzxhsVLzxtvfh8u+Pgi/IdX57ivZlnPuCfmCYxrNkO4B2t0GO9tmQS7Djeqw7twzFM+ez56NPJ7h0alsP/L8BwNDg86Pek7MGrJMf/EHdseCLoRmDOVLs+p7s+/8X6hivIVP4kRLTMIY9Frp0dSXWhgVGcAxMLu+WRHyrt38jSxjqG5e0+/9NyErIjDJ+z5t9TFOmAS5Yf7AaFomaOIUCZ7bPHg==
####################
K1cDhMed5rcu32g7rucjjNEE4C52JI/P/LEFt2TrchaUrmXHRZ7k2BeaHbrVmam8OgSZCnUrzOo/2aWrVnnZp1wJCCjFzx0aAc+jShDELhwEPdU4A6jA/fCxhbcj/5/l+oHURGWrbEWO8BTErNMOxeQU1e5IRSJvEjVNFojJPtw=
####################
KhpQIdkZsEv2d1uesuIrypxjSYDXA9N2bcXQbHpoe+T6RRQtQwEtU4lZW9kK/Ye2WFrYpUVELv2dRVIBUEFVqiH4g3Khmg0/K7sd83rUSjEDsj9sLfd66bxPYAdHYRvPdSj3dASdh/ukuutR23cUxPEquVdt8bY/emui2jRxtaOWlDBTM1+V51NfKEN/o9/A2dLq8SQy4XfbZNeZyCCPeiDBaSbGPdUGgQ8JPeCfEqGv/uI2x/CoUKUC3oyQkQaFD6otGvf43ByXIdu+YtJ1OA==
####################
ldW8XuxTGtx2DBLXxch15z8AI6HZiuB8qfdjCDBIhrSGOxBg75fiiZXicsDeaIbkN0sncHjdhDi2hc8HKy6xG43NW2IsxdKIR5i1vbtntmVJjkp466YQtdAQf5fKfi/WM3NRrhZY4ClfhKTsxFa0TltBFUUqv3DLOGMz78nA9M4=
####################
nu2GxFp3pUGEfudFxAXbCBdvnaBqNHIT23nyHVVTO4GmS4bB79KXt9BUBripywUyx59UjHb3xh6AhOm9BVLyjCEtuCk7kAkc5hwcpsJI5vuqYf04LdzpwJmYp3THHbiIVoXW5NNawrDg9Da8O7pHNPapsW8l8XCoC5EaihMtAADFyfPgyqPJwTlXX7keYc8tGNYC7CPI14DGjB8KviquzTzlps11G9WtVYjaQRr+kCXL74S2V9oISyUuEEQ3fWfm4xjhq6bN4QvgcPddPlch9g==
