2019-04-02 15:31:44 [Server] Starting 
2019-04-02 15:31:44 [Initial] Version: 460.1540354032, HttpServerPort: 80, TcpServerPort: 8080, DeveloperTrace: Single, DebugMode: True, TracePrint: True, ClientTrace: False, EnableStackView: True, SessionTimeOut: 1800, MirrorPatternMaxVerifyTimes: 3, RelativeScreen: True, TextFontScaling: True, IsSysLog: False
        BasePath: D:\Program Files (x86)\Smobiler Designer\whx\SMOSEC.UI\bin\Debug\
        DefaultImagePath: D:\Program Files (x86)\Smobiler Designer\whx\SMOSEC.UI\bin\Debug\Resources\Image
        DefaultAudioPath: D:\Program Files (x86)\Smobiler Designer\whx\SMOSEC.UI\bin\Debug\Resources\Audio
        DefaultDocumentPath: D:\Program Files (x86)\Smobiler Designer\whx\SMOSEC.UI\bin\Debug\Resources\Document
        DefaultUploadPath: D:\Program Files (x86)\Smobiler Designer\whx\SMOSEC.UI\bin\Debug\Resources\Upload
        DefaultMediaPath: D:\Program Files (x86)\Smobiler Designer\whx\SMOSEC.UI\bin\Debug\Resources\Media
        DefaultWebPath: D:\Program Files (x86)\Smobiler Designer\whx\SMOSEC.UI\bin\Debug\Resources\Web
 
2019-04-02 15:31:44 [Server] Started 
2019-04-02 15:31:44 [AutoSet] Start 
2019-04-02 15:31:45 [10.112.44.155:47905] ClientAccept 
2019-04-02 15:31:45 [10.112.44.155:47905] Client HandShake 
2019-04-02 15:31:45 [86999403244106] STTP-NewClient 
2019-04-02 15:31:46 [10.112.44.155-86999403244106] {"deviceOS":"Android","deviceOSVersion":"8.1.0","deviceModel":"Lenovo L78011","screenSize":{"width":1080,"height":2102},"density":3.0,"version":"4.5","coreVersion":"4.5.0"} 
2019-04-02 15:31:46 [86999403244106] OnStart-Starting with NewClient -  
2019-04-02 15:31:46 [86999403244106] Show-frmLogon 
2019-04-02 15:31:48 [86999403244106] OnStart-Started with NewClient 
2019-04-02 15:31:48 [86999403244106] Refresh-True 
2019-04-02 15:31:48 [86999403244106] Refresh-Initial-frmLogon 
2019-04-02 15:31:48 [86999403244106] Refresh-True 
2019-04-02 15:31:48 [86999403244106] Refresh-Initial-frmLogon 
2019-04-02 15:31:51 [86999403244106] Show-frmAssets 
2019-04-02 15:32:17 [86999403244106] Show-frmAssets 
