####################
yqjXWlxVKDPF77ReWGnxY+XOA7jdTCP5OtoRen/T7TEElG5pJsCEoZfs3VozzxhLWBLQjYVIRgobiTLZeYXfd80sIZcbuhvXtkeJHri5U+xFBY9PCWj2ZEs5RQ6oifKPs5k6A1pWkvooWy3xE0Hvhc4OmNb6AuMGXprvcR5048Q=
####################
sCT1r8l/5sDomUn5hdV9o27Nf2cDFTI9SSeHzxXpvej+X3GrBRKWwmcvaz1BsMKMSHBx8dgOIU/YVg3FM4nCihJBWQtCkyRzBPjW1Zn8CrG++24xMsP3h+OI+FRbonuTC3uSq1H3rDFhWBo643l41IJwpzq8Ydc7FKmz1DotCOPRtGqAtk6lO+63LETKaQJJX15ANFV/1RfNByz3TOztMSSv/RBiyzUXm1B8bB3a9V2w7+4Mm1lOm19z1T+7ixtkYkjS3cCDnYLBnziSdMInIQ==
####################
MCVl5C96KnNaS82MepoOfJg+vyEcGSNy9bGc7IyQZqmkQ4nvpNZNcCq0DDRizkzjWGxKyFkHgy7TgeVLvJNjP/kxvcajZXjc7PK+VtLecMsW5GFvYRRKL1qDgYOZ4lRKvhBTM9A5+hMahqaHHbhl+BEp2/XOan6auk9uazwSd0A=
####################
tps05gjzXvm5PRgSysBSQCIe+2ty/2FYzA8z8E42yrmMURTEonivw7bJQuwNVZqQnL7wQW9xXAQelsuG0VAXkEcuTRQSW01+aDLnTaqnMlSV71htinB62vflkJtru96LqGfcbh2q8oh562JNPbugWEo4WeuQm5l7O6B3z0jVsOFwfJP0No45pzZRIq3Vw+snTmdn1g9mCuO4lNqWj7s4YJ28XPcBeQHLBxVaMjB4AWvy//Orc7gMkLNAd9MlgnAt+lbG3krpf79Eax6V1DeMPQ==
####################
HUH76Thp8HlU4rVkBhE2R/Qo0EBe2L2sPTXHEczrleqIM5vVklYb7qKQ40EAKjHnD3cBPIfoQDzevB3XalxPjkNvqN0if2UgjUB7qlYwSk/Gp194NOCPyi46YwjaFtt0TY4DSDqRvhqTKTDlvqcaagyYyNTtTdb1VYrvNwX3YYE=
####################
d//jIWhjz6nCopcXVs33WBPwGXeHo5MTyo2nH/zDaiBR5G/Gx+Y/fwIAdnsxlQBoffkzCIPhFwHZLCFaG5f61qJYD6lnxy4kHMTFte+dogAqkCXuX0QEtmd/F9yr/FkDJkHrql39zj8oHjnu7wktrhN8pZOlqKtls4IzphmfpxOS8gNib0fJjwytzat29vdcnKQsrpS2HXPp7IlUHqCGm5s6BDWNEtE6Eu/1I57nj4iBt78PiHP/c3DuMh4RzUiznPBJfVSjjSzB2Uye/guKwQ==
####################
Qm80ZWOphqKMl6hsEA7UnbhkwvmCKffVCmwzgJdPoSV7FTboK34tLDdL9sdmf7XtDLxlKBjMKRbKF9sWD7C3GUDeXfpzt8QTfLmVbilQUFLhvptGtRC7XaWxNn3JZ+Q0rf3ctDYUlDVugWTNEvBzA+DANfH+UNVujqQe08c1JKA=
####################
fF83daIherfunQRmjW4dUvSusvQPuzCKMISNAiYj8b8pcUmnriYfECQSfp3q0s655rMToGa0xB+5bVlptJ5STfb3Ebf3q7M+2PqQh7LRlNaFJrl3AS42y9iv7c4yfIrwuK/nW2556JwjgHGtO8sgzgfPsxuOcLxnC5TpoyzHCDgcN//LWmfFMlUiuQf/r9YEYH8CraauQ8tq7otvxJXwQMIZ/iJj5flLyYDW1G9gC8opY/1/zQesrpOoZMGfOh2ue+eziBpueX+1JpiAKaaRfw==
####################
gu4+9ktmzGmaqgpSjPCK8Qq3VvjF+ywrFbEFvzgIHRXw1td3mwkTMU9McKR8KGXMzTPzTNagc5Un3JIBm28pUfB/iw5EPkwi7uIU6MHlEqqIozFLROYXXZWepUk3sYOmCYXlAWr8DZw2D8XCARHU+8t+4lBQy8wSLE+MeTWg+es=
####################
EDMgFlz7roCnMkhGAymbxk+KZZDLg3CgJFnr+ma3w3lHNSDsOpv5ckRnr/4sGFPdtfEimQNV95OQ1fTvzQ6aaf0mxo2Ci/tifDjQNpn8wC38SeTrEmvDR3vTzVHQDH6JASe/1fcZPJ4f0FiLSplgJvK5pDqa+xTPgHEkD5h91gfaxQNb45iLJEUrCZXfhzR3w+c6wUH9FgrcTt7Gj2d3qZmVcidmWqQ2LTMScpPmr8erXGCZhXOwJy+2O2VkOC5f562EbUtPwRmLCiVNJyd4Bg==
####################
FT+mT9fZU3FRfGOV/koqNdUiiLewmbrLDBruUqb5yCNh2Y8r/r3nsOm8Rg79uS9HCu9LyhM/HQxs7mEV5Uvf7e7nHPyfSLHQJ5UxGSUH2z7icTXD+SJIStaZ6EKGbJ15wcgeSkivxcG2qiwP3kNu9RiT4OckTkfJg+Q9vi7Mjdc=
####################
0m8x8VzVdSf4OdNo5y+mT6TXUjXDZNWiafXhlFIkSdRKOmuhTVeS8S31Sc+PMPDvuy+wD7KY5S7Eu9nzVBITaeohctPMFIdvunZJlbCMgZmnUHucOukbv5Lr6f2mq35IwmTFq1+sYnHXgdtOTptvNII8mSKXesneerSUnGWkMjA1WfcUqsdx/6y1mAr/8DfvajeIbyxtNrWDf0Q8l2lOhPqpLUbIixHOq0iT+ZOSdstpZl2vZhL8kyvC/6jHzejBj9EX6imjC6a9oOt9TuRZ7g==
####################
fXgG15wspQmF2M6jAtOBU/YKo1TsGQquTOOiaVVgRK/j4YC/Tc8zj7Xr1fqBjQWjY/7hGsdPNTK3fxEDIGu5DUxGSxCae6nz56UlnHJy2OUbs/9RNHOPXWV93VFcTV+2jwzuhKShjScveQ+4MW0TgZ+vEsPZKgYV/xrneHPO0Hw=
####################
PIr87mO82tLRm7sjXjdiEDY6hkmvlbkf3aScLmmzPFtu6mTbRxe0/tSgOm8EClbFPORy1LEoUHZaferxgQvHDf5QOUJJXZ9GKOsz5UbQee/O70gzw0l92hESNLgcS2ptacv3aAFPIOloubHZZeef23EGfQmeq1FM5zkY79IWT+Iwq8SFX0WUYkLm0jROCIsr4YldLMoZPJmwWjoSYgSptE4RM5GYGAq+oFECqSFkHOK5gbqam1Rm87nBStgjoJGj2/180JyjPEeDIBhslrHTXA==
####################
OBIH8G/xAVtDUxDMXUYC9hhrGLcodeBJ4dFyMqqEWRhRyOKbEEwByzYl4Y5MZfUwCAxV0zFm6Zx56cU/54M5p1XEaoYnhGrhr1Fqo8axqvxQqcnixWa5EkwtgPcP66imgzBmHXKsFH2C9S6JS+yhE0Y1cRxUJrB4vWnxj8YiUXc=
####################
KtJkoabanKIuAwjPmrkmTZLIysD8gpDaDBDjB7zaWIKiHZZTH6QxPAjivxShEE/of2FEm8g0mmk8jNe+7srRRKcVPl2dzR9oNfaiPoXUD6rbDGb1R9u2awAvmh2PcJHaRy9fjc8nHzH7anJYuyAyTdtXEIckWsN8bPZ1Y/RiIpWOmMozu4W1ylYXCfHPLoSzWlqbLxTShqOzO9FqDSWqMjFBHO+CIHerojqFLmvBSVhU1aTEpd0PbmkCdvUPPweOZk+tFXc8wLaKy7Okonx7Ng==
####################
cJewwcr5gKwTCAntaSS75CnzG8YJ/0+gqKOLSuUVRlJwn8nZOtbCdB192HlwO16xFIqP800TPk0I+iSeWXOu6+esYixazOTvUrh8xMJjYu1oGMChZXVenoDxYjfbmj8bjargix9tCw2fTTiL1GLqPSz2OS2v/9uRM+5FVlr0ro0=
####################
pah0JxHN/oEMWZZfMD+DYKYBanNUhZBOiUoEeSnK1n35fT8BIcZ2FwzOZLBwxD4/CKgQ/r8Nd1RNC6O9W51k2rU/LCAGogG9++dxPjlcfWTTMlYBABpqd6wbU6DEYo4OFpx+/+5M5x7cvNjATTTaAhBFNRnvhoLnshlPlv40wJci71nBQQYa6LfohSOGIOjKrhufLh62FvNz9KUmnp5Ytc0AB0Uk/Q3GPnF1vadpXdqI8ExZAYUbHCK9RtnoUrTYqFJrO2zX6/8/bRQ40L3fjw==
####################
jYKIsk2O6Ckj+ASNm7Xemb0rS1U33abPvgFH74S1CuEB76ZDX1rJZ+hcQvw9aQuZRftEFuS4baykEQtI0xobxgQmw8Pkn5ZSZFFzJI0p/FmXNwsiWdeKq6e6jR2i3Deij+/uuP6rbVwrVIxsuUWRjphhaYafCa8jrqRI+kunPVE=
####################
YXUllYx8MnDgK5UmN0YdN9oQm2EZV0q9m6eKjzPTB4FTMIRK95bo6fiCZFlZvgDQhEt20BDMQXE/1yWRVuCUziipYlizFYzLaYLRSSM7BmOs085neHXPpd/c6IDPUQNBN2J2AftTQbwHzS9GRvOB0tNBHmYOg6pJnHWaQtDyK2Rl6x6+Q4Aze5R372VK+o2ZJ87Wz6qrAGS32za6w4UtQ51s0o0Rvx/XSIfIECX2jvrRaseF5mELlzBJvUFm7yaHghu/AVehtF5skjh7jrQe6Q==
####################
Pha//ihvwWgs8zkNi5EdeEpwbdKrSgS5jSheQTlk7ihGRyXgW2ag4gYRt0hEnbk0eVPNBZ8VrPYghKmh+rV8Z5J4zuirUXPXyQb6w8P1OJcwZ+P8Y97G2HyHcC1FXKUcs1q1VeGZqCyDyRUNMRQSrSx+BaMxiBizakX87mmMI8s=
####################
PEEH77c3KlFUGwT2r5weyTIZUkoUJaQo5LWbmrFhfI8Gr06cwNKj+1xnrE4V5R1LZ3g4noYAowkbMdLZIPB6vtwqqjALqtgFK0XZRFhTp5X9oK+nBt5ZRzvM7tTn0Pdw5gFp7QgoSEWa4AInJ/OvOs+vVJVLlD9HViDa0Tcw/OA1Sc/8BQXzsuKLVuOhM5SNES/ZMtnalmC6D8gUu9RQQKrlR8oy4kHaLKjhkBaDUw6wWUHUUKjlgCpGDQ4y9SjhnWEUbnzagmlJQK0Y8erzmA==
####################
NLWEcx6G7Qb+p24F5u4je3YPykbFYamH4SRSIc2+knufDmjsr4/wLIbv6aiqo5Lt3NJX5leYKARaCLvQq/2OFz8PS2ikYDQWrLow44r6KV8Xq75Y7TwLA5SRffUZMF6qlsGq5UweLcuvZJVKnJQupkr4lj548xIVM1T05Av6kD4=
####################
cNSJuLgIloZAr3kaOzpGKD2b/1GfFoXRvEwWr5u1/r21tJrcR1Y2xPCykyLUNl9yspfaNRKWftkICF8B4wo9bTBRD6wfI2ODtED/8mMDMuSxSR+1KA4K276hwlxsSd1HWackCtLYe4adQnHHO2SpDzyC4KwK5+27MzdgW9WljPL5sKUSVQvw7dgkZopTXPfqTKZ3pUJrme3OhR2rR4YJ8h80g83l1vlRM5pDF6pMhapkkCzEkwnGJ6q/T3hfgkagL3wzj4sBTkZugl7ULRxEqg==
####################
V23gYjYoDvz/p0CxYAM/MWROGK7zjlOcxlYGOR2w/ELl12SNSxi6A4G4FN92KrMju7dsjqvx9lTWV5UomN++voEta2nUEvChlFtWIs2KAaDIHgvXM3+iKilkFKpzg6GhIXEJ0EmhXCOwghWAgzc7l8KyhxoFhCOEcOSP9Oz7eZE=
####################
gfDDDRbv3OCLNqs1DHsLE6zufG/rIbjImgYIcUF+my69dLuY1IqGZKWNArGZEHVNdQSDX8/FYGWXIOkn1a+xWsMHaByODMnq11G4phD81yHiHYHRhFhzJASI2Ma3jVsyL4Ywd4BMDBb3KS0F7NpUb/3j8FWuoF0p22oXy3pQhbVFzbCZak7lH0rYCaFxis3qdzZuVxLqcEZxUk33PQHgWFGe3xE9NcfgMrA5Gp52mmdaJjS78cYcJITo2VId3ZwWk+T33m9vAakF9HUPjUKoHw==
####################
niU8mVERNaa+VVY8A0JARML5pqRgFJpfyOqbJ2W1hmpCebLsl2sgTOjKQKxJwlOg4KV9nDtSuO61JaZbBQIOODL29XGkF5tPqCn8mJhyYWRbwrXowKXYoFONcpMVRbpaT3Xo4tdE7q81KgNiX11uI/PxcNBhKXAuTd8Yo/8xu3Y=
####################
q3Aqg/qZ6yW+r7UQhYqhQjnKr3VAEStE/KbNTLhIiwmRhpxAA+e9ru8pMMFB7Gs0DblENQgOe8Jms1yJH3caFEq7zqjKomhWwWamnMQmATtQ+2deyD8OpUttK7c04tGuZnkpp5ytSmmCmmd4dqMhl6YFFAxVeBI8+wtrDY+bvCBzXwqpWHZ7ditvocBHjniqF703oVrHJczxKqlsTiWWqMY4a1Efq9ijiTO2zK6Pu+oYfEwcOnRs3SBS4FwFZ/jz9yREMdHPgBsxwphHWstgWQ==
