####################
rl3yXN3NViMC2Q5u2phlXlhkBmcyl1nXxKEnUxB6Al1gc2xEcqpm/Cir/sB+TTpe3JgUmb8irzkmTnq+2wYBE362V9Hk1gxS4D1Csz4iujAxfEfvWfb9ZU2vHalLkbqy9YJ6pu7Iun2zIR4dPtM8FfqTw4CQgSf1Q8srZ6YYvr8=
####################
LybXIQ+BRsg7gYwTDxodUFknE4tibX5yE0dh6yj8yp/okoz+j+P9Do7EGAu7AeNyqtBQ5jLrVlN/bWxQDA5z20dlfo0/7PVjz+SmgaQXeUfaULlipZ8Q0/RvLivE7DVeLz0uvJ8Jj52eQZlg2LLGEnyGSlEwfMW54sl2tbYB3Wl7hw2AozTfar+ub2GcEgYJIQiqOcJ0djqvZM4HjvimY4GZlkhshgcoTqW6WPACfvPHWS/kRN/YmBAZXHCdPhmSM6Yr0BK0vg/kQpr53kH42/YGSAZ7C5bsAm4P4GNIrvqASyd49kntoyc1iNXpFFzhaXSAxl8ViqfOvWth3IlT4Q2d3kx802+eveXXVRovXaA=
####################
V9aO0ypjBXrkw3GrEMFSWdQGfwN8fR+A7ythomoFuY3i5WVV0fXAfVX478U/Ex2V0LkWLKH/gIeLxCpqWLBqu9NnQYhuWtHyWq9a90pGYmG/ZcXJPgTEwp4lhPcuO5urDK03WceDXXbQltMB8oBj2OgLm3ClmYdJekEoqXN5UjY=
####################
jGYzGEkxzTAFH/ls2lLvaHamQmQVzSOhcjwMWQFF2PauJWSqPJYq4SoFWfqDn10SpH02anwzau/3LbCbv07qnBZFFHA9KSgnmfvzyA45AOSAv507naHwopJufsUe0LbTwEGyG2qBPn25zwdRswipD7DXsvwaUFqQs8Btn6AF5PyWddwLbBP9dEJ1xPg7P3iRaDZ9Tk2217GZEJ95KRwdDalSs7QGk6iNANnglU7Oh5yBfhIhh7FDJc62Pb6K6vLJLu/VUf6ZGK1D/gSeFNXX1Wv9UkQqyCdjgp/hC34aWBg8qnmAFKjxtXKrZDm42+pXxQBse0se3ar4dBqoakjGlj2doJh78CIorY8wpPA9FFg=
####################
UADyrt14Gsgt0j2U0TkxvqpC5jGBO6bMeCA/ytuvNaHVvvBmF6GV5nVh3A6Da1hXSCg7596/iIx+cbhijdtz/6ExyXBpb3SkykSvPEj5W8DvMeA0K9PcdV+YHek7nETUi9vUSgPZuALpkvb54c7GiLFw/953T66Olf6si4Yhugw=
####################
bkS7K22CDSFUWInNYNZKlI7deBk6QNhsTSTrE5LjsjednizhBbPcTzPV4upDo0hSADjzBYPDJa4hr5IA0UDbAH96maBi6bkvvFjXQzB0IMtfDxzO5rC3Pzuo5gbxifKSv3YSVOjrZvvbjgdhNVfwufI3yEfk0dKXyPOuoPEjd6ccdffBBy7rHJPs2RUfsruVA3ypFjwUr7HGXon83iyoIbyZUsTLEOOEhmuJ0mCFn4u1KvNsXJ4eMtLBUr0AUKFFF2LQ21r3CQovm2AaasAJ+yFKXzSxNIQK/zF1B7vSo/2NG4D60/l8+3Ppwnxb51KGg30CNkqkV8PgcMJFbn2rZxKbhjiRnWdQb3mHXr4YRNM=
####################
HaMsvCteIwH7O2zs9n4q/C2VC56J3S8Bq0sMG2RchR8rVjwcSRHZIVfos/FeYX7onLBFhjm82MDLHwPt/YKQPiE3nukR+2f75ODZXEu5vWoua82Q0brqXnzjVU/yPFYfYMYweXs2ParenRqWCT3AobYDiQGY6bwWSlTfQY8T2bI=
####################
UAzbs0C4vb15aXJssPhqdnoX63n/g4ML1X1/JWNpKg9dxMEQ5aO3B5PpuWWowb1eUPknNL9Q7oh30HhUPZYLQyNdZbtnrJd5U5rxCdU33C6DPpGC/NLps12dzykONBSM1iQbUGmRZjLBlbPZ/E5wvP2EnFRn7uwARmE2xSt7XftVfY8lPuNXAhoNqsfRVNwES1vH5tymV7ekpEPOccJ0k+8SEQ7ioF85wtFHicWSXy9a3SsVZ8cQzRxMdnkH2lWUP264bOodE+fwzbdICjRS/v01/t2zF0ohuXzViBpPwsHKIdr8zlg+OUPGciXrsV+vzDyqqYwZ4Of4ohOqg2efwk0FoeA+vs9XO0nIERu1Xh0=
####################
omBgV3ArbmTSv59cc16uwzaEsMBz39CugTq6ZLeKzSTJHFFcBFUgidTaGIwSooLtz+4alRngb4WkqPfjqg0CJB/yZqn6mmWvKjb/ECzrWjpYHd1YOKTLCXOpadbJK5cSN1A1DAiQ2pSDPOIuVgY9L83hc8Uukrc+x6GY0kMl5Kk=
####################
tIJRbHDfBj6XkqcJq0WGXqSumboHmdoNrW6nzNZCZmgKTVkmkFAhpz5o+e2fSJJ9f2el5lMjIA/OkVN9SrArCKrPFeTmnG+Z8ZZryc7tNHJ5hRCuyCZ34LrrBBYkNLbb9o68KBpNZjaZuKt/11MnxEL3VMZc8xUkrbN5SGlRRO9zkmxFjsdDRKyCpFY2NjuKNsXyKIFFulLdQMQ52Pdz31WCel4UlyySQTGeTXcP94NAGExb++cCh5QhzdNX13VtKXaQZFZRraCRH8QoldJdxW34PGilGPnItFbghPfycfDg/rdXpjOCbGm7tbJQi3XybCXGOaWFzUC2zs5xOV8nLXb245Nx+6kX3EPREs4H4a8=
####################
weLTyeuracyTueSIaIH4nkH2Ni3cHPhsedZGyI4ZF2doQOdwD66uswDV2GGDeh9NUa+2+hs+3RiARxUPHjER2OFUl9bJ+Dc2Bvvi6G99kson4BVuUhfMrHACJEJu2smSOd0Zrhtm+lLbnIelPvVmhkZDvZfWC49qO+LrKivlNN8=
####################
AaLDjwJs9WkKHyyGPrnGHpaK573Ui7MGgIu1SJaJrqK+Jg1L2I3ZF/j2HbdyudtYHWGQFu4VYQeI3Ykkzr4U2hBBKwBH+mnf9KfhdyfhCd78L2npY7gICDgRuaialZZDxwE5cyRSEPXS4VITVhtILg3hOLAPqa9q8Cqo3FE+YzzqFuNUkxVNGtDSJ2zZMhRvz1bFtxkPYt0uUKn7a06sVfs5oOHGq0VXLA5AAbhmqTZfn5HyfcJxETcEvl567yT2UkW/VyfjNfFXM2dRfxnLz+wp4g2Jtj0LHasgSHSElsSkPJrJX83xRFWkFcSIREm0I8tzwfUD7EeQmGmmwU+heTC/Wu8ovK9k0XYSXb2yS/Y=
####################
e8qbmaSrVzR66qZOLJm6OfRO0k847s4Mp206XItu/G7wq+eE00o6p8J2l/wuhQCDgWtf3u+E4bR64eZ9+WV/4ZGvde5YOajlZVySmvv43Jl1n4GVJ3kNNUe6iGP3/QbMbcQD/CG/vIXeLbXDhRyqQn4HDSKAzPd0S2GdbrishwA=
####################
vV200CrdJ6fjJNjNrUPR6vIIBe6SX7AtUGZ1QM3hxu+vxHn2/k6oOXUE6wn82xAnqy3a/SMKQz1OvLXLY/Q55zSwTfKOdEUKZZ5JhPYBOP9UbN7+Iv+d2fCWewe+/+XDqFYj+kiJ1PCmngEZaKqXFxjjJq4UiECz171hkMAPElg5xcY55oKsjaetbOq/UbsFa68Ywp8K5U73l3MkTuuwxt6puL7tODN3WvXryWBgQ3cwjd8LNSa9/fpgGA6dPsmLz3KTEdDdJg57flHQOIrLbeFYeowPztDwc4HiPS+UeM+Ss8LPU8wAF5eYMSgq4HVLPjW6QvCfum6Dyyw4nbdrwq7BNAwIKPdsjjWuVyq+OWU=
