2019-03-12 09:41:52 [Server] Stoping 
2019-03-12 09:41:52 [TcpAccept-EX] 无法访问已释放的对象。
对象名:“System.Net.Sockets.Socket”。 
2019-03-12 09:41:57 [Purging-EX] 正在中止线程。 
2019-03-12 09:41:57 [Server] Stoped 
2019-03-12 09:41:57 [Server] Starting 
2019-03-12 09:41:57 [AutoSet] Stop 
2019-03-12 09:41:57 [Initial] Version: 460.1540354032, HttpServerPort: 8080, TcpServerPort: 9000, DeveloperTrace: Single, DebugMode: True, TracePrint: True, ClientTrace: False, EnableStackView: True, SessionTimeOut: 1800, MirrorPatternMaxVerifyTimes: 3, RelativeScreen: True, TextFontScaling: True, IsSysLog: False
        BasePath: D:\Program Files (x86)\Smobiler Designer\whx\SMOSEC.UI\bin\Debug\
        DefaultImagePath: D:\Program Files (x86)\Smobiler Designer\whx\SMOSEC.UI\bin\Debug\Resources\Image
        DefaultAudioPath: D:\Program Files (x86)\Smobiler Designer\whx\SMOSEC.UI\bin\Debug\Resources\Audio
        DefaultDocumentPath: D:\Program Files (x86)\Smobiler Designer\whx\SMOSEC.UI\bin\Debug\Resources\Document
        DefaultUploadPath: D:\Program Files (x86)\Smobiler Designer\whx\SMOSEC.UI\bin\Debug\Resources\Upload
        DefaultMediaPath: D:\Program Files (x86)\Smobiler Designer\whx\SMOSEC.UI\bin\Debug\Resources\Media
        DefaultWebPath: D:\Program Files (x86)\Smobiler Designer\whx\SMOSEC.UI\bin\Debug\Resources\Web
 
2019-03-12 09:41:57 [Server] Started 
2019-03-12 09:41:57 [AutoSet] Start 
2019-03-12 09:43:41 [Server] Starting 
2019-03-12 09:43:42 [Initial] Version: 460.1540354032, HttpServerPort: 8080, TcpServerPort: 9000, DeveloperTrace: Single, DebugMode: True, TracePrint: True, ClientTrace: False, EnableStackView: True, SessionTimeOut: 1800, MirrorPatternMaxVerifyTimes: 3, RelativeScreen: True, TextFontScaling: True, IsSysLog: False
        BasePath: D:\Program Files (x86)\Smobiler Designer\whx\SMOSEC.UI\bin\Debug\
        DefaultImagePath: D:\Program Files (x86)\Smobiler Designer\whx\SMOSEC.UI\bin\Debug\Resources\Image
        DefaultAudioPath: D:\Program Files (x86)\Smobiler Designer\whx\SMOSEC.UI\bin\Debug\Resources\Audio
        DefaultDocumentPath: D:\Program Files (x86)\Smobiler Designer\whx\SMOSEC.UI\bin\Debug\Resources\Document
        DefaultUploadPath: D:\Program Files (x86)\Smobiler Designer\whx\SMOSEC.UI\bin\Debug\Resources\Upload
        DefaultMediaPath: D:\Program Files (x86)\Smobiler Designer\whx\SMOSEC.UI\bin\Debug\Resources\Media
        DefaultWebPath: D:\Program Files (x86)\Smobiler Designer\whx\SMOSEC.UI\bin\Debug\Resources\Web
 
2019-03-12 09:44:15 [Server] Started 
2019-03-12 09:44:22 [AutoSet] Start 
2019-03-12 09:48:18 [Server] Stoping 
2019-03-12 09:48:18 [TcpAccept-EX] 无法访问已释放的对象。
对象名:“System.Net.Sockets.Socket”。 
2019-03-12 09:48:18 [Server] Stoped 
2019-03-12 09:48:18 [AutoSet] Stop 
2019-03-12 09:48:18 [Server] Starting 
2019-03-12 09:48:18 [Initial] Version: 460.1540354032, HttpServerPort: 80, TcpServerPort: 8080, DeveloperTrace: Single, DebugMode: True, TracePrint: True, ClientTrace: False, EnableStackView: True, SessionTimeOut: 1800, MirrorPatternMaxVerifyTimes: 3, RelativeScreen: True, TextFontScaling: True, IsSysLog: False
        BasePath: D:\Program Files (x86)\Smobiler Designer\whx\SMOSEC.UI\bin\Debug\
        DefaultImagePath: D:\Program Files (x86)\Smobiler Designer\whx\SMOSEC.UI\bin\Debug\Resources\Image
        DefaultAudioPath: D:\Program Files (x86)\Smobiler Designer\whx\SMOSEC.UI\bin\Debug\Resources\Audio
        DefaultDocumentPath: D:\Program Files (x86)\Smobiler Designer\whx\SMOSEC.UI\bin\Debug\Resources\Document
        DefaultUploadPath: D:\Program Files (x86)\Smobiler Designer\whx\SMOSEC.UI\bin\Debug\Resources\Upload
        DefaultMediaPath: D:\Program Files (x86)\Smobiler Designer\whx\SMOSEC.UI\bin\Debug\Resources\Media
        DefaultWebPath: D:\Program Files (x86)\Smobiler Designer\whx\SMOSEC.UI\bin\Debug\Resources\Web
 
2019-03-12 09:48:18 [Server] Started 
2019-03-12 09:48:18 [AutoSet] Start 
2019-03-12 09:48:44 [10.112.125.95:52143] ClientAccept 
2019-03-12 09:48:44 [10.112.125.95:52143] Client HandShake 
2019-03-12 09:48:44 [BCF720B2_C798_4088_9E46_C16D8CDC30C0] STTP-NewClient 
2019-03-12 09:48:44 [10.112.125.95-BCF720B2_C798_4088_9E46_C16D8CDC30C0] {"deviceOS":"IOS","deviceOSVersion":"12.1.4","deviceModel":"iPhone10,3","screenSize":{"width":1125,"height":2436},"density":3.0,"version":"4.6.0","coreVersion":"4.6.0","autoBuild":false,"isCompany":true} 
2019-03-12 09:48:44 [BCF720B2_C798_4088_9E46_C16D8CDC30C0] OnStart-Starting with NewClient -  
2019-03-12 09:48:44 [BCF720B2_C798_4088_9E46_C16D8CDC30C0] Show-frmLogon 
2019-03-12 09:48:45 [BCF720B2_C798_4088_9E46_C16D8CDC30C0] OnStart-Started with NewClient 
2019-03-12 09:48:51 [BCF720B2_C798_4088_9E46_C16D8CDC30C0] Show-frmAssets 
2019-03-12 09:49:02 [10.112.125.95:52143] EndReceive 0 - ShutDown 
2019-03-12 09:49:21 [10.112.125.95:52151] ClientAccept 
2019-03-12 09:49:24 [BCF720B2_C798_4088_9E46_C16D8CDC30C0] OnStop-Stoping-ReStart-False-- 
2019-03-12 09:49:24 [BCF720B2_C798_4088_9E46_C16D8CDC30C0] OnStart-Starting with ReStart -  
2019-03-12 09:49:24 [BCF720B2_C798_4088_9E46_C16D8CDC30C0] Show-frmLogon 
2019-03-12 09:49:24 [BCF720B2_C798_4088_9E46_C16D8CDC30C0] OnStart-Started with ReStart 
2019-03-12 09:49:24 [BCF720B2_C798_4088_9E46_C16D8CDC30C0] OnStop-Stoped 
2019-03-12 09:49:26 [10.112.125.95:52151] EndReceive 0 - ShutDown 
2019-03-12 10:20:19 [BCF720B2_C798_4088_9E46_C16D8CDC30C0] SessionTimeOut- 
2019-03-12 10:20:19 [BCF720B2_C798_4088_9E46_C16D8CDC30C0] OnStop-Stoping-SessionTimeOut-True-- 
2019-03-12 10:20:19 [BCF720B2_C798_4088_9E46_C16D8CDC30C0] OnStop-Stoped 
2019-03-12 14:04:49 [Server] Starting 
2019-03-12 14:04:49 [Initial] Version: 460.1540354032, HttpServerPort: 80, TcpServerPort: 8080, DeveloperTrace: Single, DebugMode: True, TracePrint: True, ClientTrace: False, EnableStackView: True, SessionTimeOut: 1800, MirrorPatternMaxVerifyTimes: 3, RelativeScreen: True, TextFontScaling: True, IsSysLog: False
        BasePath: D:\Program Files (x86)\Smobiler Designer\whx\SMOSEC.UI\bin\Debug\
        DefaultImagePath: D:\Program Files (x86)\Smobiler Designer\whx\SMOSEC.UI\bin\Debug\Resources\Image
        DefaultAudioPath: D:\Program Files (x86)\Smobiler Designer\whx\SMOSEC.UI\bin\Debug\Resources\Audio
        DefaultDocumentPath: D:\Program Files (x86)\Smobiler Designer\whx\SMOSEC.UI\bin\Debug\Resources\Document
        DefaultUploadPath: D:\Program Files (x86)\Smobiler Designer\whx\SMOSEC.UI\bin\Debug\Resources\Upload
        DefaultMediaPath: D:\Program Files (x86)\Smobiler Designer\whx\SMOSEC.UI\bin\Debug\Resources\Media
        DefaultWebPath: D:\Program Files (x86)\Smobiler Designer\whx\SMOSEC.UI\bin\Debug\Resources\Web
 
2019-03-12 14:04:49 [Server] Started 
2019-03-12 14:04:49 [AutoSet] Start 
2019-03-12 14:04:50 [10.112.125.95:53305] ClientAccept 
2019-03-12 14:04:50 [10.112.125.95:53305] Client HandShake 
2019-03-12 14:04:50 [BCF720B2_C798_4088_9E46_C16D8CDC30C0] STTP-NewClient 
2019-03-12 14:04:50 [10.112.125.95-BCF720B2_C798_4088_9E46_C16D8CDC30C0] {"deviceOS":"IOS","deviceOSVersion":"12.1.4","deviceModel":"iPhone10,3","screenSize":{"width":1125,"height":2436},"density":3.0,"version":"4.6.0","coreVersion":"4.6.0","autoBuild":false,"isCompany":true} 
2019-03-12 14:04:50 [BCF720B2_C798_4088_9E46_C16D8CDC30C0] OnStart-Starting with NewClient -  
2019-03-12 14:04:51 [BCF720B2_C798_4088_9E46_C16D8CDC30C0] Show-frmLogon 
2019-03-12 14:04:52 [BCF720B2_C798_4088_9E46_C16D8CDC30C0] OnStart-Started with NewClient 
2019-03-12 14:04:54 [BCF720B2_C798_4088_9E46_C16D8CDC30C0] Show-frmAssets 
2019-03-12 14:04:58 [BCF720B2_C798_4088_9E46_C16D8CDC30C0] Show-frmAssetsCreate 
2019-03-12 14:05:15 [BCF720B2_C798_4088_9E46_C16D8CDC30C0] Close-frmAssetsCreate 
2019-03-12 14:05:15 [BCF720B2_C798_4088_9E46_C16D8CDC30C0] Refresh-Pop-frmAssets 
2019-03-12 14:05:28 [BCF720B2_C798_4088_9E46_C16D8CDC30C0] Show-frmAssetsCreate 
2019-03-12 14:05:56 [10.112.125.95:53305] EndReceive 0 - ShutDown 
2019-03-12 14:12:27 [Server] Starting 
2019-03-12 14:12:27 [Initial] Version: 460.1540354032, HttpServerPort: 80, TcpServerPort: 8080, DeveloperTrace: Single, DebugMode: True, TracePrint: True, ClientTrace: False, EnableStackView: True, SessionTimeOut: 1800, MirrorPatternMaxVerifyTimes: 3, RelativeScreen: True, TextFontScaling: True, IsSysLog: False
        BasePath: D:\Program Files (x86)\Smobiler Designer\whx\SMOSEC.UI\bin\Debug\
        DefaultImagePath: D:\Program Files (x86)\Smobiler Designer\whx\SMOSEC.UI\bin\Debug\Resources\Image
        DefaultAudioPath: D:\Program Files (x86)\Smobiler Designer\whx\SMOSEC.UI\bin\Debug\Resources\Audio
        DefaultDocumentPath: D:\Program Files (x86)\Smobiler Designer\whx\SMOSEC.UI\bin\Debug\Resources\Document
        DefaultUploadPath: D:\Program Files (x86)\Smobiler Designer\whx\SMOSEC.UI\bin\Debug\Resources\Upload
        DefaultMediaPath: D:\Program Files (x86)\Smobiler Designer\whx\SMOSEC.UI\bin\Debug\Resources\Media
        DefaultWebPath: D:\Program Files (x86)\Smobiler Designer\whx\SMOSEC.UI\bin\Debug\Resources\Web
 
2019-03-12 14:12:27 [Server] Started 
2019-03-12 14:12:27 [AutoSet] Start 
2019-03-12 14:12:32 [10.112.125.95:53321] ClientAccept 
2019-03-12 14:12:32 [10.112.125.95:53321] Client HandShake 
2019-03-12 14:12:32 [BCF720B2_C798_4088_9E46_C16D8CDC30C0] STTP-NewClient 
2019-03-12 14:12:32 [10.112.125.95-BCF720B2_C798_4088_9E46_C16D8CDC30C0] {"deviceOS":"IOS","deviceOSVersion":"12.1.4","deviceModel":"iPhone10,3","screenSize":{"width":1125,"height":2436},"density":3.0,"version":"4.6.0","coreVersion":"4.6.0","autoBuild":false,"isCompany":true} 
2019-03-12 14:12:32 [BCF720B2_C798_4088_9E46_C16D8CDC30C0] OnStart-Starting with NewClient -  
2019-03-12 14:12:32 [BCF720B2_C798_4088_9E46_C16D8CDC30C0] Show-frmLogon 
2019-03-12 14:12:33 [BCF720B2_C798_4088_9E46_C16D8CDC30C0] OnStart-Started with NewClient 
2019-03-12 14:12:36 [BCF720B2_C798_4088_9E46_C16D8CDC30C0] Show-frmAssets 
2019-03-12 14:12:40 [BCF720B2_C798_4088_9E46_C16D8CDC30C0] Show-frmAssetsCreate 
2019-03-12 14:13:22 [Server] Starting 
2019-03-12 14:13:22 [Initial] Version: 460.1540354032, HttpServerPort: 80, TcpServerPort: 8080, DeveloperTrace: Single, DebugMode: True, TracePrint: True, ClientTrace: False, EnableStackView: True, SessionTimeOut: 1800, MirrorPatternMaxVerifyTimes: 3, RelativeScreen: True, TextFontScaling: True, IsSysLog: False
        BasePath: D:\Program Files (x86)\Smobiler Designer\whx\SMOSEC.UI\bin\Debug\
        DefaultImagePath: D:\Program Files (x86)\Smobiler Designer\whx\SMOSEC.UI\bin\Debug\Resources\Image
        DefaultAudioPath: D:\Program Files (x86)\Smobiler Designer\whx\SMOSEC.UI\bin\Debug\Resources\Audio
        DefaultDocumentPath: D:\Program Files (x86)\Smobiler Designer\whx\SMOSEC.UI\bin\Debug\Resources\Document
        DefaultUploadPath: D:\Program Files (x86)\Smobiler Designer\whx\SMOSEC.UI\bin\Debug\Resources\Upload
        DefaultMediaPath: D:\Program Files (x86)\Smobiler Designer\whx\SMOSEC.UI\bin\Debug\Resources\Media
        DefaultWebPath: D:\Program Files (x86)\Smobiler Designer\whx\SMOSEC.UI\bin\Debug\Resources\Web
 
2019-03-12 14:13:22 [Server] Started 
2019-03-12 14:13:22 [AutoSet] Start 
2019-03-12 14:13:24 [10.112.125.95:53337] ClientAccept 
2019-03-12 14:13:24 [10.112.125.95:53337] Client HandShake 
2019-03-12 14:13:24 [BCF720B2_C798_4088_9E46_C16D8CDC30C0] STTP-NewClient 
2019-03-12 14:13:24 [10.112.125.95-BCF720B2_C798_4088_9E46_C16D8CDC30C0] {"deviceOS":"IOS","deviceOSVersion":"12.1.4","deviceModel":"iPhone10,3","screenSize":{"width":1125,"height":2436},"density":3.0,"version":"4.6.0","coreVersion":"4.6.0","autoBuild":false,"isCompany":true} 
2019-03-12 14:13:24 [BCF720B2_C798_4088_9E46_C16D8CDC30C0] OnStart-Starting with NewClient -  
2019-03-12 14:13:25 [BCF720B2_C798_4088_9E46_C16D8CDC30C0] Show-frmLogon 
2019-03-12 14:13:26 [BCF720B2_C798_4088_9E46_C16D8CDC30C0] OnStart-Started with NewClient 
2019-03-12 14:13:26 [BCF720B2_C798_4088_9E46_C16D8CDC30C0] Refresh-True 
2019-03-12 14:13:26 [BCF720B2_C798_4088_9E46_C16D8CDC30C0] Refresh-Initial-frmLogon 
2019-03-12 14:13:28 [BCF720B2_C798_4088_9E46_C16D8CDC30C0] Show-frmAssets 
2019-03-12 14:13:32 [BCF720B2_C798_4088_9E46_C16D8CDC30C0] Show-frmAssetsCreate 
2019-03-12 14:14:02 [BCF720B2_C798_4088_9E46_C16D8CDC30C0] Close-frmAssetsCreate 
2019-03-12 14:14:02 [BCF720B2_C798_4088_9E46_C16D8CDC30C0] Refresh-Pop-frmAssets 
2019-03-12 14:14:04 [10.112.125.95:53337] EndReceive 0 - ShutDown 
