####################
XSfFeIl/nH89/QBCyiz2pMMxsVd/5g13hMDDmdTZAroJLESbNkq5EBCa3uf7eghjpsQXajeGIbyVJzOKN+JnsGAU8fPC2Y7j4OHAvLeR7vQcNVN5i74uJd6j14WZTQ+Zlew+beSnnfNv6uOS9cualBvoOsdkvyI9j7K9O4fSn0k=
####################
XYsQEl/OFMqvUVSEDZJy3gLJbnMBpEHUEUP3uYApsULLqGWLKEp0NFgosaBYKCkArDS4r2V5jjjvWLmvQ3sYYwifSv/wR794VXz61roc5zSzprBvUGMSInEb36PWpfeO3Rg5YyiuWGFA1avkHV4NANbWvULAB4B77tuwNOv2N8ekLFxVdMU+VflZqlbf4LDQpG9H42HVdm4Gt7LkSW89UOikbLBcwyhc8GN8lNUZJgQlGlhlaKZ/H3MoNfS3kyW+gGSYetUag6a1E0qTevmiKQ==
####################
LYMueg+vtbJf7i8trkT3o/kTEmQjmphtG7T1gRYYoy08U/86AIM85An0j4CVZseVGhnomsatkW1ANN/QQu4TaOVCsdRHfo5DjQPCRV7LtPQ55uOjL6KRtn97VGLoUUmZLr9HJHXhwtE9PPRPwpkmrzG1KrJbBylm9sdgCZ4ET8A=
####################
UpVJ8txkpMbQAjVZB6G4JuBUqHoeNcEtfQZLrc8320w7gYBYDxDBRawoaYJG2RkdDUSFosixyANVRBhroDA3ytpqdAdtgMumskfLRtAUynt5A/9LRL+iVDw2AkCedmdfJrzwMvj2yR83JLKoIVOkumNGdLUXKG49nP7TSGe/W4aEoTcltaFxWhNZdFQWjlDeCUzd/LjCP3LoNVOTxXthx0wypScppTFsI8+0m8vJcVuNuxEXU5OzOIjZxnJfPe7UQwQ7jsiZcAsHhQFOVvcM8Q==
####################
FmZ5dIMlZIMYI1jtMizcBzSAw5j2q3brKVyKd27Phb53KN8anlu8LxqqR0XSPHKRjVfdYh9pWBg88K+9dQF4rlmjuu1gXnIdGAAqyReKEAVmrrFLccvEVWvU29pRhEH85C+OldW9coU7w1yci7eUM2w2Z4/JT6x6d6JHhCMe/fU=
####################
5ekBc/ik4VeGMEQ8AF6/3N6r++iiF6Wj61DUbJRfNW60pCYAqbgjznmZZiHAqx4Ni5Vf5wSfkLadyNFCw3VtYSMjxwHc2qZWiAamC7zTM+MI1f1cWX/yLbsSfhgorUdWNAfZ8MDl3sIgFYsncMqPr0cAV3NniaK4uoFCfn//WsMoGYMhSiHBxnW6l1OGBl59qDZsiapOI+gCsk72UHCcrP/GcLpLIq7VYdVUtbUl9lHmBDf//OC6JeZEsMbPsMScyHqlVlaahquGEPxSsafNpg==
####################
QTasRTIKgzjPXX+hRhWHOViZsHtFre4WABu5pi7TIVPrj8vnPe1avWD/JDiM1LnqyYEevDR5Dp9FriR0YW6p6000OYVGRMsjnCES0vscDFb6AY8jFpIAmola7JsulJPOlFKJoa8CUNVFAfb4+cbWfOd2W1KffClQG9KQ8svHP7I=
####################
K4KpK1auYu0luynVKlL1f+GV33nJO9GNmJTzugAAmgIu/M9PxIaL4Q2Rp46Y6nQPcPNmcSsNiKBOg1g4TbgZq90ioEVsVmVUNgbAie4cS+80PWRHIm0r8t56ZaYqXS5SnZNecdZurZQHmTGbVYTEiDhajEkraeHIK1qA0GCwQ0x0pbp5SZZdp2NmusOl3c4J+88c9aSFNGLSr9OaAKX4Bx93Ab3uTRY+0asm1eWv8OF9vfK1ihrdiTnA5RDllr+yxFuPjkK5+E9x9h6YV82vig==
####################
ZuhMBqzIwPs2MOfKIXFRgh1ql/6mQocQ6KuTfCif4PXnpHEG4B5X8EvODzekw8OMg9PtKdqth7zRXsA6dVC5pwRH8s65QHQUMYX5ipGXEjRqpcN0hSEyzseALff7DTSiA2vnM7DEMhwlGSY+JjPwbQU/aWGC0UtYeILSKfuyxZY=
####################
hg/C3YZoPIsYW4MV+Zs9NqbyjfuICKHfC5IXPw484N0KboStInKQPityz/5pti6mBZKfN7/XqPF3qrb3i3rp8BNKVn32P8Nv1dOnH8gcBgcBSxYRQ1wGKm6f993gYReV/Um1Ln7YJTCtRh8OygnJ1flwdCiYOLd/DMuXWxmbI9JGDDK315ZKkicpL1p2XQQTos79+R70xWLvrW/iYV9vGMqOlpo1fiAHtdw+3uIam8Yk2lFXbx7SL0JDso8gYstT83ICv2i7Bsa2c4l0JcFQgA==
####################
iqkMSrtPsqE99NDUQ7EtmEqxdJXHLWbVkL852fuJkLCiRo0yonn8P29RhNyj70CUTjeUNvi6nYGEKYZPjX+FmzFEj6V7Gp1o22MfwEAVr0EXk2SPIvjk+XHoiQ3fl91h5d1HxmTAumkWnsu9wlzXDunzecMkDd0831nlnN3Xm/I=
####################
g/t9vKgNjC3mC6e+czY7A2HaYCUzInE9OJVziVp3RFFE8apyVeQ7oJT/n/GXPHvlB9eLUoaNCAya/RnRsHQ93BDp6SbzD+r9DZjulgstt3YtItAsv7cIrxSDKJIeElrgy4qSFaFIsqZwZTzG8fnDkuSNGibIfnQHWEyT5dzyIfOgiauX8GHf+XscZDXKPtkef/SNd8veT9yKOPD3O+F9s1SORwyQHWThxZMtjhEhdEcgZZqD8p1xIc/0QGrnVj6UopXNVDTXQ3zPZclz4Mlp1g==
####################
WjAqwZ7OXdd8jxHMldYCvdJ2syM9Rzn+wvg9AK0b9XsQOJx9FEfKXj1bNJlE0ho5Fnt5rpXzVaohWQUV0X3D6ZxW67dk/ICimW2ND930Fnu1QCxA1mXr4A4ZixvY+Oc4V5Sh1dsuGs+E2CpMgKPjVyNjoVlDWCy4+BeUMYYnr4Y=
####################
kjLzmWKHR626swy399vcviyN0+zd5Bl/wpTlOSGkYPc5RWG/mkRdiLW/fr1FuvbXDkSGycmzLrZPo/BDHqxvc+I8Lx2zykjsoUT7G8zT+WFADygIN9ZxTcqRb2g2Wz1TKZVMH+8FW4GsmLoYplEH2j1YivlncCtDQVxpIveGbGmGggQYb+UDGSkFWjcviJFiW81EaifBD1OlUTgSxR8HcNGpeEDO6aWbVG7tkwmulm6CdBA2PTZSX39QFC5sMXEZtxgkbQXOaWWlPMI1uU8w9w==
####################
HNOy67TQZMlgfq5KnF+zPXDNEhbtv0w8uj8vcm2d47UMiYDnF7KI4T6DtwBx9S0OQhpTdRbG0MqOwtvXpkLXchxj2EGRC1BcloHsXudZ1Jzem5jmUddmy5cgx4ZRWc9NNcHiZPintX2JOZLh3sZ8DY4XuyvASc4YXC2tSfJ7pWI=
####################
969qOdYp66zxfXCMBSU8TI64BytF1tJPK7Ifp1UdzP9jjQZMyhMkFemcLEEsJLaMafmeIeblHw6yHnzOGTvCbo+lYc0sZawegb4A3AZPEDKfiBF9//GZMVbi7VstZHOl2FNc2ipHwqmEtkh1ezMsa7YkYAXOX4R2NWxiDiUxfJrggg/C6ZvXphHsJh8JMHzo1phyaMWKFPOwrjZvM2xFWMHwt/AHExzH5FehiiY+gJNUA+mq1tfyl3KroYyqi97pxT/UYgkfJPVxrzi3Wx9Ehg==
####################
CQDSqOfvTXDF6DsdnznoXs9STCoCff4ETCy75dB33N0CbgAlkVEPsO/Y5y/zsP+/7nsixNUUSzlm+gEP3JUznE4yt8Cmtsaongo0KgyBjSGku/X9GUmrC2ueI22A6E8iu6/KeghozqcxPmly4BI0jWaB3Cq2zHi2ZUpOcpI1qYA=
####################
MAgvNyM9Kxv7kbkWIOiWuzX9E7929ItjAlA0hsptqw7cw4le6U7VHGqhbEwlGQwVT3Zg5Qa8Fj9WHUvl/2hVYawtpy+fL8BS7L9QgUcik5tPf2m/x367H2kz2droQH0uFnXon6Co+RiKpS+q4h6jYKhnYmUei1kD6TmncKJYyCOBUdSytk0VS4KFlYu2f6HoDyhLqjim05A1a93mT0c99NVuv/iMGpAID9XPU27qOEjkiFeYLmXr8pmSwOalD6LRek4T6g0M6Ul0QE3xIebwyQ==
####################
hXNuFAxMo1spwtbGfiHZDG0ptHYlENE16d0eIbvDI1+abChbStCk2/QF4+qdb7hEL3nK5VDjF5L5a1vA00wYgit/V4+CrA8Ps7A3Fr0mAAKE0zzKTYudpH5Y+uJJj68GRiE6TCSKuN9bY4lROdHi7aq7jrTeoiCF7uZTvNte7bo=
####################
znrWgBjX1ug1ehwPDl4ujoJVL4ZWN1sY1TmPF5KgnGu+qyCaHDDPLSfaAx5Rlm9KE/WWmJEYwTlq6V7qyOVH6GcCsdNzYvX452exgBMd2y5jzOzHzOdN+N7+8kZp6Yc/vTXedmnNHJfw3FXXo0dHN9tUws/sEhCEw9MSfZ/CK34iGkkKQDyfua3QOL7hXMe5kQPA8j8U3LCJMOgYpQGco2aDsTRbscs2vSNSoWMETkWG1YeE42rNVd7rA5zW/SJ1KqJTgyCVmXvYgo7mY5ZqMQ==
####################
x4RdYEFN47yRX8AACRMIpEPNe66X8qd44PuLdmiQr1lxZ5NqRp+/aJCzIUB+DWKmK/RrsdENmyTuzjAd4PewJXNUJevkVnQPtCyZYhVgguwR05l2hkm7PvIlGCIMSppYwTZeNkaYccxIFSTf+jactg6ZuayKJd0ayrbTbuIFjMc=
####################
dDs9b/wVPnHElcrM/LXzcYTBmFwI3yqmgf2AkmYwHs8/ET7m8HYbjHRadh3cd0PjYiLJDJzB8rBY1aSMssnatNyH/IICro6MIvVBZw3iZt9tN5mbgaov1YJP+rtvlfHu3c2oiV3bTwLnmgHdp8rHbTvC+WSLs55ILQfVZqXAkiLqLGMEYH74IqU2/QZwkBbpHbLtUWvfNFO5+ba5jjqqNKXqUmjUdBQKeX9B3qFvhKGz0j0mEe/XKqsbdxdddF/2+Ov26Ym0eWEhwRekDGGbyw==
####################
ySE1AJ8fbomy4B14Nl0XSMtY0H3jufEo7IgiDZYYWtjh1IqCQkZHNXaGVkCx1BH6URznmObAkfLSWxOCm6qFGmMOKl4KH3XwD7rwr6NOXHvbhfCDXhbLGNLTv0AaQ+jsnxMPUSpxDdl4E2Kf47u81WZ9/KGco5ZGltfqaoF7co8=
####################
ZGqoQ08O8p7eYqv56qfGYG2WU9YxL23WYYw8lyJPOwLkj89A5MhME5Cra6C87meKUTKbSJiJojxhtdmCSvPVp2kpw36ComP+Y9Z8CyyX2qBTIJyofLSCyteQwHHrZ5ARMrdO3cx5WzdNL/+1bsAJLU6qmE+e4EfB8ygEufIhRWaIa6t14qf85cRIZfIp6FqsDrgMsvcC1t78Or46EWnUV6etvUEuRq/519Wt6ps8fJPk4Dqo6awjy/li7Z1oiP/WhX8mwc31W1mzwxbOkp7HnQ==
####################
iJct+ogGg+PFCKNHgXXJN/28wazUtWN0aU6MDVZM7TQTd87ABW1oLktWGMkx9tt9EUTdAlGWQRw6mzf06btQiYdTC8GxOmd0hAydMfWtLqeqzXB165caathuffuEwGMLaY6zfGQtW5qO/XijsODqT1NlQ6h1P45LBDqLUYj4i0Q=
####################
zd0DWZ7zdm69HJ693vFT1iCStnusa+y1T0U0TB/c3TnszPaxiucubEmVW6oN5hUBB5iOhrSOtFmWB8WGVyvMlxvznpG2Cot4rfGwiLTkCaVd5S9pp71W8pS8PitiNFTFvllsKM4qOhqS/VySTI7oLb00K1eGM6gU6q4la2ZYj/MWNCO3oPsjyko9y0zrsrNZLX7ejfQgvWersK42V6pzRrKChWeNZ6vGaSuS4Q24sTAneLn4UlSywoMFRZW0+zdMclUV6RvdDegLv9ZaJR9Avg==
####################
Mt8OYALBX05zcd/Uvg20u9KGGL8Q+zvdZmUsqP0dwwLvLcPAWtS9hqrbZ+n1ng5unttEOpLjMvOJhRklzganXXAyNPubzkCbzBo4FYLYaFpfTmDFm+7TDt60+r/hXkULZA800W0fVSNUIIk3fgLwUCVvKLAjblFtRlJBO7sY9b0=
####################
7oDrWCHpKEl9Yb379ghGJNSwYdTJP7qgJ3/pW5LeG6Gal9LNOgsoXK+nGTzBDQpM9YSRd2ifWqCp8ttdMvJQ2b2sP3kRKdhZioUiuEVVo+/swCftvLSdsTyOO5y1O9Xu73VV3xWfAjpJ+6ws+CbZyQ3lrNW0jLCxYMtqZMhLN+RpiItHXMKV0WVkxt8FvQs+zHf9+t/W5BMOs+o6xxB17dvrD7gUkAtVTYY36W4/x+/VrUBZ8UCGlcsE+QXm6oxb86K8F73FKMIGBJKMB+u9/Q==
####################
r5tfpjI/Nv2P1J+lHlIZcexTevICKyJFmHAb14+W9nK4s7OG+z2WodZ9EHEopx/3LQvqzPmO/Zkzt9Kg24Pf/vVopMMmJ0SY+TOByEGkA3NPVDQ44NcTZuR7etC2ZG1cFpJLmpucydaNfgOtmncpvmmL/USWHT2E9x5gZsUlNa0=
####################
IQZUt0nIlfabK9MOC7/NAa89l1LYoYJ0JLh2WVgoaoqg1OFes4KvIMf4+/w8JlN/xl1JKytORmtXxuN6tbn3Hn76SQ4EXihSVT4sWjxJWn+CpKjndE0G9FhaDjcLrI5vhI2JdVIAmgJaegwOqf/5H0fvg8zTWpcuM2TGngszIMpWO1Ct8v87FQTmfxX1wx24f9GYx/x3QAZgzrpLN3v14KBlLSccO3JFRJDoszotpbx9eFeX+x2/GLUY0cQKDS5EvLipnGgHANoBeFv4tX60wQ==
####################
DbFdxjSgQpdxNMehiCVqeQgj4oHYMsavtS2bSRuMG7PtnadAeCtt1ibF1FfFPbjBMnt/B5zp61ebK/vO7Gwv1YXY38XHyxAU7lb19jhrMbcF77BL2ZQpWfNEq2BMqk+qQqO4D8INBkAfn8vIvTOQAiQ97qYvmI+L57KTvjikKpE=
####################
e15ri2msqo4E9U7GWBmbAY33ZYgv7BgaY3hS0V4sJzCAtdlkFHlUUGOSk0XdihEiL9JHj3hlM0MeY2fSaMQfVvCrNeRADaC8vQOGg0wVsv6bUhpA68fJ6Jgh7ig2vSf2BstIz6AHdGUKF8EaxXR0Emrgz1Z5EhNEGYv/Wxlo8L8DZN6sPeTRNyvBBW4M+HhYr+/cT9ucX7p9ZnyPj2dzTC1Byn43TfgTB1Gu5H6uiBClnu2KX9Gtabch+g35YfprQbayy6eh9Jg4fLu3ieLQMg==
####################
Pa7OkYXZnXyqnebugYtBRPsPdVUvQit3FLaaSo8jEGW1WZznIcDKDIOetknU+uY1sy7kgCqzl6TalPmm96F8LAt9GmJgbt0KagOlzKknvmO5Txwx5s8XlHMgB0qdFrLTTB6PJeWffHl9obFtXGRUtxJRmEG5xBkBxrEqwvwuv+w=
####################
UkpzCoJDXwVplfn5XdW+cel7QOPj94Gn4eRNQ2D+QxPeblHyKSidIET2PMnF0rjZaKOjwOgmYyt833XooeFB4mg1djTSGkOm3GhooIhzgr2/mV2D2HtkFMftegbv/BKO53YNSewEgblHs8XkiAc7MZjdOFzV39PQ/zjFuL3HsQ478Yl25PGb/ocwe4lD1T0PoYFWWCVwzBk1l0gSNZedXVuFDH+gYdhWfLQ5ws9punQKAEtMcSO0TvhG8i8OECJnNhx4vDDtL57J5c9WyA15og==
####################
VayyOtHtfafaCUpyiFVlsR25JU+Usi2QpzKq1XBWb+cJe17QaRgIqvrRZCIp4VW3GnaWAJJCaSLb0thijPBKqJdaKBKLehVzKilsATjRJr1G6JBba7ObXg8qagof5IkyZbYdtw6ht0KDyBbqpuDRJTP/jAQGYFmAfSJvrrTyltI=
####################
bYWkEMiyqhiO5oc7Cw8uKO07qZ7Ri2Pb4Y+xRnHJkQpburx2Ea8oO1KVdagdpH3zlOXv5WJKk6Qg5vWR7GpOpsSsySpsOo+mO8Z4oVqGPdrWsvyfASdknPLu2qqjDUvqJ9suHEyQMxkraUmyYcQtfG8ZvWS8qBSHEX5SnJfS+o2xmoBd4hId7OMuuVtBdqxW5pGMzcaaGJcAS/FYuc9BFWl742Wb5yGghF56Igcp5DxvOQ9sGf5YD1QrJgbLKc7pzpP/Q+myXJcK+DWfHqsBqw==
####################
y/MJ/45qdcAcd7PEt4brrP5J4Nf7QaHSIg7gKaBk12cm+0l0ElirFBP2ILbD6RcFRcHnZs+z1MNxEDiQHQ28eFONeuLmGKkJ6JLqR4wXWf2W1osUlnP5ikOEA105ZPsnQL/emhf/2QWHxDyqlW6R5FkGiySsiuSN4+R5jkYZWoc=
####################
LvgUPx3XXg+n6bLPnEVhk+Z77wdWJTa9ioEW4ztrrkm721/awW3Jjy1+bf6JXmPTLNfz8A5aO9szKmn3DdSIzjj4OR8vw5v0cOrSdKNRHbdnKStTq7a6CW1bZIX1sMS8CjFZdQuMbh19J1Sn0o/1FS5NU7xdYC3t+AkFh3PH3NAQbjppHVuGjSRjKMFJj9maTBkApw5gNAhE0l9R4aZoWTMDUWS8D4p3QmOjz+fsLgXC6zeluk1e6IIs9Owx4/U+vg6qMaezAGeGnB++zdB16w==
####################
JMu3q6OWkLmtLkERz5KLjz4UjLsyf1lK145ugF64QeBEMe4XKTWIfttghBiLnSNf2F5HrBFxnyBg7fj0jv8i25IWNx/CHuydkTNBAEeAeP51nGwqCTQv/ewl6Ahy3i2qTlhxQfT7OVCYLagrvW5X+uaNdt/ipx0brl6GBxQ2E3s=
####################
URHhLlR3R4RawQ/XZ8pNf9z5/izvCP5h4WJwRMqiAqA8ku2hR2kzW3/XQkeXoI/5rit7ExalMT/ycA1j0r8ySvJhhwOLG+Kaqdqpk3b4GXEcSfiRY5JDK/1o6X4bY/7GWsIgTepuByVQXrfOoM/TE/k2BP51i11f2/40QBRtn4F8cCLF5PTlsmiBEaECGYP9fnah6+zLV5z9PbG6vzLnAVDLB7kf1OnVDlQyu9zC7fBk4Htt2loRc8PFj5a6PGwX4DFVSmiOrA3Ugyef7xvjZg==
####################
pSO7Dpk3TucNm+x+/puB107QT9zDtZKMZXhSo8BtEL9SK2Zk2cJPA+mfiDxE/8ZOGOW89zoiIRUAlwJzQ7ibyIJOa97Dt5avZ+eefhhgNd7NsHKLHqD0w0gd5ZcI041uRMZo3T1lHUlwO3hT0R2YEVuPBUeZhkQB0+f39MIUypE=
####################
a8IFAZoJRpd1OTKI3kzNzPUWO5lVgeGWLOZMRRDvnizLQM7Eb/x9BF15s3QpJwmHzSrYTDDGRS47Gkl6x+W58csDi39yTW1Cqfx35eW4dUiPkPDFs0parAI3LqRNaKLxIsNH5SWaD0SeUVPnFi/ebg/0utnPtUZyh8JHUTOKV2BqQ52XAk/pRXwEkmA4iZP9UyGr1ChTiB2Lol/jxnvxAdFs5adEkvGK6nzhxcsrVYoH/VrvYnpsK0B4xBIX0YoAJvaCnZPRscXSvqzPSrZGKw==
####################
QOnCof+Vp0hC+rS5dQNx/2bLUSvMr9vWNhlrfbMBvTuE+K380VQABUwfLLbsN96RmHmaZYF0I/8ARWan/Sogt6vqD/ezDy4YYMc5oiMLJjEEHDIKJyWmZJQXlkwpQ6+Mz4mlK1LyYVYg6v8YmQ1JjIZOz7bqyMohCTfQYQ9124Y=
####################
d0ag54QDteLPSd/rurLZTxR2fHT65RsqTlc26PbzRHHnL9jZ7JOUVSV/MIO7r2Y1jHKJDMrGn1RNSLdFwpCZLPn2ZnxpaEJOi3mLwNETXutuBu/KyfdhRRi9Uy/sfMDijkC5ITpzEv/xIWKKXZbWqmITcIosf4x0vQCNKmATqa0/Z49Wqtg5WQf7b+p0jK9kUiT6Os7RF8ID4apgeK9ugkLOIoNjSN/dxG4BXkTzAp3kZQmOy5doXvxsaTduXQ3/DJZimWQzVfh3fXbj7JgWTQ==
####################
zfMqpPstZQgRWlSPwVKnigq5/yh/ZtDrd3U7Rp/7YCZrzmStW1yLTFwyuHvX8/6KrM92v/DXzzMw58RN6ACYyLjM5M1l/DkbkuxlpAKkrNwRg9p3iVxmc+uKLWmHxJ5UMbPP8VynT/8pjvgh/tyImRkr+VIjbmOHdFtbtxbeoYY=
####################
e4zy5mUSmosaej6sqeNtuUalf4spBIriH3LsJdpvwe8xnj838yhs0qw4VDZGi9/1Je7hzKxx/lKUStCx1pre6t5KnDABis3iWqhMbj6dLoYheyQwlC/gpumwRNJsniZYsMt8o8CWczfFvUBrmr59nW9A1aWOWfgDn8UYrOW+QVCO/8OiMsTi1Q+HttK9KqhYS37QnxaQckEd+XCZ5qzzPBDwpOItPvHq03h+qPVjSkVJ87kgvcVCGe4b+Y17EuTa378P420iA5z6uyPXQ8oJJA==
####################
uu6+MMAmR/a9be7MFKlPV+EiIWzg6etLrWFvC/ecN26aCL9Tm5LAV1pCEV28enMT0/3htD38VLF4NGvzpzsAVtE8buIGx1KlSKbw7rsiI4UKqhLDPRndeUBTP1I6D6/RK2LLbGZHRMyomW0wWfw6n7DYpZEEbSJLFkkKkFwh+4o=
####################
frNg+FCkrH38M4WldEl8GPjh/OW9gozFCr+S3lvmsfZup4IRxsriviZ16w5+Gj1UiF3W/34ACBc+I7FMGMPyYw256FXyXU4Ld8T3rCfGlSv87crdQ5XB3HnWmonnAg34D6qOLaFX05HqjXQnoa7FPjhjgGD+9MWhiDlQyATOUHKgSnFX333QnZ6OivOeXDIAx7MzQc0T9IT3hiKiIdrRmHTJ4cnV66yBqeyLACguTJhcJsU+aUH7QdehW30fIvwNiz/n1SPyO7kmOGU+/Q4XAQ==
####################
Va7umQvQOVXxu20FZrvc88j9mPedtWIbbAH3PUGdj3lPv5GK7jLWE1LC4uVWRvU/XoaUU/S6HGVeLTjpTMFRBMdTkZAkRb5Sc4K23o5VZZ4hcA6Ct3n8hvXoVmiKJ9mYWCRNoqv3mfHdgzvLzGlWsFDI45VFy+NXPCf8TqUATCk=
####################
eL6O6OvG8b0Dt1jMwj+36IhAQBymIkmU9Er8edzbwBZ1fPjUHfxE3/VdThDF+kmMP2PHtVZttIbCmGCJvux/EhFigcMzWOOBGpi8rIlgAWTgJaxWgW/6gPJpzujwiyeuWJDsqhHLh+GVzzV+LrFx0S+5bdfxC04359OYE0HXT0EVqzTzw4Na6OG4+PezBoBRDUa7jYr4YPFDmRwpjp1unGjvQTVhUJV30iatQZm8dbEC/RvUWkRCatEKH/o+IHvtl/gJHsQhvBvjaiTuv4KaQQ==
####################
q5o3D1IkolwHN/y2RfDpDxCOXdnPaAKT/coHa4kgady5st+VfK3+pbJVJWuckcTKlgC1FDuUOFPSMEVoM1Ku1w1RJQG90t1SzCZnZdptNYp72+glfho9ge1X6ZwwJcG0wAbh6s5/b0d2qjm6SUSgtXFofnJ91YwL5P2+fjQimUQ=
####################
bRW78ZoymIOdSOqUbtlqFMbSkCXaJCBXJ42SIsmUibUuX/a0OiNjuBKtGnqhbAR/6gGfCB8MbrxB7IoXE0cAKu1gbUiwpYR9CzyoXVvg9oYVssm1+oyYV92F2G9VamlR5q+bAuks5iQQgrfogemqjh/OlwwhXcu1pHQmv61GL8uf5vBXejCt7eGaw5rigLSBV4oLx3Llj3MK6/XZXQtUDyAa7as5wHWltIvF0HPNiXI/UnV+s+lCa8nIS/aVWaJoYbHl192fcOV23/DLQu1lRQ==
####################
Rz+QsozXBrzCaUUxRY4TP8YVQMLPUYzLjEat0nzz2tyHhTRVqi1jNOJT5ATgPMsL/fudzwUgMe5DIUk1m8kM0/xN0puRe4hXNGODm90nacNB6hMupyRjLik7fWNFwDmQaM6RVp3SvBBioXXV/q5dJR/j0IXyAqNJ+3F3LMUEhVY=
####################
0+K8234Nn3M5el6W290FFbpRLsqqdrbfiYQP2zPZ+6yYYXKmTifm4DQ+VWpGAdLcl0GOSlGzjGggfqzwDdygdspbaGTARzx/JBL9WCOjmG10tswq7K+K9uElQoRqzBlHPxk/87rV/HEVJive15MLqPd0c6l2xsYLzScaMlLnNroCvMEElTfDJQ77yag49FU9qKEmN2Lr8Kkh4t4vl+C7MNRjt8B2k3I7iJcLPI5wKe20JwZgVKOgSKxBYMUqD4jExuJ/doXFRhffK/7ZR/NGqQ==
####################
GegYDhiX3xUrMmrZhoIanz/RZKE1EHnz6JHz5TX/TE1mhsZQqLhbqmScjwKrOH0TrQin1Qxf7PSXSsfrymAHm6HiWd8s4JeZ2Su5dsGrgzMDiEhhWlYqXZ6Ipm2a6hRDfAFeO9irZimBdhoVGKG+K0UOvxvKpeG1DWDjK9RJntA=
####################
1cx7oKcm/lnN5pNb9uVKeQ9NNCNrIXf4O9iwOTJo5EJ0PLiQ46epoxLhXKDlEgSIMZXVsFx/3IQGti3mp6KND+8CB9ZQCEDMw1UB24yevgvukzDshQ39fvI499n37hp/kyuB6pZA4TvCycPmoaNVq2RZc7LcO8ce0FAr9Xq5gSfphAO7z/fVfsux2OfLwkFxwLnzkHtq/hfitsC5m92gCQzwN6nUGcL2uQYySZ3kQCw9zO/hJBPwJKJMJNQgxvKeDGZQVroQb3Xlimgdgmtoxw==
####################
CY0kv9L6WNMao2K73Z5FoVYy0FTQa0Tj7KGEUHjvlg5FaGy5+KcMzpjGLAor9BAJnhvqaAN78fdZBpykcxiG2bsaQCfsRzL2D7g1BYeDG//okiLUO8Bqeu3gkEfjiLBwPaSSnRcAUEStQoLKYl+wTEHOfukJ5ydBu1h34riC6bk=
####################
H+tFXJseS7tE5gJv+64Y/jCWjH7cnUieRly18fUCyHFnq+LT6HFWeXhpkhkvAPhLl3PQ0mt09OU3fKUOTlH6CLEHVvUZMTZ82HazQzeooTQcttj6goP15NjWj0jGRgIYK0jOguPQ62YY1pYge2wcbWcFD3mFiaqn/tAglpTbwbPY3aUJ97SqxXpq+lbdT0RYdkcj51CLitKnwqv9Il4odUohOcU2Jg15WEqGAQdJm5QxHnYXdcD9t6gmIMP2KxfOgHmHMJK5s2K8RTU5xlO7jQ==
####################
Be7VxFvYRg3TVP33MaBa38kkySTeP2w/mkBbzv092nui8BV8vDtlsfd35BBm9YLIXQPZBO+TwiDpWMoz70ne+Ot3ezh/ouKSOWuzHIZsK6pQ/yBBhWy1rSqsbkSjFv9Na26ci5S+39ak53jCz7fCxFiTpEiFJ1nUpHWC9WH0nQQ=
####################
T6zhK6qdbbsqjdRJl6ItSKmGWTLPuPpbR/50XloqjDaznxRidfL986PSvFSKFNmHzXB/ZmN4U6g0mgVuCOfTOF10Syx3HWcda1ocRGNEOzSkEyTHmHpjPUhzr1+zwmzi8BAINpwMUkgj1lsNZ1NJNVi0+9ERtLmRfx5BJ/cpLb/hteSHwpTsHHRq9LqnKJORFivSwEqnO2dv4l1KMdM8ENLM6kU36BSg7+qhPzIpCqIcgraP/nn1OsDfYZmq4tnzJxsbGvcbjzEexPDGakmEYw==
####################
Q7O/gDphKsGjoXBwX5UWZduwTBpPxiysHn4+gDMdQc8ZhYml149a4XqNYgMMUGNjR0QUfW+4bjCM9+4JRMor6pPV3QlxZmiGws+kCtFN5CYrF5AlCsMCf9U2OXndVxyu67D3ld7ffxdvfxfacec4gvAhqgHHTMPAhzqGTcR4/Ns=
####################
RFRN3WaaPRWiRZjUI1pH22FenFPCN/Qrbb6pVgcaGIniTv8dK0JcpLrHmytxCjk0KrzvcpJyW6YpV2WclBM3/JqnAfTqz5ilL09nlxjEdsc4NQ6xufMcVOn8ptwsDYxJRXaRT1D/A76+TLvMC9zhjwbIeJkW40IS10nmjKgpxIDLaAGqgbZK5FPmhoj1LNkGWYEPnOGbrlGgyhn1vH6CmeLbp2p/jj9Toz9s708O0J3x3/xCAyjcvg8FBnsTOGGG13W/ne7mQsnpHh2EN5ZsBA==
####################
GVU5HMf6vcA0Ny+hII9y8Ka7HOZkR1gPypknKT5976IMuQLLvgYr1Ih6NpdzDYbCQ5eE1pjazDBx+XZSoGoXb0oRsxsPvmykp6zGdtyGk+a53tSHdIA4nGXmDiifpXdGmek2AKHsn0BoOlSR+BC54OD3zZ9GNNVXYAa6zi9Udz8=
####################
o7HS1+1bTSKAhRKgjAs7fagvlU0wLymu1vNfavziZ3SxGrc5im0221MV59nvB+3ZBbl9i6KbP+Aczgl/udagkn8K3QM4deppt2e2sPin8AXibD7XN9YCahJ8ZpGYxk9yQGHOSbBRuqELE2VhCxkHCa5+48p+OYjN/bZvJzXi8Roj21qIGd4d+Xi0lfgS2MheLsXFMt3rk5t4aAMZzrHN3kXxodMvedIZ/XYX7quFZ2iMaZRKFj5vzzFkZF7FnsFPl3QoTJKs+oOs/yFNpfr5Cg==
####################
0u9PRPbLNh9e+Ix0SsSm/4eD4IyDb1T0BWKqV4uHNqfXIlH04ZeKwE6m2BK+i1jfMXoMYBxS5Cc5wbS2e5X73xE643GnKlZTWPA5E17OgdrO/UYRaU0GzGS/kUbGZZKD89+Sa/DHSjJkLBa7UUN8fh5v9fkwMv2o31i0EO0GIwU=
####################
flPGhHeOynvTroCe5Zp8IVXr5wYPL5soYKpl1kSb99QqF019xG6hpemLLjRnPPEExzHceoNhxnqlL9/P4UFXFsuoAhZAtaSSQxbWMVf84z2J+JOyWZe/HvARUSDJ/DxcVI+dUuihht/sXJkr0M2sYlSfrGZ5tMtMVDnPj0uSwwz9Y5YaAbN6xUNiyEwAFHd0rCCdFvvNpBwCNtSpvD2jvDsYq/YJq6RdMvW0uyvcbOb+iYMAQXkQAw2nPvk42iRcvKybmAHV5kMje+0uFRKCjg==
####################
sZbpmOecISkc5YWGhPWoceIGyE0+kWJlaKerT3aqSnpm1IQ0w85Td61MKTygqgOEvglDaZYnQdHKiP8ihwOCuX6LkbSaL4ovWz/0QYV4G1eFbxa8no8W7J/gg54Lqgl9dHGSphIrXS4NM0X2/z+fLV04hkEXsodzBXDAO31uzpg=
####################
nh42403h93DAR7SKSGVyqGNgQxbu3ZmpOKSXZa9zYTKwkZuiJ4sw9NZhMNr+IdbuHB5cZSgBBQD3w/aaz2qTC3Cya7PUPtyi1KyR6ONH50CMnq5wJn/2Rr0uqx2e4vVj8hmhI8HoziOSaNsgjNYjcPRqXyzlwekdNfB5wKiNFxROpcsDDydHOXyRTbFMuib9nvVKWwtUYIDhEc/MBfEzTxOo4oxWMloUDY6I1O5sJDYXc4vu+w6sX8ujkrq3RsDJWcAG4n7cGE120WWf8RAQqg==
####################
rlV4FsUp+a4wwfSUml6ukIiriqnKTpjA3aBupNlpA/aGCs7hTTBDsNrwhLlYHtJc3XN6kKTiw7y+E0aJn/oxaNn7Hdc+YG4rWAvtWNx4MBnwqpVeptjgQra/ybczCdCEHvRmSjZYYGe/Iz2tgUVb0toL85tV5G3jO08l7mgHjl4=
####################
KNBw4fcXau1BQxN9DRm7coF5wD7s0hSg8dvWRB/K5b/hoLwlR59JPBgR1nx+trMrAhF8GrkgEI41NyM2SOXyh9E3bOmyzQkLYW4cG0Xix3rB174v9tEYrloEI0MpnxXUCaKIL8wAvwz74cQzfU3E3bA/oEBLNbdf9B5NFuf/5aTF6ijNJ7kszIKAebudOYJjer2eEuIr1eeP+nlklFKjoSXCbtEeECLFb6N/7uH7kV0xqrZmpNKf2L/v8y3juLf1QJOL0tXIEsnWh8WWhjmFyg==
####################
1A3AkZIWRLT9VXKRgx89soG0ZnZL1jxsWOs7rbwGWyVUnVxehe2nPbFH0JSdqUSqlfaNDsdEcEJZbUSlNMrB+DJIRP0oNesglxNgcjOjvI2HVYrMLOXF9OkK4LJc8jsBP/1yAR0G2nsEk7KRq0kEst0+D8UaAVp+klqiCh6hD5M=
####################
Awt61wHyOppWgkVNygAxQSTp6kWL/9AIsttD/MQtt7fDMZKkdOx8kG9x4dWiFO6bB6S55P51l0Df8JSVcDQJJuOm4JYpMhuF1PpAT57PqE+CCwBn06ee8G5+XM4UR0rP6OGbnLjrEI461vnF4w+QNWXKisX4wK6ZtQaigirzYKyatrgrSBLfFqLt1l6TbQ8Y4AaXF9PAgVVGvAdXes83yZScXu2p/PMJhmzt9dSCHSGHJvjnOvN6C7Gjtbq//jcg8bdgJ8COJ+Mm7F/9+6fLwA==
####################
t/CDh8XzHwCIUFqq+kvSo5dGHT0KcDa8uIqDQSMmXW0rckxySO7GOLSNPMQZPJNtnpFSo99g8KoPKPWa3J0w1IvapwZRRgUu73e4gzSkADcm+hIwryyzgN+xA/446KkUz3Q81O7JTLif5uZ0GtHIqmkrOH1hsowjJ/HOD7wDTHQ=
####################
1bgE3Vkyx5DxIdft/bPqYCtH8lHGeQoZc1KAzD63olNZhuMRqdBSIpX2RDU43KuxwASifYopM2WLHYm3wnEBwRj/INCheW7XDAhPA8LMo5d7Zf6zttEWtHW2DNR5WyTdLrPniTb0JTZWh7Mv5LMidVqBYQZnBcRKhvsBFseYrFdEqwEc2srC6IKTYr4wGgvexjwox+PFiHkjBCvB/TX/EBPDvbSybjoM3q6uXY0tzqMHuweIztKkpgQMKD5U4kETCmpH/eGnp/o/BzYiX0iLoQ==
####################
QnV7VAy4x7y6nkSHSs3hWdrL5m2d1bo9GwGHuKxqWH18otAUOzcmc5T7+GDMhoaZmTd0wodeg98bZBGcMIyaUClIAers2txo6p5azQmN0qjsaRvwCagKjv550SpLlTELLMiwAAisdDMORz88zrWvfI+t/nHXCR71pctRxXdCCcU=
####################
ayTYOW1bubKWm1n1/U53NOSv2M1fOzxkTwso92IHwGH5aOK5wInfs8AHD6VHWPGaYoZZkpneB5d/zWoXzOfYHeepjCUjH+c/JXoQ7D8X6FP3aEvX8WhWKZ0Ul9exgVPHDEfKNw6zMgzu/eeYW5tAgWdNvLJISp3//Owq6PCqrg2Ux2IRYhJcOaY3bdGYl2C0OD1rA2OArUKWd/DxpfQtOjG3MghwWkcUHmjCrIgHhTjglP76Cjm55XZS4bJpz655DGfv2PCOuQuM5A52UlJWhg==
####################
HaAcGtD49JXjqyh0vnP5pxzFnGrfgnbJJjfzyy7oPCS5I2rsmiBNG7iXrRKtJwV++IMkMYS61N9JGj8pJkyG3zdE+Zpa5LzS+LJq7MZIniEpCgl4wrM8ulHsNUL5JKBpl78Z+B3Yvy9nkpdpoftNf4iQ03ejMP76oKcVC4a8GgE=
####################
SKEVGDmFB9eHbDFtt0scmTqn1M9rznTQPxPfhT8yUiY91Zf23OXnW3FkvVjvBjtXcuTSy0DUIbR1aJK3/5FqE9FCd/MFkMICJau69w3bygqRXK0iGXKpujyuXcdMuDyll5l1+hT8lLG7zYl7MKljQwIAL0DLGyrmP/d9dpS/8LUnciMY58c8qSLnLFKGJZ2YKvF01ScX4aA63dLRPwM2WxwYTFNxbL87NcdGHEi8vAaJmxBqNHS60xEfDDWIRobN6jCCkayHQBB+sqMXVfSXdw==
