####################
Lm6W7tk9RJoukePYQGSyjelJYcTPqqLpWIySwwqzda751ExM7zd0bCTU6Yos0xI4pm4vbQJfyGFm2aPudfqdsxkHHtCWuvkLBE28nBmCwlNf6AQNSf/mWZZdXjI6tjL9WxWiJotseSwr+XMTRjrYvM3XI2mrCrLZHV3IaeWJ+5Q=
####################
unCQmYEEZuRNWUE1YZ8LVvddCSwtZQADgvoL5VpYXY0evLhk93+p8k72O5YsPAKriljIrRpYoY8/tttP7x1TQfyMqOZSKZJTbjsgnz8f+jqepGiYx5+GsfFk4hjZotPmhLCTU/v2IlfkGIuZ2AP8wDmeSVe4BusDIWuvxkcTUp+BJUGhPg/JFC8KcYRWnaN98VeY7oCnU3DC3FtZP0bBgqAvckj3a4EgViaiRYG1IT0QCiPIHyDLRGqpnt6hbMGKxTKI+reXdbL22MS0l5a2qA==
####################
SsSWLsWMqdaiJhuhefwBOy6PoCzrLkjuFqdrUQFyDJ3FeE5WsofIMDByja8GhnNXtIsH/mnpWNz/HBggrQL50heGr1ZEmVkjkoVOkZUwEGil/lvxjtTyPSJ0fZdru3CBoKIR4uQo5UDtClnjHPrCW9tJj3diKBqAJ3uPpdRTG1E=
####################
Hdth/Fy5NBLbmSrgSHcQazBqUoAb4gg4lY6L4+T22n3DaSxeAIL0BAwsFe6omKLUMilw/+bQEBiUGQlGG5Y3PwhEkjGL2ZTJtzOWzlbkF60Jke4Ck8jQskJFqVu/YGSf9X8y6gJoJdvtWRq7hXC1q6Ul4/DdnR8QYIzC3uEErRpAKjizwF5V1s4MbnbV95v63FdCAGjUq3AzvMUcNs3N18QpROU29mlUo3fEaIYlP2EVDNvfEUm7iBRZfC1p2HLB0XgOks0egHidM83QMAI1zw==
####################
mX0jcKg3rdK8ZKukoD/1kRctRrVEzoPsspUvHfqv26xtFBYfxOlXYN3wWD4b6pbehg0Kgg3vy2QOifZAJ86prmiJiaV+A1m8UiqQkeUCEEjijUfOhtCiSfpWbVQ58i3JQTX+pn3Plg9/dlPk+YdCbSUHp3VSPEgkfIeF2U4ve34=
####################
A8nchwFGI3XevgiCnWKRCJedfG8hxETs+dpWfINk1h+0g2OwoxK8BG5cYZw/OfPS3Ql6u6VNVxi5qXlPKM+kEQjoKPtu6bdv5CA0mcTn0V5RApDutE4iuNdbJBIGRayxf3ryvm7fjKU/5SitHoTD6f6r6x0qfD1eIFxfnSRuPnzVod9y1yNufPX55QQfV8nHfzAIKJHAMvOs+xpDHLnvYwnGzIJjlw9CgHXqD0JeYDyvZwE8pKT2WkCQy5V5audS2FnTrE+El/vxzq9tFH3GIQ==
####################
JsoJIQeOBLnFKdU44fs1Rv0fSG2GF6rDSaAwTXeuGBhJ3GtvfhHpRBEjlwqje1GTNoOTTbHpocauHwYRZA26sbFSYN93527gg6FsHoq9udohsDc6jXI+lzo0SzppnB0GD8hKKP3ZWckeMBjI9XHoryvTCguDBMpYIrc3dvmMn3w=
####################
F5fXo0lfvYFt489miK3snjePDN/qNVbwCaElAQ4En/kmjUYE0FY/Kjkcnk1lj6+CeLrrp6Xm5sRqoUqTQQwB8/0W5Ie7bXUNxxd97QQlsrHJZvShA6w1NKaXACckU8pahYguWxNHqkHcxj4XCRxFEPgJoWLoiI7EY77LM+/cAovWX14QSnhaJS+2kfsCDEXYfXCl0Cdd/0HpUx2l9joZVVAYbwrBLq3qo1uChRwCbGfUfvCECh5+mlrjjS9e5uWLpPrrJLDJl6lt4LZYlCJyzQ==
####################
yEP2KZZIg9DhNyTXLIwlrsPJgDLb6FnPp0/IT49jdCBAIx79SmZUjtycLLe1D++ffxxZyQ73AvQu+h+/Lh3D29G3sEWe8Mb9m+zLfJpx5T79i54aqfQ5sQIJJ5mM5FEY7fyUf6yQms6HEa9Z5tJ7XDSDsvGmhCMXOoCRWbrpE+w=
####################
7Dqwl7jjkgBe64EQDJglObHRNbv67H6q29YUoQwiss+IVY/jKEb45Qpi97c0UT8ardEHknYRtnwlS4vk7SpWJtrMiR6C8PL2GdSC7HCjDLCQPNkaHjjilzcwHHs1JC6rh5NwDgqHVXCMnEXiNo4LT0//9e8lkAHiJAoMUQ+vA5ywwACelh6gb5JaMipCmmxD/Ex8qwF841xdtnOmbq+nOCwEsCuuo2rUlD2Fqb81dXaJVtBgtxbfZ4Ed++wuSsF0gwF84KaSDXX+q7F3NBZOpQ==
####################
ciCxSna65/0DFhsipjL9e7x+xxxYY73zO5eYMOLOMXiSKzJZWOMoX53xOt3y5am9IgoSintZB0SKilUW/fwwRwStHY10gDczTSyql6iWFAaW8qwmTikm1u1GKWFFdOkybmL5rKEUwdIo4lboil4fCKLvOzSvJNtLlV5pAAKo6Ic=
####################
uwOyApRCCUFev8IDDTLxLn018b/umedvLegTC3QN3HSTU1bxyth9VVgSg3pTYcGwvPiO8MpHbzqfECfUUN2BL1xX624Xu6f7GmvRtkD2/jfI/kuglTc8HRfwHj3q1d8bU/MW1R9cPgv9NFe1ZXkwJL8J5D5a3PmltpxJScGrC0GKIoUHzuCOaChuTBvzccnevas1ZrSgLf2v1nG+dXOgVZV5cb0Cf+a0Q//3iWl8w37NuukyaLupV1Y8Xw0AjYWV2FYTj965P57knH3A8dKW+Q==
####################
xBSaKLOeM9kFIhmlxM88T7eHrkBCmk3ePogNwoD315wJv2T3I3XpJEnvkRIUQstLFlpZk/lDHgdY0SeHiyAl/X+FSL5XSH0hrDmlqI7jhB3XfA8n3F0Wlz2T/OEnm/K0fg0ZEPmeXMlhbSpryAJwpF/SoGf4RsfLWzuOoYOOmTs=
####################
wcee3c1EB84e+8zxXqetCzdVhPvaZWFl+j/8zWlRR+hE2ebJKOl4bk/s1lbAd9t0HbTLEnwAL767i74yEBCqfnWPUYslOjOj4fkHg42zr01KJqBF1gv2v0W6vTMB/M/9d542cWUZcTL9GVFwoT8Np8bSe0qMCZhlwnlBQR4VjMJkwNsKUNslXn5JivJN5pfueJHDGyqyjxW1v5HbVj+NPfbvYm4cIGhSqKBlW1JfOKQ3IGclJ8bPZePgF1cLzCJM6R5RTvODeOeJ+ceTPgfIcw==
####################
jcaJbSFM/cSjyutiqOigyyJYOEmQ8D0ifOWUV8rtckPD1vfvcHczQIV+FYj8LQx5vtBf6JAOOptrwUxB8HG14mHNcEoKRARzilfFbryPv581rdM8HiEMwuEHZceqkWKT4YwqlddTGa1MN8I7E2NeAAuhbO4QVHQ6vSVYL/jiixQ=
####################
vYn9p+e3e2w6xXZ3Lha3EABLNePCw996R5E1KaHyDeNUxYE3/xgLyT+Fwa/3OJWLqq49TzwF/dTmeA0Z+vkkkTAbjlvTryQEYEeN4DO9QY42GOWadgk9OSJSU+lPcnZvOFXlS8RJV7or+Vv5pf6kqVO4wM9iPxcmSwWB0JTBRHvfTvbf6a1yjmDvxfc0EQfkgvVDm+Qi/fxSIaDhXG3EA2xSUDQR+9REIit/LlqIuMSvzeJLHRmNxrhWVeSqf+W4/oSoZvkGdpJiw+o30zF2bA==
####################
Pg43AEmCap3hFfgXOmC7TA1v9CBk/uE7Q+3mvJNfFmvYPwUw3kjrBKRC4mUQKbGbKp2e0Z6uG8FBXladyphKPJousE+4qdE2pB4x7VJKUWwnReVvTJ1k5RNYJvPB8ZGFZK0jB07RsJM5Tzdu5YplkdJxQFn5vQO6e2oJ8DW+HIk=
####################
35llRpazFnmwz451jhzNdhXz4EHJATPFEAxEcOinCRokwioaDz2Tz7M8D+E1TTzFCUbl0G8Gmc0j1eKjL/PjfImIg8UtKv8P55r2JMH+fNPjw7OZmLQ9WgyCHB7H+kjCU/DvJup7hFW1XMRbNNA2Hiyr+0C1bptU3GN2OeeYWxTCKW3+e7mMorTus6JejaLAykEh2J3Xnb+8RgO2acwt+PaQmD1PFQRWxhUBWCWjBjyQJIyigWiPzunNFnBcnbjjG1VSLvruw7rfVc9sh7PQQQ==
####################
C+gbt26rDK9gjs4CNPsduU7WtQhxFvvhX0Zs68vlrwfAIwTOdA4lr2dqEQ4HA9Q2R+sOYz/SsxFtzstzQjnReBLPEQtgJGFX3lTtBlBWRzcEWYSP3xvbMBabdLDU7MMjr95v4Q8NTS1bJdbQOOqY92AU0NxSVFB6hEHI0LK1rDg=
####################
gLuiVMqaWeXo0aMoKLowAoIYLaLklYL0mPBr3YHhso4G4+NKecEl/uEgmF//fiYlm43/kSBxfNEvhH8wsrhkFDhIFtgTdunLhKpDEVOqJIqICoiMR65qDwMTYQvhphddQOjzV1DrFHhqPtfayNHW8NCTLvcXIqTT37qDNVoNR4+8X7mIszai7yLrqDcDoiq1z/lhO1axeXqbPm/D7uuzayKe983JjBDVEVV2eQCY+tn9uAfC/8kVHQpML5rRJfoHLMcs9ci3waCba75Az/dCjw==
####################
drNdDsX+bG2xXKL/D/QSHjP/C/F266vRy9baYJV6+3GYns6jxDnmwLlZxIPiYKaWi4Ac71FZTWlEYbAG0sRLmPW9x85KcHetClgdu0lLPIedCwtK2fFdRsj2FCzmWoXxuK+Imuni8/ZxP2Aq9oF4fOAITAkR/0uluHC+I4aLJv4=
####################
t1MhUX+F/UW74F3GAyGvHeTLGxVShg9HFFJvdc34X3vaNkrgm+s8bSAyC7Ho0Xr1UQ/L0s9H1dkJSJbDjr2ximQCoVfSha7q7giwFRjfcWmVG2+MvuHxNGnrDuQfFJTPxhTZMJbOoByCyK1XxzEPOAw8sTDOO/zX4O/OaOAl6TgKym6u7iYkz/SodtLT6AhqVB2XNOhcn5egj2WHYlDtCiuGyKniFzylNGSxmUZhzwni9SBL1Ib7NGJMKt6tcqLhJrq2XwbmB8gexuKdjy6BmQ==
####################
VX64Dh3xhP/B30nQsCmVcIYy5qb0aCwnoj1b6aRqaT8C2SuZaf7KVadUd+130zYZ1nRYL/HbSJKg0SdwqO17If6OPBxp/Oa7xRHzOs/a/oObm/EJHbOgTBdBYjtg0Y2CbbU2yVmzoDvcx38PlZuSSIDdHW/hiFe0RUON294gyhk=
####################
MLeYUUg21pteve9Xk0seid+io8gfLTKaXPulxZX4AmOQ9NoHwsjlIeDsJW/x41LCUMkbvX52I/Az2HRDeG8J/zwrMv84DJPkDUc7hhzYdYYiiCHw7SelT6P9pjzZyL7Sp+azfpv+ZtC6J+hbUTIwNTaKWlUqmVFKJauvtDZFvOakaJSTeEYthW0Zq3+AaP972/qKJhwzTo5pjPNDb31wsIcklfobLpEUGBLV08EQv00LBNVllyH8VeiTHw00CSGMkYi6OIe6dwKCeKxEVFnxEQ==
####################
S3aQc57/59Y1DkQj8UPdfkGOC7Oc8OQpqadAWXzx2t8nNMxneWvcu9UfTDNkLSkoLUjHDnVAKVtU9bnwZRG0KUKGLSx0l9UEh7xRo605+uvENYgViZ+4pqr2yzTFaqYzjEbNUW1v5OKfj8icqC9TJU8NK21tmEArFaMUYh43cv8=
####################
7VTRaaIBLADHNaxvSX1xNbaJTsxPMByfRBjLN9P3NNV3FaWuOLjO8ItmXjxqPWvSILPQ122A/UV8sPVcEKSaNg1yQOP2p7vHS0nbrgZ2YI/p2zYQ5wYprBesGcCAsFgMAqIdMjpF2TGRyRUdZdZYh+mDxLGXrB6TdEPh4tYBF+AoWkRUxG50eHMu08KMl3HjI88cIUxkGeyAWcF346ZMvETJkJlSu8wdBxkm7HEQ8quz7ilNPjqEqVrwCtQd5vV+4RNasMwoKohKVFhiSlZ4bw==
####################
RRh2Ft7X50sVWuPdG+qP0tG8wt4jiqih/JN925QLTAIhRu7wawklMOs3uPklWARwf5bjwna1qiepPAqctIOO2ClmWNI8wo0uv+htKwa3W6thooc3FbOTYZKHKCEZBT8tW/cpjP/oXy38KE3GbezoR/hTLS0xRzf1+cVopwOOb7Q=
####################
uqlsYsG/Vl89IbGTrCPqNHdXZMzRvhZikzUrCZp+8HF2hnNozxwYncmWTritw6kcAfrbAplSx8uauQYGv/M9JR+QrJtmgxhWMKVO0JRvvVjDyio4CllJe/3TySoUv0KosI1oUhUZbmDJHQ2nXW7ctU5197gBSeKQ5JoxbRC0wvE1nXvb2YWH1TqIfsIQBOmoXDeYJYxuSJoNIledqyHk3icbrmJdIP6Mz9SYf+pmfSHWnD0lSBjgvpaZM4KVV9MGsl9fHiIVr9i5KTURv1U8bg==
####################
yC2mMGQLBJky6eWpl2dAR3wyd0hkQu5uMXGpN7E5h/cqDJJox91cEA0q+O2NcfCRuMBTH7IWcGNqJtUoPtUGuqShSStAcxCTOTbMpmeniDWyOimMfYzCuiTTbW9txXJ9HCSiRuMppc+tDlozSw5w6t0Y1sUnESZYU77i1j/lNbA=
####################
KIXdnB7Vya5fHNwz/yMO6BSexWONOL+f2aUC+MKmVGM38aDfL0eFUtVkcptuiuQS2OgRVNQV+afWNHL7+aZSWhOw7WS/BOSdaSvgQ0XkZdXAPDXglXGGlNO6qFHjUsqeCM1MCJ2kQ5GvWqaelLU2INOP6DP67HkB9q401BkK66JT5zEWyQiSFisMJEiGpza5dLqJsJdT1UiY38TDLRVrJG6PqJRp9MJErgLHxpNjWFHR6eRV2p2Y8NCIN0GcqNmuBbGlSiAKe1NkKmxJJuZE+Q==
####################
QOFOK8zh07sxkUNl/n7fyHvzJ/3OLYUHJqwzYuDQC9GNa6dQO3vFNAODbtK+XBYBXXD/2slJlSR1iCDvcsjvdE41KztOgZNjEHv3hvZxoOw8T8KbzEwMKZOkPKEkPcggUqHATaIBgsjSsSwl753esM+JROH/nv6bDa2y3g0C1ks=
####################
DcrrYLWXZ6uGUFaCMAudV1PeKs8tD1GErc9Sgd/FCQC0f2M/q2N5nF1tP+K56JJV9/STEQd2d7FJWOVwWCgq6y0jwe0djlElUUmEAE9wdzsVSdEXW2p/ZnFO7ATaZISEJDhAVmFFk5q3cvtHLyZVg3y9K9KWZgvpA+mBaq5HwA5ek7aVVC40BHDk42rRWZHcGOoayNcIi0gj/ThE4M3r9VwYccb5FMVuxuiL47AXP3Uq6LqK43RI/M21sTqOAV7VhQFIz1PfDw8nDNzm1TpEPA==
####################
PeFohzWUZ8UbdKhfPMK0ZdlQgFvVL6HBJnVTv3uZydqv4mn3XaDZcxwHSnhAR6mShITNY2MdHKnhql5WQVtCFB4NfYpQATO+1T3voE68ZACOOKzpxH8vNYPiBuxutr9ybnVpfgdyCFiUzZIV2YS4HTDI08hWjPf/TIpNHLk5m5Q=
####################
oGsZsvgi+e5MDDaNeRboCO/zs/J0YsbLE86bca6BC/rBKmqdz4cAWtizgccfofo34WW18ZOxk5/J1rHXBhYan9AfowkHq1rbM2w7WQMRhpOLRTZ78iIMHEXD6Kb1i7pILq2JQ4vAeaBXnCtBg9fMHxrtBDlWGzkMeezMdhXGXRymVanbgJT2c6VV9l4OWCB5RoKXqvsdTnObEhdIR+6pVgbkjuDxj4L8DKIFFVSUc7ymQaUp0P+OeP9V/0aKNmYo0qM9yCf3C4/SEgcgUBJLeA==
####################
H78eMvag45qG2pKt6niVrnyNvwQ56uD202zDeLXbOcMB4SuDCVRPdonSaCw2zukgaQES0z0hGYaM+EAaoxgswU6b7sJLub/GgCcFBvJIXwW94v8UP6WOVXvXGDPwuSCjJKdxwRfJgemIjNSGu5jsMtGyL5BJHlu/bezOdRVer8s=
####################
vj1kUgYVdjIxAhtCrzp10F8Iac8WlWcY0dt0zUsKvUuMRhf8fKeWHO25dg+JVBbW7qKscSeGp7ncGukwu2ia9KRwuAaVcYJ0gbj+YnLdMKOvV2THTVDbWxU+4FTUOe7eCXKENy8EL1P4rxeb5N6JcjTcVdEwP5Rbdg2Ltk9O/0ljRefYTCNKhqDnHRtsaPNHkrETOLtOuPYvy23YpiI+OTb26xh3Ez9PJl3pa4Dva+VIctUbV7ZBsaeILseE+euKSQQS2EjuESwfpPX5C9aCTg==
####################
ZqbHsldIPKEgnjxSfGkFfVHbSQbwXrfsHCBYWmngVGrRyWBSclFnIgy6y0fowngDyzb/CGU0zSlTIvbxCkThZ8xEIRkbBiRhc7T9cu0tRUgxpcy6ucjg7qvZiVyjbuBqP5fgSmPYHpwIyxGiEcQ1SHrmYacJBNxYGJL9mgY7NSo=
####################
8vmvCgvD10QchaUh3v9Jd48aNTJ2WWjoSQEzdhxiqTpfcYpDSdIHFWzpTyUOaJyve+YCDhDxQKt46Ouw/mwiZuyhlQGs8MtOm/TQXfxP7/iqXdj2yGEnA8pDyJ++q7duOoQL0ugt8CZNZdmrntven7pXO/3z1d4vr56b8UUA8MyNMBr+LPGZMrOgU7l6rCgfR9U8lxnmTHnr1ANvv1YyRyfwGUiSLcCpBav/uXuCjyI+C1fu55yyUs1PtoaeRVUdmCSM1sa4yhsGtvXQFZjkeg==
####################
UKqH0oGE6TjQ/K9Dr2lqq2z8tGbcnodOJOpaZneb7Rl9/Vx4j1k3DK53X0LnAf88ZY1CV8LueS1bXjdnVMyHcdMNXxPs3u1/lJR8rOVRJSwoeSso3jr+ENcLQvSdOqL+SgRbKA0EssrgO2q9/stv3Z41LDwO5ypAbIG5V+RzNhM=
####################
lHBy3aK/K+nLc5cgv0kUC7ZNzpQ+yo9hUwqGHvMiWMQjOhDv0a6/f0wmaFaE8dySjluUoODWrVt2RuooIv7jVVuABymhFs8U+3CJPuizLLPVmx6hVRNgSGhQbFxLV91w2kQvuLP0ZcLjYBlKtKGo4G/ILgx2QwqQKy2OiQZrvTlTpsnRtb7/zf0en7jWdXPPkVCZIJhZ07/UDCQR3xheJpEGv65+LI/aMrcTkanYLAHd2VUXL5F+Nw/LRS7rKX4pqPBdOZmFrltFfRomyAxpPw==
####################
D9hJHVNVXPkwqBC9pmxXljwnT9iWCuTE3Mtzmgz8fofDB3nUOSn/o5dav1c6KPbeCx6f13UjxgAhCjRyIrzm/ny4/4OvGyRweJC7furYqmgzKH6jibWrJw/5IQHSJyNEKW/6C+Dr+eoNWMk9c4aFBIUwnPm/P7Bc+bdAJaYwhho=
####################
ZJStt1htfzsppBiwqnvt1hs3BdKytIjHEekffAufE4V0LAGxFS0Pb2/Zcxt5HWo95CLpPkgI/u6YgHcxozwTlr1YIcO8jB7fNsgrJSHToWeBkKyzM3BEjJJdDwItoOp4DE6Dp/vYdz0AvNFQQqSrZPe8M9Ryd+CUQgSybrV9h+QqD+JA+zx4TOhkLDOXt+wWQ9bU/7vVZ+IJz1k7+i8G6sHbg1vkDAb6NQvYkCq2uhY3Vw81Sk9rCe6S0efcGsAyCH5TNCeysYgJbNIitQdVIA==
####################
kKwAjNHLStQ/tpWpDifscnj8JWY7vPqyEtaqyELRYo12JIXdjAUdF/puMW0YS+0t+x7JUG1x61HCKs9P7lzWYQkuDWhS3D61zbPuSsNAjXw9oKAywaVc+kkE6z6AvZXw5S5Y9H58i0nue2Klb1m//LyVQRVSUhjYgL3I245l6R0=
####################
Qttx3Y9uOM8eSw4IeSM/Id/D42iCMgHa4b19unSKtTvhO6NLJljVscJQMPyk3QekqMDQqUGb6JSROPbZjdEOLm8Y1m2EhbrwV6vH2EMjBEifZGxtk+DQrKsid5qK0Rt940iB/CqguYRpRqPG5ah7x/hMoRTSrfIzkdmess65jI9FEfeCmnngodWiQEEZaZCbxKPWd+/AujMDb/7EEU5DMm+NQBFMniAmgVdyEikYK5SfGR67S7ScpJa22aGkDvJHeq4z9KDXgNDopl2YUiWxUQ==
####################
usovvDaKLm3ko3OhCfSjj4/tJENRJRFEaN5/YktDlwlDdnJCTLKCUZmPMDPkXxd7cTF6TGZMcrrXJOLREKYUb17FwIZA2JjN11mPGjtw/24AIQE9a4y4dE5U/Ox36cRLB49UwQf+AK09lmmpAIZsvCa0wnTCUeYoK/bNFRtsC0M=
####################
nEo8I/xdXsJ3oQbiMuI5h1yHl5jyteV2X1kTXEYjNZaMzno0zWNs4WXz0kuSB1y7GyDe2ts7lSU/r4VbVwGYC8Qmc3CMkqhkAfjWYRBRSJxk6cUyUH2LhOdBk5Y5Xzvjl9nRzTvT9+gong9V9wF7LYUU/r7P7h2InLm1OfNoTHuyGQ9em91lXyMmRr0d4G9JBvIuRVIkUa8BCNLCaPUshgC/uqPd5WKkiraKxYcRwAvnE/v6zLvkQ2w0s4tDIqr8lEv5odgeNV7D/68p+dkA9w==
####################
uAYSvIhdYURPZkqf9IDvmWLW5UVGol4VA5WCCTEwzwQ07941p8YGAlcOQDRF3cc5NLbDOtHMOAPternuZGxaTR1XVl9vJ8J5DpgWbPJqd4+tqr20ZgPp3lHJAOY7MS45Vqk96FZG95Rp4UGBzUb6wsEQfpgvZE/qrJR3hypSnms=
####################
dU1wCnu6RNCp6AP2mdUYiFf3Jp6+GfiCnxx4gHscuqa/FjkrbG95o2yie2YWHymvf2Uiy2qmkaXmZfLQ38Uppg85fagqnVXn8Xt5uCcRnP7IFJGUh87LtfgXmbz9omLZov9cUxsuCeMbyJ57NcYh9mqrbpzDNmLGvN7lRD7b9j9FMTYv2Xuo4gYjDQUDHbOVm41mZsNgAnvTq/MHQKuH3TfrBA1//7aDNTUMehu490tk3QjOCGZj4vtdFe8Xtd86UmUIRlYXcxcoIpmKgASovg==
####################
zz1unJzfimCmNreUY4TaMhQGUtBoUeQtz72yxYwMRR2Vy4Xu+o3kJWFaOLFk/XVJbXIT6czCC4+84/Ae7DSnmMDYiiRdZXpg33AxvUUhox9sTnj2V9hDNsyZJQL+mK+QWfZs+6cUQNaovVahjYoh/WGNApfIhT5YqcCctCJfkL4=
####################
WzW81UfeofUSxQ/t6j3MzQXOECphOpmPIh7tsm2mY1lP8yxAZeuteOZ+H3LT5yPP591+S6JSBC0FEffDLQZGOJiE1X6q+XN08q1U5A877zFVCDx8zRdGUsn1UlR5z5ah7riNCL2wV67iFfUuNFXRWfOQ5Tev+dWvKbVW2FWcsuzlVduzLAUysKpbgICaI7IvV8Mwkk+tyMvZH4ITd10yRFW/0cesMdXir5WBACVH9ah/IDRjyHPDcuTLJzVWa8YByyGVbMwSXm2iL+wcq3gaQA==
####################
H3emjWrLYRvLolMqHdbFqQe4HwHMmEDMR6U71FNRFzjZ4eqS2Iz1IRoV0kPXUjlGNnrfArofJDT/h9B0w3ur8OK9sTvSaeIuhBUiEgpgDyqvwGjuQi8aCOmSj+D0n8FMMu6cerfIzVvFzF7FBZ6amK5zUO9/9whmFse2I3f4ABw=
####################
UXIxgDm5gG829SDrSsqT65PYdSq8AGgh2ZQK+xCW+EQsvOg735zgJjD5R5EAhiWSkbzrs+UVvrUeeqmI92qVpfg2AricxmcL3T4Bq+FVnUUmWGk/v19x4dyp1hK9qR6qwQ0/NTS/NwUllXhWhpIM5xQ3Zej0OWoJmJVjHDfA5G2goyo9lUL5EL+z/CoKxTTkRMmc6VefW3duecV8jih4xq2rYwph2jhesrvdeG8PQGc/le8rN4QADug6jTSgjFI53FjCUWCotPV33wkzZgdgOg==
####################
m+FANLV+F4BxcRen4OMhmIBQoE/VbQ1dGuAKEnc9ye4TLEBjkLqXax8n1PAPXUIrNp2ZLTYGa8DDxW8c9XurpFBgm0LTqrc/d3ayX5iSzbuzdF1ZibIjlmwMizijySDAo3tAe5uUAdGLqH08YjccIUKcqBmLhJGh+12Hzzcqfuw=
####################
gnBgNm78z7pOPly2OVKnMBUxj70eeY6+ZeFG2ER5jxRsHA1BttnaYdKMhdgzuTL02Tx4FytGWq9PegCWjjDdIKEUKn9xPFWMMyRBWhCbpw2sPfnTDVg8tB8cZAS2c5dhBZjkLhg15i37sID2bcaP1zR0PNiEvy58o56WE2Bs+VDuqUJpzHn4T33onhbNI+XkcDY67+lTPMpeuLNXGC2W8Ps9iXyzXk79w4bFF2rFslA9qMEi7i8M1yw/6F/DoqqJ5G4t/Wq8cIjBCplrlxWM0g==
####################
LdRvIUvTgsvGE9IuYLhIzJRr7lqs/mgMgThbyvBIxqNW6ZtjCU2/boWo0ZmMtgJ16qWOmTsPF+U6NBd8C8m9TzTcmcx3f7aSiHPsC4Xb6uftLAkb22EGIa41MiG0GhnW2aWCywuJeJM5rJ8OhL0pOC8F5/Nkzq219Ivw9JlnS9k=
####################
xOgFxCmD3lEkQXlkpMCpoXhaYcjbiGidZUlDRpGo8lPIlJUmOjxaqo9PJAk3p3BskK3Y69uqdEy2jZdzW4CvIyMIkTM1ETbMpBUeS23dZ/s5i7drlJXRedJof3md9jffBspl6CEO+Hcb9CbPOUhQNg5Xn/RXIdAcmNuUrUObfKz98qYoyCcnmzi8pQSpa6pVChyy2AYn578Q44IehMjiYgT9EpZVJz1TMhPxMuEIDiL2WVQrl5EMA1ataPLVnFLaZ48unKcw7UdLvxe07ifBeA==
####################
MDKI7lyXkjvZDQmkiNfb2Vx0fRZw/pxr7eoM74Ns2fsKKqCa1qa2GobfZi4wUPM7OIKZirwFZ90+T1tAJXjSDQus/7k05Jmincp/3YA9bN9GSkTguhOkwJFGyVHprNAzp+PQrDuRdDXIfQKCQNq7AwN0DQaPeXdjQlmMO31Ov/w=
####################
6rCxvnsFJOvDkXnBN53OulriCLMDtuCIaBEFgNAEspRm0OOr3w+oPsdcuHqlXV6a1xBliySEKfYMYIuO9HGL2yHhutb0oLA5q0ftCLwFoEeXNNzEzNwplCePVm3JdbfJ5WmuT+OE/evwqy8GJc//noN5ay3D/YmD0ABTJpl+fB3yx2GgY3iSAOLR3sKw7MDsO9zYgUKMpYx0VuX89BT58/aK/BvfZk7QXZmYow4+/+UJlmy1cam7Ubwc7gus97Q5f89bLlJ7RKqoj8U/NsIBAA==
####################
EEJJs7ga9/e9CiA8LY9AlR0wknk1hlLuGRkcHMUdO9kUMHCgoQnTYnhmp2IVhVUF3/VdO7mBUfqM+HMK0ksmQGKFW5otAYr2z7aHPM5cy61/RDFL+98AyrsMlCekvK1AaYwa5J/YSP0hBAKtb53t8fSqdFGVIIWUdokxzEWxk0g=
####################
ezLUjq3S8z7cMOQNs9oTJZvbfJg9sr0MXnVanlkgb7dqmyH/iQ8kad578TBL6nmn72J3ozc0KzoCAMSVHbV0j6OxiaIGWV8+u3qfm6AgNRdD8V3HTfe6DhgUdpk2G5q/CMoYtQASf+NtepqacqYSUF6vyqQ3mxy4M8sL/EdvssaRZglHVCDlgDQoCAY6uwBu6OpMQPWlJKy5dA9PkAo9w95aSyPo56NrkSwihi7/yuBQF0nADy+eiwZhN1HCEm+1+YlnUiIH/Wbbzl3fOYV7dQ==
####################
uGqt9gc3O4BFm+zrN8VcQx6e+E0WN4jIjN4aJrU9FxTJWy+uo/QnNyyHW3Mqf6zRp5nf5t2OCpCN+HRbLImsRwsUXsk+vIXrhTiQx2IubXKZp8nEzPXNreGEk8wU9zwwji1/kI5APh8Oy3ngzZUveaZe4opA88NwkoqmIXkkb/o=
####################
zWUTJropffok5SWodt1khg44KFUmTVRv1HkiK+gcncCvvbBaLOiRoGsKl9PjkXPI6vJbuME0mlaKFseoZkhGJHsMDKgZbt4T6R8r/uK4msgzUwhy78k2aVrSpzZe2q+cADkeqaNYH6Wx5khVXng/zjDoG/iUYzfd2P5ZR52y7/zVQF0tYKnA6pGNaRHC1N2Q80/9voL8lja9How5QVkkvin7JiROQNXMuKXMtSht34yhfhCyrzrh7WEpSgirYJp1D92q95IZFIrbxoYtuqBEIQ==
####################
0QhEO4LJhBOObymWo90ltk5IKab3BYPX6mUS7JOkEaEty9TDOpor7/dQBCrBOB3GRORVr9CCDPkHIq5qdvsPck8YXRoFC9wwEVPdeWF72HhqhkiTjO2M2C1jL9dQU/+oGgF0mh8P28ZnfMPb0qhMzdzwrWtavkOtoT6bjXzfk4Q=
####################
E7lvcC86IQrcDApIrXHuuuQztXOeMva7xvBGhFLmAZbZdCAavSHnArP7CNV/JYeLGaFTOVwSgHbnDMVHJAd4J8y1DW185ALSpfadB9tUSQvDl046l31qU/DmMefU9j5PfnWyp2S0swiA7yZ9inPn8xdh4lXhf4oNxZTX3btfA/TV3sPfTp82lbfzL71oBgWwWk/L7Q3HKu7/io7tjoEvWgMNham0+2XUGLrdKmhzMRjTPcJlehScxcOWXr7aWu8abv89wuWTkM6Z4JxS5/xQ8w==
####################
FZ/tpWdXolkdrCUYE+YpJXOkq+LtfVxsOYwy9JRYxmW0/q56Tzf2ZGp9F26kgJ7HbS8rfnLI5rPt3abDza0ah08ElP5VLsGk9UzEHrgfGgJ0cq/qCPf5E4lrcx+xBC0t7+vZlGGmXNwOBj72uSIPF8lKqXuzmvuaAU+HFnYbzoE=
####################
Kk8RlbesiAi6cOrLBdSbhCUkeBb8+YQti4oNMZsyvkSQsgIuE7vVUklHE0gbb2gwbFt3lcOShzA9zSlVSii8qg7bOJbgjT1O0pdXAi8if5LzSTt6MC5J+ulvmQhQ4cI69Y9ysGoC2e6VWjg4DSKYUQoPdQ5ANQoVs01sViPmO8Xkr0qpFBoSMOiJekm4z7qEiP3d1hOUPV2GeHPvi6rMKATVONXce61aJmL69aGfUXywQ1brzKFjcBBUWFxlJgX/80nQaImYDnaqpw2IVGeexg==
####################
bylR0sXViqQy/FbbxNTmlLK0tVuMXPdnNNXViZApxllvtmPwdNy6HA+XNSdnLMzuRu0PBEUyLyu0cZFOhsfOI7SxVwFRSSRHvo35+4IV93OGTCfjARs9iBLP3MMWgk/0m3bJ1/cEWyUAG5sQv/lXDQgky77y88W3SXxG5IzY90A=
####################
AXu/KQ5wZB7PRDqxXpzEqlILmgbeQ7sMwcYW15e38SMYU082s6rIAD0n9wjaOSWQzwXxllb61A1cJq0zG8AorPXwLiQCWgMrptoRs4emekp5CZxhnPLCM6PjrYe/QnIRS05ki9a8CJzQ5j1glUN0qBO60D+KYfq5JyXqafFWofaLJ/vVs+Ev4ZOhXy5dYwH5GL6J7YhzlMteFabxYXvpBWOAqOjPNjgutsBcSb2zZF2Z32teVO91KqdUTZ1uPXohT6VigPFwMVxZnqMEjqqSoQ==
####################
qoJKgyvAlpTQ+M3YpcCr3DsoY3YLSSzbQoHrzSvOGwwo97hj23183v4QYEQOsluO8WCFtHNym7vxVnyAoB+lGle3syqCE0dK0GpWkKUpm2ZJPg9ZxF7LhbyFHttMWy4utzXm+WsG+f5I0jiDeFoPCaL9Lio+lAzzn+MJ+tuHLEY=
####################
xvka67mqbHBHhgqMrPsSGg3u6jll2iD3Kpcwt8K6Ctlt6JHiCoiUDiPrpGFhSnY1KG2x2aciRZ8usC67Cxw9YNKS2mnY2S+6shdxbbtzzwLd8OXfMocYzmqMQ2ilRjyAbLVxg7ZjtZoVQKPFCgoz1T0Nv9I+93oPHZa0rVzIyheRY1YHMKJf+VLIn3zvmElP1+I2+I1mNVxozM19eoYCYjFfcN28H/xF2MUx+OAVvG1HC1AVdO/tAqHBIMrFE+p9Q2MmL03JhmczrIlmqQUcuw==
####################
TjnhT/ewOrStH1eAc/VCJsA2qj7No1/DiIoxgbKGc18DJCEMdVrtviDV7EHbg/DakdnUoQ5gLlUnWyfWbaBobck3jyys+2xPPRKKXr21VK10HWj4+RoTXGWmGnyKKgJTg8DG23EOcjYx1B8ZlQaC1qdj4eou+0KixMiMwSPancY=
####################
b9pQFBIdS/I4CourUMTyaq23aExL2E1TfOu4dTxmEC0ph0f/I5ajS/CQD+6+tEqXc/yAcsmb1V9yt/4dmM/Z1RR2TZ8y6tbeRFCgiUk0bcrZo47pQKkH2aWl3cov5q1Ibn7YF0vztZ+3UhuNHg2q2/1HIbUG7NOkqY/0FrQ2kHEOL59tFcJNH7qbZcExqBiXipZMpWneeShE7dhCKY63shfXMTVI1gf9mTJhKKKKezNryhLHYoC40RSwDtKn6n9HntfrV5TvrVM55q6kB+fJjw==
####################
ENKlzW0bHu5mCxAx61CctsJx5q3Uxrme5qgtJWWcHyuxV6sBuZZxlmyWPRqJKxHZx7wM7BUKi3pF6tVwJLM06e5WFGfeBosXE9+JebrbVNyEKkO2fSJT79656rriTWiVGgBW4967GKO1Lii0Urb5LN0lpmpuk9l5MBtpvaSAUEo=
####################
CBJEWILTyMixEGqnkuhMfMMWS4fvRQRkvsGc2itt/FLwRdXyTOdZ3oJArkis/Q+p9hrt6ays7oO22VZ9W0N1F1VLD+DZeqM21WOTrLDxCHK+9T2oEZdufyOqJLOYalXy53lXWdMenBHpMUoR8bB9uAnkrg/2sgCumtPn6oNXqXAero19XOm1QwAWMLrKdAAcY+7lyYof3dIarfgQawwnVfx5QrvA4mg59TX2A3aP2EysOREI3rh8kNwPlE3eEsaEpMGJL+24jZbrTajAEStK8Q==
####################
WdFtsYzceRXXHQIBW8oCTHJbJ6kzl80y2XBCeCCAxZUr1vK99J/R8znaymLfld+oaEA0yD7XDAhnJ3lhRpvBDZJ5O0pDHwGHXAsjxC/EesOkRNTsaLaK+N4Pv5k9vU4H5tmsEINFEZbeu17QdXrWcO/FC/C568H+eDa+vJo3tlc=
####################
MacCaydz0lOMw+0tR0bHeIXXycFQQMsSPGFNZaAmiHIyM61CuaoO+nF+Hksjy0spFu/Q2hQkcSZf41P+PBObuTyJ/0jyiwUFQvMAuhcvqBV4RqMFTVnIVWHn2xvduxlKpFE0PZmDWy/hCfWG00EmAu7FDGedaJM0S+IjizBTxARcuVhtyiZluoWj2dJ8noepCX659fsXowDJlySaU77ptND1V3TMSKMkNA+pyDM+fCvmvqkkRDihOB8Nyovs+Za/xg7C2eD6iza7RMkX97wZUQ==
####################
jAtJFyIO/DOWEjs8ioohAWFxs05fJ5jmDV/uxCEu9GL44eekjuXAaFg+q845nGWbw3s/Yz/LExGeqY2jyXJzINyMv1wumzGcNh/VBG+2BNGiZE4fNiIqv2y//M0GjZggqtJrpTdC8ztFPeHhF9bBb6rATFhgaRgE4KgIfWct09o=
####################
d4WzB5D2qysbhAqBP2tMxdVoLwBqHN941YoEzFSKh9HydiTKiD6DUnHggr2C7hRqlt1C8vHvkD9RYZpU6e/+JhC89Poh+UULng6LJvST4b+v34Iv7zGAR0G49Y/pslvUJKmGlgSB3c3zGGv9eEvJv2mE8Z2DIvXagQEI0ZZo/cBikIqIxvtvW+iN4HdMGuekKbfiPAWMArhuXpFNbeFFJHG5bITkHdCKV2kFkJcAOJ/f0H9tna+SxsGNESAXb944Q9LeZw/2bNLoMjF2OwKbSQ==
####################
O56FDzv5fBHaRtO9pYzxrq2T0U0PBrDvzVOrhJ3FmX/euzyotwsz8FDEcEkrW6gTIflxB3mTuoeDHLPtUOcgO7nOzPl7cbW8GOgFI4Lg6CxsbBSM086kTwJqSHNOodVV007iyez4nTNJJtIdVEGZ2w9v7bG+JU6fxahK7bMmOdc=
####################
H6Md9aHiivR7fhMSdpftroRtis9gU7DKmCt+KIakOO0aLJ/vW9V7PY4GPVq3kFSOidfckGqQhAw04FTKMC7T6ELD/MfWFPtCRyJdMgrCG8I3DhootVd/Mu0UiFcoHbrNoZ5UsgIcbzC5esHN3c83rnHmPt8LIUy3gDrxx+9xiiEiLLBtLGHkW0UrbqNK+GkJkeE5HXSPRCx4N1CYR0F+f4mWDLch+CiOUiB1ZhEvCkQp7+OTQqgEdUSepI4fpuuS92SA3FFN+cmBu0C8Rm3o+A==
####################
B1NhOrT9DYN0k/MCBW6z2fvHO5RtKZcQ6N+BUcawPRo/BP0xVxeEc9otH3bQadTupUm2viHNimqSZzrIrBvRvRJVnVncewy3x21rwhEbOT5sI95XQhq5+MKuCPrO0NWIVWK+Js+TX+DJj+PeuXUFWw0UcDf5Dcgdat9BYvDhp8E=
####################
Mj45redZHJUXbT5yt9v7iOxuXCnhA3328HgXbEm+xu13isWNqWVS5yZeERuB0r/4p2uVYbDPCuozOwccmpU7s/Nfm/6kTR50MJbaXv2Cl80RB/qxs3e7M7TUiG/OMsDRGjUAv7EBxEmnSlnK9zWwLFdPotQMhxPmj/BeQNW38oZ8brZsz5+Yq7Es/MpgTgOQZ3jOJJcj9jdm+kTimttw2vt/q5a/sQdioplnK7GK6eVqQ16XkHBIZNmx2lV0m7NckMMcK7JaWl8stbpR0VFumw==
####################
iGO5xx0mJZr0OG8vWaPnPAzYEMRHJZm4Nex08kRaOuS+bWc4vGrf9DU48g+m9xWuRMbCAE0S+FAEh8qyV5nF5puPeX2O9eBHp4Sgj4y0kIYcgtpvNmMAMCpP2o9OQw65DKnI56xz0tP8qJjR32Rq2Bl6KKxPlYdHqnKZUezNLBg=
####################
dIcFuodGjrDJN7ldORWKlRA1Qn8aEkXfC5baOrCWhNjBJ1lpfnB0MVB9TOMjk830ForN1UZS3MTOMmx5qgzCft4kblF37Z4lp131OGpp5g2hsmECvqeOmblZayl3n7a+Lf22XPItBvdhH34o/Nz2kp6fwdwHSpgy7k0Brl6/CewM1FVTFsEuy6N+coeDta9EoQl7ujKIQLiMTF3cSeXHTcbKXV5Ew6h7GZsyhkf3X0P1vkLHMWGs/a1ItmfFRD08v6ehr44kto1BCg9qg4kbcw==
####################
GbKX6I0lDFzVK6per2g3xVzOrBUy/mCZss9B4GyGBC3QGaZ7/d2QhlHYgj9vmByLjd04U5XNkjswRBCJsZksYgL4ik7PZYk8N5318fmGjsLUynzbUJjo/yDpw8G8sGHz7AeCfC6+glcufSW6tMGIdQ8ss2rSH48CHBDB7bAEumA=
####################
U702UduhvKw/WhRaQNtcGUZl4Eztf83G7nIWvGJ9PSKHRCcYn59bX4wtOGBwLB3IWflRE7dMB08u37k7fm/3NsfOvU+uqwvh5fYX5GNAWqxJNcu1kzRtgl3FGCNBn8WCqpM5ehrcXLJ3Zgtfy/BCVwfoWcJRgXaqTtP5cTL7hgW1Y+RXIJMh1PxVMR+aTRwNylTcR2eqczrWJrme7YTAxmwVAGcEiQLvJ4I2tUq55/jV6eNGuqe/02e5ELuFBRwew0NoaQkUR9dvSuT+IVBwcQ==
####################
mYpJoawu6gz+ZPffb012sv/89yOpwzOAEaeD4m6GFuh6Xo2AeYGQv5fJI0DwAQZ8klMIgxAegQeOZoyPYG4zrKdGIxn2yzscPxc3OTTSIjXtDkAMRXB16PZ7eiocThYP59HrF7bXodfwA4KCiqpIAKfWH9RRgoAVSfjuB4iwrG0=
####################
eUeQMr3fifOaMK7uuvjIYXLgY2bjPHt/iSjg29cXCDoOfCfkcBywprFGvlDmUpiQ8RL7dVpCL5qNUztq1X5ta7g3B1DydzmpX1AmOmGUb+O8zOwbSGEZZSZiy0i6YokAABg1wmJmKLkPUtxiODBo5iojOKniq4srjFbveygwkBoYbl+n1uZCGra/U4CUKqgGMdvlsT6doGq05pvOa+MZ6hcHGtpr0nyT2qOaAbg+cz8rbSHyloNFMIeu4pK4qtyjjb3HZQ2UMJ5lSViuSRlW3A==
####################
Us+KUWdKq5u9CwPMB6OB46whmMu3+jiK/po/YRxMLM8MRXSJYgNu6vIAmSccJCL192mwR93xpxkBJpfYDupmspqsGdL6VGoazXsLs/44TlAqDV7OoobEcSD7A7ClBX2ztoLQJKwZ+RQIsfihbZOIgX9KzaakGftanWOuaEChJBY=
####################
qW1IoPQ1x636RegpUA4j3gtdQtxr97zDS/MNF40SJDc+DF3DKNfujYNcLbdmOEeG/3nsZVnwqSX8S/nCsrKi4GQqG+jBa+tSnpw/YMnvbWe7DOo8E8XRHp16KYT8sf7UNKsNRhtVc+ua2RSO2ouDw6Qk4BjMuVuTx/mGIoAv5A1s2qbd2X8KnXe0xqO+xJCANQjDJ9IZvD5EXkYQ7vmmbs7T7tfzOoMH19/S2WmuIrMSzyJHH4RbfRe6D1MSOgIietgQecPuXZ6WvPwbHeikhw==
####################
fACoSPMq5Uyz+crDl8TF3LTyGYGp5JGqJ7nz6u1Kks7FwQMTC+AFS6HSB1R0YlSy18xqH4ypRCPqCXQdQ/o7hBjQcXWXniuT02dz77/f1o3yVSJsOcsez11XqadmZdD68BX53maQL4Sm96EMI+ry0nW4qVlNu/nXMvmGS/LGhHc=
####################
K7HeQ2oMCh+ne5BYdJW9WB6M7dYCwekPjIV8yQD00w6j2u5hfiovUNhXmxWT/8hT3nBvRhGO4Bo7Vp/9sCEpiTel5GGMrI1WqLl7Li7fLLulsPwENFjIyUyNh8/CnfAQU83KUzw8/mDvd9hTGEV05asIDiPFF0ufFtQA8UhR+JDIeMVjuT4VSjVNftVPuFPgyWj7+fxAo3l7wnwGvQMqe7/fn4q6XKz/KkzaENCp7axntxwfzwvaKQZfiSZLPXdLhlmYjC6kIiP1tEs37SY5CQ==
####################
xw+RJwSJ9IHeLE4D+otSsp5rrjFuPEgmIOHqEn4TAdofvvaH9pHbm4R1kuINQqj1gOn0HbSv3zQU70ZJCOpT1BukFCnEbiXQ2NXY0zNtgkim6G/7S2SvZ/ITGcuBXGKE2tMdfs7UdLMQ/Bf0qd1vl57lRv9s6daBr9UcaSk+HU8=
####################
OAcye2hhpAtkx5rSKEtmHc/oVwuFzrfyiIPURpvPxVyxpKV6byyZJcWc+MGIsYBj8/KvAc9aom7MHvGxwPTGc4n1FJ6BU5dGfBm1M4JJElViAQbF+NykJ06TPyh+t2v1qFI6MQTh/G9ScQ7S+UJN1/Y3Uoc/GmYaR/cfhazP5S2zchXC2iMOgLWEld//qJt9oZLEMG5Wk2+FTfqtdu8RQ1idnAXHe5DLYoygCn7VcUx1u1R+o0RCmMiMoRaNWdwwLUZS5aFFJuVQ1T3B9fkwGw==
####################
Zom+f0G56JTKqAcRorL9BXCJ7kcA4lyC+ClADlFSjllfq4ALUlHbJQsoYEm3T2GRmqzG/lhuQhDbZVctVyGwPzEU2x3UnQsrhamvPy3HAnDHXzlS9WprJiyaSSFFi+lBKBgAilRauvzRxI7zWfBJCyDxNb3omtIpao3119tSfS8=
####################
t4oC1We0F8qaYg0NX1FPyEigQ0e4tuQ/oCAt/ShzHojmfYdnNaar5Ja+PD47tRQ5Ni78LdXb9WxguxXHDT9Cw7I9YXWKUpx7DZM4DZa+BsiIh6jzqTlKRPr3BpRaV+UBanVvtndcn/288tHWc3vlwOyVxuawiF/G/oH3I0gEc4P4fiWtWKLImX50SfA8o3akEDEqz1HGSR5uUvWJhT6ibjX+TeV45RKA2xNrQxJYwlwQcIyI4pvnbJj9+/6yJhG7x22KLSToMFtY+XdoFbmd9A==
####################
f+8OMCc0LEpCc/bsA/Giao+KloPfCsINt7NQZkPJ6WPrH3wGkeVHvQpxEE0Z9fyziip9Z5x6b5TRoJnVcX99fwHMa1TRlgWQh6Byjw/jqjllrpysG0PGicbJZ8rjhCAffJgfo+GbJh/B7/1GpuJRv14wTkONCYgUSbE1idzEKGE=
####################
ltzRuSIRSFisjsEKqQ4pi6TFXyjW4ECNeGcVzYyaL1a9JBuaihLl1ZJshNjby6Xo+M8gXEll4dxC2dPPmTuVNjj7494tacljpePIBgRmFxmWf5ZNdVD8/QiAn0pqyGIk+A2Z6VZJOKA9w6HGel32jCBc9a/p7Ui5St+WiSWvFnN6bnnUViytDGlZWyHzbOo7YPtbAolNWJj5fAk7ICoBpoghfURqgSj9ok/y9wYjyWRti3/q1uuVYXhDjT9aQNOMHMK10CREsDPBd3on4xefIQ==
####################
vjsRaYJSUg8rui2zuuzNk331u9qpVo2jxfI7ZYtKUdSWR44f/u9vAG8zjSM80moC2S3Lakble7LtVnW2wXsenkLlvk5P8tfXKbtRDNTngD1yoUShOU/KPpHf+a9X/uFLrYnSujoMEeQJwgjimqbNGb34foa5ZQZD0JqligblBzc=
####################
3fW4RH+Bm3WjKjjsjQcsx+asUP7nXTNxahPg5EbmfSQPARxeFENs3cCUwvijwYJDk2zf3XN8JyWFscwSL5b1KftKLjFYCdy7eECpAXVDluXby0THhOj7Tya3bvJ5DjSNuLMCEoYdguw+NAcw8mwMzwQxCoPeHNoJei4W+3hsvPTRUT2qlI3Em6kE1cHrlFKupwkJSjLuWtbKZ5y9BwKUBC/tOeOmnzsCWg6Kw4ZRm8ONN5/W80qGlwGY+aT5fvOOBFc53XUm1mxFdPQ6iP2nNg==
####################
cJrM+Afk7SiK5BPVNkVbBj6+S7AbycZxjT3yQLx0zW8s2SiOfxsQsrnRHtS2cCsUoBaC1OPbrRVIFWSoSRxv0IhxjRzltLKt3wJTg3dhTw//ArfjH01UBJ24AqXOj626/QrVuIDPzvP0rSbxKFVjyD8wKaUJL1IdJu2ctQRiqRw=
####################
IJj7VMhDXsCZJfFggNEwQDUIcGQXGOGtvRL34IyBx0CWRoVnmz1Rj5ccyfn+Pr6xAvdeb2jhp0lmPi04FtAsBIJdlE5dtHeEzIMCEHXjQ/apkO5LSxiy4ksXRUco8w7hPKDIyfeMStLJzIwhp5iqciSHcDHMAgEeEn+hysck+bGApezgFi5aAJmhjFyzee9ijvm7AkVRPFJOaJ+kmoE1V7ivmk2YN3cSRbYTsXYKhbOWN1siZoNqHL+VMARMwFru/xZcf25yZ+OYkoryvUHWfA==
####################
JMw9P89aLdDqb2feY6tfdXLISlA9rZgUmy1IZ2Qg2puK53wrmxehoNGHjDwpejxCTpiNewHj71NRJn5XBW/i6EdJhOxzox3G08tgdh2lkJWj4Qr3keCsL875g7qNZ5uupbGa8/NKQ1+noVEBtVGvE5boFKEwB5zmbNvuRnVmL88=
####################
iOfUMnjst+j6UJublPGdl7FrEb6nZ/F/PiNUiO9xVpyChs81ZfdwqqZnWavgOee1s80K1vnLtEiyhHQY9FD8y2aBDXGUEiFizNRpryQ4tgYpf/j9hjVPed++abK181qavY7rmHMJkeCR7N+cgFGQWlldSywigzz3dk5WHwFdhozkepo6F2ihmF5i6OZ8SntQIhj9gowUWudsUKVoWZcinbsinCNEWoZ/x9iKfO/I9yfs1x9G9wxH4IbDFkcYKj5dxRieFBlUHrp9lELfmcTXeQ==
####################
VBqs28HLjoB4a3I13FvWr/6RyrZzx8rpMHYSWoOYaK6l0vjrTOOaxZMnKvBHYmgH6kpW0tDUCVdNIUjDESv4GAhL7Kvyt6hEHqTAW6Lpd/Zi1hvx/4EVPLKkov9ddrLghTCbP2Ron1p2yfo0FkHX2kWCkf6vnerhafbRhEdQXDM=
####################
vPlqLKohIpG8+wKJb6Ei+a6jvxwBrUKEmNA8VrwGBJvcTXBt9qgnfUh50Swu4yrqzv1BVBGIScY8L+fJasgK+etKmlnNswHryUe20f/JaJdocVxU8wffpCS9NKpbQP/2H4TBf6NZbOxUQKSCjPxS0PQsMD/kJEPBx3MfuQCOIoVV67t8bNXIAVGPJI62lqU4vqwQwFPea7jZ7phjzLrFkwAHx8nFk47XYT+UoaM7j67nNydn5/rPqrR2XWJSKDMPuV/7Z0DbOdNVWfDaM/XWLA==
####################
EMSL29wSUQBSHhTcYyL8UtJTHfhhF+RrQz/JQGB/CLrJpSwzpUSmk3izPSYVLjM4xZoVX6Aefyk7YL7xSNSUb2b1rURf/IWmAWVigjM6aLmeHpaJ7Ri+G7y8EGwU2WQb15i5ftFR2/p771VxXaPHysA5OO60x3FZwDUvUlciaQI=
####################
kfDa66lihuV508uj1WmOn6gjmq+TNZNQ42svLjCEYGlirKP9D4HoXGYUaw7RZYwxuJzxWyRwOKNdf6uiV0rJ3Be11lUpmD2dCJOBJMU+DHGzxZUq7u6RWLc6qpA9ODX08qtrRNLurSK3w6JkFCp70YC2H2ad05NLF2qQBqbojSVzH6cM+lFvro4iX3YqkaDfOS7bmbYvQX9bl3BCTNtdBCAhTb19alUdHSn+rtpB9S7iT8AQ7h4B4fHvCKiXIBcIGJwmmZoy80LlJtYF0Rt4Bg==
####################
VNX8dNcVHtaECDcGh4wc8h+JozhxfjfKFsfN430mlQlw6xVeylxlGZXplwL5XzcsybPXu80ZtNiNIkAWFJwlEuY5VziJu0aHZ7bvON3xjdUWpHJVb67klbgQxytQ3pil/20YPxA391j8bFeOSh0u+AAjX2HgSDSFbuNSwriOQZ0=
####################
iybbXbfWE1iivpIkJHv+7dzHQGcM37ZnYDi1QiGfLrG3lO1O3nKhmt1WGsbYBfOCdl0eSQF/748+y2YxTlrELwQ0wbLXWJOY6V5eLsC5VNE4wgFVywVEYsG9m6hJaWBghSzAFY2/+1R4TcX9EDVVk5jIrmLb1Z8Lc0Z6iriNZmhnyKTKQKMRWbY3y+AHC2uuTufG0rhU4c9GPyk6ew7FCLfx6hcb6/yvkg4u7XTap0RJmBc78+O0l9gqikTZzXFKojijqEiHPtWZu9mZKJgUFg==
####################
nhIcuJ0ogcIckOyiWMmpf9tT9I7+EsUsCftVwcNatYbUIOlFaqkUDuY2kRwOBrltTdvDcXHXxjlyI6uEuMUaFMLh8uStj6ecebKWrzSyGKCjbmt3DbkpONr0q9QUl5e3l+v2BTvvPBk09okTBVvMtYPbHvlnoHs7VM3N0sTaCD8=
####################
RSJwE0a99lrOLgIsHt9kOX81XeQ/xoKF0w65C8i/stx/0bUUGMY4n/dhitNl/yk1ufqNOBuVZ1VgwDJ6QcQj1JR7LVqyQ6sTnr+INoDO/G8U/5X9PLjMqJOpjlg+jwJ7bB1S1oWnB4aDi1aroax24APhrKPAW6Evp8J9DuEskaiZHr/U9OdYPd1RUcNsmTRmLBylckk9/hhl4uMRJUA/4E5byMag8UNGbVZ95QgE413Z//EV6836XPqbhqzTRvrKsx+qxT64Cd4poQ+r1zKVdw==
####################
bLaRx9F48pyaxH1twup4/G05tTRQJmNuDVZYqTSEHpXvcrlTaRwcr7wA3qCyP8iMqr0vWYNpFyQIvgKei/GXD/1kvkjcoIWOijPZiVUT5oa8dI3d/DzaBSOm9+4TFlg98G14RoR45qOYS3Jl2/7Qgt93Tv6abYubFsqav//I8ho=
####################
ZgkXD9Vzs1cSE8sHIU5xBBOwhJviGknOZ1mxcshglj8Fu40ngpBZK8wdpOhZGW0Mo9suIbBVA7SoJ0uqwg72F/1IW03acDT7TXks341LNUAW0yJXhsnITQql6lVt5+aUmhyzcQrPgK0Hyq4rqBizFViDJm1T5hSXU5diiNINIsf3HGujGlyfbvOBYca0IXXIpKp7ysJPhLjX/LZxxKbfRIYQwlAb+gm2yGDeG5dksbzNuzUXfIVdegLIf2AHbdD4NBlnrjk66/V81d/com12dA==
####################
PZ0lQrv/jZqGADEYonXCumra5nQ/sOpmZ6yueN2YCUevdk8nGHz+wRADjtOaa1V5qkXNliaW1ZIs5l+5/EdmNvVaP/Qf4ZM6XMoTc87Aa1mpSVe/+gNPmfyHGbNXOqBkmFuu2WrUvEpPpQtoR+LLNimd4zq+MzpYupaNArsZYOw=
####################
AaAewbJyt1gDCbJo1dawKwXtjYO/fvJF1eAmdli4aIdpgNjene0mVU2Tj4UYi83kR0kLrupjtMxocJtQMqb0LojSarAj/AMzQ97fRuGGjzp608NNpPcdoyAlwhU9pjTFE/dVoRUgOQxC0dfBHWKLxW/Io88SoaUzvi+pTJrqNc/7drP87MIsmXBZND8yUfyp0iBBTcCeCsJwokNiJeJ5uM4uz5rVayyGQrnzcrk0NWb/4GA9Qhzhqb3kxMkBDzagpbNc60XN+Nv/mw9ivze+5A==
####################
ZBYgqGyCr24UmqkQAXnBZYgSFwqaBOdY2HFt+7N7HBtAm9HJvZ0PFxap5sthMQnSTMamycHdjGRu2KwqtX4yc2dWPr2iEvYx1ApcPEbuOxyl28ni7GH6W+vqjF41+aKWkt8UPQI7FfG+/2NM+L1EZuMj+0vprP0LfUEdBOST0iI=
####################
+SyFFHADclg2Co8pG6P4VIsU4RKjmH+5YSv5DzZegV1IdEaS0YLCBi6tS8eQMBw0jKFXT1if/S/xxPxcUEkzHBboOvGQuQtmWT9/naZuX/WFzvbVv6lws6s/nDTTTMnQYu6aOA2e9Vr4V/j02ezc4plxroIBIUl6NpGzTFRO6B6rcxs9iJEQciNWW5YBvrohZVU6KVXie2SUHv4B2Wr+f6+pa2DK2EEmCplt1UJ/zChe6nc5LKHzsLS/5seZqSqWBiRnA4HwPv0CwxiQKf2pfQ==
####################
xbIEN1FbRWoLVlSKnlKRlQMXUc9iHyvb7DU50BSJ6N3JaIMHxpsgcd9VGjdxjkMCaar3lMisEXAnTVhWVXQwKi0/XSHwgjFP07llZG1LigDUsaewvmjcz4EMYebIgcsReKp9ewtjq7QVjbK0sk5u0a1b0FinSC5JQjF9vNmU/3k=
####################
xsByLT2/QuRuAm0f950ISKCdgINRt8jrNqk+9/9OLveV0eU/nIoDTuYJJ4Ij3Ok9fti2l7RmFNgZ6ABKc+JbKpnjvpTTKcHo6ZTAXs5dhHowwp3aL1p8FVAw0i7I/55M24L/OB/+4Qw63hf+JsMSHavglK0WC3d2lZfAfcZCsvlMZMAvP6Z96ZAIqoyY8PNKemHsxzQYnJF3PigNq/T+PfxAVmA9HvUvKZ+TdBFMfSe304Rhr9t2sJ8H3C7ZikLZo8/BLGwh4iN2XxDB0PLRuQ==
####################
Png0+8w5qi7wUw2naOjDeC5kyBTZiluhv1/9UUlWaWeIebhMHObIqF+iK1dl0mS7xyU5B2aYb6K2YA0rI8TG5VZWbY92PfV/strcotAaSDTI1Uqaqp1/wCb7cbb3+nqMC6UBdVHpVQTs966fMUZQle51eWc0el2bQda9fSOy52M=
####################
txx9KL4ExD6wumvnI6cFfBsTIYLBEi2ws68TcpQJanx/JDngNgRsbDJvyHcwft3TtvA9ezGNqTUs325+ygBU2Bri1UVRWJfgi7RDfQMkfuCpYSWzFsTjeQD4nEzcnb61dddNIv/rb/b9/RLbNrMQ3RCTTRVflcsxutgoc309IZa1i4dlPfdDl9j8ZUns2bU0cVA2nGSqkc/o8nSdg1y8RDeohVwE+k5ErbJOdJLXAuxjKWg2lqVI55z6XtwLMlIiWoUzCelZ7XLbnO1bLtcMiA==
####################
jBdYCl8y4WrQQqRIprntui1Apx04myMhDWnPpb0gpswQuEJlTcLfcq0Hl/ZN2XI96Wr8CbRptDKq89P8vAl1PnDhv+6zw2Xo4z+Ryua4SIiQiOpYQRSkMJJRQZCQq8Lm9EWGhteRrV2h/Lfkm+xRF2jLDAm8m9XlPSuif0/FTu4=
####################
k8Ccn931HlrRpKql4vL2Ulh3QNbtcWrkiXy1GsZs+c+5C7Ufk9WZDj5h0QVRQnHPuUsiA+O1xwz9sSMOFfrwWRjq4Mltr93zoZmqflbF691Lf2lISTYhpqnrehwQF/BNQMI3M3tK5z+LEbL0+0Qc9eGtWy1r2VraqXfYfZdhM3zabfBQ4JqRH0NE1RTcRbecfYhNes6bM7xC0yWfwM8Uv/yJ+49QA0sxL+7/JA0NfjqRp1arm6t115+r1BirszRVJLdC8cwdaM0+7nViELtY5Q==
####################
yz0BK5jgmt+MdMIdVFrTlUj0kgK2q+eRHmnx8ZqqqH3FAGYNT1I4ZqD9LTb6E3b8fjjWcF9MhysUcBjHmO9td6EV8u4Z1uJGTFgDr5yXKxpWBA+aON25s2Zzs8t5Kj4wjAPMcpiG+UN6Bolw03XMHlAGnov/XndnaLsGX0DX5bU=
####################
4GnPeanLQiiVdZu3m+0OA0lWoY1PEYdpEqbd8bDUrjoOp84sJXEQbhNRfo95sFsQHwqmS8Ab/Sx8640qEHIc7qXitmCSns2rx+c9jtaYFP9P2KQAq5aFVSOBMUep1FIjwQdJDDyrS108J+B9Sv+1xZs3EsbhR/jrJsE25aP6ptUWCyH+fB8Xx737WVsFnMsG+o+JlOh5d43D5TAGgmDkM3EDCCGf4+QbzcU9C6NEICDo4T8sr02OV89U8nWLs4COfxnsH0B/ZZzIulKmgzuq4w==
####################
OtmO+7dun4NTMfrKkIB8vY+VnOQuvmZu3BmswDBhp8D5UTKqAY4VZeaVdzzUxqc3S05SyWgI47QwoERpzewE4o/EwckR8d/lkxBDpp5T4W8idBqQxQrf9xUK8LyOR9k7UkwAa9h+F5gBxlzEKKcxIgcueH8N6Z3+0TJLsn1mQtE=
####################
s5R5zM//mLnBv+yHr4MKXejJeacAfWusP9qEN/qRhLKP22mcJ/hK6igKijKKUNNCSgVYo3O2oXe+VW1bK/emqeW5MXiPUFxUmmqLvRjBrv7Pben3APp1SCc5BlhL2+Q+1lubmEHQvFUGf/OaDGxQ105suvQlMicUG6v50FCuZW2Ok4MgySVatd5is6bBxrxG4iAjp+GfXlXMJIbJ3WN7kUva+L532rWKjcY0p7UbKleZBSDGgotmLvJVb6vlYQMtgUU0OsLrf1AhGUEGKlUbKw==
####################
HJ/kJjxcp+tt3ltDVODot+gaKOjuMhf21TAbVqg/bNsGY7YXRCh1W8KzDiooaY8hqyAyul6L0QHbbJMCM16iHg4QO88opW2qSxAh4KXzgwW2Sp5YizZmvnpxPlKfAcR0eufDAu0pV9CHi2QNt4/iAKHhfUuLwthNA1XWQPuV4ug=
####################
0MI14RAhIRXQHQhNmpjsnv+q7xY+s6lwVHTZQIU+msPpC3KxfKMsuy1KPUC+wXBPCo7YPbK+uuZ2uThMe/Y13jLu74C2Zh67vV/dAlCY84ux1OeldyLUXhPZpBL+UZPR8qLCj1nyPZe+DZfiI4/djZglgUCDf0uf70EtoigopJQFQyPO49DPt4O8RW6LENbH2ecuLHPlJ6jqcLaUZn3o5LEVU59yhB7J4SBhaEBY/woOrCcbfO9odtN3FjXvb+hTpuo7im0cYWqWD7KzVqEtcg==
####################
H3e/ox95CQGme8caVUhBxAaGaPnlo6Ob0emYr8uPQONv9ltAUDg2ra/bEx/Osc1e2QFqwF0zrSMiuL+NtXHagpXfWlVJ2vH2dF0weftZmXvTkL14qZyHDOxijP3hmINktgZGt7BBu42fuU9NFm1upLhbk2jHcPt+IBkcJ54SRYw=
####################
g1BpU3KeAl1TkgiIkHHo8JggEZiX/HR4ioVYBvYh/6OJJUbATeDr0GZGKHoubvYd2wTRqGBu9RhNI7xSRqfPe3Rki1u/eS72pyTWKwhQNcF5P454u9TJdUoZ8MJcUIcje99Otccjtne0zlE+r/M8K1HiOPwms+Tdz0MPLI+OvLJE4XJy+PB/yYUgoGY2usE+6cS87p0/bvua8MFoAiV3aEs4QMGLY1jrgvfa+c15j5nPxbpsF/iWNlHBdIyaKzspqHqD6enaTsXI+LkXDuByGw==
